{"timestamp":"2025-12-01T06:40:14,786","container":"696cb5bb907b","level":"INFO","thread":"main","class":"Besu","message":"Starting Besu","throwable":""}
{"timestamp":"2025-12-01T06:40:17,304","container":"696cb5bb907b","level":"WARN","thread":"main","class":"Besu","message":"--min-gas-price has been ignored because --miner-enabled was not defined on the command line.","throwable":""}
{"timestamp":"2025-12-01T06:40:19,413","container":"696cb5bb907b","level":"INFO","thread":"main","class":"Besu","message":"
####################################################################################################
#                                                                                                  #
# Besu version 23.4.1                                                                              #
#                                                                                                  #
# Configuration:                                                                                   #
# Network: Custom genesis file specified                                                           #
# Network Id: 1337                                                                                 #
# Data storage: Forest                                                                             #
# Sync mode: Full                                                                                  #
# RPC HTTP APIs: EEA,WEB3,ETH,NET,TRACE,DEBUG,ADMIN,TXPOOL,PRIV,PERM,QBFT                          #
# RPC HTTP port: 8545                                                                              #
#                                                                                                  #
# Host:                                                                                            #
# Java: openjdk-java-17                                                                            #
# Maximum heap size: 3.81 GB                                                                       #
# OS: linux-x86_64                                                                                 #
# glibc: 2.35                                                                                      #
# jemalloc: 5.2.1-0-gea6b3e973b477b8061e0076bb257dbd7f3faa756                                      #
# Total memory: 15.25 GB                                                                           #
# CPU cores: 16                                                                                    #
#                                                                                                  #
####################################################################################################","throwable":""}
{"timestamp":"2025-12-01T06:40:19,414","container":"696cb5bb907b","level":"INFO","thread":"main","class":"Besu","message":"Connecting to 8 static nodes.","throwable":""}
{"timestamp":"2025-12-01T06:40:19,414","container":"696cb5bb907b","level":"INFO","thread":"main","class":"Besu","message":"Security Module: localfile","throwable":""}
{"timestamp":"2025-12-01T06:40:19,533","container":"696cb5bb907b","level":"INFO","thread":"main","class":"Besu","message":"Using the native implementation of alt bn128","throwable":""}
{"timestamp":"2025-12-01T06:40:19,625","container":"696cb5bb907b","level":"INFO","thread":"main","class":"Besu","message":"Using the native implementation of modexp","throwable":""}
{"timestamp":"2025-12-01T06:40:19,625","container":"696cb5bb907b","level":"INFO","thread":"main","class":"Besu","message":"Using the native implementation of the signature algorithm","throwable":""}
{"timestamp":"2025-12-01T06:40:19,636","container":"696cb5bb907b","level":"INFO","thread":"main","class":"Besu","message":"Using the native implementation of the blake2bf algorithm","throwable":""}
{"timestamp":"2025-12-01T06:40:19,703","container":"696cb5bb907b","level":"INFO","thread":"main","class":"RocksDBKeyValueStorageFactory","message":"No existing database detected at /opt/besu/data. Using version 1","throwable":""}
{"timestamp":"2025-12-01T06:40:21,916","container":"696cb5bb907b","level":"INFO","thread":"main","class":"KeyPairUtil","message":"Loaded public key 0xb9050e002aa42464e6b07c811a1f9dfec01249af03f67b753e8415420649b184447bb2a784863ccbf327ad9e31aaba803464979dfe6a7facc669151a5fa6ad1b from /opt/besu/keys/nodekey","throwable":""}
{"timestamp":"2025-12-01T06:40:21,934","container":"696cb5bb907b","level":"WARN","thread":"main","class":"Besu","message":"Privacy is disabled. Cannot use EEA/PRIV API methods when not using Privacy.","throwable":""}
{"timestamp":"2025-12-01T06:40:22,519","container":"696cb5bb907b","level":"INFO","thread":"main","class":"ProtocolScheduleBuilder","message":"Protocol schedule created with milestones: [GrayGlacier: 0]","throwable":""}
{"timestamp":"2025-12-01T06:40:22,961","container":"696cb5bb907b","level":"INFO","thread":"main","class":"TransactionPoolFactory","message":"Enabling transaction pool","throwable":""}
{"timestamp":"2025-12-01T06:40:23,021","container":"696cb5bb907b","level":"INFO","thread":"main","class":"BesuControllerBuilder","message":"TTD difficulty is not present, creating initial sync phase for PoW","throwable":""}
{"timestamp":"2025-12-01T06:40:23,237","container":"696cb5bb907b","level":"INFO","thread":"main","class":"RunnerBuilder","message":"Detecting NAT service.","throwable":""}
{"timestamp":"2025-12-01T06:40:25,409","container":"696cb5bb907b","level":"INFO","thread":"main","class":"Runner","message":"Starting external services ... ","throwable":""}
{"timestamp":"2025-12-01T06:40:25,410","container":"696cb5bb907b","level":"INFO","thread":"main","class":"MetricsHttpService","message":"Starting metrics http service on 0.0.0.0:9545","throwable":""}
{"timestamp":"2025-12-01T06:40:25,748","container":"696cb5bb907b","level":"INFO","thread":"vert.x-eventloop-thread-1","class":"MetricsHttpService","message":"Metrics service started and listening on 0.0.0.0:9545","throwable":""}
{"timestamp":"2025-12-01T06:40:25,750","container":"696cb5bb907b","level":"INFO","thread":"main","class":"JsonRpcHttpService","message":"Starting JSON-RPC service on 0.0.0.0:8545","throwable":""}
{"timestamp":"2025-12-01T06:40:25,804","container":"696cb5bb907b","level":"INFO","thread":"vert.x-eventloop-thread-1","class":"JsonRpcHttpService","message":"JSON-RPC service started and listening on 0.0.0.0:8545","throwable":""}
{"timestamp":"2025-12-01T06:40:25,812","container":"696cb5bb907b","level":"INFO","thread":"main","class":"GraphQLHttpService","message":"Starting GraphQL HTTP service on 0.0.0.0:8547","throwable":""}
{"timestamp":"2025-12-01T06:40:25,821","container":"696cb5bb907b","level":"INFO","thread":"vert.x-eventloop-thread-1","class":"GraphQLHttpService","message":"GraphQL HTTP service started and listening on 0.0.0.0:8547","throwable":""}
{"timestamp":"2025-12-01T06:40:25,821","container":"696cb5bb907b","level":"INFO","thread":"main","class":"WebSocketService","message":"Starting Websocket service on 0.0.0.0:8546","throwable":""}
{"timestamp":"2025-12-01T06:40:25,833","container":"696cb5bb907b","level":"INFO","thread":"vert.x-eventloop-thread-1","class":"WebSocketService","message":"Websocket service started and listening on 0.0.0.0:8546","throwable":""}
{"timestamp":"2025-12-01T06:40:25,843","container":"696cb5bb907b","level":"INFO","thread":"main","class":"AutoTransactionLogBloomCachingService","message":"Starting auto transaction log bloom caching service.","throwable":""}
{"timestamp":"2025-12-01T06:40:25,845","container":"696cb5bb907b","level":"INFO","thread":"main","class":"LogBloomCacheMetadata","message":"Lookup cache metadata file in data directory: /opt/besu/data/caches","throwable":""}
{"timestamp":"2025-12-01T06:40:25,904","container":"696cb5bb907b","level":"INFO","thread":"main","class":"Runner","message":"Starting Ethereum main loop ... ","throwable":""}
{"timestamp":"2025-12-01T06:40:25,905","container":"696cb5bb907b","level":"INFO","thread":"main","class":"NatService","message":"No NAT environment detected so no service could be started","throwable":""}
{"timestamp":"2025-12-01T06:40:25,905","container":"696cb5bb907b","level":"INFO","thread":"main","class":"NetworkRunner","message":"Starting Network.","throwable":""}
{"timestamp":"2025-12-01T06:40:25,964","container":"696cb5bb907b","level":"INFO","thread":"nioEventLoopGroup-2-1","class":"RlpxAgent","message":"P2P RLPx agent started and listening on /[0:0:0:0:0:0:0:0]:30303.","throwable":""}
{"timestamp":"2025-12-01T06:40:25,968","container":"696cb5bb907b","level":"INFO","thread":"main","class":"PeerDiscoveryAgent","message":"Starting peer discovery agent on host=0.0.0.0, port=30303","throwable":""}
{"timestamp":"2025-12-01T06:40:26,026","container":"696cb5bb907b","level":"INFO","thread":"vert.x-eventloop-thread-1","class":"VertxPeerDiscoveryAgent","message":"Started peer discovery agent successfully, on effective host=0:0:0:0:0:0:0:0%0 and port=30303","throwable":""}
{"timestamp":"2025-12-01T06:40:26,028","container":"696cb5bb907b","level":"INFO","thread":"main","class":"PeerDiscoveryAgent","message":"P2P peer discovery agent started and listening on /[0:0:0:0:0:0:0:0%0]:30303","throwable":""}
{"timestamp":"2025-12-01T06:40:26,142","container":"696cb5bb907b","level":"INFO","thread":"main","class":"PeerDiscoveryAgent","message":"Writing node record to disk. NodeRecord{seq=1, publicKey=0x03b9050e002aa42464e6b07c811a1f9dfec01249af03f67b753e8415420649b184, udpAddress=Optional[/172.16.239.12:30303], tcpAddress=Optional[/172.16.239.12:30303], asBase64=-Je4QGD931NyOOeLDbzS2ZkuSoVo93cwt9c5cFoqGruVs-I1F9dJx13NRrgrt0N_YUeY45lLhgaQEuFvvWIOJVr_BGEBg2V0aMfGhEqC0IOAgmlkgnY0gmlwhKwQ7wyJc2VjcDI1NmsxoQO5BQ4AKqQkZOawfIEaH53-wBJJrwP2e3U-hBVCBkmxhIN0Y3CCdl-DdWRwgnZf, nodeId=0x27059b2392ab7830b38b2f4d27a97c9aaf04f18f3014c32e036dd0ac76da5f18, customFields={tcp=30303, udp=30303, ip=0xac10ef0c, eth=[[0x4a82d083, 0x]], id=V4, secp256k1=0x03b9050e002aa42464e6b07c811a1f9dfec01249af03f67b753e8415420649b184}}","throwable":""}
{"timestamp":"2025-12-01T06:40:26,311","container":"696cb5bb907b","level":"INFO","thread":"main","class":"DefaultP2PNetwork","message":"Enode URL enode://b9050e002aa42464e6b07c811a1f9dfec01249af03f67b753e8415420649b184447bb2a784863ccbf327ad9e31aaba803464979dfe6a7facc669151a5fa6ad1b@172.16.239.12:30303","throwable":""}
{"timestamp":"2025-12-01T06:40:26,322","container":"696cb5bb907b","level":"INFO","thread":"main","class":"DefaultP2PNetwork","message":"Node address 0x27a97c9aaf04f18f3014c32e036dd0ac76da5f18","throwable":""}
{"timestamp":"2025-12-01T06:40:26,468","container":"696cb5bb907b","level":"INFO","thread":"main","class":"NetworkRunner","message":"Supported capabilities: [eth/62, eth/63, eth/64, eth/65, eth/66, eth/67, eth/68], [istanbul/100], [snap/1]","throwable":""}
{"timestamp":"2025-12-01T06:40:26,468","container":"696cb5bb907b","level":"INFO","thread":"main","class":"DefaultSynchronizer","message":"Starting synchronizer.","throwable":""}
{"timestamp":"2025-12-01T06:40:26,470","container":"696cb5bb907b","level":"INFO","thread":"main","class":"TransactionPoolFactory","message":"Enabling transaction handling following initial sync","throwable":""}
{"timestamp":"2025-12-01T06:40:26,471","container":"696cb5bb907b","level":"INFO","thread":"main","class":"FullSyncDownloader","message":"Starting full sync.","throwable":""}
{"timestamp":"2025-12-01T06:40:26,472","container":"696cb5bb907b","level":"INFO","thread":"main","class":"FullSyncTargetManager","message":"Unable to find sync target. Currently checking 0 peers for usefulness","throwable":""}
{"timestamp":"2025-12-01T06:40:26,678","container":"696cb5bb907b","level":"INFO","thread":"main","class":"Runner","message":"Ethereum main loop is up.","throwable":""}
{"timestamp":"2025-12-01T06:40:27,441","container":"696cb5bb907b","level":"INFO","thread":"nioEventLoopGroup-3-8","class":"FullSyncTargetManager","message":"Unable to find sync target. Currently checking 3 peers for usefulness","throwable":""}
{"timestamp":"2025-12-01T06:40:28,208","container":"696cb5bb907b","level":"INFO","thread":"nioEventLoopGroup-3-2","class":"FullSyncTargetManager","message":"Unable to find sync target. Currently checking 5 peers for usefulness","throwable":""}
{"timestamp":"2025-12-01T06:40:28,517","container":"696cb5bb907b","level":"INFO","thread":"nioEventLoopGroup-3-3","class":"FullSyncTargetManager","message":"Unable to find sync target. Currently checking 6 peers for usefulness","throwable":""}
{"timestamp":"2025-12-01T06:40:28,572","container":"696cb5bb907b","level":"INFO","thread":"nioEventLoopGroup-3-4","class":"FullSyncTargetManager","message":"Unable to find sync target. Currently checking 7 peers for usefulness","throwable":""}
{"timestamp":"2025-12-01T06:40:33,575","container":"696cb5bb907b","level":"INFO","thread":"EthScheduler-Timer-0","class":"FullSyncTargetManager","message":"Unable to find sync target. Currently checking 7 peers for usefulness","throwable":""}
{"timestamp":"2025-12-01T06:40:36,974","container":"696cb5bb907b","level":"INFO","thread":"BftProcessorExecutor-QBFT-0","class":"QbftRound","message":"Importing proposed block to chain. round=ConsensusRoundIdentifier{Sequence=1, Round=1}, hash=0x2a762708da684e9a0f5c182921856df7702180f82a38565318c5e30fe786838c","throwable":""}
{"timestamp":"2025-12-01T06:40:37,021","container":"696cb5bb907b","level":"INFO","thread":"BftProcessorExecutor-QBFT-0","class":"QbftBesuControllerBuilder","message":"Imported #1 / 0 tx / 0 pending / 0 (0.0%) gas / (0x2a762708da684e9a0f5c182921856df7702180f82a38565318c5e30fe786838c)","throwable":""}
{"timestamp":"2025-12-01T06:40:38,577","container":"696cb5bb907b","level":"INFO","thread":"EthScheduler-Timer-0","class":"FullSyncTargetManager","message":"Unable to find sync target. Currently checking 7 peers for usefulness","throwable":""}
{"timestamp":"2025-12-01T06:40:41,088","container":"696cb5bb907b","level":"INFO","thread":"BftProcessorExecutor-QBFT-0","class":"QbftBesuControllerBuilder","message":"Imported #2 / 0 tx / 0 pending / 0 (0.0%) gas / (0x5eec709e549e94620ad9804b5a7d69f4576878cc823056655f67b3cf4f7ef3d6)","throwable":""}
{"timestamp":"2025-12-01T06:40:46,074","container":"696cb5bb907b","level":"INFO","thread":"BftProcessorExecutor-QBFT-0","class":"QbftBesuControllerBuilder","message":"Imported #3 / 0 tx / 0 pending / 0 (0.0%) gas / (0x5e49c0ddb8c5ebc9a00ef4c8f32004c1e4a2cd9543475eb675756a6a02cc2b1e)","throwable":""}
{"timestamp":"2025-12-01T06:40:46,073","container":"696cb5bb907b","level":"INFO","thread":"EthScheduler-Workers-0","class":"PersistBlockTask","message":"Block 3 (0x5e49c0ddb8c5ebc9a00ef4c8f32004c1e4a2cd9543475eb675756a6a02cc2b1e) is already imported","throwable":""}
{"timestamp":"2025-12-01T06:40:51,048","container":"696cb5bb907b","level":"INFO","thread":"EthScheduler-Workers-0","class":"PersistBlockTask","message":"Block 4 (0x5f454cf33c7556cfdc91e8a3676941bdd283b19a0f98770135f1a0fbc936953c) is already imported","throwable":""}
{"timestamp":"2025-12-01T06:40:51,051","container":"696cb5bb907b","level":"INFO","thread":"BftProcessorExecutor-QBFT-0","class":"QbftBesuControllerBuilder","message":"Produced #4 / 0 tx / 0 pending / 0 (0.0%) gas / (0x5f454cf33c7556cfdc91e8a3676941bdd283b19a0f98770135f1a0fbc936953c)","throwable":""}
{"timestamp":"2025-12-01T06:40:56,063","container":"696cb5bb907b","level":"INFO","thread":"EthScheduler-Workers-0","class":"PersistBlockTask","message":"Imported #5 / 0 tx / 0 om / 0 (0.0%) gas / (0x6b69fa6b509a993aa08df337be4ad850a3855d97018cbec0383b143b2a98be50) in 0.008s. Peers: 7","throwable":""}
{"timestamp":"2025-12-01T06:40:56,065","container":"696cb5bb907b","level":"INFO","thread":"BftProcessorExecutor-QBFT-0","class":"QbftBesuControllerBuilder","message":"Imported #5 / 0 tx / 0 pending / 0 (0.0%) gas / (0x6b69fa6b509a993aa08df337be4ad850a3855d97018cbec0383b143b2a98be50)","throwable":""}
{"timestamp":"2025-12-01T06:41:01,045","container":"696cb5bb907b","level":"INFO","thread":"EthScheduler-Workers-0","class":"PersistBlockTask","message":"Block 6 (0xd9a4261b33dba1304f1971cc5700706a1071a01dddbc3a8644947e25ad3284ff) is already imported","throwable":""}
{"timestamp":"2025-12-01T06:41:01,050","container":"696cb5bb907b","level":"INFO","thread":"BftProcessorExecutor-QBFT-0","class":"QbftBesuControllerBuilder","message":"Imported #6 / 0 tx / 0 pending / 0 (0.0%) gas / (0xd9a4261b33dba1304f1971cc5700706a1071a01dddbc3a8644947e25ad3284ff)","throwable":""}
{"timestamp":"2025-12-01T06:41:06,038","container":"696cb5bb907b","level":"INFO","thread":"EthScheduler-Workers-0","class":"PersistBlockTask","message":"Block 7 (0x42eb1f2f215c8813c6e28a0aa7abd1a9e2ac8cef7f2ba4e336a683d3a260fbed) is already imported","throwable":""}
{"timestamp":"2025-12-01T06:41:06,042","container":"696cb5bb907b","level":"INFO","thread":"BftProcessorExecutor-QBFT-0","class":"QbftBesuControllerBuilder","message":"Imported #7 / 0 tx / 0 pending / 0 (0.0%) gas / (0x42eb1f2f215c8813c6e28a0aa7abd1a9e2ac8cef7f2ba4e336a683d3a260fbed)","throwable":""}
{"timestamp":"2025-12-01T06:41:11,035","container":"696cb5bb907b","level":"INFO","thread":"BftProcessorExecutor-QBFT-0","class":"QbftBesuControllerBuilder","message":"Produced #8 / 0 tx / 0 pending / 0 (0.0%) gas / (0x493298d1f71a37f69dbb02895ee1983f866a24550ccba38f4074848f6fcf0c4b)","throwable":""}
{"timestamp":"2025-12-01T06:41:16,030","container":"696cb5bb907b","level":"INFO","thread":"BftProcessorExecutor-QBFT-0","class":"QbftBesuControllerBuilder","message":"Imported #9 / 0 tx / 0 pending / 0 (0.0%) gas / (0xa1bb7fc2a064cf011444105db05d751faaaa8cf819b4ff3894861b4cd82578e4)","throwable":""}
{"timestamp":"2025-12-01T06:41:21,061","container":"696cb5bb907b","level":"INFO","thread":"EthScheduler-Workers-0","class":"PersistBlockTask","message":"Block 10 (0x600349da4e4418c8a83b5e02c7185097e57d4d60a024661db5d8dfaefce93a55) is already imported","throwable":""}
{"timestamp":"2025-12-01T06:41:21,063","container":"696cb5bb907b","level":"INFO","thread":"BftProcessorExecutor-QBFT-0","class":"QbftBesuControllerBuilder","message":"Imported #10 / 0 tx / 0 pending / 0 (0.0%) gas / (0x600349da4e4418c8a83b5e02c7185097e57d4d60a024661db5d8dfaefce93a55)","throwable":""}
{"timestamp":"2025-12-01T06:41:26,043","container":"696cb5bb907b","level":"INFO","thread":"BftProcessorExecutor-QBFT-0","class":"QbftBesuControllerBuilder","message":"Imported #11 / 0 tx / 0 pending / 0 (0.0%) gas / (0xd1708d600ab0346182b103565e2dbd2431bd4e947156424735cc299a3952c34e)","throwable":""}
{"timestamp":"2025-12-01T06:41:31,052","container":"696cb5bb907b","level":"INFO","thread":"EthScheduler-Workers-0","class":"PersistBlockTask","message":"Block 12 (0x1777bd124d4b760898c6677f06b84edbc51e6b5cc70319573c0669bf84ebac4c) is already imported","throwable":""}
{"timestamp":"2025-12-01T06:41:31,054","container":"696cb5bb907b","level":"INFO","thread":"BftProcessorExecutor-QBFT-0","class":"QbftBesuControllerBuilder","message":"Produced #12 / 0 tx / 0 pending / 0 (0.0%) gas / (0x1777bd124d4b760898c6677f06b84edbc51e6b5cc70319573c0669bf84ebac4c)","throwable":""}
{"timestamp":"2025-12-01T06:41:36,031","container":"696cb5bb907b","level":"INFO","thread":"BftProcessorExecutor-QBFT-0","class":"QbftBesuControllerBuilder","message":"Imported #13 / 0 tx / 0 pending / 0 (0.0%) gas / (0x7b7c5bc30b819628fb63791305f4a2bfff7a5d2b9036a8c095597b082e05bfc1)","throwable":""}
{"timestamp":"2025-12-01T06:41:41,041","container":"696cb5bb907b","level":"INFO","thread":"EthScheduler-Workers-0","class":"PersistBlockTask","message":"Block 14 (0x86c55bd83d85ee995a0d51733a4d4cf98d862b436c1cce6897c147db76ea63f5) is already imported","throwable":""}
{"timestamp":"2025-12-01T06:41:41,041","container":"696cb5bb907b","level":"INFO","thread":"BftProcessorExecutor-QBFT-0","class":"QbftBesuControllerBuilder","message":"Imported #14 / 0 tx / 0 pending / 0 (0.0%) gas / (0x86c55bd83d85ee995a0d51733a4d4cf98d862b436c1cce6897c147db76ea63f5)","throwable":""}
{"timestamp":"2025-12-01T06:41:46,030","container":"696cb5bb907b","level":"INFO","thread":"BftProcessorExecutor-QBFT-0","class":"QbftBesuControllerBuilder","message":"Imported #15 / 0 tx / 0 pending / 0 (0.0%) gas / (0x171a946072ce9d47559e9ec6b6ace21937ff23910bca5ad6ce2bd35486a25de9)","throwable":""}
{"timestamp":"2025-12-01T06:41:51,020","container":"696cb5bb907b","level":"INFO","thread":"BftProcessorExecutor-QBFT-0","class":"QbftBesuControllerBuilder","message":"Produced #16 / 0 tx / 0 pending / 0 (0.0%) gas / (0x66dcdb76dd2d3d70c8087bd2a4b68a910b33c3f034f165b9b697c70ad9609a3e)","throwable":""}
{"timestamp":"2025-12-01T06:41:56,024","container":"696cb5bb907b","level":"INFO","thread":"BftProcessorExecutor-QBFT-0","class":"QbftBesuControllerBuilder","message":"Imported #17 / 0 tx / 0 pending / 0 (0.0%) gas / (0x6d5da8874fa5a24aa2399a77d91c612209adfeb799f7f7c33e58ed78eb9fe52d)","throwable":""}
{"timestamp":"2025-12-01T06:42:01,026","container":"696cb5bb907b","level":"INFO","thread":"BftProcessorExecutor-QBFT-0","class":"QbftBesuControllerBuilder","message":"Imported #18 / 0 tx / 0 pending / 0 (0.0%) gas / (0xf595f0955bdb0eaf0f5af4b07a13e694e6d817fa7c87fc36e830de751d4b6b8c)","throwable":""}
{"timestamp":"2025-12-01T06:42:06,048","container":"696cb5bb907b","level":"INFO","thread":"BftProcessorExecutor-QBFT-0","class":"QbftBesuControllerBuilder","message":"Imported #19 / 0 tx / 0 pending / 0 (0.0%) gas / (0xb6057955b062ca5948a63770e160311c291f49d64c067a859de76c1b151245c6)","throwable":""}
{"timestamp":"2025-12-01T06:42:11,037","container":"696cb5bb907b","level":"INFO","thread":"BftProcessorExecutor-QBFT-0","class":"QbftBesuControllerBuilder","message":"Produced #20 / 0 tx / 0 pending / 0 (0.0%) gas / (0x940b1837229d97de1d4688adccb3f3335876963d316f31cf7a96e8ee19654f36)","throwable":""}
{"timestamp":"2025-12-01T06:42:16,033","container":"696cb5bb907b","level":"INFO","thread":"EthScheduler-Workers-0","class":"PersistBlockTask","message":"Block 21 (0x7e82d5cc16626bd01d8b1dae0f8439669c868640b1c3f25a4645cb343c1dd1e0) is already imported","throwable":""}
{"timestamp":"2025-12-01T06:42:16,035","container":"696cb5bb907b","level":"INFO","thread":"BftProcessorExecutor-QBFT-0","class":"QbftBesuControllerBuilder","message":"Imported #21 / 0 tx / 0 pending / 0 (0.0%) gas / (0x7e82d5cc16626bd01d8b1dae0f8439669c868640b1c3f25a4645cb343c1dd1e0)","throwable":""}
{"timestamp":"2025-12-01T06:42:21,056","container":"696cb5bb907b","level":"INFO","thread":"BftProcessorExecutor-QBFT-0","class":"QbftBesuControllerBuilder","message":"Imported #22 / 0 tx / 0 pending / 0 (0.0%) gas / (0x668069e3ea7aad9fff78fddc1cd12e9316f8720eb0f4771dc4ad8975d17cecd0)","throwable":""}
{"timestamp":"2025-12-01T06:42:26,023","container":"696cb5bb907b","level":"INFO","thread":"BftProcessorExecutor-QBFT-0","class":"QbftBesuControllerBuilder","message":"Imported #23 / 0 tx / 0 pending / 0 (0.0%) gas / (0x0ee60c70521f4d641adf7e5583d61f239e8e8b3785322a129aefa42b21d086f8)","throwable":""}
{"timestamp":"2025-12-01T06:42:31,031","container":"696cb5bb907b","level":"INFO","thread":"BftProcessorExecutor-QBFT-0","class":"QbftBesuControllerBuilder","message":"Produced #24 / 0 tx / 0 pending / 0 (0.0%) gas / (0x346a7215dabdaae0bb1f0e4533f15dad91c122633054fc9713147e6ad4a7b196)","throwable":""}
{"timestamp":"2025-12-01T06:42:31,032","container":"696cb5bb907b","level":"INFO","thread":"EthScheduler-Workers-0","class":"PersistBlockTask","message":"Block 24 (0x346a7215dabdaae0bb1f0e4533f15dad91c122633054fc9713147e6ad4a7b196) is already imported","throwable":""}
{"timestamp":"2025-12-01T06:42:36,022","container":"696cb5bb907b","level":"INFO","thread":"BftProcessorExecutor-QBFT-0","class":"QbftBesuControllerBuilder","message":"Imported #25 / 0 tx / 0 pending / 0 (0.0%) gas / (0x0b61e42feb48f781d29830573564694a6a9ce6a366774eb86f695075fb4561b0)","throwable":""}
{"timestamp":"2025-12-01T06:42:41,021","container":"696cb5bb907b","level":"INFO","thread":"BftProcessorExecutor-QBFT-0","class":"QbftBesuControllerBuilder","message":"Imported #26 / 0 tx / 0 pending / 0 (0.0%) gas / (0x0c0d0aa9b2c218698b80dbcb501fc9cf9c1ae0c9cf4367929cfe1041596d76a7)","throwable":""}
{"timestamp":"2025-12-01T06:42:46,018","container":"696cb5bb907b","level":"INFO","thread":"BftProcessorExecutor-QBFT-0","class":"QbftBesuControllerBuilder","message":"Imported #27 / 0 tx / 0 pending / 0 (0.0%) gas / (0xa1c477c3cbfd352f9fdf473c703d1f8d5dea35170e9229e660ba117f5b111443)","throwable":""}
{"timestamp":"2025-12-01T06:42:51,017","container":"696cb5bb907b","level":"INFO","thread":"EthScheduler-Workers-0","class":"PersistBlockTask","message":"Imported #28 / 0 tx / 0 om / 0 (0.0%) gas / (0xdca9d86fe1f7159bf6d6f24158bd943a5c372b5db221448095fd2b56ae2214e9) in 0.002s. Peers: 7","throwable":""}
{"timestamp":"2025-12-01T06:42:56,024","container":"696cb5bb907b","level":"INFO","thread":"BftProcessorExecutor-QBFT-0","class":"QbftBesuControllerBuilder","message":"Imported #29 / 0 tx / 0 pending / 0 (0.0%) gas / (0x8bd557d588da59e6a8ada794d9e0233f2d924cc5fde05578cd29488a0149629f)","throwable":""}
{"timestamp":"2025-12-01T06:43:01,026","container":"696cb5bb907b","level":"INFO","thread":"BftProcessorExecutor-QBFT-0","class":"QbftBesuControllerBuilder","message":"Imported #30 / 0 tx / 0 pending / 0 (0.0%) gas / (0x842a9abb6a4edc2150eb90c833f9ddeb5a6bd1f0b288b8cf3b795f9ae66a7f0d)","throwable":""}
{"timestamp":"2025-12-01T06:43:06,029","container":"696cb5bb907b","level":"INFO","thread":"EthScheduler-Workers-0","class":"PersistBlockTask","message":"Imported #31 / 0 tx / 0 om / 0 (0.0%) gas / (0x1840d7e922266e7cb54e06a4ef880db0a3310b58513aedab4e7aa5ac34d32d1e) in 0.011s. Peers: 7","throwable":""}
{"timestamp":"2025-12-01T06:43:11,024","container":"696cb5bb907b","level":"INFO","thread":"BftProcessorExecutor-QBFT-0","class":"QbftBesuControllerBuilder","message":"Produced #32 / 0 tx / 0 pending / 0 (0.0%) gas / (0x1573f26d9f4b27dfe27b223b14ef40178363ca53a0fe9a422abfdcdc32ff0fae)","throwable":""}
{"timestamp":"2025-12-01T06:43:16,030","container":"696cb5bb907b","level":"INFO","thread":"BftProcessorExecutor-QBFT-0","class":"QbftBesuControllerBuilder","message":"Imported #33 / 0 tx / 0 pending / 0 (0.0%) gas / (0x2861881af19fedf9646030a7a57af1c5bf41668cc7702eb9f21127512b7afd6c)","throwable":""}
{"timestamp":"2025-12-01T06:43:21,018","container":"696cb5bb907b","level":"INFO","thread":"BftProcessorExecutor-QBFT-0","class":"QbftBesuControllerBuilder","message":"Imported #34 / 0 tx / 0 pending / 0 (0.0%) gas / (0x19a1a23454ce6b688500e6fb236f37d57215204eb0969e3cdc4c2fcbd2f39fa0)","throwable":""}
{"timestamp":"2025-12-01T06:43:26,030","container":"696cb5bb907b","level":"INFO","thread":"BftProcessorExecutor-QBFT-0","class":"QbftBesuControllerBuilder","message":"Imported #35 / 0 tx / 0 pending / 0 (0.0%) gas / (0x60a2b1b6a973e67186bc97ad5c3040e40c0cd74d545a9fce2bdee139b37cd57b)","throwable":""}
{"timestamp":"2025-12-01T06:43:31,023","container":"696cb5bb907b","level":"INFO","thread":"BftProcessorExecutor-QBFT-0","class":"QbftBesuControllerBuilder","message":"Produced #36 / 0 tx / 0 pending / 0 (0.0%) gas / (0x5da9f416fb9561b593761ad6d0e66ced551ad00f2eff8e4897c3401ded4b9efe)","throwable":""}
{"timestamp":"2025-12-01T06:43:36,029","container":"696cb5bb907b","level":"INFO","thread":"BftProcessorExecutor-QBFT-0","class":"QbftBesuControllerBuilder","message":"Imported #37 / 0 tx / 0 pending / 0 (0.0%) gas / (0xcb09e82dd600e8ac20d08bee4fe71b6b2f861945bb73030aa02adc85aef51958)","throwable":""}
{"timestamp":"2025-12-01T06:43:41,036","container":"696cb5bb907b","level":"INFO","thread":"EthScheduler-Workers-0","class":"PersistBlockTask","message":"Imported #38 / 0 tx / 0 om / 0 (0.0%) gas / (0x64294d30082a873df8aba96181fefd540a5612bddaaaa7503ba0770c471a7c87) in 0.004s. Peers: 7","throwable":""}
{"timestamp":"2025-12-01T06:43:46,046","container":"696cb5bb907b","level":"INFO","thread":"BftProcessorExecutor-QBFT-0","class":"QbftBesuControllerBuilder","message":"Imported #39 / 0 tx / 0 pending / 0 (0.0%) gas / (0xcfd679fa70880a36b455cb845ffd0610e3b69fa0fbf584e58f8026c188447f98)","throwable":""}
{"timestamp":"2025-12-01T06:43:51,019","container":"696cb5bb907b","level":"INFO","thread":"BftProcessorExecutor-QBFT-0","class":"QbftBesuControllerBuilder","message":"Produced #40 / 0 tx / 0 pending / 0 (0.0%) gas / (0xc1a6ce7f2b85d5826e941d84238b3905cdc21b3d74db7fba1b108d1a6057596a)","throwable":""}
{"timestamp":"2025-12-01T06:43:56,025","container":"696cb5bb907b","level":"INFO","thread":"EthScheduler-Workers-0","class":"PersistBlockTask","message":"Imported #41 / 0 tx / 0 om / 0 (0.0%) gas / (0x1265677cfa2835c3df3423e2dbb6e761a13da9e9b0e9a31bcd35557273cb274b) in 0.003s. Peers: 7","throwable":""}
{"timestamp":"2025-12-01T06:44:01,023","container":"696cb5bb907b","level":"INFO","thread":"BftProcessorExecutor-QBFT-0","class":"QbftBesuControllerBuilder","message":"Imported #42 / 0 tx / 0 pending / 0 (0.0%) gas / (0x709b1fa23aa5178bd9801fd53c89aad3fe1143291428ef45abe0a23b5f162f5d)","throwable":""}
{"timestamp":"2025-12-01T06:44:06,028","container":"696cb5bb907b","level":"INFO","thread":"BftProcessorExecutor-QBFT-0","class":"QbftBesuControllerBuilder","message":"Imported #43 / 0 tx / 0 pending / 0 (0.0%) gas / (0x68f5c3b0df7f66ad7b886af429c76b44953f04baae8861a2d9a596d37278d73f)","throwable":""}
{"timestamp":"2025-12-01T06:44:11,020","container":"696cb5bb907b","level":"INFO","thread":"EthScheduler-Workers-0","class":"PersistBlockTask","message":"Block 44 (0x364fd56034a117becdbc082c6f86d5f69e58d6ac534f2560c175cc25fc1bacf3) is already imported","throwable":""}
{"timestamp":"2025-12-01T06:44:11,020","container":"696cb5bb907b","level":"INFO","thread":"BftProcessorExecutor-QBFT-0","class":"QbftBesuControllerBuilder","message":"Produced #44 / 0 tx / 0 pending / 0 (0.0%) gas / (0x364fd56034a117becdbc082c6f86d5f69e58d6ac534f2560c175cc25fc1bacf3)","throwable":""}
{"timestamp":"2025-12-01T06:44:16,017","container":"696cb5bb907b","level":"INFO","thread":"BftProcessorExecutor-QBFT-0","class":"QbftBesuControllerBuilder","message":"Imported #45 / 0 tx / 0 pending / 0 (0.0%) gas / (0xf70e20f9c83b672059fc530c409a26b1bbf1aebcf4b9e632e26af6aa24d94136)","throwable":""}
{"timestamp":"2025-12-01T06:44:21,022","container":"696cb5bb907b","level":"INFO","thread":"EthScheduler-Workers-0","class":"PersistBlockTask","message":"Block 46 (0x65042d88a4482c9f6efaf3867b0d30623d71b2aa30b15bc418873addc04d44a8) is already imported","throwable":""}
{"timestamp":"2025-12-01T06:44:21,024","container":"696cb5bb907b","level":"INFO","thread":"BftProcessorExecutor-QBFT-0","class":"QbftBesuControllerBuilder","message":"Imported #46 / 0 tx / 0 pending / 0 (0.0%) gas / (0x65042d88a4482c9f6efaf3867b0d30623d71b2aa30b15bc418873addc04d44a8)","throwable":""}
{"timestamp":"2025-12-01T06:44:26,024","container":"696cb5bb907b","level":"INFO","thread":"EthScheduler-Workers-0","class":"PersistBlockTask","message":"Block 47 (0xcf2047bcf8ce4f4f3686880712bc097ddddd8047e8ca99a84960c78ebe29785c) is already imported","throwable":""}
{"timestamp":"2025-12-01T06:44:26,025","container":"696cb5bb907b","level":"INFO","thread":"BftProcessorExecutor-QBFT-0","class":"QbftBesuControllerBuilder","message":"Imported #47 / 0 tx / 0 pending / 0 (0.0%) gas / (0xcf2047bcf8ce4f4f3686880712bc097ddddd8047e8ca99a84960c78ebe29785c)","throwable":""}
{"timestamp":"2025-12-01T06:44:31,026","container":"696cb5bb907b","level":"INFO","thread":"EthScheduler-Workers-0","class":"PersistBlockTask","message":"Block 48 (0x4ba41eed6f4c8ffb17f0d08c898d2d93c8d92b4114effe02f001bccf331f047d) is already imported","throwable":""}
{"timestamp":"2025-12-01T06:44:31,027","container":"696cb5bb907b","level":"INFO","thread":"BftProcessorExecutor-QBFT-0","class":"QbftBesuControllerBuilder","message":"Produced #48 / 0 tx / 0 pending / 0 (0.0%) gas / (0x4ba41eed6f4c8ffb17f0d08c898d2d93c8d92b4114effe02f001bccf331f047d)","throwable":""}
{"timestamp":"2025-12-01T06:44:36,017","container":"696cb5bb907b","level":"INFO","thread":"BftProcessorExecutor-QBFT-0","class":"QbftBesuControllerBuilder","message":"Imported #49 / 0 tx / 0 pending / 0 (0.0%) gas / (0x6af8d9d39e5fe0b18d467db54a9955b47af139f1dd262471d361bea98de2e6a7)","throwable":""}
{"timestamp":"2025-12-01T06:44:41,015","container":"696cb5bb907b","level":"INFO","thread":"BftProcessorExecutor-QBFT-0","class":"QbftBesuControllerBuilder","message":"Imported #50 / 0 tx / 0 pending / 0 (0.0%) gas / (0x99ac6d1a376499b63ea931e09bd60a26d75173121f7730c0adeafe3e68592405)","throwable":""}
{"timestamp":"2025-12-01T06:44:46,019","container":"696cb5bb907b","level":"INFO","thread":"BftProcessorExecutor-QBFT-0","class":"QbftBesuControllerBuilder","message":"Imported #51 / 0 tx / 0 pending / 0 (0.0%) gas / (0x4a73b4244fa92378949e37f96300c139ab2019af5dad369ac225fe121cac1415)","throwable":""}
{"timestamp":"2025-12-01T06:44:51,019","container":"696cb5bb907b","level":"INFO","thread":"BftProcessorExecutor-QBFT-0","class":"QbftBesuControllerBuilder","message":"Produced #52 / 0 tx / 0 pending / 0 (0.0%) gas / (0x1b3b12aa46a670207a26dda067628c7c6305975ebc7675828c896a8c72b7e6bf)","throwable":""}
{"timestamp":"2025-12-01T06:44:56,022","container":"696cb5bb907b","level":"INFO","thread":"EthScheduler-Workers-0","class":"PersistBlockTask","message":"Block 53 (0x2dd1c9e447343a2dd168216a5b54d596d79220e164ff997d03d0100f645932eb) is already imported","throwable":""}
{"timestamp":"2025-12-01T06:44:56,023","container":"696cb5bb907b","level":"INFO","thread":"BftProcessorExecutor-QBFT-0","class":"QbftBesuControllerBuilder","message":"Imported #53 / 0 tx / 0 pending / 0 (0.0%) gas / (0x2dd1c9e447343a2dd168216a5b54d596d79220e164ff997d03d0100f645932eb)","throwable":""}
{"timestamp":"2025-12-01T06:45:01,019","container":"696cb5bb907b","level":"INFO","thread":"EthScheduler-Workers-0","class":"PersistBlockTask","message":"Block 54 (0x0a2dc20ac7aa5e4d32364165058de00199132504944dec79e2aec3ed76e22a35) is already imported","throwable":""}
{"timestamp":"2025-12-01T06:45:01,022","container":"696cb5bb907b","level":"INFO","thread":"BftProcessorExecutor-QBFT-0","class":"QbftBesuControllerBuilder","message":"Imported #54 / 0 tx / 0 pending / 0 (0.0%) gas / (0x0a2dc20ac7aa5e4d32364165058de00199132504944dec79e2aec3ed76e22a35)","throwable":""}
{"timestamp":"2025-12-01T06:45:06,019","container":"696cb5bb907b","level":"INFO","thread":"BftProcessorExecutor-QBFT-0","class":"QbftBesuControllerBuilder","message":"Imported #55 / 0 tx / 0 pending / 0 (0.0%) gas / (0xde14831af275656a22e51409b8af0261746ce39012ae48ec7fd8b219d0d8feee)","throwable":""}
{"timestamp":"2025-12-01T06:45:11,015","container":"696cb5bb907b","level":"INFO","thread":"BftProcessorExecutor-QBFT-0","class":"QbftBesuControllerBuilder","message":"Produced #56 / 0 tx / 0 pending / 0 (0.0%) gas / (0x361759a16c5905f8ea3ffd4ceef5fc4ba76c2dc914270cbc98eb3f08315a7f01)","throwable":""}
{"timestamp":"2025-12-01T06:45:16,016","container":"696cb5bb907b","level":"INFO","thread":"BftProcessorExecutor-QBFT-0","class":"QbftBesuControllerBuilder","message":"Imported #57 / 0 tx / 0 pending / 0 (0.0%) gas / (0xd0db6b44fa0dd92b6523189698b539dcc8a62fbacb8e73ed047355c609961ee5)","throwable":""}
{"timestamp":"2025-12-01T06:45:21,019","container":"696cb5bb907b","level":"INFO","thread":"BftProcessorExecutor-QBFT-0","class":"QbftBesuControllerBuilder","message":"Imported #58 / 0 tx / 0 pending / 0 (0.0%) gas / (0x2481cd48694a3e9502535e41d30ceafcc7d4c9776fd4d9a4b715a9dde2c61d12)","throwable":""}
{"timestamp":"2025-12-01T06:45:26,014","container":"696cb5bb907b","level":"INFO","thread":"BftProcessorExecutor-QBFT-0","class":"QbftBesuControllerBuilder","message":"Imported #59 / 0 tx / 0 pending / 0 (0.0%) gas / (0x6fe1f2bfa64f31cb40c47a3d437f629057520a0bbc1f53f2733397e822cbb0b5)","throwable":""}
{"timestamp":"2025-12-01T06:45:31,033","container":"696cb5bb907b","level":"INFO","thread":"EthScheduler-Workers-0","class":"PersistBlockTask","message":"Block 60 (0x22228e984b5e971714fe5800af831c55b417a0de58c3e6daf894c79b25ece557) is already imported","throwable":""}
{"timestamp":"2025-12-01T06:45:31,040","container":"696cb5bb907b","level":"INFO","thread":"BftProcessorExecutor-QBFT-0","class":"QbftBesuControllerBuilder","message":"Produced #60 / 0 tx / 0 pending / 0 (0.0%) gas / (0x22228e984b5e971714fe5800af831c55b417a0de58c3e6daf894c79b25ece557)","throwable":""}
{"timestamp":"2025-12-01T06:45:36,017","container":"696cb5bb907b","level":"INFO","thread":"BftProcessorExecutor-QBFT-0","class":"QbftBesuControllerBuilder","message":"Imported #61 / 0 tx / 0 pending / 0 (0.0%) gas / (0xdb0ed9eecdf5246fd34f4739d9398dd78a66f23ed0b711d51a4bb8812c57c198)","throwable":""}
{"timestamp":"2025-12-01T06:45:41,019","container":"696cb5bb907b","level":"INFO","thread":"BftProcessorExecutor-QBFT-0","class":"QbftBesuControllerBuilder","message":"Imported #62 / 0 tx / 0 pending / 0 (0.0%) gas / (0x1e24a6552335461b9d70f30799753f1bb693326cdf9522eaa5e8205bb134c129)","throwable":""}
{"timestamp":"2025-12-01T06:45:46,018","container":"696cb5bb907b","level":"INFO","thread":"BftProcessorExecutor-QBFT-0","class":"QbftBesuControllerBuilder","message":"Imported #63 / 0 tx / 0 pending / 0 (0.0%) gas / (0x41bccde9505254619a3efe3a7a61f231052caffe1d4ab35d19acb426a4d5a631)","throwable":""}
{"timestamp":"2025-12-01T06:45:51,022","container":"696cb5bb907b","level":"INFO","thread":"EthScheduler-Workers-0","class":"PersistBlockTask","message":"Block 64 (0xe91092af135f90b45749ab8d86fc963f92636d4235c0c5148bffc0854672485c) is already imported","throwable":""}
{"timestamp":"2025-12-01T06:45:51,023","container":"696cb5bb907b","level":"INFO","thread":"BftProcessorExecutor-QBFT-0","class":"QbftBesuControllerBuilder","message":"Produced #64 / 0 tx / 0 pending / 0 (0.0%) gas / (0xe91092af135f90b45749ab8d86fc963f92636d4235c0c5148bffc0854672485c)","throwable":""}
{"timestamp":"2025-12-01T06:45:56,017","container":"696cb5bb907b","level":"INFO","thread":"BftProcessorExecutor-QBFT-0","class":"QbftBesuControllerBuilder","message":"Imported #65 / 0 tx / 0 pending / 0 (0.0%) gas / (0x29f481eb91620f45154ddecc3cae0c3ca386e3e14d827fa0aa1b96e3553b8cbb)","throwable":""}
{"timestamp":"2025-12-01T06:45:56,017","container":"696cb5bb907b","level":"INFO","thread":"EthScheduler-Workers-0","class":"PersistBlockTask","message":"Block 65 (0x29f481eb91620f45154ddecc3cae0c3ca386e3e14d827fa0aa1b96e3553b8cbb) is already imported","throwable":""}
{"timestamp":"2025-12-01T06:46:01,020","container":"696cb5bb907b","level":"INFO","thread":"BftProcessorExecutor-QBFT-0","class":"QbftBesuControllerBuilder","message":"Imported #66 / 0 tx / 0 pending / 0 (0.0%) gas / (0xc677250f78b233a7976be08a83d53eab81585181dd09b877ecf9b3fab52501c2)","throwable":""}
{"timestamp":"2025-12-01T06:46:06,024","container":"696cb5bb907b","level":"INFO","thread":"BftProcessorExecutor-QBFT-0","class":"QbftBesuControllerBuilder","message":"Imported #67 / 0 tx / 0 pending / 0 (0.0%) gas / (0xe34316eadb677b31b9abb2c68a969a91fd55ff3f9e964e3ac6a208d15c8d5dd6)","throwable":""}
{"timestamp":"2025-12-01T06:46:06,024","container":"696cb5bb907b","level":"INFO","thread":"EthScheduler-Workers-0","class":"PersistBlockTask","message":"Block 67 (0xe34316eadb677b31b9abb2c68a969a91fd55ff3f9e964e3ac6a208d15c8d5dd6) is already imported","throwable":""}
{"timestamp":"2025-12-01T06:46:11,021","container":"696cb5bb907b","level":"INFO","thread":"BftProcessorExecutor-QBFT-0","class":"QbftBesuControllerBuilder","message":"Produced #68 / 0 tx / 0 pending / 0 (0.0%) gas / (0x66cebd4e6420423c913746170eea04c485a560a6f2e3e7ad62b65297dbb3bdd0)","throwable":""}
{"timestamp":"2025-12-01T06:46:16,021","container":"696cb5bb907b","level":"INFO","thread":"BftProcessorExecutor-QBFT-0","class":"QbftBesuControllerBuilder","message":"Imported #69 / 0 tx / 0 pending / 0 (0.0%) gas / (0x69bbc6375e1d0c5c3cd23dc188018538c1aa6963ec050d3a4ea19b599e9468d2)","throwable":""}
{"timestamp":"2025-12-01T06:46:16,023","container":"696cb5bb907b","level":"INFO","thread":"EthScheduler-Workers-0","class":"PersistBlockTask","message":"Block 69 (0x69bbc6375e1d0c5c3cd23dc188018538c1aa6963ec050d3a4ea19b599e9468d2) is already imported","throwable":""}
{"timestamp":"2025-12-01T06:46:21,015","container":"696cb5bb907b","level":"INFO","thread":"BftProcessorExecutor-QBFT-0","class":"QbftBesuControllerBuilder","message":"Imported #70 / 0 tx / 0 pending / 0 (0.0%) gas / (0xea20e38ab93f0aa92b1b0dddf7f360c3e2cc21bda036b89260531c102d29f5a7)","throwable":""}
{"timestamp":"2025-12-01T06:46:26,017","container":"696cb5bb907b","level":"INFO","thread":"BftProcessorExecutor-QBFT-0","class":"QbftBesuControllerBuilder","message":"Imported #71 / 0 tx / 0 pending / 0 (0.0%) gas / (0x5c369fbba08af32191a30dc551ba55e5f299496fcd11a13d9de66e7ad5105453)","throwable":""}
{"timestamp":"2025-12-01T06:46:31,020","container":"696cb5bb907b","level":"INFO","thread":"BftProcessorExecutor-QBFT-0","class":"QbftBesuControllerBuilder","message":"Produced #72 / 0 tx / 0 pending / 0 (0.0%) gas / (0xc0efff382bddfa34fe4ff41ebb94b66056d50d723269a1810a08960270f733a3)","throwable":""}
{"timestamp":"2025-12-01T06:46:36,015","container":"696cb5bb907b","level":"INFO","thread":"BftProcessorExecutor-QBFT-0","class":"QbftBesuControllerBuilder","message":"Imported #73 / 0 tx / 0 pending / 0 (0.0%) gas / (0x19e6132a454e95336a2a75f30b378fa7483cff2d3a97b92badba834411a35631)","throwable":""}
{"timestamp":"2025-12-01T06:46:41,021","container":"696cb5bb907b","level":"INFO","thread":"BftProcessorExecutor-QBFT-0","class":"QbftBesuControllerBuilder","message":"Imported #74 / 0 tx / 0 pending / 0 (0.0%) gas / (0xfe5b8683eb603a9e2480c62764a946d1b6bf2684c29bc61510f757c0fd4eeebd)","throwable":""}
{"timestamp":"2025-12-01T06:46:41,021","container":"696cb5bb907b","level":"INFO","thread":"EthScheduler-Workers-0","class":"PersistBlockTask","message":"Block 74 (0xfe5b8683eb603a9e2480c62764a946d1b6bf2684c29bc61510f757c0fd4eeebd) is already imported","throwable":""}
{"timestamp":"2025-12-01T06:46:46,022","container":"696cb5bb907b","level":"INFO","thread":"BftProcessorExecutor-QBFT-0","class":"QbftBesuControllerBuilder","message":"Imported #75 / 0 tx / 0 pending / 0 (0.0%) gas / (0xd4d6364f7c1beeb13895fa4011e11bfa6dee37ada18d2875c46eb907e5cb50e4)","throwable":""}
{"timestamp":"2025-12-01T06:46:51,015","container":"696cb5bb907b","level":"INFO","thread":"BftProcessorExecutor-QBFT-0","class":"QbftBesuControllerBuilder","message":"Produced #76 / 0 tx / 0 pending / 0 (0.0%) gas / (0x251ec72b29923cb995ab624031235bfe13506957ab23a8d2eda2cffed3d3f4a6)","throwable":""}
{"timestamp":"2025-12-01T06:46:56,088","container":"696cb5bb907b","level":"INFO","thread":"BftProcessorExecutor-QBFT-0","class":"QbftBesuControllerBuilder","message":"Imported #77 / 1 tx / 0 pending / 2,351,475 (14.5%) gas / (0x879c563b78d2a6a3b3f34da7a0a74171e971001d72e66a16e273638f2905e9a1)","throwable":""}
{"timestamp":"2025-12-01T06:47:01,040","container":"696cb5bb907b","level":"INFO","thread":"EthScheduler-Workers-0","class":"PersistBlockTask","message":"Block 78 (0x0e5808885c4c60c26b7896d6735c4f900a78dcb1d7ce11ca7f5fdb8430d79129) is already imported","throwable":""}
{"timestamp":"2025-12-01T06:47:01,041","container":"696cb5bb907b","level":"INFO","thread":"BftProcessorExecutor-QBFT-0","class":"QbftBesuControllerBuilder","message":"Imported #78 / 1 tx / 0 pending / 70,157 (0.4%) gas / (0x0e5808885c4c60c26b7896d6735c4f900a78dcb1d7ce11ca7f5fdb8430d79129)","throwable":""}
{"timestamp":"2025-12-01T06:47:06,037","container":"696cb5bb907b","level":"INFO","thread":"BftProcessorExecutor-QBFT-0","class":"QbftBesuControllerBuilder","message":"Imported #79 / 1 tx / 0 pending / 70,145 (0.4%) gas / (0xb9f596b2199334fc42e425d74a1e8d6d7855f9922f6f2f21a5fc7a230f2af145)","throwable":""}
{"timestamp":"2025-12-01T06:47:11,040","container":"696cb5bb907b","level":"INFO","thread":"EthScheduler-Workers-0","class":"PersistBlockTask","message":"Block 80 (0xc9d072be23aff2824cfcc5d4f9b77fc048268f973cd34c9febafd024714412c4) is already imported","throwable":""}
{"timestamp":"2025-12-01T06:47:11,041","container":"696cb5bb907b","level":"INFO","thread":"BftProcessorExecutor-QBFT-0","class":"QbftBesuControllerBuilder","message":"Produced #80 / 1 tx / 0 pending / 70,157 (0.4%) gas / (0xc9d072be23aff2824cfcc5d4f9b77fc048268f973cd34c9febafd024714412c4)","throwable":""}
{"timestamp":"2025-12-01T06:47:16,039","container":"696cb5bb907b","level":"INFO","thread":"EthScheduler-Workers-0","class":"PersistBlockTask","message":"Block 81 (0x8b5985ed2d962804927e6ae0371723f2bb9a2ea8ed42027d55506b771dda8a0e) is already imported","throwable":""}
{"timestamp":"2025-12-01T06:47:16,040","container":"696cb5bb907b","level":"INFO","thread":"BftProcessorExecutor-QBFT-0","class":"QbftBesuControllerBuilder","message":"Imported #81 / 1 tx / 0 pending / 70,157 (0.4%) gas / (0x8b5985ed2d962804927e6ae0371723f2bb9a2ea8ed42027d55506b771dda8a0e)","throwable":""}
{"timestamp":"2025-12-01T06:47:21,040","container":"696cb5bb907b","level":"INFO","thread":"EthScheduler-Workers-0","class":"PersistBlockTask","message":"Block 82 (0xfe68e57344cbf97393b17d5fd9bd2659d21dafabbdac63d6a6ffc90839c8d755) is already imported","throwable":""}
{"timestamp":"2025-12-01T06:47:21,044","container":"696cb5bb907b","level":"INFO","thread":"BftProcessorExecutor-QBFT-0","class":"QbftBesuControllerBuilder","message":"Imported #82 / 1 tx / 0 pending / 70,169 (0.4%) gas / (0xfe68e57344cbf97393b17d5fd9bd2659d21dafabbdac63d6a6ffc90839c8d755)","throwable":""}
{"timestamp":"2025-12-01T06:47:26,026","container":"696cb5bb907b","level":"INFO","thread":"BftProcessorExecutor-QBFT-0","class":"QbftBesuControllerBuilder","message":"Imported #83 / 1 tx / 0 pending / 70,169 (0.4%) gas / (0x2f829c1530cdbee0c6df5cd640cbc95d37ab56552ebd46638aafda1809c83e6d)","throwable":""}
{"timestamp":"2025-12-01T06:47:31,036","container":"696cb5bb907b","level":"INFO","thread":"EthScheduler-Workers-0","class":"PersistBlockTask","message":"Block 84 (0x5125e4938f2f0b6ec04d72c030cd767199a6fe91eb2f90b5a4bb8f7fc43cabe1) is already imported","throwable":""}
{"timestamp":"2025-12-01T06:47:31,037","container":"696cb5bb907b","level":"INFO","thread":"BftProcessorExecutor-QBFT-0","class":"QbftBesuControllerBuilder","message":"Produced #84 / 1 tx / 0 pending / 59,477 (0.4%) gas / (0x5125e4938f2f0b6ec04d72c030cd767199a6fe91eb2f90b5a4bb8f7fc43cabe1)","throwable":""}
{"timestamp":"2025-12-01T06:47:36,032","container":"696cb5bb907b","level":"INFO","thread":"BftProcessorExecutor-QBFT-0","class":"QbftBesuControllerBuilder","message":"Imported #85 / 1 tx / 0 pending / 59,465 (0.4%) gas / (0xde142f9181d88415f9529948621b90f9ccd4ab9c53fbf7ad9cd67659846084a2)","throwable":""}
{"timestamp":"2025-12-01T06:47:41,035","container":"696cb5bb907b","level":"INFO","thread":"EthScheduler-Workers-0","class":"PersistBlockTask","message":"Block 86 (0xe800b4ba9ad0d85beb594fdee7b9f3c9a5ad87ba950a2eea23c29167bd880b2a) is already imported","throwable":""}
{"timestamp":"2025-12-01T06:47:41,035","container":"696cb5bb907b","level":"INFO","thread":"BftProcessorExecutor-QBFT-0","class":"QbftBesuControllerBuilder","message":"Imported #86 / 1 tx / 0 pending / 59,477 (0.4%) gas / (0xe800b4ba9ad0d85beb594fdee7b9f3c9a5ad87ba950a2eea23c29167bd880b2a)","throwable":""}
{"timestamp":"2025-12-01T06:47:46,038","container":"696cb5bb907b","level":"INFO","thread":"EthScheduler-Workers-0","class":"PersistBlockTask","message":"Block 87 (0x25bc1aa9af84f0079f2889be74a9e072273cd907273a0ebbc100108895ddb90d) is already imported","throwable":""}
{"timestamp":"2025-12-01T06:47:46,039","container":"696cb5bb907b","level":"INFO","thread":"BftProcessorExecutor-QBFT-0","class":"QbftBesuControllerBuilder","message":"Imported #87 / 1 tx / 0 pending / 59,477 (0.4%) gas / (0x25bc1aa9af84f0079f2889be74a9e072273cd907273a0ebbc100108895ddb90d)","throwable":""}
{"timestamp":"2025-12-01T06:47:51,024","container":"696cb5bb907b","level":"INFO","thread":"EthScheduler-Workers-0","class":"PersistBlockTask","message":"Block 88 (0x09421972deb640438d9183289fcaa7d66436b3a73d8d84235b1a01c6186cbc6e) is already imported","throwable":""}
{"timestamp":"2025-12-01T06:47:51,024","container":"696cb5bb907b","level":"INFO","thread":"BftProcessorExecutor-QBFT-0","class":"QbftBesuControllerBuilder","message":"Produced #88 / 1 tx / 0 pending / 59,489 (0.4%) gas / (0x09421972deb640438d9183289fcaa7d66436b3a73d8d84235b1a01c6186cbc6e)","throwable":""}
{"timestamp":"2025-12-01T06:47:56,023","container":"696cb5bb907b","level":"INFO","thread":"EthScheduler-Workers-0","class":"PersistBlockTask","message":"Imported #89 / 1 tx / 0 om / 59,489 (0.4%) gas / (0x92d44149f4e91f996ce461a3a8648ea76ed0d518851f8090a2c766ab364ae451) in 0.004s. Peers: 7","throwable":""}
{"timestamp":"2025-12-01T06:48:01,025","container":"696cb5bb907b","level":"INFO","thread":"EthScheduler-Workers-0","class":"PersistBlockTask","message":"Block 90 (0xcc1bc2836cc26d49e05bd8f73e4bd7c30afcfb3433f751b485c7d322de02f98f) is already imported","throwable":""}
{"timestamp":"2025-12-01T06:48:01,026","container":"696cb5bb907b","level":"INFO","thread":"BftProcessorExecutor-QBFT-0","class":"QbftBesuControllerBuilder","message":"Imported #90 / 0 tx / 0 pending / 0 (0.0%) gas / (0xcc1bc2836cc26d49e05bd8f73e4bd7c30afcfb3433f751b485c7d322de02f98f)","throwable":""}
{"timestamp":"2025-12-01T06:48:06,019","container":"696cb5bb907b","level":"INFO","thread":"BftProcessorExecutor-QBFT-0","class":"QbftBesuControllerBuilder","message":"Imported #91 / 0 tx / 0 pending / 0 (0.0%) gas / (0xe18ff33b57ac129772f5ea2e3450dac1f40da6be39a270df311d43e750d66183)","throwable":""}
{"timestamp":"2025-12-01T06:48:11,018","container":"696cb5bb907b","level":"INFO","thread":"BftProcessorExecutor-QBFT-0","class":"QbftBesuControllerBuilder","message":"Produced #92 / 0 tx / 0 pending / 0 (0.0%) gas / (0xb0b7a610c2f37bc7c149a0f6e8e68f09fd923651736bd21b20a48c2b819d1736)","throwable":""}
{"timestamp":"2025-12-01T06:48:16,013","container":"696cb5bb907b","level":"INFO","thread":"BftProcessorExecutor-QBFT-0","class":"QbftBesuControllerBuilder","message":"Imported #93 / 0 tx / 0 pending / 0 (0.0%) gas / (0x47d1272e70c692606cc93ea3729fe44612c4358c19ea746869eca10738163aaa)","throwable":""}
{"timestamp":"2025-12-01T06:48:21,016","container":"696cb5bb907b","level":"INFO","thread":"BftProcessorExecutor-QBFT-0","class":"QbftBesuControllerBuilder","message":"Imported #94 / 0 tx / 0 pending / 0 (0.0%) gas / (0xe44d339b3ad2e464bce842de081de880c6fcc4c77877b2d9ae6b89f4c258b507)","throwable":""}
{"timestamp":"2025-12-01T06:48:26,018","container":"696cb5bb907b","level":"INFO","thread":"EthScheduler-Workers-0","class":"PersistBlockTask","message":"Imported #95 / 0 tx / 0 om / 0 (0.0%) gas / (0xf3bb5e0aa4a3f17da804f6816cf550a3fbc8ff5bfd7e93c1799a5dc97708bce3) in 0.002s. Peers: 7","throwable":""}
{"timestamp":"2025-12-01T06:48:31,014","container":"696cb5bb907b","level":"INFO","thread":"BftProcessorExecutor-QBFT-0","class":"QbftBesuControllerBuilder","message":"Produced #96 / 0 tx / 0 pending / 0 (0.0%) gas / (0x935657433cc5c988506fcc2f39a1c248ad8bde5dbb29ddfe27dbc4433035a725)","throwable":""}
{"timestamp":"2025-12-01T06:48:36,021","container":"696cb5bb907b","level":"INFO","thread":"EthScheduler-Workers-0","class":"PersistBlockTask","message":"Block 97 (0x5d7c9c8088225fa25c935d7ea20f06c3e0e5cce48856486c3fd5d8549a5ea61b) is already imported","throwable":""}
{"timestamp":"2025-12-01T06:48:36,023","container":"696cb5bb907b","level":"INFO","thread":"BftProcessorExecutor-QBFT-0","class":"QbftBesuControllerBuilder","message":"Imported #97 / 0 tx / 0 pending / 0 (0.0%) gas / (0x5d7c9c8088225fa25c935d7ea20f06c3e0e5cce48856486c3fd5d8549a5ea61b)","throwable":""}
{"timestamp":"2025-12-01T06:48:41,017","container":"696cb5bb907b","level":"INFO","thread":"BftProcessorExecutor-QBFT-0","class":"QbftBesuControllerBuilder","message":"Imported #98 / 0 tx / 0 pending / 0 (0.0%) gas / (0x7721c7843c67d14abccc334c49fae443929aed181c7debcb8be43f92bda1c147)","throwable":""}
{"timestamp":"2025-12-01T06:48:46,016","container":"696cb5bb907b","level":"INFO","thread":"BftProcessorExecutor-QBFT-0","class":"QbftBesuControllerBuilder","message":"Imported #99 / 0 tx / 0 pending / 0 (0.0%) gas / (0x9b3ebf8d47bff630ce76763371fae1ce61e060b3691994a414a47149eb19b7b1)","throwable":""}
{"timestamp":"2025-12-01T06:48:51,018","container":"696cb5bb907b","level":"INFO","thread":"BftProcessorExecutor-QBFT-0","class":"QbftBesuControllerBuilder","message":"Produced #100 / 0 tx / 0 pending / 0 (0.0%) gas / (0xd415c324cda0f9b44ef524e3268f8be3bc0b7a2b2d46d3f64daa83046bd2452b)","throwable":""}
{"timestamp":"2025-12-01T06:48:56,013","container":"696cb5bb907b","level":"INFO","thread":"BftProcessorExecutor-QBFT-0","class":"QbftBesuControllerBuilder","message":"Imported #101 / 0 tx / 0 pending / 0 (0.0%) gas / (0xb385d6bbdc35fdd505353ee99ab080e115d9f44eed433ea34cad18952cc44dfd)","throwable":""}
{"timestamp":"2025-12-01T06:49:01,015","container":"696cb5bb907b","level":"INFO","thread":"BftProcessorExecutor-QBFT-0","class":"QbftBesuControllerBuilder","message":"Imported #102 / 0 tx / 0 pending / 0 (0.0%) gas / (0x3179ae8cf4e3ac60e70b1fabaeceb817023de6d30b50038608788f1d2ad7a8d0)","throwable":""}
{"timestamp":"2025-12-01T06:49:06,023","container":"696cb5bb907b","level":"INFO","thread":"EthScheduler-Workers-0","class":"PersistBlockTask","message":"Block 103 (0x0d22a80339197b8c76f4087ef47fd03ab361389808f0f13326152f1dc259c16c) is already imported","throwable":""}
{"timestamp":"2025-12-01T06:49:06,023","container":"696cb5bb907b","level":"INFO","thread":"BftProcessorExecutor-QBFT-0","class":"QbftBesuControllerBuilder","message":"Imported #103 / 0 tx / 0 pending / 0 (0.0%) gas / (0x0d22a80339197b8c76f4087ef47fd03ab361389808f0f13326152f1dc259c16c)","throwable":""}
{"timestamp":"2025-12-01T06:49:11,019","container":"696cb5bb907b","level":"INFO","thread":"BftProcessorExecutor-QBFT-0","class":"QbftBesuControllerBuilder","message":"Produced #104 / 0 tx / 0 pending / 0 (0.0%) gas / (0xdcc9ed3d29075fd2aca8bd9c328956acd3681afab2ab702705d54ba2e2a1f39a)","throwable":""}
{"timestamp":"2025-12-01T06:49:16,014","container":"696cb5bb907b","level":"INFO","thread":"BftProcessorExecutor-QBFT-0","class":"QbftBesuControllerBuilder","message":"Imported #105 / 0 tx / 0 pending / 0 (0.0%) gas / (0xebd90d887ce721af23b0a803ef2a207a23fb539d2697b0085282bff53703c44c)","throwable":""}
{"timestamp":"2025-12-01T06:49:21,023","container":"696cb5bb907b","level":"INFO","thread":"EthScheduler-Workers-0","class":"PersistBlockTask","message":"Block 106 (0x162d0929edcc31b969ae221680ac15995325aea390517b28e23e4027de5070a6) is already imported","throwable":""}
{"timestamp":"2025-12-01T06:49:21,023","container":"696cb5bb907b","level":"INFO","thread":"BftProcessorExecutor-QBFT-0","class":"QbftBesuControllerBuilder","message":"Imported #106 / 0 tx / 0 pending / 0 (0.0%) gas / (0x162d0929edcc31b969ae221680ac15995325aea390517b28e23e4027de5070a6)","throwable":""}
{"timestamp":"2025-12-01T06:49:26,016","container":"696cb5bb907b","level":"INFO","thread":"BftProcessorExecutor-QBFT-0","class":"QbftBesuControllerBuilder","message":"Imported #107 / 0 tx / 0 pending / 0 (0.0%) gas / (0x252c76e621a9e36da5375378850f7c78bbd3925fee6e0442feddf98f3c4c04a5)","throwable":""}
{"timestamp":"2025-12-01T06:49:31,057","container":"696cb5bb907b","level":"INFO","thread":"EthScheduler-Workers-0","class":"PersistBlockTask","message":"Block 108 (0xd9b6859f8680858811f0e8201c9217c9282c7b2aeb055869cbda7fbe5c7aa1bc) is already imported","throwable":""}
{"timestamp":"2025-12-01T06:49:31,060","container":"696cb5bb907b","level":"INFO","thread":"BftProcessorExecutor-QBFT-0","class":"QbftBesuControllerBuilder","message":"Produced #108 / 1 tx / 0 pending / 278,561 (1.7%) gas / (0xd9b6859f8680858811f0e8201c9217c9282c7b2aeb055869cbda7fbe5c7aa1bc)","throwable":""}
{"timestamp":"2025-12-01T06:49:36,027","container":"696cb5bb907b","level":"INFO","thread":"EthScheduler-Workers-0","class":"PersistBlockTask","message":"Block 109 (0xeeb4e5905c9ffccd9a30e7bb58e5724864631867112b212b8f3235af18139bab) is already imported","throwable":""}
{"timestamp":"2025-12-01T06:49:36,028","container":"696cb5bb907b","level":"INFO","thread":"BftProcessorExecutor-QBFT-0","class":"QbftBesuControllerBuilder","message":"Imported #109 / 0 tx / 0 pending / 0 (0.0%) gas / (0xeeb4e5905c9ffccd9a30e7bb58e5724864631867112b212b8f3235af18139bab)","throwable":""}
{"timestamp":"2025-12-01T06:49:41,015","container":"696cb5bb907b","level":"INFO","thread":"BftProcessorExecutor-QBFT-0","class":"QbftBesuControllerBuilder","message":"Imported #110 / 0 tx / 0 pending / 0 (0.0%) gas / (0x2050659950adaf057d7b2b3f71a009387979f7d781eb32b0b1d82e4e4b3245b7)","throwable":""}
{"timestamp":"2025-12-01T06:49:46,025","container":"696cb5bb907b","level":"INFO","thread":"EthScheduler-Workers-0","class":"PersistBlockTask","message":"Imported #111 / 0 tx / 0 om / 0 (0.0%) gas / (0xc2349aa8f6d6cfa79375d07ab13b12638a0be7b9c776ca8af0964295d717e80b) in 0.005s. Peers: 7","throwable":""}
{"timestamp":"2025-12-01T06:49:46,026","container":"696cb5bb907b","level":"INFO","thread":"BftProcessorExecutor-QBFT-0","class":"QbftBesuControllerBuilder","message":"Imported #111 / 0 tx / 0 pending / 0 (0.0%) gas / (0xc2349aa8f6d6cfa79375d07ab13b12638a0be7b9c776ca8af0964295d717e80b)","throwable":""}
{"timestamp":"2025-12-01T06:49:51,016","container":"696cb5bb907b","level":"INFO","thread":"BftProcessorExecutor-QBFT-0","class":"QbftBesuControllerBuilder","message":"Produced #112 / 0 tx / 0 pending / 0 (0.0%) gas / (0xbcd31eb652a13da1a0301cbde789cca85dd5a08ca51eb587f6f5e9bed05434bc)","throwable":""}
{"timestamp":"2025-12-01T06:49:56,014","container":"696cb5bb907b","level":"INFO","thread":"BftProcessorExecutor-QBFT-0","class":"QbftBesuControllerBuilder","message":"Imported #113 / 0 tx / 0 pending / 0 (0.0%) gas / (0x4110b33a8ed8244cd1c9ab2361a20a867e4a3de43f89b13d3af2a622537c95eb)","throwable":""}
{"timestamp":"2025-12-01T06:50:01,010","container":"696cb5bb907b","level":"INFO","thread":"BftProcessorExecutor-QBFT-0","class":"QbftBesuControllerBuilder","message":"Imported #114 / 0 tx / 0 pending / 0 (0.0%) gas / (0x26c75c7356188e6a4c84cc4cb19ee94d36948877959ffb7739dd208db389fb6e)","throwable":""}
{"timestamp":"2025-12-01T06:50:06,016","container":"696cb5bb907b","level":"INFO","thread":"BftProcessorExecutor-QBFT-0","class":"QbftBesuControllerBuilder","message":"Imported #115 / 0 tx / 0 pending / 0 (0.0%) gas / (0x4c3706c1930039eaa0dad1435ca21f46896ed91ff41a05eb76542f8e280a6976)","throwable":""}
{"timestamp":"2025-12-01T06:50:11,014","container":"696cb5bb907b","level":"INFO","thread":"EthScheduler-Workers-0","class":"PersistBlockTask","message":"Block 116 (0xfe4f8d71d3d6248cfe151a7c072ee75361cb9508872465c50cc75dfbfa88faeb) is already imported","throwable":""}
{"timestamp":"2025-12-01T06:50:11,014","container":"696cb5bb907b","level":"INFO","thread":"BftProcessorExecutor-QBFT-0","class":"QbftBesuControllerBuilder","message":"Produced #116 / 0 tx / 0 pending / 0 (0.0%) gas / (0xfe4f8d71d3d6248cfe151a7c072ee75361cb9508872465c50cc75dfbfa88faeb)","throwable":""}
{"timestamp":"2025-12-01T06:50:16,016","container":"696cb5bb907b","level":"INFO","thread":"BftProcessorExecutor-QBFT-0","class":"QbftBesuControllerBuilder","message":"Imported #117 / 0 tx / 0 pending / 0 (0.0%) gas / (0xefc22715b411925f9219753b380d15c4f2abb405b9eb2be81009f834e9c1cb68)","throwable":""}
{"timestamp":"2025-12-01T06:50:21,020","container":"696cb5bb907b","level":"INFO","thread":"BftProcessorExecutor-QBFT-0","class":"QbftBesuControllerBuilder","message":"Imported #118 / 0 tx / 0 pending / 0 (0.0%) gas / (0xbe8e867b82661765e2083d71f2a2ad9852961351bc3c667a7d54fbe0143603b7)","throwable":""}
{"timestamp":"2025-12-01T06:50:26,025","container":"696cb5bb907b","level":"INFO","thread":"BftProcessorExecutor-QBFT-0","class":"QbftBesuControllerBuilder","message":"Imported #119 / 0 tx / 0 pending / 0 (0.0%) gas / (0xbad8d1ddd507c8f232e04f7b06f1b832df1d8557febd7ede14879256edf1f23e)","throwable":""}
{"timestamp":"2025-12-01T06:50:26,025","container":"696cb5bb907b","level":"INFO","thread":"EthScheduler-Workers-0","class":"PersistBlockTask","message":"Block 119 (0xbad8d1ddd507c8f232e04f7b06f1b832df1d8557febd7ede14879256edf1f23e) is already imported","throwable":""}
