{"timestamp":"2025-11-29T03:40:10,500","container":"0d3ccdc9ff34","level":"INFO","thread":"main","class":"Besu","message":"Starting Besu","throwable":""}
{"timestamp":"2025-11-29T03:40:11,553","container":"0d3ccdc9ff34","level":"WARN","thread":"main","class":"Besu","message":"--min-gas-price has been ignored because --miner-enabled was not defined on the command line.","throwable":""}
{"timestamp":"2025-11-29T03:40:13,038","container":"0d3ccdc9ff34","level":"INFO","thread":"main","class":"Besu","message":"
####################################################################################################
#                                                                                                  #
# Besu version 23.4.1                                                                              #
#                                                                                                  #
# Configuration:                                                                                   #
# Network: Custom genesis file specified                                                           #
# Network Id: 1337                                                                                 #
# Data storage: Forest                                                                             #
# Sync mode: Full                                                                                  #
# RPC HTTP APIs: EEA,WEB3,ETH,NET,TRACE,DEBUG,ADMIN,TXPOOL,PRIV,PERM,QBFT                          #
# RPC HTTP port: 8545                                                                              #
#                                                                                                  #
# Host:                                                                                            #
# Java: openjdk-java-17                                                                            #
# Maximum heap size: 3.81 GB                                                                       #
# OS: linux-x86_64                                                                                 #
# glibc: 2.35                                                                                      #
# jemalloc: 5.2.1-0-gea6b3e973b477b8061e0076bb257dbd7f3faa756                                      #
# Total memory: 15.25 GB                                                                           #
# CPU cores: 16                                                                                    #
#                                                                                                  #
####################################################################################################","throwable":""}
{"timestamp":"2025-11-29T03:40:13,043","container":"0d3ccdc9ff34","level":"INFO","thread":"main","class":"Besu","message":"Connecting to 8 static nodes.","throwable":""}
{"timestamp":"2025-11-29T03:40:13,044","container":"0d3ccdc9ff34","level":"INFO","thread":"main","class":"Besu","message":"Security Module: localfile","throwable":""}
{"timestamp":"2025-11-29T03:40:13,316","container":"0d3ccdc9ff34","level":"INFO","thread":"main","class":"Besu","message":"Using the native implementation of alt bn128","throwable":""}
{"timestamp":"2025-11-29T03:40:13,446","container":"0d3ccdc9ff34","level":"INFO","thread":"main","class":"Besu","message":"Using the native implementation of modexp","throwable":""}
{"timestamp":"2025-11-29T03:40:13,447","container":"0d3ccdc9ff34","level":"INFO","thread":"main","class":"Besu","message":"Using the native implementation of the signature algorithm","throwable":""}
{"timestamp":"2025-11-29T03:40:13,457","container":"0d3ccdc9ff34","level":"INFO","thread":"main","class":"Besu","message":"Using the native implementation of the blake2bf algorithm","throwable":""}
{"timestamp":"2025-11-29T03:40:13,504","container":"0d3ccdc9ff34","level":"INFO","thread":"main","class":"RocksDBKeyValueStorageFactory","message":"No existing database detected at /opt/besu/data. Using version 1","throwable":""}
{"timestamp":"2025-11-29T03:40:15,251","container":"0d3ccdc9ff34","level":"INFO","thread":"main","class":"KeyPairUtil","message":"Loaded public key 0x86fcc16f4730fbfd238dc17ea552854c0943923bb1d5e886e5601b8d884fb0519060e0023f495dd24ffe60a65660fb7fdcdebfceedd2b3673dfa63658825924b from /opt/besu/keys/nodekey","throwable":""}
{"timestamp":"2025-11-29T03:40:15,260","container":"0d3ccdc9ff34","level":"WARN","thread":"main","class":"Besu","message":"Privacy is disabled. Cannot use EEA/PRIV API methods when not using Privacy.","throwable":""}
{"timestamp":"2025-11-29T03:40:15,672","container":"0d3ccdc9ff34","level":"INFO","thread":"main","class":"ProtocolScheduleBuilder","message":"Protocol schedule created with milestones: [GrayGlacier: 0]","throwable":""}
{"timestamp":"2025-11-29T03:40:16,108","container":"0d3ccdc9ff34","level":"INFO","thread":"main","class":"TransactionPoolFactory","message":"Enabling transaction pool","throwable":""}
{"timestamp":"2025-11-29T03:40:16,141","container":"0d3ccdc9ff34","level":"INFO","thread":"main","class":"BesuControllerBuilder","message":"TTD difficulty is not present, creating initial sync phase for PoW","throwable":""}
{"timestamp":"2025-11-29T03:40:16,280","container":"0d3ccdc9ff34","level":"INFO","thread":"main","class":"RunnerBuilder","message":"Detecting NAT service.","throwable":""}
{"timestamp":"2025-11-29T03:40:17,322","container":"0d3ccdc9ff34","level":"INFO","thread":"main","class":"Runner","message":"Starting external services ... ","throwable":""}
{"timestamp":"2025-11-29T03:40:17,323","container":"0d3ccdc9ff34","level":"INFO","thread":"main","class":"MetricsHttpService","message":"Starting metrics http service on 0.0.0.0:9545","throwable":""}
{"timestamp":"2025-11-29T03:40:17,503","container":"0d3ccdc9ff34","level":"INFO","thread":"vert.x-eventloop-thread-1","class":"MetricsHttpService","message":"Metrics service started and listening on 0.0.0.0:9545","throwable":""}
{"timestamp":"2025-11-29T03:40:17,505","container":"0d3ccdc9ff34","level":"INFO","thread":"main","class":"JsonRpcHttpService","message":"Starting JSON-RPC service on 0.0.0.0:8545","throwable":""}
{"timestamp":"2025-11-29T03:40:17,549","container":"0d3ccdc9ff34","level":"INFO","thread":"vert.x-eventloop-thread-1","class":"JsonRpcHttpService","message":"JSON-RPC service started and listening on 0.0.0.0:8545","throwable":""}
{"timestamp":"2025-11-29T03:40:17,556","container":"0d3ccdc9ff34","level":"INFO","thread":"main","class":"GraphQLHttpService","message":"Starting GraphQL HTTP service on 0.0.0.0:8547","throwable":""}
{"timestamp":"2025-11-29T03:40:17,561","container":"0d3ccdc9ff34","level":"INFO","thread":"main","class":"WebSocketService","message":"Starting Websocket service on 0.0.0.0:8546","throwable":""}
{"timestamp":"2025-11-29T03:40:17,561","container":"0d3ccdc9ff34","level":"INFO","thread":"vert.x-eventloop-thread-1","class":"GraphQLHttpService","message":"GraphQL HTTP service started and listening on 0.0.0.0:8547","throwable":""}
{"timestamp":"2025-11-29T03:40:17,567","container":"0d3ccdc9ff34","level":"INFO","thread":"vert.x-eventloop-thread-1","class":"WebSocketService","message":"Websocket service started and listening on 0.0.0.0:8546","throwable":""}
{"timestamp":"2025-11-29T03:40:17,573","container":"0d3ccdc9ff34","level":"INFO","thread":"main","class":"AutoTransactionLogBloomCachingService","message":"Starting auto transaction log bloom caching service.","throwable":""}
{"timestamp":"2025-11-29T03:40:17,575","container":"0d3ccdc9ff34","level":"INFO","thread":"main","class":"LogBloomCacheMetadata","message":"Lookup cache metadata file in data directory: /opt/besu/data/caches","throwable":""}
{"timestamp":"2025-11-29T03:40:17,596","container":"0d3ccdc9ff34","level":"INFO","thread":"main","class":"Runner","message":"Starting Ethereum main loop ... ","throwable":""}
{"timestamp":"2025-11-29T03:40:17,597","container":"0d3ccdc9ff34","level":"INFO","thread":"main","class":"NatService","message":"No NAT environment detected so no service could be started","throwable":""}
{"timestamp":"2025-11-29T03:40:17,597","container":"0d3ccdc9ff34","level":"INFO","thread":"main","class":"NetworkRunner","message":"Starting Network.","throwable":""}
{"timestamp":"2025-11-29T03:40:17,619","container":"0d3ccdc9ff34","level":"INFO","thread":"nioEventLoopGroup-2-1","class":"RlpxAgent","message":"P2P RLPx agent started and listening on /[0:0:0:0:0:0:0:0]:30303.","throwable":""}
{"timestamp":"2025-11-29T03:40:17,620","container":"0d3ccdc9ff34","level":"INFO","thread":"main","class":"PeerDiscoveryAgent","message":"Starting peer discovery agent on host=0.0.0.0, port=30303","throwable":""}
{"timestamp":"2025-11-29T03:40:17,649","container":"0d3ccdc9ff34","level":"INFO","thread":"vert.x-eventloop-thread-1","class":"VertxPeerDiscoveryAgent","message":"Started peer discovery agent successfully, on effective host=0:0:0:0:0:0:0:0%0 and port=30303","throwable":""}
{"timestamp":"2025-11-29T03:40:17,652","container":"0d3ccdc9ff34","level":"INFO","thread":"main","class":"PeerDiscoveryAgent","message":"P2P peer discovery agent started and listening on /[0:0:0:0:0:0:0:0%0]:30303","throwable":""}
{"timestamp":"2025-11-29T03:40:17,736","container":"0d3ccdc9ff34","level":"INFO","thread":"main","class":"PeerDiscoveryAgent","message":"Writing node record to disk. NodeRecord{seq=1, publicKey=0x0386fcc16f4730fbfd238dc17ea552854c0943923bb1d5e886e5601b8d884fb051, udpAddress=Optional[/172.16.239.15:30303], tcpAddress=Optional[/172.16.239.15:30303], asBase64=-Je4QDIj_BzGItsPVa48cBTq7eaHQpkkeDbYcbG2Jqw22xtnPj7PMAObEWlN_tDc2LeMbK0pusOUd-sCqwh6T-t89_oBg2V0aMfGhEqC0IOAgmlkgnY0gmlwhKwQ7w-Jc2VjcDI1NmsxoQOG_MFvRzD7_SONwX6lUoVMCUOSO7HV6IblYBuNiE-wUYN0Y3CCdl-DdWRwgnZf, nodeId=0x133b4f32d7750cdfd4048f04df8b560be949c229c821731554c33ead5e3888a4, customFields={tcp=30303, udp=30303, ip=0xac10ef0f, eth=[[0x4a82d083, 0x]], id=V4, secp256k1=0x0386fcc16f4730fbfd238dc17ea552854c0943923bb1d5e886e5601b8d884fb051}}","throwable":""}
{"timestamp":"2025-11-29T03:40:17,801","container":"0d3ccdc9ff34","level":"INFO","thread":"main","class":"DefaultP2PNetwork","message":"Enode URL enode://86fcc16f4730fbfd238dc17ea552854c0943923bb1d5e886e5601b8d884fb0519060e0023f495dd24ffe60a65660fb7fdcdebfceedd2b3673dfa63658825924b@172.16.239.15:30303","throwable":""}
{"timestamp":"2025-11-29T03:40:17,802","container":"0d3ccdc9ff34","level":"INFO","thread":"main","class":"DefaultP2PNetwork","message":"Node address 0xdf8b560be949c229c821731554c33ead5e3888a4","throwable":""}
{"timestamp":"2025-11-29T03:40:17,967","container":"0d3ccdc9ff34","level":"INFO","thread":"main","class":"NetworkRunner","message":"Supported capabilities: [eth/62, eth/63, eth/64, eth/65, eth/66, eth/67, eth/68], [istanbul/100], [snap/1]","throwable":""}
{"timestamp":"2025-11-29T03:40:17,983","container":"0d3ccdc9ff34","level":"INFO","thread":"main","class":"DefaultSynchronizer","message":"Starting synchronizer.","throwable":""}
{"timestamp":"2025-11-29T03:40:17,994","container":"0d3ccdc9ff34","level":"INFO","thread":"main","class":"TransactionPoolFactory","message":"Enabling transaction handling following initial sync","throwable":""}
{"timestamp":"2025-11-29T03:40:17,996","container":"0d3ccdc9ff34","level":"INFO","thread":"main","class":"FullSyncDownloader","message":"Starting full sync.","throwable":""}
{"timestamp":"2025-11-29T03:40:18,005","container":"0d3ccdc9ff34","level":"INFO","thread":"main","class":"FullSyncTargetManager","message":"Unable to find sync target. Currently checking 0 peers for usefulness","throwable":""}
{"timestamp":"2025-11-29T03:40:18,103","container":"0d3ccdc9ff34","level":"INFO","thread":"main","class":"Runner","message":"Ethereum main loop is up.","throwable":""}
{"timestamp":"2025-11-29T03:40:18,254","container":"0d3ccdc9ff34","level":"INFO","thread":"nioEventLoopGroup-3-1","class":"FullSyncTargetManager","message":"Unable to find sync target. Currently checking 3 peers for usefulness","throwable":""}
{"timestamp":"2025-11-29T03:40:18,427","container":"0d3ccdc9ff34","level":"INFO","thread":"nioEventLoopGroup-3-1","class":"FullSyncTargetManager","message":"Unable to find sync target. Currently checking 4 peers for usefulness","throwable":""}
{"timestamp":"2025-11-29T03:40:18,445","container":"0d3ccdc9ff34","level":"INFO","thread":"nioEventLoopGroup-3-5","class":"FullSyncTargetManager","message":"Unable to find sync target. Currently checking 5 peers for usefulness","throwable":""}
{"timestamp":"2025-11-29T03:40:19,150","container":"0d3ccdc9ff34","level":"INFO","thread":"nioEventLoopGroup-3-2","class":"FullSyncTargetManager","message":"Unable to find sync target. Currently checking 6 peers for usefulness","throwable":""}
{"timestamp":"2025-11-29T03:40:19,205","container":"0d3ccdc9ff34","level":"INFO","thread":"nioEventLoopGroup-3-3","class":"FullSyncTargetManager","message":"Unable to find sync target. Currently checking 7 peers for usefulness","throwable":""}
{"timestamp":"2025-11-29T03:40:24,220","container":"0d3ccdc9ff34","level":"INFO","thread":"EthScheduler-Timer-0","class":"FullSyncTargetManager","message":"Unable to find sync target. Currently checking 7 peers for usefulness","throwable":""}
{"timestamp":"2025-11-29T03:40:28,427","container":"0d3ccdc9ff34","level":"INFO","thread":"EthScheduler-Workers-0","class":"PersistBlockTask","message":"Imported #1 / 0 tx / 0 om / 0 (0.0%) gas / (0xac040658977d60abc30173ff670e8030ff6a84c72b4c19783f8c5e3373c7052d) in 0.031s. Peers: 7","throwable":""}
{"timestamp":"2025-11-29T03:40:29,222","container":"0d3ccdc9ff34","level":"INFO","thread":"EthScheduler-Timer-0","class":"FullSyncTargetManager","message":"Unable to find sync target. Currently checking 7 peers for usefulness","throwable":""}
{"timestamp":"2025-11-29T03:40:33,063","container":"0d3ccdc9ff34","level":"INFO","thread":"EthScheduler-Workers-0","class":"PersistBlockTask","message":"Imported #2 / 0 tx / 0 om / 0 (0.0%) gas / (0x17c286a25f29e81531ac911568506c4a79e8209e2edeed5e30edd3bd2b1ea1a3) in 0.011s. Peers: 7","throwable":""}
{"timestamp":"2025-11-29T03:40:38,051","container":"0d3ccdc9ff34","level":"INFO","thread":"EthScheduler-Workers-0","class":"PersistBlockTask","message":"Imported #3 / 0 tx / 0 om / 0 (0.0%) gas / (0xeca9e22de02cc745622a7564301c12cc4698c04be5d6c4bc3973d1ca685dfe75) in 0.004s. Peers: 7","throwable":""}
{"timestamp":"2025-11-29T03:40:43,044","container":"0d3ccdc9ff34","level":"INFO","thread":"EthScheduler-Workers-0","class":"PersistBlockTask","message":"Imported #4 / 0 tx / 0 om / 0 (0.0%) gas / (0x26bbffe59c8e78c0cfceded6f53db87c44df54816df04b1ee3056287dc290559) in 0.006s. Peers: 7","throwable":""}
{"timestamp":"2025-11-29T03:40:48,034","container":"0d3ccdc9ff34","level":"INFO","thread":"EthScheduler-Workers-0","class":"PersistBlockTask","message":"Imported #5 / 0 tx / 0 om / 0 (0.0%) gas / (0x94779ea35e757f5d5fffc7d72189eecd368af91335e1ee46f696f690366ca564) in 0.009s. Peers: 7","throwable":""}
{"timestamp":"2025-11-29T03:40:53,038","container":"0d3ccdc9ff34","level":"INFO","thread":"EthScheduler-Workers-0","class":"PersistBlockTask","message":"Imported #6 / 0 tx / 0 om / 0 (0.0%) gas / (0xe97a1927858755b806af154b76181bc4f6393dd34d3baf3ee151e5edfeba82e7) in 0.005s. Peers: 7","throwable":""}
{"timestamp":"2025-11-29T03:40:58,055","container":"0d3ccdc9ff34","level":"INFO","thread":"EthScheduler-Workers-0","class":"PersistBlockTask","message":"Imported #7 / 0 tx / 0 om / 0 (0.0%) gas / (0x8466df783f40ca8cf0e5d2851dee53956d21b935bd47b6fd6c476c5ba32fd0f2) in 0.006s. Peers: 7","throwable":""}
{"timestamp":"2025-11-29T03:41:03,057","container":"0d3ccdc9ff34","level":"INFO","thread":"EthScheduler-Workers-0","class":"PersistBlockTask","message":"Imported #8 / 0 tx / 0 om / 0 (0.0%) gas / (0xe8f11cfa04b781bd03e8ad2dd6091000befb631afcfbe4a047ff48b2a1b92042) in 0.008s. Peers: 7","throwable":""}
{"timestamp":"2025-11-29T03:41:08,044","container":"0d3ccdc9ff34","level":"INFO","thread":"EthScheduler-Workers-0","class":"PersistBlockTask","message":"Imported #9 / 0 tx / 0 om / 0 (0.0%) gas / (0x5cfcd5c0631eefa30f406a1e9018fb92a8729bce1ec1e7331a9abd9f05a80c99) in 0.006s. Peers: 7","throwable":""}
{"timestamp":"2025-11-29T03:41:13,055","container":"0d3ccdc9ff34","level":"INFO","thread":"EthScheduler-Workers-0","class":"PersistBlockTask","message":"Imported #10 / 0 tx / 0 om / 0 (0.0%) gas / (0xf5fec600dd85dec03895c7c2c3df05e9bf4de99e2488b4e3e318059fe5c4c037) in 0.004s. Peers: 7","throwable":""}
{"timestamp":"2025-11-29T03:41:18,095","container":"0d3ccdc9ff34","level":"INFO","thread":"EthScheduler-Workers-0","class":"PersistBlockTask","message":"Imported #11 / 0 tx / 0 om / 0 (0.0%) gas / (0x2957e0a112351e2a4f9fd6c6be8ff918133b0f71ace8a1a3c20a805e3a0310a6) in 0.006s. Peers: 7","throwable":""}
{"timestamp":"2025-11-29T03:41:23,045","container":"0d3ccdc9ff34","level":"INFO","thread":"EthScheduler-Workers-0","class":"PersistBlockTask","message":"Imported #12 / 0 tx / 0 om / 0 (0.0%) gas / (0x4f7dc09413ac8ff6d643d1cd1c75f20d691cad0c668b664f7fd2f940a1151713) in 0.008s. Peers: 7","throwable":""}
{"timestamp":"2025-11-29T03:41:28,055","container":"0d3ccdc9ff34","level":"INFO","thread":"EthScheduler-Workers-0","class":"PersistBlockTask","message":"Imported #13 / 0 tx / 0 om / 0 (0.0%) gas / (0x9bafd91a67c5a1d22d762be010f248502f17b15db961c1b965f4e69e5d774329) in 0.006s. Peers: 7","throwable":""}
{"timestamp":"2025-11-29T03:41:33,055","container":"0d3ccdc9ff34","level":"INFO","thread":"EthScheduler-Workers-0","class":"PersistBlockTask","message":"Imported #14 / 0 tx / 0 om / 0 (0.0%) gas / (0xe896bc737e2d9824199edc4207f861cc38a9fb2348e9e14270a9545126a1fc91) in 0.011s. Peers: 7","throwable":""}
{"timestamp":"2025-11-29T03:41:38,068","container":"0d3ccdc9ff34","level":"INFO","thread":"EthScheduler-Workers-0","class":"PersistBlockTask","message":"Imported #15 / 0 tx / 0 om / 0 (0.0%) gas / (0x277deb84860f038df7648e98bdd76ba481c6c68883f9a391fec8e769976b4960) in 0.005s. Peers: 7","throwable":""}
{"timestamp":"2025-11-29T03:41:43,038","container":"0d3ccdc9ff34","level":"INFO","thread":"EthScheduler-Workers-0","class":"PersistBlockTask","message":"Imported #16 / 0 tx / 0 om / 0 (0.0%) gas / (0xfe5d81b519c6cc0133f6f180a14f6a6d2220a29c44d5d8be9a73b01065d03fa5) in 0.008s. Peers: 7","throwable":""}
{"timestamp":"2025-11-29T03:41:48,030","container":"0d3ccdc9ff34","level":"INFO","thread":"EthScheduler-Workers-0","class":"PersistBlockTask","message":"Imported #17 / 0 tx / 0 om / 0 (0.0%) gas / (0xe3d2e9b33ec5e1b268f6242b961399e95674ad2731fb78f3ea8669b3be9bfcc0) in 0.003s. Peers: 7","throwable":""}
{"timestamp":"2025-11-29T03:41:53,041","container":"0d3ccdc9ff34","level":"INFO","thread":"EthScheduler-Workers-0","class":"PersistBlockTask","message":"Imported #18 / 0 tx / 0 om / 0 (0.0%) gas / (0x65688b378a08c8fa1c460cf77239fb3cbb5f6319e7e30b0075c71141f2d03bc3) in 0.003s. Peers: 7","throwable":""}
{"timestamp":"2025-11-29T03:41:58,045","container":"0d3ccdc9ff34","level":"INFO","thread":"EthScheduler-Workers-0","class":"PersistBlockTask","message":"Imported #19 / 0 tx / 0 om / 0 (0.0%) gas / (0x91a287d58ba1732e0c077063378e5dd8fe4c48f8cd266def1551dee3ad7ecc15) in 0.003s. Peers: 7","throwable":""}
{"timestamp":"2025-11-29T03:42:03,040","container":"0d3ccdc9ff34","level":"INFO","thread":"EthScheduler-Workers-0","class":"PersistBlockTask","message":"Imported #20 / 0 tx / 0 om / 0 (0.0%) gas / (0xbbd604660f9423b10288cba0cd6a12941e3d126c36a46a67c2973756dc528dc9) in 0.007s. Peers: 7","throwable":""}
{"timestamp":"2025-11-29T03:42:08,041","container":"0d3ccdc9ff34","level":"INFO","thread":"EthScheduler-Workers-0","class":"PersistBlockTask","message":"Imported #21 / 0 tx / 0 om / 0 (0.0%) gas / (0x07f0f4c136c45072f6d66656d11edb1a2568e21269a4af6bc7e05548f1f413b8) in 0.007s. Peers: 7","throwable":""}
{"timestamp":"2025-11-29T03:42:13,048","container":"0d3ccdc9ff34","level":"INFO","thread":"EthScheduler-Workers-0","class":"PersistBlockTask","message":"Imported #22 / 0 tx / 0 om / 0 (0.0%) gas / (0xb856fb426e26f7e660c6a147e972d6ea71eec3187bbeb7b42aaafe4abdf28f96) in 0.012s. Peers: 7","throwable":""}
{"timestamp":"2025-11-29T03:42:18,049","container":"0d3ccdc9ff34","level":"INFO","thread":"EthScheduler-Workers-0","class":"PersistBlockTask","message":"Imported #23 / 0 tx / 0 om / 0 (0.0%) gas / (0x7367c846aaacd35498cc317bbd4ec5bf9fa9b5714f9cd3f93b8bbe9ff0cc1465) in 0.011s. Peers: 7","throwable":""}
{"timestamp":"2025-11-29T03:42:23,044","container":"0d3ccdc9ff34","level":"INFO","thread":"EthScheduler-Workers-0","class":"PersistBlockTask","message":"Imported #24 / 0 tx / 0 om / 0 (0.0%) gas / (0xa0592ff553d65c98f127f25248235c5280bfb03fd82275e5983adf534dd45b90) in 0.006s. Peers: 7","throwable":""}
{"timestamp":"2025-11-29T03:42:28,038","container":"0d3ccdc9ff34","level":"INFO","thread":"EthScheduler-Workers-0","class":"PersistBlockTask","message":"Imported #25 / 0 tx / 0 om / 0 (0.0%) gas / (0x5a71f0bcf23db0e030db0ef4ca843cea1daca18ef4c3d6ae2d1fc925763f0c9e) in 0.003s. Peers: 7","throwable":""}
{"timestamp":"2025-11-29T03:42:33,035","container":"0d3ccdc9ff34","level":"INFO","thread":"EthScheduler-Workers-0","class":"PersistBlockTask","message":"Imported #26 / 0 tx / 0 om / 0 (0.0%) gas / (0xde8e821fc0814c4fd9b494807607df7d7993e3e1b4d3ae4193ad8288357cce33) in 0.005s. Peers: 7","throwable":""}
{"timestamp":"2025-11-29T03:42:38,032","container":"0d3ccdc9ff34","level":"INFO","thread":"EthScheduler-Workers-0","class":"PersistBlockTask","message":"Imported #27 / 0 tx / 0 om / 0 (0.0%) gas / (0x83ca035314c7e70ca1b553cfdc475a46e9a4ba1044e1baa82880b7fc86d95e26) in 0.006s. Peers: 7","throwable":""}
{"timestamp":"2025-11-29T03:42:43,035","container":"0d3ccdc9ff34","level":"INFO","thread":"EthScheduler-Workers-0","class":"PersistBlockTask","message":"Imported #28 / 0 tx / 0 om / 0 (0.0%) gas / (0x05a32fad2c1eab6d78ed7ce02e9d2d8c024cedcd420776d4a0a9c54145d12fad) in 0.005s. Peers: 7","throwable":""}
{"timestamp":"2025-11-29T03:42:48,033","container":"0d3ccdc9ff34","level":"INFO","thread":"EthScheduler-Workers-0","class":"PersistBlockTask","message":"Imported #29 / 0 tx / 0 om / 0 (0.0%) gas / (0x9608981339972a8b75b2a0ce9380e9b4d388d0ecda482bc00083c9b0e4298f82) in 0.005s. Peers: 7","throwable":""}
{"timestamp":"2025-11-29T03:42:51,545","container":"0d3ccdc9ff34","level":"INFO","thread":"BftProcessorExecutor-QBFT-0","class":"BftProcessor","message":"Shutting down BFT event processor","throwable":""}
{"timestamp":"2025-11-29T03:42:51,548","container":"0d3ccdc9ff34","level":"INFO","thread":"BesuCommand-Shutdown-Hook","class":"DefaultSynchronizer","message":"Stopping synchronizer","throwable":""}
{"timestamp":"2025-11-29T03:42:51,578","container":"0d3ccdc9ff34","level":"INFO","thread":"BesuCommand-Shutdown-Hook","class":"NetworkRunner","message":"Stopping Network.","throwable":""}
{"timestamp":"2025-11-29T03:42:51,598","container":"0d3ccdc9ff34","level":"INFO","thread":"BesuCommand-Shutdown-Hook","class":"EthProtocolManager","message":"Stopping eth Subprotocol.","throwable":""}
{"timestamp":"2025-11-29T03:42:51,605","container":"0d3ccdc9ff34","level":"ERROR","thread":"vert.x-worker-thread-10","class":"BlockchainQueries","message":"failed worldstate query for 0x5a32fad2c1eab6d78ed7ce02e9d2d8c024cedcd420776d4a0a9c54145d12fad","throwable":" java.util.concurrent.CancellationException\n\tat java.base/java.util.concurrent.CompletableFuture.cancel(CompletableFuture.java:2478)\n\tat org.hyperledger.besu.ethereum.eth.manager.EthScheduler.lambda$awaitStop$10(EthScheduler.java:244)\n\tat java.base/java.util.concurrent.ConcurrentLinkedDeque.forEach(ConcurrentLinkedDeque.java:1650)\n\tat org.hyperledger.besu.ethereum.eth.manager.EthScheduler.awaitStop(EthScheduler.java:244)\n\tat org.hyperledger.besu.ethereum.eth.manager.EthProtocolManager.awaitStop(EthProtocolManager.java:266)\n\tat org.hyperledger.besu.ethereum.p2p.network.NetworkRunner.awaitStop(NetworkRunner.java:110)\n\tat org.hyperledger.besu.Runner.waitForServiceToStop(Runner.java:247)\n\tat org.hyperledger.besu.Runner.stop(Runner.java:206)\n\tat org.hyperledger.besu.Runner.close(Runner.java:227)\n\tat org.hyperledger.besu.cli.BesuCommand.lambda$addShutdownHook$12(BesuCommand.java:3049)\n\tat java.base/java.lang.Thread.run(Thread.java:833)\n"}
{"timestamp":"2025-11-29T03:42:51,608","container":"0d3ccdc9ff34","level":"INFO","thread":"BesuCommand-Shutdown-Hook","class":"EthProtocolManager","message":"eth Subprotocol stopped.","throwable":""}
{"timestamp":"2025-11-29T03:42:51,609","container":"0d3ccdc9ff34","level":"INFO","thread":"BesuCommand-Shutdown-Hook","class":"NetworkRunner","message":"Network stopped.","throwable":""}
{"timestamp":"2025-11-29T03:42:51,604","container":"0d3ccdc9ff34","level":"ERROR","thread":"vert.x-worker-thread-1","class":"BlockchainQueries","message":"failed worldstate query for 0x5a32fad2c1eab6d78ed7ce02e9d2d8c024cedcd420776d4a0a9c54145d12fad","throwable":" java.util.concurrent.CancellationException\n\tat java.base/java.util.concurrent.CompletableFuture.cancel(CompletableFuture.java:2478)\n\tat org.hyperledger.besu.ethereum.eth.manager.EthScheduler.lambda$awaitStop$10(EthScheduler.java:244)\n\tat java.base/java.util.concurrent.ConcurrentLinkedDeque.forEach(ConcurrentLinkedDeque.java:1650)\n\tat org.hyperledger.besu.ethereum.eth.manager.EthScheduler.awaitStop(EthScheduler.java:244)\n\tat org.hyperledger.besu.ethereum.eth.manager.EthProtocolManager.awaitStop(EthProtocolManager.java:266)\n\tat org.hyperledger.besu.ethereum.p2p.network.NetworkRunner.awaitStop(NetworkRunner.java:110)\n\tat org.hyperledger.besu.Runner.waitForServiceToStop(Runner.java:247)\n\tat org.hyperledger.besu.Runner.stop(Runner.java:206)\n\tat org.hyperledger.besu.Runner.close(Runner.java:227)\n\tat org.hyperledger.besu.cli.BesuCommand.lambda$addShutdownHook$12(BesuCommand.java:3049)\n\tat java.base/java.lang.Thread.run(Thread.java:833)\n"}
{"timestamp":"2025-11-29T03:42:51,611","container":"0d3ccdc9ff34","level":"INFO","thread":"BesuCommand-Shutdown-Hook","class":"AutoTransactionLogBloomCachingService","message":"Shutting down Auto transaction logs caching service.","throwable":""}
{"timestamp":"2025-11-29T03:42:51,611","container":"0d3ccdc9ff34","level":"ERROR","thread":"vert.x-worker-thread-10","class":"JsonRpcExecutorHandler","message":"JsonArray - Error streaming JSON-RPC response","throwable":" java.io.IOException: io.vertx.core.http.HttpClosedException: Connection was closed\n\tat org.hyperledger.besu.ethereum.api.jsonrpc.JsonResponseStreamer.stopOnFailureOrClosed(JsonResponseStreamer.java:85)\n\tat org.hyperledger.besu.ethereum.api.jsonrpc.JsonResponseStreamer.write(JsonResponseStreamer.java:57)\n\tat com.fasterxml.jackson.core.json.UTF8JsonGenerator._flushBuffer(UTF8JsonGenerator.java:2203)\n\tat com.fasterxml.jackson.core.json.UTF8JsonGenerator.flush(UTF8JsonGenerator.java:1197)\n\tat com.fasterxml.jackson.databind.ObjectMapper.writeValue(ObjectMapper.java:3210)\n\tat com.fasterxml.jackson.core.base.GeneratorBase.writeObject(GeneratorBase.java:389)\n\tat org.hyperledger.besu.ethereum.api.handlers.JsonRpcArrayExecutor.executeRpcRequestBatch(JsonRpcArrayExecutor.java:78)\n\tat org.hyperledger.besu.ethereum.api.handlers.JsonRpcArrayExecutor.execute(JsonRpcArrayExecutor.java:58)\n\tat org.hyperledger.besu.ethereum.api.handlers.JsonRpcExecutorHandler.lambda$handler$0(JsonRpcExecutorHandler.java:57)\n\tat java.base/java.util.Optional.ifPresentOrElse(Optional.java:196)\n\tat org.hyperledger.besu.ethereum.api.handlers.JsonRpcExecutorHandler.lambda$handler$2(JsonRpcExecutorHandler.java:54)\n\tat io.vertx.ext.web.impl.BlockingHandlerDecorator.lambda$handle$0(BlockingHandlerDecorator.java:48)\n\tat io.vertx.core.impl.ContextBase.lambda$null$0(ContextBase.java:137)\n\tat io.vertx.core.impl.ContextInternal.dispatch(ContextInternal.java:264)\n\tat io.vertx.core.impl.ContextBase.lambda$executeBlocking$1(ContextBase.java:135)\n\tat java.base/java.util.concurrent.ThreadPoolExecutor.runWorker(ThreadPoolExecutor.java:1136)\n\tat java.base/java.util.concurrent.ThreadPoolExecutor$Worker.run(ThreadPoolExecutor.java:635)\n\tat io.netty.util.concurrent.FastThreadLocalRunnable.run(FastThreadLocalRunnable.java:30)\n\tat java.base/java.lang.Thread.run(Thread.java:833)\n\tSuppressed: java.io.IOException: io.vertx.core.http.HttpClosedException: Connection was closed\n\t\tat org.hyperledger.besu.ethereum.api.jsonrpc.JsonResponseStreamer.stopOnFailureOrClosed(JsonResponseStreamer.java:85)\n\t\tat org.hyperledger.besu.ethereum.api.jsonrpc.JsonResponseStreamer.write(JsonResponseStreamer.java:57)\n\t\tat com.fasterxml.jackson.core.json.UTF8JsonGenerator._flushBuffer(UTF8JsonGenerator.java:2203)\n\t\tat com.fasterxml.jackson.core.json.UTF8JsonGenerator.close(UTF8JsonGenerator.java:1227)\n\t\tat org.hyperledger.besu.ethereum.api.handlers.JsonRpcArrayExecutor.executeRpcRequestBatch(JsonRpcArrayExecutor.java:73)\n\t\t... 12 more\n\tCaused by: io.vertx.core.http.HttpClosedException: Connection was closed\nCaused by: [CIRCULAR REFERENCE: io.vertx.core.http.HttpClosedException: Connection was closed]\n"}
{"timestamp":"2025-11-29T03:42:51,615","container":"0d3ccdc9ff34","level":"INFO","thread":"BesuCommand-Shutdown-Hook","class":"NatService","message":"No NAT environment detected so no service could be stopped","throwable":""}
{"timestamp":"2025-11-29T03:42:51,613","container":"0d3ccdc9ff34","level":"ERROR","thread":"vert.x-worker-thread-1","class":"JsonRpcExecutorHandler","message":"JsonArray - Error streaming JSON-RPC response","throwable":" java.io.IOException: io.vertx.core.http.HttpClosedException: Connection was closed\n\tat org.hyperledger.besu.ethereum.api.jsonrpc.JsonResponseStreamer.stopOnFailureOrClosed(JsonResponseStreamer.java:85)\n\tat org.hyperledger.besu.ethereum.api.jsonrpc.JsonResponseStreamer.write(JsonResponseStreamer.java:57)\n\tat com.fasterxml.jackson.core.json.UTF8JsonGenerator._flushBuffer(UTF8JsonGenerator.java:2203)\n\tat com.fasterxml.jackson.core.json.UTF8JsonGenerator.flush(UTF8JsonGenerator.java:1197)\n\tat com.fasterxml.jackson.databind.ObjectMapper.writeValue(ObjectMapper.java:3210)\n\tat com.fasterxml.jackson.core.base.GeneratorBase.writeObject(GeneratorBase.java:389)\n\tat org.hyperledger.besu.ethereum.api.handlers.JsonRpcArrayExecutor.executeRpcRequestBatch(JsonRpcArrayExecutor.java:78)\n\tat org.hyperledger.besu.ethereum.api.handlers.JsonRpcArrayExecutor.execute(JsonRpcArrayExecutor.java:58)\n\tat org.hyperledger.besu.ethereum.api.handlers.JsonRpcExecutorHandler.lambda$handler$0(JsonRpcExecutorHandler.java:57)\n\tat java.base/java.util.Optional.ifPresentOrElse(Optional.java:196)\n\tat org.hyperledger.besu.ethereum.api.handlers.JsonRpcExecutorHandler.lambda$handler$2(JsonRpcExecutorHandler.java:54)\n\tat io.vertx.ext.web.impl.BlockingHandlerDecorator.lambda$handle$0(BlockingHandlerDecorator.java:48)\n\tat io.vertx.core.impl.ContextBase.lambda$null$0(ContextBase.java:137)\n\tat io.vertx.core.impl.ContextInternal.dispatch(ContextInternal.java:264)\n\tat io.vertx.core.impl.ContextBase.lambda$executeBlocking$1(ContextBase.java:135)\n\tat java.base/java.util.concurrent.ThreadPoolExecutor.runWorker(ThreadPoolExecutor.java:1136)\n\tat java.base/java.util.concurrent.ThreadPoolExecutor$Worker.run(ThreadPoolExecutor.java:635)\n\tat io.netty.util.concurrent.FastThreadLocalRunnable.run(FastThreadLocalRunnable.java:30)\n\tat java.base/java.lang.Thread.run(Thread.java:833)\n\tSuppressed: java.io.IOException: io.vertx.core.http.HttpClosedException: Connection was closed\n\t\tat org.hyperledger.besu.ethereum.api.jsonrpc.JsonResponseStreamer.stopOnFailureOrClosed(JsonResponseStreamer.java:85)\n\t\tat org.hyperledger.besu.ethereum.api.jsonrpc.JsonResponseStreamer.write(JsonResponseStreamer.java:57)\n\t\tat com.fasterxml.jackson.core.json.UTF8JsonGenerator._flushBuffer(UTF8JsonGenerator.java:2203)\n\t\tat com.fasterxml.jackson.core.json.UTF8JsonGenerator.close(UTF8JsonGenerator.java:1227)\n\t\tat org.hyperledger.besu.ethereum.api.handlers.JsonRpcArrayExecutor.executeRpcRequestBatch(JsonRpcArrayExecutor.java:73)\n\t\t... 12 more\n\tCaused by: io.vertx.core.http.HttpClosedException: Connection was closed\nCaused by: [CIRCULAR REFERENCE: io.vertx.core.http.HttpClosedException: Connection was closed]\n"}
