{"timestamp":"2025-11-29T03:34:38,355","container":"4b911597a2ae","level":"INFO","thread":"main","class":"Besu","message":"Starting Besu","throwable":""}
{"timestamp":"2025-11-29T03:34:38,745","container":"4b911597a2ae","level":"WARN","thread":"main","class":"Besu","message":"--min-gas-price has been ignored because --miner-enabled was not defined on the command line.","throwable":""}
{"timestamp":"2025-11-29T03:34:39,499","container":"4b911597a2ae","level":"INFO","thread":"main","class":"Besu","message":"
####################################################################################################
#                                                                                                  #
# Besu version 23.4.1                                                                              #
#                                                                                                  #
# Configuration:                                                                                   #
# Network: Custom genesis file specified                                                           #
# Network Id: 1337                                                                                 #
# Data storage: Forest                                                                             #
# Sync mode: Full                                                                                  #
# RPC HTTP APIs: EEA,WEB3,ETH,NET,TRACE,DEBUG,ADMIN,TXPOOL,PRIV,PERM,QBFT                          #
# RPC HTTP port: 8545                                                                              #
#                                                                                                  #
# Host:                                                                                            #
# Java: openjdk-java-17                                                                            #
# Maximum heap size: 3.81 GB                                                                       #
# OS: linux-x86_64                                                                                 #
# glibc: 2.35                                                                                      #
# jemalloc: 5.2.1-0-gea6b3e973b477b8061e0076bb257dbd7f3faa756                                      #
# Total memory: 15.25 GB                                                                           #
# CPU cores: 16                                                                                    #
#                                                                                                  #
####################################################################################################","throwable":""}
{"timestamp":"2025-11-29T03:34:39,500","container":"4b911597a2ae","level":"INFO","thread":"main","class":"Besu","message":"Connecting to 8 static nodes.","throwable":""}
{"timestamp":"2025-11-29T03:34:39,500","container":"4b911597a2ae","level":"INFO","thread":"main","class":"Besu","message":"Security Module: localfile","throwable":""}
{"timestamp":"2025-11-29T03:34:39,548","container":"4b911597a2ae","level":"INFO","thread":"main","class":"Besu","message":"Using the native implementation of alt bn128","throwable":""}
{"timestamp":"2025-11-29T03:34:39,588","container":"4b911597a2ae","level":"INFO","thread":"main","class":"Besu","message":"Using the native implementation of modexp","throwable":""}
{"timestamp":"2025-11-29T03:34:39,588","container":"4b911597a2ae","level":"INFO","thread":"main","class":"Besu","message":"Using the native implementation of the signature algorithm","throwable":""}
{"timestamp":"2025-11-29T03:34:39,593","container":"4b911597a2ae","level":"INFO","thread":"main","class":"Besu","message":"Using the native implementation of the blake2bf algorithm","throwable":""}
{"timestamp":"2025-11-29T03:34:39,618","container":"4b911597a2ae","level":"INFO","thread":"main","class":"RocksDBKeyValueStorageFactory","message":"No existing database detected at /opt/besu/data. Using version 1","throwable":""}
{"timestamp":"2025-11-29T03:34:40,633","container":"4b911597a2ae","level":"INFO","thread":"main","class":"KeyPairUtil","message":"Loaded public key 0x8208a3f344695d44e9cf2c023683cbea7b9343e2f70a5e804bd2c93858e945f8f91439eef96a4ab6c47ff06637d6fbe6472f96de1655a1bee57ea896654f3a22 from /opt/besu/keys/nodekey","throwable":""}
{"timestamp":"2025-11-29T03:34:40,648","container":"4b911597a2ae","level":"WARN","thread":"main","class":"Besu","message":"Privacy is disabled. Cannot use EEA/PRIV API methods when not using Privacy.","throwable":""}
{"timestamp":"2025-11-29T03:34:41,070","container":"4b911597a2ae","level":"INFO","thread":"main","class":"ProtocolScheduleBuilder","message":"Protocol schedule created with milestones: [GrayGlacier: 0]","throwable":""}
{"timestamp":"2025-11-29T03:34:41,321","container":"4b911597a2ae","level":"INFO","thread":"main","class":"TransactionPoolFactory","message":"Enabling transaction pool","throwable":""}
{"timestamp":"2025-11-29T03:34:41,348","container":"4b911597a2ae","level":"INFO","thread":"main","class":"BesuControllerBuilder","message":"TTD difficulty is not present, creating initial sync phase for PoW","throwable":""}
{"timestamp":"2025-11-29T03:34:41,411","container":"4b911597a2ae","level":"INFO","thread":"main","class":"RunnerBuilder","message":"Detecting NAT service.","throwable":""}
{"timestamp":"2025-11-29T03:34:42,147","container":"4b911597a2ae","level":"INFO","thread":"main","class":"Runner","message":"Starting external services ... ","throwable":""}
{"timestamp":"2025-11-29T03:34:42,148","container":"4b911597a2ae","level":"INFO","thread":"main","class":"MetricsHttpService","message":"Starting metrics http service on 0.0.0.0:9545","throwable":""}
{"timestamp":"2025-11-29T03:34:42,301","container":"4b911597a2ae","level":"INFO","thread":"main","class":"JsonRpcHttpService","message":"Starting JSON-RPC service on 0.0.0.0:8545","throwable":""}
{"timestamp":"2025-11-29T03:34:42,300","container":"4b911597a2ae","level":"INFO","thread":"vert.x-eventloop-thread-1","class":"MetricsHttpService","message":"Metrics service started and listening on 0.0.0.0:9545","throwable":""}
{"timestamp":"2025-11-29T03:34:42,316","container":"4b911597a2ae","level":"INFO","thread":"vert.x-eventloop-thread-1","class":"JsonRpcHttpService","message":"JSON-RPC service started and listening on 0.0.0.0:8545","throwable":""}
{"timestamp":"2025-11-29T03:34:42,319","container":"4b911597a2ae","level":"INFO","thread":"main","class":"GraphQLHttpService","message":"Starting GraphQL HTTP service on 0.0.0.0:8547","throwable":""}
{"timestamp":"2025-11-29T03:34:42,324","container":"4b911597a2ae","level":"INFO","thread":"vert.x-eventloop-thread-1","class":"GraphQLHttpService","message":"GraphQL HTTP service started and listening on 0.0.0.0:8547","throwable":""}
{"timestamp":"2025-11-29T03:34:42,324","container":"4b911597a2ae","level":"INFO","thread":"main","class":"WebSocketService","message":"Starting Websocket service on 0.0.0.0:8546","throwable":""}
{"timestamp":"2025-11-29T03:34:42,329","container":"4b911597a2ae","level":"INFO","thread":"vert.x-eventloop-thread-1","class":"WebSocketService","message":"Websocket service started and listening on 0.0.0.0:8546","throwable":""}
{"timestamp":"2025-11-29T03:34:42,332","container":"4b911597a2ae","level":"INFO","thread":"main","class":"AutoTransactionLogBloomCachingService","message":"Starting auto transaction log bloom caching service.","throwable":""}
{"timestamp":"2025-11-29T03:34:42,333","container":"4b911597a2ae","level":"INFO","thread":"main","class":"LogBloomCacheMetadata","message":"Lookup cache metadata file in data directory: /opt/besu/data/caches","throwable":""}
{"timestamp":"2025-11-29T03:34:42,345","container":"4b911597a2ae","level":"INFO","thread":"main","class":"Runner","message":"Starting Ethereum main loop ... ","throwable":""}
{"timestamp":"2025-11-29T03:34:42,346","container":"4b911597a2ae","level":"INFO","thread":"main","class":"NatService","message":"No NAT environment detected so no service could be started","throwable":""}
{"timestamp":"2025-11-29T03:34:42,346","container":"4b911597a2ae","level":"INFO","thread":"main","class":"NetworkRunner","message":"Starting Network.","throwable":""}
{"timestamp":"2025-11-29T03:34:42,360","container":"4b911597a2ae","level":"INFO","thread":"nioEventLoopGroup-2-1","class":"RlpxAgent","message":"P2P RLPx agent started and listening on /[0:0:0:0:0:0:0:0]:30303.","throwable":""}
{"timestamp":"2025-11-29T03:34:42,361","container":"4b911597a2ae","level":"INFO","thread":"main","class":"PeerDiscoveryAgent","message":"Starting peer discovery agent on host=0.0.0.0, port=30303","throwable":""}
{"timestamp":"2025-11-29T03:34:42,381","container":"4b911597a2ae","level":"INFO","thread":"vert.x-eventloop-thread-1","class":"VertxPeerDiscoveryAgent","message":"Started peer discovery agent successfully, on effective host=0:0:0:0:0:0:0:0%0 and port=30303","throwable":""}
{"timestamp":"2025-11-29T03:34:42,382","container":"4b911597a2ae","level":"INFO","thread":"vert.x-eventloop-thread-1","class":"PeerDiscoveryAgent","message":"P2P peer discovery agent started and listening on /[0:0:0:0:0:0:0:0%0]:30303","throwable":""}
{"timestamp":"2025-11-29T03:34:42,436","container":"4b911597a2ae","level":"INFO","thread":"vert.x-eventloop-thread-1","class":"PeerDiscoveryAgent","message":"Writing node record to disk. NodeRecord{seq=1, publicKey=0x028208a3f344695d44e9cf2c023683cbea7b9343e2f70a5e804bd2c93858e945f8, udpAddress=Optional[/172.16.239.11:30303], tcpAddress=Optional[/172.16.239.11:30303], asBase64=-Je4QNvLNB9ah6SSOmEE4iDaoOzHnSwn4rWjEPLi8ZuWYBhoZ4hANbpYDSbILBpk7FmcbViIgPwfoBF__LUdZT33fB8Bg2V0aMfGhEqC0IOAgmlkgnY0gmlwhKwQ7wuJc2VjcDI1NmsxoQKCCKPzRGldROnPLAI2g8vqe5ND4vcKXoBL0sk4WOlF-IN0Y3CCdl-DdWRwgnZf, nodeId=0x58e94810eeee14c28613b47e93917cadbace5dfce132b991732c6cda9bcc5b8a, customFields={tcp=30303, udp=30303, ip=0xac10ef0b, eth=[[0x4a82d083, 0x]], id=V4, secp256k1=0x028208a3f344695d44e9cf2c023683cbea7b9343e2f70a5e804bd2c93858e945f8}}","throwable":""}
{"timestamp":"2025-11-29T03:34:42,463","container":"4b911597a2ae","level":"INFO","thread":"main","class":"DefaultP2PNetwork","message":"Enode URL enode://8208a3f344695d44e9cf2c023683cbea7b9343e2f70a5e804bd2c93858e945f8f91439eef96a4ab6c47ff06637d6fbe6472f96de1655a1bee57ea896654f3a22@172.16.239.11:30303","throwable":""}
{"timestamp":"2025-11-29T03:34:42,463","container":"4b911597a2ae","level":"INFO","thread":"main","class":"DefaultP2PNetwork","message":"Node address 0x93917cadbace5dfce132b991732c6cda9bcc5b8a","throwable":""}
{"timestamp":"2025-11-29T03:34:42,484","container":"4b911597a2ae","level":"INFO","thread":"main","class":"NetworkRunner","message":"Supported capabilities: [eth/62, eth/63, eth/64, eth/65, eth/66, eth/67, eth/68], [istanbul/100], [snap/1]","throwable":""}
{"timestamp":"2025-11-29T03:34:42,486","container":"4b911597a2ae","level":"INFO","thread":"main","class":"DefaultSynchronizer","message":"Starting synchronizer.","throwable":""}
{"timestamp":"2025-11-29T03:34:42,491","container":"4b911597a2ae","level":"INFO","thread":"main","class":"TransactionPoolFactory","message":"Enabling transaction handling following initial sync","throwable":""}
{"timestamp":"2025-11-29T03:34:42,492","container":"4b911597a2ae","level":"INFO","thread":"main","class":"FullSyncDownloader","message":"Starting full sync.","throwable":""}
{"timestamp":"2025-11-29T03:34:42,493","container":"4b911597a2ae","level":"INFO","thread":"main","class":"FullSyncTargetManager","message":"Unable to find sync target. Currently checking 0 peers for usefulness","throwable":""}
{"timestamp":"2025-11-29T03:34:42,526","container":"4b911597a2ae","level":"INFO","thread":"main","class":"Runner","message":"Ethereum main loop is up.","throwable":""}
{"timestamp":"2025-11-29T03:34:47,506","container":"4b911597a2ae","level":"INFO","thread":"EthScheduler-Timer-0","class":"FullSyncTargetManager","message":"Unable to find sync target. Currently checking 0 peers for usefulness","throwable":""}
{"timestamp":"2025-11-29T03:34:52,507","container":"4b911597a2ae","level":"INFO","thread":"EthScheduler-Timer-0","class":"FullSyncTargetManager","message":"Unable to find sync target. Currently checking 0 peers for usefulness","throwable":""}
{"timestamp":"2025-11-29T03:34:57,508","container":"4b911597a2ae","level":"INFO","thread":"EthScheduler-Timer-0","class":"FullSyncTargetManager","message":"Unable to find sync target. Currently checking 0 peers for usefulness","throwable":""}
{"timestamp":"2025-11-29T03:35:02,510","container":"4b911597a2ae","level":"INFO","thread":"EthScheduler-Timer-0","class":"FullSyncTargetManager","message":"Unable to find sync target. Currently checking 0 peers for usefulness","throwable":""}
{"timestamp":"2025-11-29T03:35:07,511","container":"4b911597a2ae","level":"INFO","thread":"EthScheduler-Timer-0","class":"FullSyncTargetManager","message":"Unable to find sync target. Currently checking 0 peers for usefulness","throwable":""}
{"timestamp":"2025-11-29T03:35:12,512","container":"4b911597a2ae","level":"INFO","thread":"EthScheduler-Timer-0","class":"FullSyncTargetManager","message":"Unable to find sync target. Currently checking 0 peers for usefulness","throwable":""}
{"timestamp":"2025-11-29T03:35:17,513","container":"4b911597a2ae","level":"INFO","thread":"EthScheduler-Timer-0","class":"FullSyncTargetManager","message":"Unable to find sync target. Currently checking 0 peers for usefulness","throwable":""}
{"timestamp":"2025-11-29T03:35:22,514","container":"4b911597a2ae","level":"INFO","thread":"EthScheduler-Timer-0","class":"FullSyncTargetManager","message":"Unable to find sync target. Currently checking 0 peers for usefulness","throwable":""}
{"timestamp":"2025-11-29T03:35:27,516","container":"4b911597a2ae","level":"INFO","thread":"EthScheduler-Timer-0","class":"FullSyncTargetManager","message":"Unable to find sync target. Currently checking 0 peers for usefulness","throwable":""}
{"timestamp":"2025-11-29T03:35:32,517","container":"4b911597a2ae","level":"INFO","thread":"EthScheduler-Timer-0","class":"FullSyncTargetManager","message":"Unable to find sync target. Currently checking 0 peers for usefulness","throwable":""}
{"timestamp":"2025-11-29T03:35:37,518","container":"4b911597a2ae","level":"INFO","thread":"EthScheduler-Timer-0","class":"FullSyncTargetManager","message":"Unable to find sync target. Currently checking 0 peers for usefulness","throwable":""}
{"timestamp":"2025-11-29T03:35:42,520","container":"4b911597a2ae","level":"INFO","thread":"EthScheduler-Timer-0","class":"FullSyncTargetManager","message":"Unable to find sync target. Currently checking 0 peers for usefulness","throwable":""}
{"timestamp":"2025-11-29T03:35:47,521","container":"4b911597a2ae","level":"INFO","thread":"EthScheduler-Timer-0","class":"FullSyncTargetManager","message":"Unable to find sync target. Currently checking 0 peers for usefulness","throwable":""}
{"timestamp":"2025-11-29T03:35:52,522","container":"4b911597a2ae","level":"INFO","thread":"EthScheduler-Timer-0","class":"FullSyncTargetManager","message":"Unable to find sync target. Currently checking 0 peers for usefulness","throwable":""}
{"timestamp":"2025-11-29T03:35:57,525","container":"4b911597a2ae","level":"INFO","thread":"EthScheduler-Timer-0","class":"FullSyncTargetManager","message":"Unable to find sync target. Currently checking 0 peers for usefulness","throwable":""}
{"timestamp":"2025-11-29T03:36:02,526","container":"4b911597a2ae","level":"INFO","thread":"EthScheduler-Timer-0","class":"FullSyncTargetManager","message":"Unable to find sync target. Currently checking 0 peers for usefulness","throwable":""}
{"timestamp":"2025-11-29T03:36:07,527","container":"4b911597a2ae","level":"INFO","thread":"EthScheduler-Timer-0","class":"FullSyncTargetManager","message":"Unable to find sync target. Currently checking 0 peers for usefulness","throwable":""}
{"timestamp":"2025-11-29T03:36:12,528","container":"4b911597a2ae","level":"INFO","thread":"EthScheduler-Timer-0","class":"FullSyncTargetManager","message":"Unable to find sync target. Currently checking 0 peers for usefulness","throwable":""}
{"timestamp":"2025-11-29T03:36:17,529","container":"4b911597a2ae","level":"INFO","thread":"EthScheduler-Timer-0","class":"FullSyncTargetManager","message":"Unable to find sync target. Currently checking 0 peers for usefulness","throwable":""}
{"timestamp":"2025-11-29T03:36:22,530","container":"4b911597a2ae","level":"INFO","thread":"EthScheduler-Timer-0","class":"FullSyncTargetManager","message":"Unable to find sync target. Currently checking 0 peers for usefulness","throwable":""}
{"timestamp":"2025-11-29T03:36:27,532","container":"4b911597a2ae","level":"INFO","thread":"EthScheduler-Timer-0","class":"FullSyncTargetManager","message":"Unable to find sync target. Currently checking 0 peers for usefulness","throwable":""}
{"timestamp":"2025-11-29T03:36:32,533","container":"4b911597a2ae","level":"INFO","thread":"EthScheduler-Timer-0","class":"FullSyncTargetManager","message":"Unable to find sync target. Currently checking 0 peers for usefulness","throwable":""}
{"timestamp":"2025-11-29T03:36:37,535","container":"4b911597a2ae","level":"INFO","thread":"EthScheduler-Timer-0","class":"FullSyncTargetManager","message":"Unable to find sync target. Currently checking 0 peers for usefulness","throwable":""}
{"timestamp":"2025-11-29T03:36:42,536","container":"4b911597a2ae","level":"INFO","thread":"EthScheduler-Timer-0","class":"FullSyncTargetManager","message":"Unable to find sync target. Currently checking 0 peers for usefulness","throwable":""}
{"timestamp":"2025-11-29T03:36:47,538","container":"4b911597a2ae","level":"INFO","thread":"EthScheduler-Timer-0","class":"FullSyncTargetManager","message":"Unable to find sync target. Currently checking 0 peers for usefulness","throwable":""}
{"timestamp":"2025-11-29T03:36:52,540","container":"4b911597a2ae","level":"INFO","thread":"EthScheduler-Timer-0","class":"FullSyncTargetManager","message":"Unable to find sync target. Currently checking 0 peers for usefulness","throwable":""}
{"timestamp":"2025-11-29T03:36:57,541","container":"4b911597a2ae","level":"INFO","thread":"EthScheduler-Timer-0","class":"FullSyncTargetManager","message":"Unable to find sync target. Currently checking 0 peers for usefulness","throwable":""}
{"timestamp":"2025-11-29T03:37:02,543","container":"4b911597a2ae","level":"INFO","thread":"EthScheduler-Timer-0","class":"FullSyncTargetManager","message":"Unable to find sync target. Currently checking 0 peers for usefulness","throwable":""}
{"timestamp":"2025-11-29T03:37:07,544","container":"4b911597a2ae","level":"INFO","thread":"EthScheduler-Timer-0","class":"FullSyncTargetManager","message":"Unable to find sync target. Currently checking 0 peers for usefulness","throwable":""}
{"timestamp":"2025-11-29T03:37:12,546","container":"4b911597a2ae","level":"INFO","thread":"EthScheduler-Timer-0","class":"FullSyncTargetManager","message":"Unable to find sync target. Currently checking 0 peers for usefulness","throwable":""}
{"timestamp":"2025-11-29T03:37:17,547","container":"4b911597a2ae","level":"INFO","thread":"EthScheduler-Timer-0","class":"FullSyncTargetManager","message":"Unable to find sync target. Currently checking 0 peers for usefulness","throwable":""}
{"timestamp":"2025-11-29T03:37:22,548","container":"4b911597a2ae","level":"INFO","thread":"EthScheduler-Timer-0","class":"FullSyncTargetManager","message":"Unable to find sync target. Currently checking 0 peers for usefulness","throwable":""}
{"timestamp":"2025-11-29T03:37:27,549","container":"4b911597a2ae","level":"INFO","thread":"EthScheduler-Timer-0","class":"FullSyncTargetManager","message":"Unable to find sync target. Currently checking 0 peers for usefulness","throwable":""}
{"timestamp":"2025-11-29T03:37:32,550","container":"4b911597a2ae","level":"INFO","thread":"EthScheduler-Timer-0","class":"FullSyncTargetManager","message":"Unable to find sync target. Currently checking 0 peers for usefulness","throwable":""}
{"timestamp":"2025-11-29T03:37:37,552","container":"4b911597a2ae","level":"INFO","thread":"EthScheduler-Timer-0","class":"FullSyncTargetManager","message":"Unable to find sync target. Currently checking 0 peers for usefulness","throwable":""}
{"timestamp":"2025-11-29T03:37:42,553","container":"4b911597a2ae","level":"INFO","thread":"EthScheduler-Timer-0","class":"FullSyncTargetManager","message":"Unable to find sync target. Currently checking 0 peers for usefulness","throwable":""}
{"timestamp":"2025-11-29T03:37:47,555","container":"4b911597a2ae","level":"INFO","thread":"EthScheduler-Timer-0","class":"FullSyncTargetManager","message":"Unable to find sync target. Currently checking 0 peers for usefulness","throwable":""}
{"timestamp":"2025-11-29T03:37:52,556","container":"4b911597a2ae","level":"INFO","thread":"EthScheduler-Timer-0","class":"FullSyncTargetManager","message":"Unable to find sync target. Currently checking 0 peers for usefulness","throwable":""}
{"timestamp":"2025-11-29T03:37:57,557","container":"4b911597a2ae","level":"INFO","thread":"EthScheduler-Timer-0","class":"FullSyncTargetManager","message":"Unable to find sync target. Currently checking 0 peers for usefulness","throwable":""}
{"timestamp":"2025-11-29T03:38:02,558","container":"4b911597a2ae","level":"INFO","thread":"EthScheduler-Timer-0","class":"FullSyncTargetManager","message":"Unable to find sync target. Currently checking 0 peers for usefulness","throwable":""}
{"timestamp":"2025-11-29T03:38:07,560","container":"4b911597a2ae","level":"INFO","thread":"EthScheduler-Timer-0","class":"FullSyncTargetManager","message":"Unable to find sync target. Currently checking 0 peers for usefulness","throwable":""}
{"timestamp":"2025-11-29T03:38:12,562","container":"4b911597a2ae","level":"INFO","thread":"EthScheduler-Timer-0","class":"FullSyncTargetManager","message":"Unable to find sync target. Currently checking 0 peers for usefulness","throwable":""}
{"timestamp":"2025-11-29T03:38:17,564","container":"4b911597a2ae","level":"INFO","thread":"EthScheduler-Timer-0","class":"FullSyncTargetManager","message":"Unable to find sync target. Currently checking 0 peers for usefulness","throwable":""}
{"timestamp":"2025-11-29T03:38:22,565","container":"4b911597a2ae","level":"INFO","thread":"EthScheduler-Timer-0","class":"FullSyncTargetManager","message":"Unable to find sync target. Currently checking 0 peers for usefulness","throwable":""}
{"timestamp":"2025-11-29T03:38:27,567","container":"4b911597a2ae","level":"INFO","thread":"EthScheduler-Timer-0","class":"FullSyncTargetManager","message":"Unable to find sync target. Currently checking 0 peers for usefulness","throwable":""}
{"timestamp":"2025-11-29T03:38:32,568","container":"4b911597a2ae","level":"INFO","thread":"EthScheduler-Timer-0","class":"FullSyncTargetManager","message":"Unable to find sync target. Currently checking 0 peers for usefulness","throwable":""}
{"timestamp":"2025-11-29T03:38:37,570","container":"4b911597a2ae","level":"INFO","thread":"EthScheduler-Timer-0","class":"FullSyncTargetManager","message":"Unable to find sync target. Currently checking 0 peers for usefulness","throwable":""}
{"timestamp":"2025-11-29T03:38:42,571","container":"4b911597a2ae","level":"INFO","thread":"EthScheduler-Timer-0","class":"FullSyncTargetManager","message":"Unable to find sync target. Currently checking 0 peers for usefulness","throwable":""}
{"timestamp":"2025-11-29T03:38:47,572","container":"4b911597a2ae","level":"INFO","thread":"EthScheduler-Timer-0","class":"FullSyncTargetManager","message":"Unable to find sync target. Currently checking 0 peers for usefulness","throwable":""}
{"timestamp":"2025-11-29T03:38:52,573","container":"4b911597a2ae","level":"INFO","thread":"EthScheduler-Timer-0","class":"FullSyncTargetManager","message":"Unable to find sync target. Currently checking 0 peers for usefulness","throwable":""}
{"timestamp":"2025-11-29T03:38:57,574","container":"4b911597a2ae","level":"INFO","thread":"EthScheduler-Timer-0","class":"FullSyncTargetManager","message":"Unable to find sync target. Currently checking 0 peers for usefulness","throwable":""}
{"timestamp":"2025-11-29T03:39:02,575","container":"4b911597a2ae","level":"INFO","thread":"EthScheduler-Timer-0","class":"FullSyncTargetManager","message":"Unable to find sync target. Currently checking 0 peers for usefulness","throwable":""}
{"timestamp":"2025-11-29T03:39:07,576","container":"4b911597a2ae","level":"INFO","thread":"EthScheduler-Timer-0","class":"FullSyncTargetManager","message":"Unable to find sync target. Currently checking 0 peers for usefulness","throwable":""}
{"timestamp":"2025-11-29T03:39:12,577","container":"4b911597a2ae","level":"INFO","thread":"EthScheduler-Timer-0","class":"FullSyncTargetManager","message":"Unable to find sync target. Currently checking 0 peers for usefulness","throwable":""}
{"timestamp":"2025-11-29T03:39:17,579","container":"4b911597a2ae","level":"INFO","thread":"EthScheduler-Timer-0","class":"FullSyncTargetManager","message":"Unable to find sync target. Currently checking 0 peers for usefulness","throwable":""}
{"timestamp":"2025-11-29T03:39:17,617","container":"4b911597a2ae","level":"INFO","thread":"BftProcessorExecutor-QBFT-0","class":"BftProcessor","message":"Shutting down BFT event processor","throwable":""}
{"timestamp":"2025-11-29T03:39:17,620","container":"4b911597a2ae","level":"INFO","thread":"BesuCommand-Shutdown-Hook","class":"DefaultSynchronizer","message":"Stopping synchronizer","throwable":""}
{"timestamp":"2025-11-29T03:39:17,627","container":"4b911597a2ae","level":"INFO","thread":"BesuCommand-Shutdown-Hook","class":"NetworkRunner","message":"Stopping Network.","throwable":""}
{"timestamp":"2025-11-29T03:39:17,636","container":"4b911597a2ae","level":"INFO","thread":"BesuCommand-Shutdown-Hook","class":"EthProtocolManager","message":"Stopping eth Subprotocol.","throwable":""}
{"timestamp":"2025-11-29T03:39:17,638","container":"4b911597a2ae","level":"INFO","thread":"BesuCommand-Shutdown-Hook","class":"EthProtocolManager","message":"eth Subprotocol stopped.","throwable":""}
{"timestamp":"2025-11-29T03:39:17,638","container":"4b911597a2ae","level":"INFO","thread":"BesuCommand-Shutdown-Hook","class":"NetworkRunner","message":"Network stopped.","throwable":""}
{"timestamp":"2025-11-29T03:39:17,639","container":"4b911597a2ae","level":"INFO","thread":"BesuCommand-Shutdown-Hook","class":"AutoTransactionLogBloomCachingService","message":"Shutting down Auto transaction logs caching service.","throwable":""}
{"timestamp":"2025-11-29T03:39:17,640","container":"4b911597a2ae","level":"INFO","thread":"BesuCommand-Shutdown-Hook","class":"NatService","message":"No NAT environment detected so no service could be stopped","throwable":""}
{"timestamp":"2025-11-29T03:40:08,143","container":"4b911597a2ae","level":"INFO","thread":"main","class":"Besu","message":"Starting Besu","throwable":""}
{"timestamp":"2025-11-29T03:40:09,434","container":"4b911597a2ae","level":"WARN","thread":"main","class":"Besu","message":"--min-gas-price has been ignored because --miner-enabled was not defined on the command line.","throwable":""}
{"timestamp":"2025-11-29T03:40:11,659","container":"4b911597a2ae","level":"INFO","thread":"main","class":"Besu","message":"
####################################################################################################
#                                                                                                  #
# Besu version 23.4.1                                                                              #
#                                                                                                  #
# Configuration:                                                                                   #
# Network: Custom genesis file specified                                                           #
# Network Id: 1337                                                                                 #
# Data storage: Forest                                                                             #
# Sync mode: Full                                                                                  #
# RPC HTTP APIs: EEA,WEB3,ETH,NET,TRACE,DEBUG,ADMIN,TXPOOL,PRIV,PERM,QBFT                          #
# RPC HTTP port: 8545                                                                              #
#                                                                                                  #
# Host:                                                                                            #
# Java: openjdk-java-17                                                                            #
# Maximum heap size: 3.81 GB                                                                       #
# OS: linux-x86_64                                                                                 #
# glibc: 2.35                                                                                      #
# jemalloc: 5.2.1-0-gea6b3e973b477b8061e0076bb257dbd7f3faa756                                      #
# Total memory: 15.25 GB                                                                           #
# CPU cores: 16                                                                                    #
#                                                                                                  #
####################################################################################################","throwable":""}
{"timestamp":"2025-11-29T03:40:11,663","container":"4b911597a2ae","level":"INFO","thread":"main","class":"Besu","message":"Connecting to 8 static nodes.","throwable":""}
{"timestamp":"2025-11-29T03:40:11,668","container":"4b911597a2ae","level":"INFO","thread":"main","class":"Besu","message":"Security Module: localfile","throwable":""}
{"timestamp":"2025-11-29T03:40:11,826","container":"4b911597a2ae","level":"INFO","thread":"main","class":"Besu","message":"Using the native implementation of alt bn128","throwable":""}
{"timestamp":"2025-11-29T03:40:12,362","container":"4b911597a2ae","level":"INFO","thread":"main","class":"Besu","message":"Using the native implementation of modexp","throwable":""}
{"timestamp":"2025-11-29T03:40:12,362","container":"4b911597a2ae","level":"INFO","thread":"main","class":"Besu","message":"Using the native implementation of the signature algorithm","throwable":""}
{"timestamp":"2025-11-29T03:40:12,368","container":"4b911597a2ae","level":"INFO","thread":"main","class":"Besu","message":"Using the native implementation of the blake2bf algorithm","throwable":""}
{"timestamp":"2025-11-29T03:40:12,425","container":"4b911597a2ae","level":"INFO","thread":"main","class":"DatabaseMetadata","message":"Lookup database metadata file in data directory: /opt/besu/data","throwable":""}
{"timestamp":"2025-11-29T03:40:12,655","container":"4b911597a2ae","level":"INFO","thread":"main","class":"RocksDBKeyValueStorageFactory","message":"Existing database detected at /opt/besu/data. Version 1. Compacting database...","throwable":""}
{"timestamp":"2025-11-29T03:40:13,624","container":"4b911597a2ae","level":"INFO","thread":"main","class":"KeyPairUtil","message":"Loaded public key 0x8208a3f344695d44e9cf2c023683cbea7b9343e2f70a5e804bd2c93858e945f8f91439eef96a4ab6c47ff06637d6fbe6472f96de1655a1bee57ea896654f3a22 from /opt/besu/keys/nodekey","throwable":""}
{"timestamp":"2025-11-29T03:40:13,630","container":"4b911597a2ae","level":"WARN","thread":"main","class":"Besu","message":"Privacy is disabled. Cannot use EEA/PRIV API methods when not using Privacy.","throwable":""}
{"timestamp":"2025-11-29T03:40:14,224","container":"4b911597a2ae","level":"INFO","thread":"main","class":"ProtocolScheduleBuilder","message":"Protocol schedule created with milestones: [GrayGlacier: 0]","throwable":""}
{"timestamp":"2025-11-29T03:40:14,605","container":"4b911597a2ae","level":"INFO","thread":"main","class":"TransactionPoolFactory","message":"Enabling transaction pool","throwable":""}
{"timestamp":"2025-11-29T03:40:14,647","container":"4b911597a2ae","level":"INFO","thread":"main","class":"BesuControllerBuilder","message":"TTD difficulty is not present, creating initial sync phase for PoW","throwable":""}
{"timestamp":"2025-11-29T03:40:14,809","container":"4b911597a2ae","level":"INFO","thread":"main","class":"RunnerBuilder","message":"Detecting NAT service.","throwable":""}
{"timestamp":"2025-11-29T03:40:16,394","container":"4b911597a2ae","level":"INFO","thread":"main","class":"Runner","message":"Starting external services ... ","throwable":""}
{"timestamp":"2025-11-29T03:40:16,395","container":"4b911597a2ae","level":"INFO","thread":"main","class":"MetricsHttpService","message":"Starting metrics http service on 0.0.0.0:9545","throwable":""}
{"timestamp":"2025-11-29T03:40:16,848","container":"4b911597a2ae","level":"INFO","thread":"main","class":"JsonRpcHttpService","message":"Starting JSON-RPC service on 0.0.0.0:8545","throwable":""}
{"timestamp":"2025-11-29T03:40:16,845","container":"4b911597a2ae","level":"INFO","thread":"vert.x-eventloop-thread-1","class":"MetricsHttpService","message":"Metrics service started and listening on 0.0.0.0:9545","throwable":""}
{"timestamp":"2025-11-29T03:40:16,887","container":"4b911597a2ae","level":"INFO","thread":"vert.x-eventloop-thread-1","class":"JsonRpcHttpService","message":"JSON-RPC service started and listening on 0.0.0.0:8545","throwable":""}
{"timestamp":"2025-11-29T03:40:16,890","container":"4b911597a2ae","level":"INFO","thread":"main","class":"GraphQLHttpService","message":"Starting GraphQL HTTP service on 0.0.0.0:8547","throwable":""}
{"timestamp":"2025-11-29T03:40:16,898","container":"4b911597a2ae","level":"INFO","thread":"vert.x-eventloop-thread-1","class":"GraphQLHttpService","message":"GraphQL HTTP service started and listening on 0.0.0.0:8547","throwable":""}
{"timestamp":"2025-11-29T03:40:16,899","container":"4b911597a2ae","level":"INFO","thread":"main","class":"WebSocketService","message":"Starting Websocket service on 0.0.0.0:8546","throwable":""}
{"timestamp":"2025-11-29T03:40:16,904","container":"4b911597a2ae","level":"INFO","thread":"vert.x-eventloop-thread-1","class":"WebSocketService","message":"Websocket service started and listening on 0.0.0.0:8546","throwable":""}
{"timestamp":"2025-11-29T03:40:16,907","container":"4b911597a2ae","level":"INFO","thread":"main","class":"AutoTransactionLogBloomCachingService","message":"Starting auto transaction log bloom caching service.","throwable":""}
{"timestamp":"2025-11-29T03:40:16,908","container":"4b911597a2ae","level":"INFO","thread":"main","class":"LogBloomCacheMetadata","message":"Lookup cache metadata file in data directory: /opt/besu/data/caches","throwable":""}
{"timestamp":"2025-11-29T03:40:16,983","container":"4b911597a2ae","level":"INFO","thread":"main","class":"Runner","message":"Starting Ethereum main loop ... ","throwable":""}
{"timestamp":"2025-11-29T03:40:16,983","container":"4b911597a2ae","level":"INFO","thread":"main","class":"NatService","message":"No NAT environment detected so no service could be started","throwable":""}
{"timestamp":"2025-11-29T03:40:16,984","container":"4b911597a2ae","level":"INFO","thread":"main","class":"NetworkRunner","message":"Starting Network.","throwable":""}
{"timestamp":"2025-11-29T03:40:17,006","container":"4b911597a2ae","level":"INFO","thread":"nioEventLoopGroup-2-1","class":"RlpxAgent","message":"P2P RLPx agent started and listening on /[0:0:0:0:0:0:0:0]:30303.","throwable":""}
{"timestamp":"2025-11-29T03:40:17,009","container":"4b911597a2ae","level":"INFO","thread":"main","class":"PeerDiscoveryAgent","message":"Starting peer discovery agent on host=0.0.0.0, port=30303","throwable":""}
{"timestamp":"2025-11-29T03:40:17,060","container":"4b911597a2ae","level":"INFO","thread":"vert.x-eventloop-thread-1","class":"VertxPeerDiscoveryAgent","message":"Started peer discovery agent successfully, on effective host=0:0:0:0:0:0:0:0%0 and port=30303","throwable":""}
{"timestamp":"2025-11-29T03:40:17,062","container":"4b911597a2ae","level":"INFO","thread":"vert.x-eventloop-thread-1","class":"PeerDiscoveryAgent","message":"P2P peer discovery agent started and listening on /[0:0:0:0:0:0:0:0%0]:30303","throwable":""}
{"timestamp":"2025-11-29T03:40:17,206","container":"4b911597a2ae","level":"INFO","thread":"vert.x-eventloop-thread-1","class":"PeerDiscoveryAgent","message":"Writing node record to disk. NodeRecord{seq=2, publicKey=0x028208a3f344695d44e9cf2c023683cbea7b9343e2f70a5e804bd2c93858e945f8, udpAddress=Optional[/172.16.239.11:30303], tcpAddress=Optional[/172.16.239.11:30303], asBase64=-Je4QNuEWVjlGfgudF5WA6uhH-SERv8e4Ha-lqj_4zz_G8YaLz90Hf6ngsTpLTV82HAfqi5fRUtpXPAXnnucDaCzYLkCg2V0aMfGhEqC0IOAgmlkgnY0gmlwhKwQ7wuJc2VjcDI1NmsxoQKCCKPzRGldROnPLAI2g8vqe5ND4vcKXoBL0sk4WOlF-IN0Y3CCdl-DdWRwgnZf, nodeId=0x58e94810eeee14c28613b47e93917cadbace5dfce132b991732c6cda9bcc5b8a, customFields={tcp=30303, udp=30303, ip=0xac10ef0b, eth=[[0x4a82d083, 0x]], id=V4, secp256k1=0x028208a3f344695d44e9cf2c023683cbea7b9343e2f70a5e804bd2c93858e945f8}}","throwable":""}
{"timestamp":"2025-11-29T03:40:17,287","container":"4b911597a2ae","level":"INFO","thread":"main","class":"DefaultP2PNetwork","message":"Enode URL enode://8208a3f344695d44e9cf2c023683cbea7b9343e2f70a5e804bd2c93858e945f8f91439eef96a4ab6c47ff06637d6fbe6472f96de1655a1bee57ea896654f3a22@172.16.239.11:30303","throwable":""}
{"timestamp":"2025-11-29T03:40:17,289","container":"4b911597a2ae","level":"INFO","thread":"main","class":"DefaultP2PNetwork","message":"Node address 0x93917cadbace5dfce132b991732c6cda9bcc5b8a","throwable":""}
{"timestamp":"2025-11-29T03:40:17,349","container":"4b911597a2ae","level":"INFO","thread":"main","class":"NetworkRunner","message":"Supported capabilities: [eth/62, eth/63, eth/64, eth/65, eth/66, eth/67, eth/68], [istanbul/100], [snap/1]","throwable":""}
{"timestamp":"2025-11-29T03:40:17,351","container":"4b911597a2ae","level":"INFO","thread":"main","class":"DefaultSynchronizer","message":"Starting synchronizer.","throwable":""}
{"timestamp":"2025-11-29T03:40:17,379","container":"4b911597a2ae","level":"INFO","thread":"main","class":"TransactionPoolFactory","message":"Enabling transaction handling following initial sync","throwable":""}
{"timestamp":"2025-11-29T03:40:17,387","container":"4b911597a2ae","level":"INFO","thread":"main","class":"FullSyncDownloader","message":"Starting full sync.","throwable":""}
{"timestamp":"2025-11-29T03:40:17,388","container":"4b911597a2ae","level":"INFO","thread":"main","class":"FullSyncTargetManager","message":"Unable to find sync target. Currently checking 0 peers for usefulness","throwable":""}
{"timestamp":"2025-11-29T03:40:17,491","container":"4b911597a2ae","level":"INFO","thread":"main","class":"Runner","message":"Ethereum main loop is up.","throwable":""}
{"timestamp":"2025-11-29T03:40:18,525","container":"4b911597a2ae","level":"INFO","thread":"nioEventLoopGroup-3-3","class":"FullSyncTargetManager","message":"Unable to find sync target. Currently checking 5 peers for usefulness","throwable":""}
{"timestamp":"2025-11-29T03:40:19,155","container":"4b911597a2ae","level":"INFO","thread":"nioEventLoopGroup-3-3","class":"FullSyncTargetManager","message":"Unable to find sync target. Currently checking 6 peers for usefulness","throwable":""}
{"timestamp":"2025-11-29T03:40:19,199","container":"4b911597a2ae","level":"INFO","thread":"nioEventLoopGroup-3-4","class":"FullSyncTargetManager","message":"Unable to find sync target. Currently checking 7 peers for usefulness","throwable":""}
{"timestamp":"2025-11-29T03:40:24,209","container":"4b911597a2ae","level":"INFO","thread":"EthScheduler-Timer-0","class":"FullSyncTargetManager","message":"Unable to find sync target. Currently checking 7 peers for usefulness","throwable":""}
{"timestamp":"2025-11-29T03:40:28,339","container":"4b911597a2ae","level":"INFO","thread":"BftProcessorExecutor-QBFT-0","class":"QbftRound","message":"Importing proposed block to chain. round=ConsensusRoundIdentifier{Sequence=1, Round=1}, hash=0xac040658977d60abc30173ff670e8030ff6a84c72b4c19783f8c5e3373c7052d","throwable":""}
{"timestamp":"2025-11-29T03:40:28,395","container":"4b911597a2ae","level":"INFO","thread":"BftProcessorExecutor-QBFT-0","class":"QbftBesuControllerBuilder","message":"Produced #1 / 0 tx / 0 pending / 0 (0.0%) gas / (0xac040658977d60abc30173ff670e8030ff6a84c72b4c19783f8c5e3373c7052d)","throwable":""}
{"timestamp":"2025-11-29T03:40:29,212","container":"4b911597a2ae","level":"INFO","thread":"EthScheduler-Timer-0","class":"FullSyncTargetManager","message":"Unable to find sync target. Currently checking 7 peers for usefulness","throwable":""}
{"timestamp":"2025-11-29T03:40:33,042","container":"4b911597a2ae","level":"INFO","thread":"BftProcessorExecutor-QBFT-0","class":"QbftBesuControllerBuilder","message":"Imported #2 / 0 tx / 0 pending / 0 (0.0%) gas / (0x17c286a25f29e81531ac911568506c4a79e8209e2edeed5e30edd3bd2b1ea1a3)","throwable":""}
{"timestamp":"2025-11-29T03:40:38,047","container":"4b911597a2ae","level":"INFO","thread":"BftProcessorExecutor-QBFT-0","class":"QbftBesuControllerBuilder","message":"Imported #3 / 0 tx / 0 pending / 0 (0.0%) gas / (0xeca9e22de02cc745622a7564301c12cc4698c04be5d6c4bc3973d1ca685dfe75)","throwable":""}
{"timestamp":"2025-11-29T03:40:43,027","container":"4b911597a2ae","level":"INFO","thread":"BftProcessorExecutor-QBFT-0","class":"QbftBesuControllerBuilder","message":"Imported #4 / 0 tx / 0 pending / 0 (0.0%) gas / (0x26bbffe59c8e78c0cfceded6f53db87c44df54816df04b1ee3056287dc290559)","throwable":""}
{"timestamp":"2025-11-29T03:40:48,033","container":"4b911597a2ae","level":"INFO","thread":"EthScheduler-Workers-0","class":"PersistBlockTask","message":"Block 5 (0x94779ea35e757f5d5fffc7d72189eecd368af91335e1ee46f696f690366ca564) is already imported","throwable":""}
{"timestamp":"2025-11-29T03:40:48,041","container":"4b911597a2ae","level":"INFO","thread":"BftProcessorExecutor-QBFT-0","class":"QbftBesuControllerBuilder","message":"Produced #5 / 0 tx / 0 pending / 0 (0.0%) gas / (0x94779ea35e757f5d5fffc7d72189eecd368af91335e1ee46f696f690366ca564)","throwable":""}
{"timestamp":"2025-11-29T03:40:53,025","container":"4b911597a2ae","level":"INFO","thread":"BftProcessorExecutor-QBFT-0","class":"QbftBesuControllerBuilder","message":"Imported #6 / 0 tx / 0 pending / 0 (0.0%) gas / (0xe97a1927858755b806af154b76181bc4f6393dd34d3baf3ee151e5edfeba82e7)","throwable":""}
{"timestamp":"2025-11-29T03:40:58,034","container":"4b911597a2ae","level":"INFO","thread":"BftProcessorExecutor-QBFT-0","class":"QbftBesuControllerBuilder","message":"Imported #7 / 0 tx / 0 pending / 0 (0.0%) gas / (0x8466df783f40ca8cf0e5d2851dee53956d21b935bd47b6fd6c476c5ba32fd0f2)","throwable":""}
{"timestamp":"2025-11-29T03:41:03,076","container":"4b911597a2ae","level":"INFO","thread":"EthScheduler-Workers-0","class":"PersistBlockTask","message":"Imported #8 / 0 tx / 0 om / 0 (0.0%) gas / (0xe8f11cfa04b781bd03e8ad2dd6091000befb631afcfbe4a047ff48b2a1b92042) in 0.008s. Peers: 7","throwable":""}
{"timestamp":"2025-11-29T03:41:08,036","container":"4b911597a2ae","level":"INFO","thread":"BftProcessorExecutor-QBFT-0","class":"QbftBesuControllerBuilder","message":"Produced #9 / 0 tx / 0 pending / 0 (0.0%) gas / (0x5cfcd5c0631eefa30f406a1e9018fb92a8729bce1ec1e7331a9abd9f05a80c99)","throwable":""}
{"timestamp":"2025-11-29T03:41:13,077","container":"4b911597a2ae","level":"INFO","thread":"EthScheduler-Workers-0","class":"PersistBlockTask","message":"Imported #10 / 0 tx / 0 om / 0 (0.0%) gas / (0xf5fec600dd85dec03895c7c2c3df05e9bf4de99e2488b4e3e318059fe5c4c037) in 0.013s. Peers: 7","throwable":""}
{"timestamp":"2025-11-29T03:41:13,093","container":"4b911597a2ae","level":"INFO","thread":"BftProcessorExecutor-QBFT-0","class":"QbftBesuControllerBuilder","message":"Imported #10 / 0 tx / 0 pending / 0 (0.0%) gas / (0xf5fec600dd85dec03895c7c2c3df05e9bf4de99e2488b4e3e318059fe5c4c037)","throwable":""}
{"timestamp":"2025-11-29T03:41:18,053","container":"4b911597a2ae","level":"INFO","thread":"BftProcessorExecutor-QBFT-0","class":"QbftBesuControllerBuilder","message":"Imported #11 / 0 tx / 0 pending / 0 (0.0%) gas / (0x2957e0a112351e2a4f9fd6c6be8ff918133b0f71ace8a1a3c20a805e3a0310a6)","throwable":""}
{"timestamp":"2025-11-29T03:41:23,046","container":"4b911597a2ae","level":"INFO","thread":"BftProcessorExecutor-QBFT-0","class":"QbftBesuControllerBuilder","message":"Imported #12 / 0 tx / 0 pending / 0 (0.0%) gas / (0x4f7dc09413ac8ff6d643d1cd1c75f20d691cad0c668b664f7fd2f940a1151713)","throwable":""}
{"timestamp":"2025-11-29T03:41:23,054","container":"4b911597a2ae","level":"INFO","thread":"EthScheduler-Workers-0","class":"PersistBlockTask","message":"Block 12 (0x4f7dc09413ac8ff6d643d1cd1c75f20d691cad0c668b664f7fd2f940a1151713) is already imported","throwable":""}
{"timestamp":"2025-11-29T03:41:28,038","container":"4b911597a2ae","level":"INFO","thread":"BftProcessorExecutor-QBFT-0","class":"QbftBesuControllerBuilder","message":"Produced #13 / 0 tx / 0 pending / 0 (0.0%) gas / (0x9bafd91a67c5a1d22d762be010f248502f17b15db961c1b965f4e69e5d774329)","throwable":""}
{"timestamp":"2025-11-29T03:41:33,038","container":"4b911597a2ae","level":"INFO","thread":"BftProcessorExecutor-QBFT-0","class":"QbftBesuControllerBuilder","message":"Imported #14 / 0 tx / 0 pending / 0 (0.0%) gas / (0xe896bc737e2d9824199edc4207f861cc38a9fb2348e9e14270a9545126a1fc91)","throwable":""}
{"timestamp":"2025-11-29T03:41:38,047","container":"4b911597a2ae","level":"INFO","thread":"BftProcessorExecutor-QBFT-0","class":"QbftBesuControllerBuilder","message":"Imported #15 / 0 tx / 0 pending / 0 (0.0%) gas / (0x277deb84860f038df7648e98bdd76ba481c6c68883f9a391fec8e769976b4960)","throwable":""}
{"timestamp":"2025-11-29T03:41:43,039","container":"4b911597a2ae","level":"INFO","thread":"EthScheduler-Workers-0","class":"PersistBlockTask","message":"Block 16 (0xfe5d81b519c6cc0133f6f180a14f6a6d2220a29c44d5d8be9a73b01065d03fa5) is already imported","throwable":""}
{"timestamp":"2025-11-29T03:41:43,044","container":"4b911597a2ae","level":"INFO","thread":"BftProcessorExecutor-QBFT-0","class":"QbftBesuControllerBuilder","message":"Imported #16 / 0 tx / 0 pending / 0 (0.0%) gas / (0xfe5d81b519c6cc0133f6f180a14f6a6d2220a29c44d5d8be9a73b01065d03fa5)","throwable":""}
{"timestamp":"2025-11-29T03:41:48,043","container":"4b911597a2ae","level":"INFO","thread":"EthScheduler-Workers-0","class":"PersistBlockTask","message":"Block 17 (0xe3d2e9b33ec5e1b268f6242b961399e95674ad2731fb78f3ea8669b3be9bfcc0) is already imported","throwable":""}
{"timestamp":"2025-11-29T03:41:48,049","container":"4b911597a2ae","level":"INFO","thread":"BftProcessorExecutor-QBFT-0","class":"QbftBesuControllerBuilder","message":"Produced #17 / 0 tx / 0 pending / 0 (0.0%) gas / (0xe3d2e9b33ec5e1b268f6242b961399e95674ad2731fb78f3ea8669b3be9bfcc0)","throwable":""}
{"timestamp":"2025-11-29T03:41:53,030","container":"4b911597a2ae","level":"INFO","thread":"BftProcessorExecutor-QBFT-0","class":"QbftBesuControllerBuilder","message":"Imported #18 / 0 tx / 0 pending / 0 (0.0%) gas / (0x65688b378a08c8fa1c460cf77239fb3cbb5f6319e7e30b0075c71141f2d03bc3)","throwable":""}
{"timestamp":"2025-11-29T03:41:58,034","container":"4b911597a2ae","level":"INFO","thread":"BftProcessorExecutor-QBFT-0","class":"QbftBesuControllerBuilder","message":"Imported #19 / 0 tx / 0 pending / 0 (0.0%) gas / (0x91a287d58ba1732e0c077063378e5dd8fe4c48f8cd266def1551dee3ad7ecc15)","throwable":""}
{"timestamp":"2025-11-29T03:41:58,038","container":"4b911597a2ae","level":"INFO","thread":"EthScheduler-Workers-0","class":"PersistBlockTask","message":"Block 19 (0x91a287d58ba1732e0c077063378e5dd8fe4c48f8cd266def1551dee3ad7ecc15) is already imported","throwable":""}
{"timestamp":"2025-11-29T03:42:03,024","container":"4b911597a2ae","level":"INFO","thread":"BftProcessorExecutor-QBFT-0","class":"QbftBesuControllerBuilder","message":"Imported #20 / 0 tx / 0 pending / 0 (0.0%) gas / (0xbbd604660f9423b10288cba0cd6a12941e3d126c36a46a67c2973756dc528dc9)","throwable":""}
{"timestamp":"2025-11-29T03:42:08,035","container":"4b911597a2ae","level":"INFO","thread":"BftProcessorExecutor-QBFT-0","class":"QbftBesuControllerBuilder","message":"Produced #21 / 0 tx / 0 pending / 0 (0.0%) gas / (0x07f0f4c136c45072f6d66656d11edb1a2568e21269a4af6bc7e05548f1f413b8)","throwable":""}
{"timestamp":"2025-11-29T03:42:08,043","container":"4b911597a2ae","level":"INFO","thread":"EthScheduler-Workers-0","class":"PersistBlockTask","message":"Block 21 (0x07f0f4c136c45072f6d66656d11edb1a2568e21269a4af6bc7e05548f1f413b8) is already imported","throwable":""}
{"timestamp":"2025-11-29T03:42:13,032","container":"4b911597a2ae","level":"INFO","thread":"BftProcessorExecutor-QBFT-0","class":"QbftBesuControllerBuilder","message":"Imported #22 / 0 tx / 0 pending / 0 (0.0%) gas / (0xb856fb426e26f7e660c6a147e972d6ea71eec3187bbeb7b42aaafe4abdf28f96)","throwable":""}
{"timestamp":"2025-11-29T03:42:18,047","container":"4b911597a2ae","level":"INFO","thread":"EthScheduler-Workers-0","class":"PersistBlockTask","message":"Block 23 (0x7367c846aaacd35498cc317bbd4ec5bf9fa9b5714f9cd3f93b8bbe9ff0cc1465) is already imported","throwable":""}
{"timestamp":"2025-11-29T03:42:18,051","container":"4b911597a2ae","level":"INFO","thread":"BftProcessorExecutor-QBFT-0","class":"QbftBesuControllerBuilder","message":"Imported #23 / 0 tx / 0 pending / 0 (0.0%) gas / (0x7367c846aaacd35498cc317bbd4ec5bf9fa9b5714f9cd3f93b8bbe9ff0cc1465)","throwable":""}
{"timestamp":"2025-11-29T03:42:23,036","container":"4b911597a2ae","level":"INFO","thread":"EthScheduler-Workers-0","class":"PersistBlockTask","message":"Imported #24 / 0 tx / 0 om / 0 (0.0%) gas / (0xa0592ff553d65c98f127f25248235c5280bfb03fd82275e5983adf534dd45b90) in 0.003s. Peers: 7","throwable":""}
{"timestamp":"2025-11-29T03:42:23,037","container":"4b911597a2ae","level":"INFO","thread":"BftProcessorExecutor-QBFT-0","class":"QbftBesuControllerBuilder","message":"Imported #24 / 0 tx / 0 pending / 0 (0.0%) gas / (0xa0592ff553d65c98f127f25248235c5280bfb03fd82275e5983adf534dd45b90)","throwable":""}
{"timestamp":"2025-11-29T03:42:28,029","container":"4b911597a2ae","level":"INFO","thread":"BftProcessorExecutor-QBFT-0","class":"QbftBesuControllerBuilder","message":"Produced #25 / 0 tx / 0 pending / 0 (0.0%) gas / (0x5a71f0bcf23db0e030db0ef4ca843cea1daca18ef4c3d6ae2d1fc925763f0c9e)","throwable":""}
{"timestamp":"2025-11-29T03:42:33,038","container":"4b911597a2ae","level":"INFO","thread":"EthScheduler-Workers-0","class":"PersistBlockTask","message":"Block 26 (0xde8e821fc0814c4fd9b494807607df7d7993e3e1b4d3ae4193ad8288357cce33) is already imported","throwable":""}
{"timestamp":"2025-11-29T03:42:33,039","container":"4b911597a2ae","level":"INFO","thread":"BftProcessorExecutor-QBFT-0","class":"QbftBesuControllerBuilder","message":"Imported #26 / 0 tx / 0 pending / 0 (0.0%) gas / (0xde8e821fc0814c4fd9b494807607df7d7993e3e1b4d3ae4193ad8288357cce33)","throwable":""}
{"timestamp":"2025-11-29T03:42:38,024","container":"4b911597a2ae","level":"INFO","thread":"BftProcessorExecutor-QBFT-0","class":"QbftBesuControllerBuilder","message":"Imported #27 / 0 tx / 0 pending / 0 (0.0%) gas / (0x83ca035314c7e70ca1b553cfdc475a46e9a4ba1044e1baa82880b7fc86d95e26)","throwable":""}
{"timestamp":"2025-11-29T03:42:43,029","container":"4b911597a2ae","level":"INFO","thread":"BftProcessorExecutor-QBFT-0","class":"QbftBesuControllerBuilder","message":"Imported #28 / 0 tx / 0 pending / 0 (0.0%) gas / (0x05a32fad2c1eab6d78ed7ce02e9d2d8c024cedcd420776d4a0a9c54145d12fad)","throwable":""}
{"timestamp":"2025-11-29T03:42:48,023","container":"4b911597a2ae","level":"INFO","thread":"BftProcessorExecutor-QBFT-0","class":"QbftBesuControllerBuilder","message":"Produced #29 / 0 tx / 0 pending / 0 (0.0%) gas / (0x9608981339972a8b75b2a0ce9380e9b4d388d0ecda482bc00083c9b0e4298f82)","throwable":""}
{"timestamp":"2025-11-29T03:42:53,002","container":"4b911597a2ae","level":"INFO","thread":"BftProcessorExecutor-QBFT-0","class":"BftProcessor","message":"Shutting down BFT event processor","throwable":""}
{"timestamp":"2025-11-29T03:42:53,004","container":"4b911597a2ae","level":"INFO","thread":"BesuCommand-Shutdown-Hook","class":"DefaultSynchronizer","message":"Stopping synchronizer","throwable":""}
{"timestamp":"2025-11-29T03:42:53,009","container":"4b911597a2ae","level":"INFO","thread":"BesuCommand-Shutdown-Hook","class":"NetworkRunner","message":"Stopping Network.","throwable":""}
{"timestamp":"2025-11-29T03:42:53,017","container":"4b911597a2ae","level":"INFO","thread":"BesuCommand-Shutdown-Hook","class":"EthProtocolManager","message":"Stopping eth Subprotocol.","throwable":""}
{"timestamp":"2025-11-29T03:42:53,019","container":"4b911597a2ae","level":"INFO","thread":"BesuCommand-Shutdown-Hook","class":"EthProtocolManager","message":"eth Subprotocol stopped.","throwable":""}
{"timestamp":"2025-11-29T03:42:53,019","container":"4b911597a2ae","level":"INFO","thread":"BesuCommand-Shutdown-Hook","class":"NetworkRunner","message":"Network stopped.","throwable":""}
{"timestamp":"2025-11-29T03:42:53,020","container":"4b911597a2ae","level":"INFO","thread":"BesuCommand-Shutdown-Hook","class":"AutoTransactionLogBloomCachingService","message":"Shutting down Auto transaction logs caching service.","throwable":""}
{"timestamp":"2025-11-29T03:42:53,021","container":"4b911597a2ae","level":"INFO","thread":"BesuCommand-Shutdown-Hook","class":"NatService","message":"No NAT environment detected so no service could be stopped","throwable":""}
