{"timestamp":"2025-11-29T03:16:45,104","container":"46d366024752","level":"INFO","thread":"main","class":"Besu","message":"Starting Besu","throwable":""}
{"timestamp":"2025-11-29T03:16:46,210","container":"46d366024752","level":"WARN","thread":"main","class":"Besu","message":"--min-gas-price has been ignored because --miner-enabled was not defined on the command line.","throwable":""}
{"timestamp":"2025-11-29T03:16:48,096","container":"46d366024752","level":"INFO","thread":"main","class":"Besu","message":"
####################################################################################################
#                                                                                                  #
# Besu version 23.4.1                                                                              #
#                                                                                                  #
# Configuration:                                                                                   #
# Network: Custom genesis file specified                                                           #
# Network Id: 1337                                                                                 #
# Data storage: Forest                                                                             #
# Sync mode: Full                                                                                  #
# RPC HTTP APIs: EEA,WEB3,ETH,NET,TRACE,DEBUG,ADMIN,TXPOOL,PRIV,PERM,QBFT                          #
# RPC HTTP port: 8545                                                                              #
#                                                                                                  #
# Host:                                                                                            #
# Java: openjdk-java-17                                                                            #
# Maximum heap size: 3.81 GB                                                                       #
# OS: linux-x86_64                                                                                 #
# glibc: 2.35                                                                                      #
# jemalloc: 5.2.1-0-gea6b3e973b477b8061e0076bb257dbd7f3faa756                                      #
# Total memory: 15.25 GB                                                                           #
# CPU cores: 16                                                                                    #
#                                                                                                  #
####################################################################################################","throwable":""}
{"timestamp":"2025-11-29T03:16:48,096","container":"46d366024752","level":"INFO","thread":"main","class":"Besu","message":"Connecting to 8 static nodes.","throwable":""}
{"timestamp":"2025-11-29T03:16:48,097","container":"46d366024752","level":"INFO","thread":"main","class":"Besu","message":"Security Module: localfile","throwable":""}
{"timestamp":"2025-11-29T03:16:48,258","container":"46d366024752","level":"INFO","thread":"main","class":"Besu","message":"Using the native implementation of alt bn128","throwable":""}
{"timestamp":"2025-11-29T03:16:48,376","container":"46d366024752","level":"INFO","thread":"main","class":"Besu","message":"Using the native implementation of modexp","throwable":""}
{"timestamp":"2025-11-29T03:16:48,377","container":"46d366024752","level":"INFO","thread":"main","class":"Besu","message":"Using the native implementation of the signature algorithm","throwable":""}
{"timestamp":"2025-11-29T03:16:48,386","container":"46d366024752","level":"INFO","thread":"main","class":"Besu","message":"Using the native implementation of the blake2bf algorithm","throwable":""}
{"timestamp":"2025-11-29T03:16:48,430","container":"46d366024752","level":"INFO","thread":"main","class":"RocksDBKeyValueStorageFactory","message":"No existing database detected at /opt/besu/data. Using version 1","throwable":""}
{"timestamp":"2025-11-29T03:16:50,717","container":"46d366024752","level":"INFO","thread":"main","class":"KeyPairUtil","message":"Loaded public key 0xaf19c92deb635bd7720634de9b2e7908208530d6f5e96eee003a8f1799e5be4037957d7e2fdbe3605e3a38dab05c961679c02133a0e624e23a72f7961e8af6ac from /opt/besu/keys/nodekey","throwable":""}
{"timestamp":"2025-11-29T03:16:50,738","container":"46d366024752","level":"INFO","thread":"main","class":"RocksDBKeyValuePrivacyStorageFactory","message":"No existing private database detected at /opt/besu/data. Using version 1","throwable":""}
{"timestamp":"2025-11-29T03:16:51,343","container":"46d366024752","level":"INFO","thread":"main","class":"ProtocolScheduleBuilder","message":"Protocol schedule created with milestones: [GrayGlacier: 0]","throwable":""}
{"timestamp":"2025-11-29T03:16:51,783","container":"46d366024752","level":"INFO","thread":"main","class":"TransactionPoolFactory","message":"Enabling transaction pool","throwable":""}
{"timestamp":"2025-11-29T03:16:51,808","container":"46d366024752","level":"INFO","thread":"main","class":"BesuControllerBuilder","message":"TTD difficulty is not present, creating initial sync phase for PoW","throwable":""}
{"timestamp":"2025-11-29T03:16:51,995","container":"46d366024752","level":"INFO","thread":"main","class":"RunnerBuilder","message":"Detecting NAT service.","throwable":""}
{"timestamp":"2025-11-29T03:16:53,809","container":"46d366024752","level":"INFO","thread":"main","class":"Runner","message":"Starting external services ... ","throwable":""}
{"timestamp":"2025-11-29T03:16:53,810","container":"46d366024752","level":"INFO","thread":"main","class":"MetricsHttpService","message":"Starting metrics http service on 0.0.0.0:9545","throwable":""}
{"timestamp":"2025-11-29T03:16:54,471","container":"46d366024752","level":"INFO","thread":"vert.x-eventloop-thread-2","class":"MetricsHttpService","message":"Metrics service started and listening on 0.0.0.0:9545","throwable":""}
{"timestamp":"2025-11-29T03:16:54,471","container":"46d366024752","level":"INFO","thread":"main","class":"JsonRpcHttpService","message":"Starting JSON-RPC service on 0.0.0.0:8545","throwable":""}
{"timestamp":"2025-11-29T03:16:54,511","container":"46d366024752","level":"INFO","thread":"vert.x-eventloop-thread-2","class":"JsonRpcHttpService","message":"JSON-RPC service started and listening on 0.0.0.0:8545","throwable":""}
{"timestamp":"2025-11-29T03:16:54,516","container":"46d366024752","level":"INFO","thread":"main","class":"GraphQLHttpService","message":"Starting GraphQL HTTP service on 0.0.0.0:8547","throwable":""}
{"timestamp":"2025-11-29T03:16:54,560","container":"46d366024752","level":"INFO","thread":"vert.x-eventloop-thread-2","class":"GraphQLHttpService","message":"GraphQL HTTP service started and listening on 0.0.0.0:8547","throwable":""}
{"timestamp":"2025-11-29T03:16:54,561","container":"46d366024752","level":"INFO","thread":"main","class":"WebSocketService","message":"Starting Websocket service on 0.0.0.0:8546","throwable":""}
{"timestamp":"2025-11-29T03:16:54,583","container":"46d366024752","level":"INFO","thread":"vert.x-eventloop-thread-2","class":"WebSocketService","message":"Websocket service started and listening on 0.0.0.0:8546","throwable":""}
{"timestamp":"2025-11-29T03:16:54,587","container":"46d366024752","level":"INFO","thread":"main","class":"AutoTransactionLogBloomCachingService","message":"Starting auto transaction log bloom caching service.","throwable":""}
{"timestamp":"2025-11-29T03:16:54,589","container":"46d366024752","level":"INFO","thread":"main","class":"LogBloomCacheMetadata","message":"Lookup cache metadata file in data directory: /opt/besu/data/caches","throwable":""}
{"timestamp":"2025-11-29T03:16:54,618","container":"46d366024752","level":"INFO","thread":"main","class":"Runner","message":"Starting Ethereum main loop ... ","throwable":""}
{"timestamp":"2025-11-29T03:16:54,619","container":"46d366024752","level":"INFO","thread":"main","class":"NatService","message":"No NAT environment detected so no service could be started","throwable":""}
{"timestamp":"2025-11-29T03:16:54,620","container":"46d366024752","level":"INFO","thread":"main","class":"NetworkRunner","message":"Starting Network.","throwable":""}
{"timestamp":"2025-11-29T03:16:54,638","container":"46d366024752","level":"INFO","thread":"nioEventLoopGroup-2-1","class":"RlpxAgent","message":"P2P RLPx agent started and listening on /[0:0:0:0:0:0:0:0]:30303.","throwable":""}
{"timestamp":"2025-11-29T03:16:54,640","container":"46d366024752","level":"INFO","thread":"main","class":"PeerDiscoveryAgent","message":"Starting peer discovery agent on host=0.0.0.0, port=30303","throwable":""}
{"timestamp":"2025-11-29T03:16:54,665","container":"46d366024752","level":"INFO","thread":"vert.x-eventloop-thread-2","class":"VertxPeerDiscoveryAgent","message":"Started peer discovery agent successfully, on effective host=0:0:0:0:0:0:0:0%0 and port=30303","throwable":""}
{"timestamp":"2025-11-29T03:16:54,667","container":"46d366024752","level":"INFO","thread":"vert.x-eventloop-thread-2","class":"PeerDiscoveryAgent","message":"P2P peer discovery agent started and listening on /[0:0:0:0:0:0:0:0%0]:30303","throwable":""}
{"timestamp":"2025-11-29T03:16:54,725","container":"46d366024752","level":"INFO","thread":"vert.x-eventloop-thread-2","class":"PeerDiscoveryAgent","message":"Writing node record to disk. NodeRecord{seq=1, publicKey=0x02af19c92deb635bd7720634de9b2e7908208530d6f5e96eee003a8f1799e5be40, udpAddress=Optional[/172.16.239.18:30303], tcpAddress=Optional[/172.16.239.18:30303], asBase64=-Je4QHwwDIJN0ogoF2PVInu1l55Kopvpz1dE31K3OCQuBNqgDuc3K2iXE8AQ6mi2hIgl-HO70HRayzeOJa3ESjWQncQBg2V0aMfGhEqC0IOAgmlkgnY0gmlwhKwQ7xKJc2VjcDI1NmsxoQKvGckt62Nb13IGNN6bLnkIIIUw1vXpbu4AOo8XmeW-QIN0Y3CCdl-DdWRwgnZf, nodeId=0x7bdd9cf0154c19f388ab92cf401bdfcd9221cd790e7cd66eece303ed4d4b53b1, customFields={tcp=30303, udp=30303, ip=0xac10ef12, eth=[[0x4a82d083, 0x]], id=V4, secp256k1=0x02af19c92deb635bd7720634de9b2e7908208530d6f5e96eee003a8f1799e5be40}}","throwable":""}
{"timestamp":"2025-11-29T03:16:54,797","container":"46d366024752","level":"INFO","thread":"main","class":"DefaultP2PNetwork","message":"Enode URL enode://af19c92deb635bd7720634de9b2e7908208530d6f5e96eee003a8f1799e5be4037957d7e2fdbe3605e3a38dab05c961679c02133a0e624e23a72f7961e8af6ac@172.16.239.18:30303","throwable":""}
{"timestamp":"2025-11-29T03:16:54,801","container":"46d366024752","level":"INFO","thread":"main","class":"DefaultP2PNetwork","message":"Node address 0x401bdfcd9221cd790e7cd66eece303ed4d4b53b1","throwable":""}
{"timestamp":"2025-11-29T03:16:54,980","container":"46d366024752","level":"INFO","thread":"main","class":"NetworkRunner","message":"Supported capabilities: [eth/62, eth/63, eth/64, eth/65, eth/66, eth/67, eth/68], [istanbul/100], [snap/1]","throwable":""}
{"timestamp":"2025-11-29T03:16:54,980","container":"46d366024752","level":"INFO","thread":"main","class":"DefaultSynchronizer","message":"Starting synchronizer.","throwable":""}
{"timestamp":"2025-11-29T03:16:54,998","container":"46d366024752","level":"INFO","thread":"main","class":"TransactionPoolFactory","message":"Enabling transaction handling following initial sync","throwable":""}
{"timestamp":"2025-11-29T03:16:55,001","container":"46d366024752","level":"INFO","thread":"main","class":"FullSyncDownloader","message":"Starting full sync.","throwable":""}
{"timestamp":"2025-11-29T03:16:55,001","container":"46d366024752","level":"INFO","thread":"main","class":"FullSyncTargetManager","message":"Unable to find sync target. Currently checking 0 peers for usefulness","throwable":""}
{"timestamp":"2025-11-29T03:16:55,040","container":"46d366024752","level":"INFO","thread":"main","class":"Runner","message":"Ethereum main loop is up.","throwable":""}
{"timestamp":"2025-11-29T03:16:55,364","container":"46d366024752","level":"INFO","thread":"nioEventLoopGroup-3-4","class":"FullSyncTargetManager","message":"Unable to find sync target. Currently checking 4 peers for usefulness","throwable":""}
{"timestamp":"2025-11-29T03:16:55,863","container":"46d366024752","level":"INFO","thread":"nioEventLoopGroup-3-9","class":"FullSyncTargetManager","message":"Unable to find sync target. Currently checking 5 peers for usefulness","throwable":""}
{"timestamp":"2025-11-29T03:16:56,205","container":"46d366024752","level":"INFO","thread":"nioEventLoopGroup-3-10","class":"FullSyncTargetManager","message":"Unable to find sync target. Currently checking 6 peers for usefulness","throwable":""}
{"timestamp":"2025-11-29T03:16:56,578","container":"46d366024752","level":"INFO","thread":"nioEventLoopGroup-3-1","class":"FullSyncTargetManager","message":"Unable to find sync target. Currently checking 7 peers for usefulness","throwable":""}
{"timestamp":"2025-11-29T03:17:01,583","container":"46d366024752","level":"INFO","thread":"EthScheduler-Timer-0","class":"FullSyncTargetManager","message":"Unable to find sync target. Currently checking 7 peers for usefulness","throwable":""}
{"timestamp":"2025-11-29T03:17:04,070","container":"46d366024752","level":"INFO","thread":"EthScheduler-Workers-0","class":"PersistBlockTask","message":"Imported #1 / 0 tx / 0 om / 0 (0.0%) gas / (0x1a7b2f850b009684bf3233d4a801d3b8ecc0132ea9e826666300819fc6c9ee40) in 0.048s. Peers: 7","throwable":""}
{"timestamp":"2025-11-29T03:17:06,585","container":"46d366024752","level":"INFO","thread":"EthScheduler-Timer-0","class":"FullSyncTargetManager","message":"Unable to find sync target. Currently checking 7 peers for usefulness","throwable":""}
{"timestamp":"2025-11-29T03:17:08,051","container":"46d366024752","level":"INFO","thread":"EthScheduler-Workers-0","class":"PersistBlockTask","message":"Imported #2 / 0 tx / 0 om / 0 (0.0%) gas / (0x638bf3848802ab458713065b716834b733d08826a2b7e91b484692286b52db42) in 0.004s. Peers: 7","throwable":""}
{"timestamp":"2025-11-29T03:17:13,068","container":"46d366024752","level":"INFO","thread":"EthScheduler-Workers-0","class":"PersistBlockTask","message":"Imported #3 / 0 tx / 0 om / 0 (0.0%) gas / (0x56466d3fa4c2ac27f4f4c22c59b4b36a572e2bdef3c1ef9949fa2ae25d54e2fb) in 0.005s. Peers: 7","throwable":""}
{"timestamp":"2025-11-29T03:17:18,036","container":"46d366024752","level":"INFO","thread":"EthScheduler-Workers-0","class":"PersistBlockTask","message":"Imported #4 / 0 tx / 0 om / 0 (0.0%) gas / (0xe20831f762cb454866517762a830634bbbfb2db7dfe75757338191642c997b86) in 0.005s. Peers: 7","throwable":""}
{"timestamp":"2025-11-29T03:17:23,032","container":"46d366024752","level":"INFO","thread":"EthScheduler-Workers-0","class":"PersistBlockTask","message":"Imported #5 / 0 tx / 0 om / 0 (0.0%) gas / (0x62267968bbcababd925c3ba02d2e3d801a6ef7148623db5e4afe47f39661d6bd) in 0.003s. Peers: 7","throwable":""}
{"timestamp":"2025-11-29T03:17:28,050","container":"46d366024752","level":"INFO","thread":"EthScheduler-Workers-0","class":"PersistBlockTask","message":"Imported #6 / 0 tx / 0 om / 0 (0.0%) gas / (0x9f349f3759ce69ad8976cd7be99866bbd3cfeac184910cbb6b1ac6ded4957811) in 0.006s. Peers: 7","throwable":""}
{"timestamp":"2025-11-29T03:17:33,034","container":"46d366024752","level":"INFO","thread":"EthScheduler-Workers-0","class":"PersistBlockTask","message":"Imported #7 / 0 tx / 0 om / 0 (0.0%) gas / (0xefd707cf7f81b601c3d893924dd48da6ed3224a788ef4a336f38427c8c0366ef) in 0.003s. Peers: 7","throwable":""}
{"timestamp":"2025-11-29T03:17:38,051","container":"46d366024752","level":"INFO","thread":"EthScheduler-Workers-0","class":"PersistBlockTask","message":"Imported #8 / 0 tx / 0 om / 0 (0.0%) gas / (0x084b5000a6a0be5d3bae99b53603349c43091c2bad00c11f283fc84dd8c5e025) in 0.007s. Peers: 7","throwable":""}
{"timestamp":"2025-11-29T03:17:43,073","container":"46d366024752","level":"INFO","thread":"EthScheduler-Workers-0","class":"PersistBlockTask","message":"Imported #9 / 0 tx / 0 om / 0 (0.0%) gas / (0xd76d3f5e0727904ba5a8ddbf1cb026a1ab9d7e91725daf0cc84bb76d400d7116) in 0.004s. Peers: 7","throwable":""}
{"timestamp":"2025-11-29T03:17:48,048","container":"46d366024752","level":"INFO","thread":"EthScheduler-Workers-0","class":"PersistBlockTask","message":"Imported #10 / 0 tx / 0 om / 0 (0.0%) gas / (0x2db07038b0f57064576a9a4070509f206a88785efbb9f796ef1fdd5566b28ae8) in 0.014s. Peers: 7","throwable":""}
{"timestamp":"2025-11-29T03:17:53,063","container":"46d366024752","level":"INFO","thread":"EthScheduler-Workers-0","class":"PersistBlockTask","message":"Imported #11 / 0 tx / 0 om / 0 (0.0%) gas / (0xb93e599f913ab8a9e1fb4f056d368846ac9294fec10decd76936e0affb7c29c6) in 0.008s. Peers: 7","throwable":""}
{"timestamp":"2025-11-29T03:17:58,049","container":"46d366024752","level":"INFO","thread":"EthScheduler-Workers-0","class":"PersistBlockTask","message":"Imported #12 / 0 tx / 0 om / 0 (0.0%) gas / (0xe68364d0cdaf39b1e32a97e3867ba77b6168a9a0c8335829fbef5662860229e4) in 0.013s. Peers: 7","throwable":""}
{"timestamp":"2025-11-29T03:18:03,043","container":"46d366024752","level":"INFO","thread":"EthScheduler-Workers-0","class":"PersistBlockTask","message":"Imported #13 / 0 tx / 0 om / 0 (0.0%) gas / (0xc32c099e98ce961af4bef91882d12a8696d1ae268bad5f03bbfa0d0df1c5a862) in 0.006s. Peers: 7","throwable":""}
{"timestamp":"2025-11-29T03:18:08,053","container":"46d366024752","level":"INFO","thread":"EthScheduler-Workers-0","class":"PersistBlockTask","message":"Imported #14 / 0 tx / 0 om / 0 (0.0%) gas / (0x27d00c2e818b179bd61d080e1bc52622cc62a6797f9b8dce30fffe9bd2f1df0c) in 0.009s. Peers: 7","throwable":""}
{"timestamp":"2025-11-29T03:18:13,053","container":"46d366024752","level":"INFO","thread":"EthScheduler-Workers-0","class":"PersistBlockTask","message":"Imported #15 / 0 tx / 0 om / 0 (0.0%) gas / (0xf60cc474d2a4f8f992b765486546da02d64130c0db41ee0f426ca741dc419855) in 0.006s. Peers: 7","throwable":""}
{"timestamp":"2025-11-29T03:18:18,035","container":"46d366024752","level":"INFO","thread":"EthScheduler-Workers-0","class":"PersistBlockTask","message":"Imported #16 / 0 tx / 0 om / 0 (0.0%) gas / (0x13e0f66e8d16fa038125dc5bca71af937a18817cbcfa21c5b49ef9989010f3cb) in 0.007s. Peers: 7","throwable":""}
{"timestamp":"2025-11-29T03:18:23,060","container":"46d366024752","level":"INFO","thread":"EthScheduler-Workers-0","class":"PersistBlockTask","message":"Imported #17 / 0 tx / 0 om / 0 (0.0%) gas / (0x1bf58174cc117206a16d7cae9dee14015a5cd6512f26d514c80a9cdc35e6671d) in 0.035s. Peers: 7","throwable":""}
{"timestamp":"2025-11-29T03:18:28,045","container":"46d366024752","level":"INFO","thread":"EthScheduler-Workers-0","class":"PersistBlockTask","message":"Imported #18 / 0 tx / 0 om / 0 (0.0%) gas / (0x65c0833fcdac195f38f3a99d5a79a9978f62a996c10b93865c5630ca6029ec46) in 0.004s. Peers: 7","throwable":""}
{"timestamp":"2025-11-29T03:18:33,055","container":"46d366024752","level":"INFO","thread":"EthScheduler-Workers-0","class":"PersistBlockTask","message":"Imported #19 / 0 tx / 0 om / 0 (0.0%) gas / (0xe777f6c8f08189eeb5bac521bcb8ddf5b2c0e1f552963266dc5c87d9dc10fd46) in 0.016s. Peers: 7","throwable":""}
{"timestamp":"2025-11-29T03:18:38,046","container":"46d366024752","level":"INFO","thread":"EthScheduler-Workers-0","class":"PersistBlockTask","message":"Imported #20 / 0 tx / 0 om / 0 (0.0%) gas / (0x7643d7ff14d86d0dce95b8e5bf5ccb0b54959bb27c3a0982b2bf8a2779118898) in 0.008s. Peers: 7","throwable":""}
{"timestamp":"2025-11-29T03:18:43,042","container":"46d366024752","level":"INFO","thread":"EthScheduler-Workers-0","class":"PersistBlockTask","message":"Imported #21 / 0 tx / 0 om / 0 (0.0%) gas / (0x4c1e0c664d3cddf8df73f1c57d43ee518dfced0f22f656df06f85c5098c53f93) in 0.011s. Peers: 7","throwable":""}
{"timestamp":"2025-11-29T03:18:48,039","container":"46d366024752","level":"INFO","thread":"EthScheduler-Workers-0","class":"PersistBlockTask","message":"Imported #22 / 0 tx / 0 om / 0 (0.0%) gas / (0x52888d6564577f9280dc07513100c06206e3bbb1161d9d11c819c35c9a6da3e4) in 0.004s. Peers: 7","throwable":""}
{"timestamp":"2025-11-29T03:18:53,047","container":"46d366024752","level":"INFO","thread":"EthScheduler-Workers-0","class":"PersistBlockTask","message":"Imported #23 / 0 tx / 0 om / 0 (0.0%) gas / (0xe5497a2effff50f19c576a1896d65a7c7bd18901e5875dcf5ff2a8630464a0ca) in 0.013s. Peers: 7","throwable":""}
{"timestamp":"2025-11-29T03:18:58,026","container":"46d366024752","level":"INFO","thread":"EthScheduler-Workers-0","class":"PersistBlockTask","message":"Imported #24 / 0 tx / 0 om / 0 (0.0%) gas / (0x3f8bd903cb8f75bac09a9cd8bbdbadd1e19ea117b36a0615e74b69cb82c1e0d3) in 0.005s. Peers: 7","throwable":""}
{"timestamp":"2025-11-29T03:19:03,025","container":"46d366024752","level":"INFO","thread":"EthScheduler-Workers-0","class":"PersistBlockTask","message":"Imported #25 / 0 tx / 0 om / 0 (0.0%) gas / (0x4395aa4d0243f0d52fc3189935eb6865b2409429a21a7ae01235cc4b6687a66b) in 0.004s. Peers: 7","throwable":""}
{"timestamp":"2025-11-29T03:19:08,033","container":"46d366024752","level":"INFO","thread":"EthScheduler-Workers-0","class":"PersistBlockTask","message":"Imported #26 / 0 tx / 0 om / 0 (0.0%) gas / (0x933db19ca12230df3109330878a21d27d3397483ed65a27c8ce7510d564902db) in 0.008s. Peers: 7","throwable":""}
{"timestamp":"2025-11-29T03:19:13,033","container":"46d366024752","level":"INFO","thread":"EthScheduler-Workers-0","class":"PersistBlockTask","message":"Imported #27 / 0 tx / 0 om / 0 (0.0%) gas / (0x69adae10be79eadc02c86c1d93073f93bcab4d9c8b0979fe2821aa3b3860866b) in 0.006s. Peers: 7","throwable":""}
{"timestamp":"2025-11-29T03:19:18,032","container":"46d366024752","level":"INFO","thread":"EthScheduler-Workers-0","class":"PersistBlockTask","message":"Imported #28 / 0 tx / 0 om / 0 (0.0%) gas / (0xbe5090beb9fca5b1babd9c6eef753c5a072b774a2086731c6e4731ffbff67f95) in 0.004s. Peers: 7","throwable":""}
{"timestamp":"2025-11-29T03:19:23,027","container":"46d366024752","level":"INFO","thread":"EthScheduler-Workers-0","class":"PersistBlockTask","message":"Imported #29 / 0 tx / 0 om / 0 (0.0%) gas / (0x8d351159de71c8879e7e1d614b0f64fdc5414e4666869fcd3d600689c10f24ce) in 0.004s. Peers: 7","throwable":""}
{"timestamp":"2025-11-29T03:19:28,036","container":"46d366024752","level":"INFO","thread":"EthScheduler-Workers-0","class":"PersistBlockTask","message":"Imported #30 / 0 tx / 0 om / 0 (0.0%) gas / (0x27eea6844f479e311b704b4a0ce393e2ac4d982ef28b7d748b2215bf1ab84311) in 0.005s. Peers: 7","throwable":""}
{"timestamp":"2025-11-29T03:19:33,036","container":"46d366024752","level":"INFO","thread":"EthScheduler-Workers-0","class":"PersistBlockTask","message":"Imported #31 / 0 tx / 0 om / 0 (0.0%) gas / (0x21e3071ee9a637d331a20f3fd4fac96fb872e2880a993082d5b0181093a7d772) in 0.011s. Peers: 7","throwable":""}
{"timestamp":"2025-11-29T03:19:38,038","container":"46d366024752","level":"INFO","thread":"EthScheduler-Workers-0","class":"PersistBlockTask","message":"Imported #32 / 0 tx / 0 om / 0 (0.0%) gas / (0x04c7bcf376c065c7bc19611111869c10dacf4ae9f6117c2210ee7ed0415713b5) in 0.010s. Peers: 7","throwable":""}
{"timestamp":"2025-11-29T03:19:43,046","container":"46d366024752","level":"INFO","thread":"EthScheduler-Workers-0","class":"PersistBlockTask","message":"Imported #33 / 0 tx / 0 om / 0 (0.0%) gas / (0xe6dfb6fcbb583fe7247053a521f1b5be88141d3bdeb638d6cd9726cde132f883) in 0.007s. Peers: 7","throwable":""}
{"timestamp":"2025-11-29T03:19:48,029","container":"46d366024752","level":"INFO","thread":"EthScheduler-Workers-0","class":"PersistBlockTask","message":"Imported #34 / 0 tx / 0 om / 0 (0.0%) gas / (0x84a505157e7135ef84e273a58a96c2a362d332b8399d6267e55c6d2300bc32ff) in 0.006s. Peers: 7","throwable":""}
{"timestamp":"2025-11-29T03:19:53,026","container":"46d366024752","level":"INFO","thread":"EthScheduler-Workers-0","class":"PersistBlockTask","message":"Imported #35 / 0 tx / 0 om / 0 (0.0%) gas / (0xb1822de98a6aa30c09004856c3f14c0ede0e19b963dbbf2de3c0802cbf00a092) in 0.003s. Peers: 7","throwable":""}
{"timestamp":"2025-11-29T03:19:58,044","container":"46d366024752","level":"INFO","thread":"EthScheduler-Workers-0","class":"PersistBlockTask","message":"Imported #36 / 0 tx / 0 om / 0 (0.0%) gas / (0x2064b8abc20f53d2425dabf01e0ec287bf86380e2c304aea856687197e3be60b) in 0.012s. Peers: 7","throwable":""}
{"timestamp":"2025-11-29T03:20:03,033","container":"46d366024752","level":"INFO","thread":"EthScheduler-Workers-0","class":"PersistBlockTask","message":"Imported #37 / 0 tx / 0 om / 0 (0.0%) gas / (0xb42a7e08a84e0b812d2dc62658fd70411fa675e56ac9ca8c59a1aee4950ad0a0) in 0.005s. Peers: 7","throwable":""}
{"timestamp":"2025-11-29T03:20:08,042","container":"46d366024752","level":"INFO","thread":"EthScheduler-Workers-0","class":"PersistBlockTask","message":"Imported #38 / 0 tx / 0 om / 0 (0.0%) gas / (0x7e2b6b5641d0cd7034f005e565d297383c3a61fc615e391fd6a44f5b82fa9969) in 0.005s. Peers: 7","throwable":""}
{"timestamp":"2025-11-29T03:20:13,026","container":"46d366024752","level":"INFO","thread":"EthScheduler-Workers-0","class":"PersistBlockTask","message":"Imported #39 / 0 tx / 0 om / 0 (0.0%) gas / (0x4c678e8ec79009e837f99c9fe59ad014393d7f2eea04b241ad2cc0ed0a4fbd2f) in 0.005s. Peers: 7","throwable":""}
{"timestamp":"2025-11-29T03:20:18,043","container":"46d366024752","level":"INFO","thread":"EthScheduler-Workers-0","class":"PersistBlockTask","message":"Imported #40 / 0 tx / 0 om / 0 (0.0%) gas / (0x5ef8997968ee29165e857001326fbfaeec4f0bf0235fe944cbceca0d9013defb) in 0.009s. Peers: 7","throwable":""}
{"timestamp":"2025-11-29T03:20:23,029","container":"46d366024752","level":"INFO","thread":"EthScheduler-Workers-0","class":"PersistBlockTask","message":"Imported #41 / 0 tx / 0 om / 0 (0.0%) gas / (0x8ef6982cbd19a3f529dcec85ac9168fc53998f953b8e45f9000d573889395548) in 0.005s. Peers: 7","throwable":""}
{"timestamp":"2025-11-29T03:20:28,028","container":"46d366024752","level":"INFO","thread":"EthScheduler-Workers-0","class":"PersistBlockTask","message":"Imported #42 / 0 tx / 0 om / 0 (0.0%) gas / (0x12e1f7de79353dbad961913cd23d108ec3afcf93d26490ddc56e8f3e55e283d9) in 0.003s. Peers: 7","throwable":""}
{"timestamp":"2025-11-29T03:20:33,031","container":"46d366024752","level":"INFO","thread":"EthScheduler-Workers-0","class":"PersistBlockTask","message":"Imported #43 / 0 tx / 0 om / 0 (0.0%) gas / (0x1da49839f332931b60754da5e196a90150271399b2b7d419f67752dcb31e8fe5) in 0.012s. Peers: 7","throwable":""}
{"timestamp":"2025-11-29T03:20:38,027","container":"46d366024752","level":"INFO","thread":"EthScheduler-Workers-0","class":"PersistBlockTask","message":"Imported #44 / 0 tx / 0 om / 0 (0.0%) gas / (0xe94adeae34f99fda92068d53961c6ee16f6af7cc7a7dfa26ce9e72399278721a) in 0.005s. Peers: 7","throwable":""}
{"timestamp":"2025-11-29T03:20:43,210","container":"46d366024752","level":"INFO","thread":"EthScheduler-Workers-0","class":"PersistBlockTask","message":"Imported #45 / 1 tx / 0 om / 2,351,475 (14.5%) gas / (0x8ef8fce5e0321ac56461bce3c16345831a212e093529384afb9135c725f6d91b) in 0.075s. Peers: 7","throwable":""}
{"timestamp":"2025-11-29T03:20:48,033","container":"46d366024752","level":"INFO","thread":"EthScheduler-Workers-0","class":"PersistBlockTask","message":"Imported #46 / 0 tx / 0 om / 0 (0.0%) gas / (0x0fbf8e7470e4ebe75401590c1832d70f8d0ad4119981cf50606d0ae7eb0055b0) in 0.004s. Peers: 7","throwable":""}
{"timestamp":"2025-11-29T03:20:53,030","container":"46d366024752","level":"INFO","thread":"EthScheduler-Workers-0","class":"PersistBlockTask","message":"Imported #47 / 0 tx / 0 om / 0 (0.0%) gas / (0xbc2214fdfd1c60d9faaa3f23ac9fc253d98c6c6cbb49586ef049b99195aa6c09) in 0.009s. Peers: 7","throwable":""}
{"timestamp":"2025-11-29T03:20:58,034","container":"46d366024752","level":"INFO","thread":"EthScheduler-Workers-0","class":"PersistBlockTask","message":"Imported #48 / 0 tx / 0 om / 0 (0.0%) gas / (0x563222ee83a5a234ed290cf320c0043e1971f0171b2fb55ed02c0606af4afb39) in 0.006s. Peers: 7","throwable":""}
{"timestamp":"2025-11-29T03:21:03,026","container":"46d366024752","level":"INFO","thread":"EthScheduler-Workers-0","class":"PersistBlockTask","message":"Imported #49 / 0 tx / 0 om / 0 (0.0%) gas / (0xa59012d70faed2ce7af9ebc13330d2a8d14c0cb82e360a3ae9ccd7fb25ae5899) in 0.003s. Peers: 7","throwable":""}
{"timestamp":"2025-11-29T03:21:08,043","container":"46d366024752","level":"INFO","thread":"EthScheduler-Workers-0","class":"PersistBlockTask","message":"Imported #50 / 0 tx / 0 om / 0 (0.0%) gas / (0x072114f7ffc639683222af541fc7a1806cfdf41a60f4db4c1a80571f3442e111) in 0.014s. Peers: 7","throwable":""}
{"timestamp":"2025-11-29T03:21:13,026","container":"46d366024752","level":"INFO","thread":"EthScheduler-Workers-0","class":"PersistBlockTask","message":"Imported #51 / 0 tx / 0 om / 0 (0.0%) gas / (0xd66744070d80da64cb5c373c07a22a90c5a754bbf67f13fb581470474ffc6f5c) in 0.003s. Peers: 7","throwable":""}
{"timestamp":"2025-11-29T03:21:18,042","container":"46d366024752","level":"INFO","thread":"EthScheduler-Workers-0","class":"PersistBlockTask","message":"Imported #52 / 0 tx / 0 om / 0 (0.0%) gas / (0x56f086d12b564c15f9594d16ee69fc272129d6ec65a7f93e61d999491247a9a9) in 0.017s. Peers: 7","throwable":""}
{"timestamp":"2025-11-29T03:21:23,028","container":"46d366024752","level":"INFO","thread":"EthScheduler-Workers-0","class":"PersistBlockTask","message":"Imported #53 / 0 tx / 0 om / 0 (0.0%) gas / (0x2960c73cafd97662ddb8a04410391eff9433d52a52c6c82a904f9e51608c927c) in 0.003s. Peers: 7","throwable":""}
{"timestamp":"2025-11-29T03:21:28,036","container":"46d366024752","level":"INFO","thread":"EthScheduler-Workers-0","class":"PersistBlockTask","message":"Imported #54 / 0 tx / 0 om / 0 (0.0%) gas / (0x1bf371a6b33a6bf9639edfc43b91e530699b5a3929a091ea78c1b06d79329d05) in 0.007s. Peers: 7","throwable":""}
{"timestamp":"2025-11-29T03:21:33,035","container":"46d366024752","level":"INFO","thread":"EthScheduler-Workers-0","class":"PersistBlockTask","message":"Imported #55 / 0 tx / 0 om / 0 (0.0%) gas / (0x0626d55a02c085112e84a374c3a11cd5f3b6bfdfc406bf1306034d8b4395b6c8) in 0.006s. Peers: 7","throwable":""}
{"timestamp":"2025-11-29T03:21:38,031","container":"46d366024752","level":"INFO","thread":"EthScheduler-Workers-0","class":"PersistBlockTask","message":"Imported #56 / 0 tx / 0 om / 0 (0.0%) gas / (0x8cc65606bf517cefaf75979c86f96179f7a104e764c9264458a79175ad77e95c) in 0.005s. Peers: 7","throwable":""}
{"timestamp":"2025-11-29T03:21:43,028","container":"46d366024752","level":"INFO","thread":"EthScheduler-Workers-0","class":"PersistBlockTask","message":"Imported #57 / 0 tx / 0 om / 0 (0.0%) gas / (0xe332be4c24f2a45c5a2792e014e0a1a65c904997ceb05040305410a7f22f4c10) in 0.002s. Peers: 7","throwable":""}
{"timestamp":"2025-11-29T03:21:48,033","container":"46d366024752","level":"INFO","thread":"EthScheduler-Workers-0","class":"PersistBlockTask","message":"Imported #58 / 0 tx / 0 om / 0 (0.0%) gas / (0x4f37a3ed921b3178ffce265f0e0d19d75184b5195e33d1b4967e9d40c89111b7) in 0.009s. Peers: 7","throwable":""}
{"timestamp":"2025-11-29T03:21:53,029","container":"46d366024752","level":"INFO","thread":"EthScheduler-Workers-0","class":"PersistBlockTask","message":"Imported #59 / 0 tx / 0 om / 0 (0.0%) gas / (0x32ca84ab1c002ee04e39434bd966bf2bca36bb44fdb846173e112ef8970d1c2b) in 0.003s. Peers: 7","throwable":""}
{"timestamp":"2025-11-29T03:21:58,029","container":"46d366024752","level":"INFO","thread":"EthScheduler-Workers-0","class":"PersistBlockTask","message":"Imported #60 / 0 tx / 0 om / 0 (0.0%) gas / (0x09cc44b21450c19d36e9ce6a7e38a7003c34ff9dd16af3e3ee16ef9256b0ca61) in 0.005s. Peers: 7","throwable":""}
{"timestamp":"2025-11-29T03:22:03,033","container":"46d366024752","level":"INFO","thread":"EthScheduler-Workers-0","class":"PersistBlockTask","message":"Imported #61 / 0 tx / 0 om / 0 (0.0%) gas / (0xcb050173517dc23411c85451927427c61c41cc98b9896d2df69095abc2ab51f4) in 0.009s. Peers: 7","throwable":""}
{"timestamp":"2025-11-29T03:22:08,030","container":"46d366024752","level":"INFO","thread":"EthScheduler-Workers-0","class":"PersistBlockTask","message":"Imported #62 / 0 tx / 0 om / 0 (0.0%) gas / (0xbf77cad6509341bb34b11ced65a147beb4d194a781f9c656159e0f116328007a) in 0.003s. Peers: 7","throwable":""}
{"timestamp":"2025-11-29T03:22:13,023","container":"46d366024752","level":"INFO","thread":"EthScheduler-Workers-0","class":"PersistBlockTask","message":"Imported #63 / 0 tx / 0 om / 0 (0.0%) gas / (0xf4e300a306e277d6353bd9332c4ade4fc6d28300e61cd1bae030dbba67323f00) in 0.003s. Peers: 7","throwable":""}
{"timestamp":"2025-11-29T03:22:18,033","container":"46d366024752","level":"INFO","thread":"EthScheduler-Workers-0","class":"PersistBlockTask","message":"Imported #64 / 0 tx / 0 om / 0 (0.0%) gas / (0xe8f17a9f89d12bc234138ed0fbeb032527ba8139bd5a0b3f03b99fb93d155c0a) in 0.005s. Peers: 7","throwable":""}
{"timestamp":"2025-11-29T03:22:23,017","container":"46d366024752","level":"INFO","thread":"EthScheduler-Workers-0","class":"PersistBlockTask","message":"Imported #65 / 0 tx / 0 om / 0 (0.0%) gas / (0x0494592ada4fb9fcf1e99671a7d62ebdeda46234cbc6aeddd536fa10b6488223) in 0.002s. Peers: 7","throwable":""}
{"timestamp":"2025-11-29T03:22:28,026","container":"46d366024752","level":"INFO","thread":"EthScheduler-Workers-0","class":"PersistBlockTask","message":"Imported #66 / 0 tx / 0 om / 0 (0.0%) gas / (0xfadbb8cc72d7fb402f981082e47fd71cf6f89abbdc48c13aa830990ec65be996) in 0.004s. Peers: 7","throwable":""}
{"timestamp":"2025-11-29T03:22:33,023","container":"46d366024752","level":"INFO","thread":"EthScheduler-Workers-0","class":"PersistBlockTask","message":"Imported #67 / 0 tx / 0 om / 0 (0.0%) gas / (0xfeb1f76e0d41060f89e3efa4811798b64ee89e6cec717e4316bdb864ca3a0936) in 0.004s. Peers: 7","throwable":""}
{"timestamp":"2025-11-29T03:22:38,026","container":"46d366024752","level":"INFO","thread":"EthScheduler-Workers-0","class":"PersistBlockTask","message":"Imported #68 / 0 tx / 0 om / 0 (0.0%) gas / (0x0b6240d42b3d88c8215ccf0622aac3e159812f6af00a61f583531af2fd1f1c45) in 0.003s. Peers: 7","throwable":""}
{"timestamp":"2025-11-29T03:22:43,062","container":"46d366024752","level":"INFO","thread":"EthScheduler-Workers-0","class":"PersistBlockTask","message":"Imported #69 / 0 tx / 0 om / 0 (0.0%) gas / (0xf7482bafc4c774e95d2e0fed812830648b3394c967307eb30d40b29dfcf846b9) in 0.015s. Peers: 7","throwable":""}
{"timestamp":"2025-11-29T03:22:48,085","container":"46d366024752","level":"INFO","thread":"EthScheduler-Workers-0","class":"PersistBlockTask","message":"Imported #70 / 1 tx / 0 om / 27,224 (0.2%) gas / (0xa2f0a3e23d0b220659269ef991e13177aee8974b8729e7849ea7da91998bfe23) in 0.036s. Peers: 7","throwable":""}
{"timestamp":"2025-11-29T03:22:53,036","container":"46d366024752","level":"INFO","thread":"EthScheduler-Workers-0","class":"PersistBlockTask","message":"Imported #71 / 0 tx / 0 om / 0 (0.0%) gas / (0xa1d70bb808a69e5cb9f1a5669553e36ef4631c583abc954cc68d0e58b9452b50) in 0.007s. Peers: 7","throwable":""}
{"timestamp":"2025-11-29T03:22:58,028","container":"46d366024752","level":"INFO","thread":"EthScheduler-Workers-0","class":"PersistBlockTask","message":"Imported #72 / 0 tx / 0 om / 0 (0.0%) gas / (0x8fb0349126e04483aac836b0269a5a5b6efbcc6d673e8d950034a7806c9033c2) in 0.003s. Peers: 7","throwable":""}
{"timestamp":"2025-11-29T03:23:03,034","container":"46d366024752","level":"INFO","thread":"EthScheduler-Workers-0","class":"PersistBlockTask","message":"Imported #73 / 0 tx / 0 om / 0 (0.0%) gas / (0xae4ac86cd7cf2c68402c2da78ca964af859d25a5e3d6310aa1197a1a2f1d7447) in 0.005s. Peers: 7","throwable":""}
{"timestamp":"2025-11-29T03:23:08,026","container":"46d366024752","level":"INFO","thread":"EthScheduler-Workers-0","class":"PersistBlockTask","message":"Imported #74 / 0 tx / 0 om / 0 (0.0%) gas / (0xbbfaa79bba8eb97349e88b8d7c1b630d39c093d6a034484dd70afa3677fa9b45) in 0.004s. Peers: 7","throwable":""}
{"timestamp":"2025-11-29T03:23:13,022","container":"46d366024752","level":"INFO","thread":"EthScheduler-Workers-0","class":"PersistBlockTask","message":"Imported #75 / 0 tx / 0 om / 0 (0.0%) gas / (0x96bf72c7e1e241ffc076279e48c254cb22d483afd68e87eeb2ee037705001c11) in 0.004s. Peers: 7","throwable":""}
{"timestamp":"2025-11-29T03:23:18,024","container":"46d366024752","level":"INFO","thread":"EthScheduler-Workers-0","class":"PersistBlockTask","message":"Imported #76 / 0 tx / 0 om / 0 (0.0%) gas / (0xc6bb0968f4caacea72c1275b9bb11e6a632e50073cb74b6d8aec50f683d19c51) in 0.003s. Peers: 7","throwable":""}
{"timestamp":"2025-11-29T03:23:23,030","container":"46d366024752","level":"INFO","thread":"EthScheduler-Workers-0","class":"PersistBlockTask","message":"Imported #77 / 0 tx / 0 om / 0 (0.0%) gas / (0x5b987d040d8e3ffa4c1ee5782504e9cea850f083da5e371f6021d5db93c79b12) in 0.007s. Peers: 7","throwable":""}
{"timestamp":"2025-11-29T03:23:28,025","container":"46d366024752","level":"INFO","thread":"EthScheduler-Workers-0","class":"PersistBlockTask","message":"Imported #78 / 0 tx / 0 om / 0 (0.0%) gas / (0x37b569c1fc1156365ddaa8603646316814df3a7cefa20497a0993b9d9773f96a) in 0.004s. Peers: 7","throwable":""}
{"timestamp":"2025-11-29T03:23:33,028","container":"46d366024752","level":"INFO","thread":"EthScheduler-Workers-0","class":"PersistBlockTask","message":"Imported #79 / 0 tx / 0 om / 0 (0.0%) gas / (0x7375317e9959b6d57900cd8bdcf0e92bcac650ca0c4b4b43f308c2b205a64238) in 0.004s. Peers: 7","throwable":""}
{"timestamp":"2025-11-29T03:23:38,044","container":"46d366024752","level":"INFO","thread":"EthScheduler-Workers-0","class":"PersistBlockTask","message":"Imported #80 / 1 tx / 0 om / 27,212 (0.2%) gas / (0xbb054d6f994dc92b43a6086c9033b9520f7786c6f0ac0ec27f71c121d9264af3) in 0.013s. Peers: 7","throwable":""}
{"timestamp":"2025-11-29T03:23:43,031","container":"46d366024752","level":"INFO","thread":"EthScheduler-Workers-0","class":"PersistBlockTask","message":"Imported #81 / 0 tx / 0 om / 0 (0.0%) gas / (0xe5f05adbd10d6dcf59064090997048e13f4a1a390b27bb9afa98c2c1cb087bdb) in 0.003s. Peers: 7","throwable":""}
{"timestamp":"2025-11-29T03:23:48,023","container":"46d366024752","level":"INFO","thread":"EthScheduler-Workers-0","class":"PersistBlockTask","message":"Imported #82 / 0 tx / 0 om / 0 (0.0%) gas / (0x33352829c725d9862aec6d9d8e6fa2aa6e77ec3a24ec5618c0e0bb609ba3096a) in 0.005s. Peers: 7","throwable":""}
{"timestamp":"2025-11-29T03:23:53,026","container":"46d366024752","level":"INFO","thread":"EthScheduler-Workers-0","class":"PersistBlockTask","message":"Imported #83 / 0 tx / 0 om / 0 (0.0%) gas / (0x37ed1cfbe9b87b8355b6874028179b83d0aa607d47a89ec36aa9df998d922405) in 0.006s. Peers: 7","throwable":""}
{"timestamp":"2025-11-29T03:23:58,019","container":"46d366024752","level":"INFO","thread":"EthScheduler-Workers-0","class":"PersistBlockTask","message":"Imported #84 / 0 tx / 0 om / 0 (0.0%) gas / (0x43abbb80ba317fce8ce078bdcb8a02df52de3e26fabd8c6cdff9971a2ccb275d) in 0.002s. Peers: 7","throwable":""}
{"timestamp":"2025-11-29T03:24:03,061","container":"46d366024752","level":"INFO","thread":"EthScheduler-Workers-0","class":"PersistBlockTask","message":"Imported #85 / 0 tx / 0 om / 0 (0.0%) gas / (0x5c0f67005a23232fa70c24811f87d9adac9f9072205b7b24b77dcc13e4ad9623) in 0.002s. Peers: 7","throwable":""}
{"timestamp":"2025-11-29T03:24:08,015","container":"46d366024752","level":"INFO","thread":"EthScheduler-Workers-0","class":"PersistBlockTask","message":"Imported #86 / 0 tx / 0 om / 0 (0.0%) gas / (0x8cc9471c07b944140d8897a2a7150397bf5b2a0a89ed8f2addbebfa1d880690c) in 0.003s. Peers: 7","throwable":""}
{"timestamp":"2025-11-29T03:24:13,022","container":"46d366024752","level":"INFO","thread":"EthScheduler-Workers-0","class":"PersistBlockTask","message":"Imported #87 / 0 tx / 0 om / 0 (0.0%) gas / (0x20aeea76f1afd597da0bb02b021b5bc3c52bc27d94b05796bb6092cb8efdd83f) in 0.003s. Peers: 7","throwable":""}
{"timestamp":"2025-11-29T03:24:18,030","container":"46d366024752","level":"INFO","thread":"EthScheduler-Workers-0","class":"PersistBlockTask","message":"Imported #88 / 1 tx / 0 om / 70,157 (0.4%) gas / (0x7db81fdcc163b2626eca110e65d14e473d521e46eb119c2b45f7e329cdba1420) in 0.006s. Peers: 7","throwable":""}
{"timestamp":"2025-11-29T03:24:23,046","container":"46d366024752","level":"INFO","thread":"EthScheduler-Workers-0","class":"PersistBlockTask","message":"Imported #89 / 1 tx / 0 om / 70,157 (0.4%) gas / (0x9d441a2fbc2364a495f103e94d0b592e310ac547eaefeabe5884f8c5c62c97e0) in 0.013s. Peers: 7","throwable":""}
{"timestamp":"2025-11-29T03:24:28,050","container":"46d366024752","level":"INFO","thread":"EthScheduler-Workers-0","class":"PersistBlockTask","message":"Imported #90 / 1 tx / 0 om / 70,157 (0.4%) gas / (0x30c289185d1f1099b226da87a732e65dbe9b4b195a224fc4acf4ccc706d436b3) in 0.014s. Peers: 7","throwable":""}
{"timestamp":"2025-11-29T03:24:33,055","container":"46d366024752","level":"INFO","thread":"EthScheduler-Workers-0","class":"PersistBlockTask","message":"Imported #91 / 1 tx / 0 om / 70,157 (0.4%) gas / (0x060645ad7d862c7e4920e5ebfdc943c55462de59d8050108085312a2e86a3819) in 0.013s. Peers: 7","throwable":""}
{"timestamp":"2025-11-29T03:24:38,062","container":"46d366024752","level":"INFO","thread":"EthScheduler-Workers-0","class":"PersistBlockTask","message":"Imported #92 / 1 tx / 0 om / 70,169 (0.4%) gas / (0xa8a0466750653dc895261432aebf20a180bbdd0c4683ef8489ae68717debd83d) in 0.014s. Peers: 7","throwable":""}
{"timestamp":"2025-11-29T03:24:43,046","container":"46d366024752","level":"INFO","thread":"EthScheduler-Workers-0","class":"PersistBlockTask","message":"Imported #93 / 1 tx / 0 om / 70,169 (0.4%) gas / (0xe67121eebadadfe49808d76af7371f574f9502f28a3505c04341dc903925e196) in 0.013s. Peers: 7","throwable":""}
{"timestamp":"2025-11-29T03:24:48,019","container":"46d366024752","level":"INFO","thread":"EthScheduler-Workers-0","class":"PersistBlockTask","message":"Imported #94 / 0 tx / 0 om / 0 (0.0%) gas / (0xa96208c443f76d7e4591f9171fc60caaffc0f0b10b7d48c26d82150c60ce19d4) in 0.003s. Peers: 7","throwable":""}
{"timestamp":"2025-11-29T03:24:53,021","container":"46d366024752","level":"INFO","thread":"EthScheduler-Workers-0","class":"PersistBlockTask","message":"Imported #95 / 0 tx / 0 om / 0 (0.0%) gas / (0x165bd84527636647122216a03ded582b140b8d67d1686d234b9a2548041c9dc4) in 0.005s. Peers: 7","throwable":""}
{"timestamp":"2025-11-29T03:24:58,039","container":"46d366024752","level":"INFO","thread":"EthScheduler-Workers-0","class":"PersistBlockTask","message":"Imported #96 / 0 tx / 0 om / 0 (0.0%) gas / (0x29af0778b793b17ce3bdac05c410c5768fd8610b76e21b43b1a0e1bf8927e2d7) in 0.011s. Peers: 7","throwable":""}
{"timestamp":"2025-11-29T03:25:03,026","container":"46d366024752","level":"INFO","thread":"EthScheduler-Workers-0","class":"PersistBlockTask","message":"Imported #97 / 0 tx / 0 om / 0 (0.0%) gas / (0x0a803922b5bfc9514195ccda4912486f2527b35bb8fd6cd89897a64baab9d4d2) in 0.002s. Peers: 7","throwable":""}
{"timestamp":"2025-11-29T03:25:08,076","container":"46d366024752","level":"INFO","thread":"EthScheduler-Workers-0","class":"PersistBlockTask","message":"Imported #98 / 1 tx / 0 om / 59,477 (0.4%) gas / (0x315b875facb6f10641dfbea0c2b98aaa57af44950c4004548e7c8c9db5d52732) in 0.020s. Peers: 7","throwable":""}
{"timestamp":"2025-11-29T03:25:13,046","container":"46d366024752","level":"INFO","thread":"EthScheduler-Workers-0","class":"PersistBlockTask","message":"Imported #99 / 1 tx / 0 om / 59,477 (0.4%) gas / (0x074035bd84c16eee4fdb91428bdd1d7bf74086d90f49c81984484df8a035c8e0) in 0.014s. Peers: 7","throwable":""}
{"timestamp":"2025-11-29T03:25:18,046","container":"46d366024752","level":"INFO","thread":"EthScheduler-Workers-0","class":"PersistBlockTask","message":"Imported #100 / 1 tx / 0 om / 59,477 (0.4%) gas / (0xf2fc9cac6c53787565ae1b367f9e358370a9289f089d45f5ded1dc4f56f8b994) in 0.017s. Peers: 7","throwable":""}
{"timestamp":"2025-11-29T03:25:23,037","container":"46d366024752","level":"INFO","thread":"EthScheduler-Workers-0","class":"PersistBlockTask","message":"Imported #101 / 1 tx / 0 om / 59,477 (0.4%) gas / (0xda72cddc89522106ea0bd7ec4971636c3b7da9327898c4217bad2ef66c6d9d58) in 0.013s. Peers: 7","throwable":""}
{"timestamp":"2025-11-29T03:25:28,039","container":"46d366024752","level":"INFO","thread":"EthScheduler-Workers-0","class":"PersistBlockTask","message":"Imported #102 / 1 tx / 0 om / 59,489 (0.4%) gas / (0x176d5415d49a3d4ce7632f964be46113698fa889a49fe68a632895a291a2ae41) in 0.008s. Peers: 7","throwable":""}
{"timestamp":"2025-11-29T03:25:33,041","container":"46d366024752","level":"INFO","thread":"EthScheduler-Workers-0","class":"PersistBlockTask","message":"Imported #103 / 1 tx / 0 om / 59,489 (0.4%) gas / (0x22d89dd13a89982065b9cda2d56ff1fd63e960ecdeeb05dd2b4c820a0d3f7fb6) in 0.010s. Peers: 7","throwable":""}
{"timestamp":"2025-11-29T03:25:38,031","container":"46d366024752","level":"INFO","thread":"EthScheduler-Workers-0","class":"PersistBlockTask","message":"Imported #104 / 0 tx / 0 om / 0 (0.0%) gas / (0x4cffdc997f0f780fa7eaec2a7fcdf338d0db6b911ce0af74d0d5dbf18c8f4add) in 0.004s. Peers: 7","throwable":""}
{"timestamp":"2025-11-29T03:25:43,023","container":"46d366024752","level":"INFO","thread":"EthScheduler-Workers-0","class":"PersistBlockTask","message":"Imported #105 / 0 tx / 0 om / 0 (0.0%) gas / (0x679b1e19ae1475da0bc7cb77d5141931f313d130a7f3030a5f506e83dbd1b1df) in 0.004s. Peers: 7","throwable":""}
{"timestamp":"2025-11-29T03:25:48,026","container":"46d366024752","level":"INFO","thread":"EthScheduler-Workers-0","class":"PersistBlockTask","message":"Imported #106 / 0 tx / 0 om / 0 (0.0%) gas / (0x0d061b3949763fcbf095c7b7c475a8f684f0e725eb02694d73c97f3b4477154f) in 0.007s. Peers: 7","throwable":""}
{"timestamp":"2025-11-29T03:25:53,023","container":"46d366024752","level":"INFO","thread":"EthScheduler-Workers-0","class":"PersistBlockTask","message":"Imported #107 / 0 tx / 0 om / 0 (0.0%) gas / (0x6c25bb6c89b5dd774fdff2ec533a0d4bfc9d1273c103956e8746536483858526) in 0.003s. Peers: 7","throwable":""}
{"timestamp":"2025-11-29T03:25:58,023","container":"46d366024752","level":"INFO","thread":"EthScheduler-Workers-0","class":"PersistBlockTask","message":"Imported #108 / 0 tx / 0 om / 0 (0.0%) gas / (0xa9608baffac060743f82714ff1763f4cea7d1e4a8c317335f2e59b8c0966fc62) in 0.004s. Peers: 7","throwable":""}
{"timestamp":"2025-11-29T03:26:03,025","container":"46d366024752","level":"INFO","thread":"EthScheduler-Workers-0","class":"PersistBlockTask","message":"Imported #109 / 0 tx / 0 om / 0 (0.0%) gas / (0x5b7a92758a902f9418e1bd43df541046289d3c70c751304865f6461c3c03f32d) in 0.006s. Peers: 7","throwable":""}
{"timestamp":"2025-11-29T03:26:08,023","container":"46d366024752","level":"INFO","thread":"EthScheduler-Workers-0","class":"PersistBlockTask","message":"Imported #110 / 0 tx / 0 om / 0 (0.0%) gas / (0x9de88b4ca28edbbb14cf6fce457aa4506dba29e5613fbf88249e5d56ef829ea1) in 0.003s. Peers: 7","throwable":""}
{"timestamp":"2025-11-29T03:26:13,031","container":"46d366024752","level":"INFO","thread":"EthScheduler-Workers-0","class":"PersistBlockTask","message":"Imported #111 / 0 tx / 0 om / 0 (0.0%) gas / (0x2606b3e0bc54a50d0c588db57668b9d19e498acbbc8a214dc474a4acacf80e5f) in 0.004s. Peers: 7","throwable":""}
{"timestamp":"2025-11-29T03:26:18,025","container":"46d366024752","level":"INFO","thread":"EthScheduler-Workers-0","class":"PersistBlockTask","message":"Imported #112 / 0 tx / 0 om / 0 (0.0%) gas / (0xf01a05d60ff1eda67648d0e1825fd1d3d19535896b5c4ba21a11db64923c3021) in 0.003s. Peers: 7","throwable":""}
{"timestamp":"2025-11-29T03:26:23,019","container":"46d366024752","level":"INFO","thread":"EthScheduler-Workers-0","class":"PersistBlockTask","message":"Imported #113 / 0 tx / 0 om / 0 (0.0%) gas / (0xc07b0cbc00e7c667ad5789182b5cf09a6968a585b90176322bfd2e8a67c77f9b) in 0.002s. Peers: 7","throwable":""}
{"timestamp":"2025-11-29T03:26:28,022","container":"46d366024752","level":"INFO","thread":"EthScheduler-Workers-0","class":"PersistBlockTask","message":"Imported #114 / 0 tx / 0 om / 0 (0.0%) gas / (0xa347c34b124e70af411e3394cc317f4db1673bccd5149832d2c52059b1dfbc7e) in 0.004s. Peers: 7","throwable":""}
{"timestamp":"2025-11-29T03:26:33,024","container":"46d366024752","level":"INFO","thread":"EthScheduler-Workers-0","class":"PersistBlockTask","message":"Imported #115 / 0 tx / 0 om / 0 (0.0%) gas / (0x3bbcaae3640fe289de26237bfb320d3e66aff374de8d4d0de730690ac819fad0) in 0.003s. Peers: 7","throwable":""}
{"timestamp":"2025-11-29T03:26:38,022","container":"46d366024752","level":"INFO","thread":"EthScheduler-Workers-0","class":"PersistBlockTask","message":"Imported #116 / 0 tx / 0 om / 0 (0.0%) gas / (0xf9831805c46117b4a8a564f2544d39c0497999221deca6331aa886db6f489307) in 0.004s. Peers: 7","throwable":""}
{"timestamp":"2025-11-29T03:26:43,023","container":"46d366024752","level":"INFO","thread":"EthScheduler-Workers-0","class":"PersistBlockTask","message":"Imported #117 / 0 tx / 0 om / 0 (0.0%) gas / (0x6f055f6a2cdaa9a90520407d0da87f2be0545d7792ac3735f3f43d418dcc5293) in 0.002s. Peers: 7","throwable":""}
{"timestamp":"2025-11-29T03:26:48,023","container":"46d366024752","level":"INFO","thread":"EthScheduler-Workers-0","class":"PersistBlockTask","message":"Imported #118 / 0 tx / 0 om / 0 (0.0%) gas / (0x90ddb7ca15e7f5711a63be8bf396460ef796974a48e8dc26b99ac1862962039d) in 0.004s. Peers: 7","throwable":""}
{"timestamp":"2025-11-29T03:26:53,021","container":"46d366024752","level":"INFO","thread":"EthScheduler-Workers-0","class":"PersistBlockTask","message":"Imported #119 / 0 tx / 0 om / 0 (0.0%) gas / (0x659ae3707e93b3809bc80f26b632d0b15b69b80f14596b852cae096680a1e914) in 0.004s. Peers: 7","throwable":""}
{"timestamp":"2025-11-29T03:26:58,016","container":"46d366024752","level":"INFO","thread":"EthScheduler-Workers-0","class":"PersistBlockTask","message":"Imported #120 / 0 tx / 0 om / 0 (0.0%) gas / (0xc5da32332f47ba5634590fa2f3c31e67b02afb930d7445f34932dff7b5af6b4b) in 0.002s. Peers: 7","throwable":""}
{"timestamp":"2025-11-29T03:27:03,020","container":"46d366024752","level":"INFO","thread":"EthScheduler-Workers-0","class":"PersistBlockTask","message":"Imported #121 / 0 tx / 0 om / 0 (0.0%) gas / (0x8d05df02c4e5ee28971f9d2785bc90b2c025f5d7ceb609f40ddfc7359c4cb332) in 0.003s. Peers: 7","throwable":""}
{"timestamp":"2025-11-29T03:27:08,022","container":"46d366024752","level":"INFO","thread":"EthScheduler-Workers-0","class":"PersistBlockTask","message":"Imported #122 / 0 tx / 0 om / 0 (0.0%) gas / (0xfa65701441e3f97a18e55ac9c38f560bc88d20c5a73f1ebd5c043161adda65da) in 0.005s. Peers: 7","throwable":""}
{"timestamp":"2025-11-29T03:27:13,023","container":"46d366024752","level":"INFO","thread":"EthScheduler-Workers-0","class":"PersistBlockTask","message":"Imported #123 / 0 tx / 0 om / 0 (0.0%) gas / (0xa0f364eae0d11a3106508f2a9b64bd94b4c796bfcb2a8a8b3a61ab2314e0b1b5) in 0.005s. Peers: 7","throwable":""}
{"timestamp":"2025-11-29T03:27:18,019","container":"46d366024752","level":"INFO","thread":"EthScheduler-Workers-0","class":"PersistBlockTask","message":"Imported #124 / 0 tx / 0 om / 0 (0.0%) gas / (0x453489816e10491712443ff1dacc6227334b149568f37393b97c3d8a930573fc) in 0.002s. Peers: 7","throwable":""}
{"timestamp":"2025-11-29T03:27:23,020","container":"46d366024752","level":"INFO","thread":"EthScheduler-Workers-0","class":"PersistBlockTask","message":"Imported #125 / 0 tx / 0 om / 0 (0.0%) gas / (0xdd7deabfcd510b934ac2d55be69bc02163d6714e1ba132c10b2e5452524c1add) in 0.002s. Peers: 7","throwable":""}
{"timestamp":"2025-11-29T03:27:28,017","container":"46d366024752","level":"INFO","thread":"EthScheduler-Workers-0","class":"PersistBlockTask","message":"Imported #126 / 0 tx / 0 om / 0 (0.0%) gas / (0xe2e45b941377c39f7209e8d08ec7ca469a404883d3157ee3d9f3b88eba96ca82) in 0.002s. Peers: 7","throwable":""}
{"timestamp":"2025-11-29T03:27:33,030","container":"46d366024752","level":"INFO","thread":"EthScheduler-Workers-0","class":"PersistBlockTask","message":"Imported #127 / 0 tx / 0 om / 0 (0.0%) gas / (0x162af05bbd3c1433566a051b3b586695a2e98a18707cf3eaf52402f17f54373f) in 0.006s. Peers: 7","throwable":""}
{"timestamp":"2025-11-29T03:27:38,037","container":"46d366024752","level":"INFO","thread":"EthScheduler-Workers-0","class":"PersistBlockTask","message":"Imported #128 / 0 tx / 0 om / 0 (0.0%) gas / (0x973e7d5c628c01db3db48a0fabe9ce29d00899e0b61cfab8b701d395b97cf5e1) in 0.010s. Peers: 7","throwable":""}
{"timestamp":"2025-11-29T03:27:43,020","container":"46d366024752","level":"INFO","thread":"EthScheduler-Workers-0","class":"PersistBlockTask","message":"Imported #129 / 0 tx / 0 om / 0 (0.0%) gas / (0x321a6fa4a56e9c431a4bfc3f6d9513a7d33a129325bd418220c84989e468f11a) in 0.002s. Peers: 7","throwable":""}
{"timestamp":"2025-11-29T03:27:48,022","container":"46d366024752","level":"INFO","thread":"EthScheduler-Workers-0","class":"PersistBlockTask","message":"Imported #130 / 0 tx / 0 om / 0 (0.0%) gas / (0x18e68c603f93d80d42d256b163f4663d6992d09ab19b2f4a1b5725b1ea6e1858) in 0.003s. Peers: 7","throwable":""}
{"timestamp":"2025-11-29T03:27:53,023","container":"46d366024752","level":"INFO","thread":"EthScheduler-Workers-0","class":"PersistBlockTask","message":"Imported #131 / 0 tx / 0 om / 0 (0.0%) gas / (0x96c26d39073557f2e2cc7264358faa24e45e3255daba43c56bc2d89aba09c996) in 0.004s. Peers: 7","throwable":""}
{"timestamp":"2025-11-29T03:27:58,024","container":"46d366024752","level":"INFO","thread":"EthScheduler-Workers-0","class":"PersistBlockTask","message":"Imported #132 / 0 tx / 0 om / 0 (0.0%) gas / (0x174ff1b0a12831112604d43aec8fab57f1d4b0a570f36d1ad946cfbd9519dd27) in 0.006s. Peers: 7","throwable":""}
{"timestamp":"2025-11-29T03:28:03,022","container":"46d366024752","level":"INFO","thread":"EthScheduler-Workers-0","class":"PersistBlockTask","message":"Imported #133 / 0 tx / 0 om / 0 (0.0%) gas / (0x59fbac5c4eb77b518915876ccbfb93975bcc24338850e68ab18f6d79eb92c038) in 0.005s. Peers: 7","throwable":""}
{"timestamp":"2025-11-29T03:28:08,021","container":"46d366024752","level":"INFO","thread":"EthScheduler-Workers-0","class":"PersistBlockTask","message":"Imported #134 / 0 tx / 0 om / 0 (0.0%) gas / (0xa32b91156293918920c3561423b7e4e4ccca184208e01e5312d936d1763f34a3) in 0.003s. Peers: 7","throwable":""}
{"timestamp":"2025-11-29T03:28:13,021","container":"46d366024752","level":"INFO","thread":"EthScheduler-Workers-0","class":"PersistBlockTask","message":"Imported #135 / 0 tx / 0 om / 0 (0.0%) gas / (0x84eb14bf16cde398fd8d0b2614930407d7b150a56eba1446f1b968f6b7c06099) in 0.003s. Peers: 7","throwable":""}
{"timestamp":"2025-11-29T03:28:18,020","container":"46d366024752","level":"INFO","thread":"EthScheduler-Workers-0","class":"PersistBlockTask","message":"Imported #136 / 0 tx / 0 om / 0 (0.0%) gas / (0xe5eac5e5153297498ccda8bd1efecc5c799b0075da62e37d0d2b94d44b5b23fe) in 0.003s. Peers: 7","throwable":""}
{"timestamp":"2025-11-29T03:28:23,032","container":"46d366024752","level":"INFO","thread":"EthScheduler-Workers-0","class":"PersistBlockTask","message":"Imported #137 / 0 tx / 0 om / 0 (0.0%) gas / (0xd1f466570a65686c9a972d2e4df238f2711e542b56fa9ba76b5529f332069afa) in 0.007s. Peers: 7","throwable":""}
{"timestamp":"2025-11-29T03:28:28,019","container":"46d366024752","level":"INFO","thread":"EthScheduler-Workers-0","class":"PersistBlockTask","message":"Imported #138 / 0 tx / 0 om / 0 (0.0%) gas / (0x2baa8af9223cca3af3321a177f08e4efe16730f62113790192e7b6a4e06a84f6) in 0.002s. Peers: 7","throwable":""}
{"timestamp":"2025-11-29T03:28:33,021","container":"46d366024752","level":"INFO","thread":"EthScheduler-Workers-0","class":"PersistBlockTask","message":"Imported #139 / 0 tx / 0 om / 0 (0.0%) gas / (0x514ed20dcd980e69dc6595578466843d492f629b1f536071d10cae9b82fa75dc) in 0.004s. Peers: 7","throwable":""}
{"timestamp":"2025-11-29T03:28:38,017","container":"46d366024752","level":"INFO","thread":"EthScheduler-Workers-0","class":"PersistBlockTask","message":"Imported #140 / 0 tx / 0 om / 0 (0.0%) gas / (0xa235651d3816c75851fb39aa3e2bb7311a2beea7842fbb4c24234059b275d3d7) in 0.002s. Peers: 7","throwable":""}
{"timestamp":"2025-11-29T03:28:43,019","container":"46d366024752","level":"INFO","thread":"EthScheduler-Workers-0","class":"PersistBlockTask","message":"Imported #141 / 0 tx / 0 om / 0 (0.0%) gas / (0x0960def4500ad3f0fd4bcf5f5bf3ac38423260e5489eb3dc9625a4e6618ac261) in 0.003s. Peers: 7","throwable":""}
{"timestamp":"2025-11-29T03:28:48,021","container":"46d366024752","level":"INFO","thread":"EthScheduler-Workers-0","class":"PersistBlockTask","message":"Imported #142 / 0 tx / 0 om / 0 (0.0%) gas / (0xc6a29a1d869d342a3e91ecc47f85044f80a1777a2dd29da9bf5273aab552a168) in 0.004s. Peers: 7","throwable":""}
{"timestamp":"2025-11-29T03:28:53,024","container":"46d366024752","level":"INFO","thread":"EthScheduler-Workers-0","class":"PersistBlockTask","message":"Imported #143 / 0 tx / 0 om / 0 (0.0%) gas / (0x16c77f79cd5c9bf2ae5bae49e42295e0c9e84df0f384d453292cb1abf7219fb7) in 0.004s. Peers: 7","throwable":""}
{"timestamp":"2025-11-29T03:28:58,019","container":"46d366024752","level":"INFO","thread":"EthScheduler-Workers-0","class":"PersistBlockTask","message":"Imported #144 / 0 tx / 0 om / 0 (0.0%) gas / (0xdaa1e57f8dbbece008b8ce360dadef1e8c8540de6e739006e9146c1ac586de57) in 0.002s. Peers: 7","throwable":""}
{"timestamp":"2025-11-29T03:29:03,019","container":"46d366024752","level":"INFO","thread":"EthScheduler-Workers-0","class":"PersistBlockTask","message":"Imported #145 / 0 tx / 0 om / 0 (0.0%) gas / (0x10b06a7d2aa98cfc9b31f5a6d76f0bde7cd981ce6d6899817419f0b968596200) in 0.003s. Peers: 7","throwable":""}
{"timestamp":"2025-11-29T03:29:08,019","container":"46d366024752","level":"INFO","thread":"EthScheduler-Workers-0","class":"PersistBlockTask","message":"Imported #146 / 0 tx / 0 om / 0 (0.0%) gas / (0x082ea77bd467fd9b99d5d22548923cdbb317a63e7f974c7647370b731453fd45) in 0.002s. Peers: 7","throwable":""}
{"timestamp":"2025-11-29T03:29:13,020","container":"46d366024752","level":"INFO","thread":"EthScheduler-Workers-0","class":"PersistBlockTask","message":"Imported #147 / 0 tx / 0 om / 0 (0.0%) gas / (0xceaf6ffeaf9aa7ff7d9e7e5695369019d915be1a9295beb3281c640dbc9bc447) in 0.002s. Peers: 7","throwable":""}
{"timestamp":"2025-11-29T03:29:18,015","container":"46d366024752","level":"INFO","thread":"EthScheduler-Workers-0","class":"PersistBlockTask","message":"Imported #148 / 0 tx / 0 om / 0 (0.0%) gas / (0x25dd8645953efd5ff705cd1500316f3ce1f7b4478bee5f9445ef1f81b1327f62) in 0.002s. Peers: 7","throwable":""}
{"timestamp":"2025-11-29T03:29:23,022","container":"46d366024752","level":"INFO","thread":"EthScheduler-Workers-0","class":"PersistBlockTask","message":"Imported #149 / 0 tx / 0 om / 0 (0.0%) gas / (0x2bfe1f7d2a28a6e754b6ab3fa223b3fa31a6f37dbf23203d4726a252838df5e3) in 0.003s. Peers: 7","throwable":""}
{"timestamp":"2025-11-29T03:29:28,021","container":"46d366024752","level":"INFO","thread":"EthScheduler-Workers-0","class":"PersistBlockTask","message":"Imported #150 / 0 tx / 0 om / 0 (0.0%) gas / (0xfa5e84321ad8561a0b2b609d45fd0dd87c243df34194160d307398ca62b1d5ba) in 0.004s. Peers: 7","throwable":""}
{"timestamp":"2025-11-29T03:29:33,024","container":"46d366024752","level":"INFO","thread":"EthScheduler-Workers-0","class":"PersistBlockTask","message":"Imported #151 / 0 tx / 0 om / 0 (0.0%) gas / (0x6b0d2126470a323110de31a5de0e0fa60ff629e6f15df5ded4491f6a0ad2ba2f) in 0.006s. Peers: 7","throwable":""}
{"timestamp":"2025-11-29T03:29:38,021","container":"46d366024752","level":"INFO","thread":"EthScheduler-Workers-0","class":"PersistBlockTask","message":"Imported #152 / 0 tx / 0 om / 0 (0.0%) gas / (0xc0a1b60519125768e15e84592814975d6b277dd96198f2e9d0f6099de7ea762e) in 0.004s. Peers: 7","throwable":""}
{"timestamp":"2025-11-29T03:29:43,018","container":"46d366024752","level":"INFO","thread":"EthScheduler-Workers-0","class":"PersistBlockTask","message":"Imported #153 / 0 tx / 0 om / 0 (0.0%) gas / (0xf630721d9d80b76e6b9b40a8fbbc5adf7d6e798b0f27912185ec92838cb82f6d) in 0.003s. Peers: 7","throwable":""}
{"timestamp":"2025-11-29T03:29:48,016","container":"46d366024752","level":"INFO","thread":"EthScheduler-Workers-0","class":"PersistBlockTask","message":"Imported #154 / 0 tx / 0 om / 0 (0.0%) gas / (0xdb2d2a35fcf65a9abd1ea2b15817af1dcfb4c6a5d7575eb426b85f879800e9f6) in 0.003s. Peers: 7","throwable":""}
{"timestamp":"2025-11-29T03:29:53,022","container":"46d366024752","level":"INFO","thread":"EthScheduler-Workers-0","class":"PersistBlockTask","message":"Imported #155 / 0 tx / 0 om / 0 (0.0%) gas / (0xa881a652484c143568d3162e149ddc0c50b7adfc6d28396cc556524ab1fc02f7) in 0.006s. Peers: 7","throwable":""}
{"timestamp":"2025-11-29T03:29:58,023","container":"46d366024752","level":"INFO","thread":"EthScheduler-Workers-0","class":"PersistBlockTask","message":"Imported #156 / 0 tx / 0 om / 0 (0.0%) gas / (0xcc33280494a0f0a32e8204ed41e1b72abe1028ba91b61368167e6765aaa1b571) in 0.003s. Peers: 7","throwable":""}
{"timestamp":"2025-11-29T03:30:03,016","container":"46d366024752","level":"INFO","thread":"EthScheduler-Workers-0","class":"PersistBlockTask","message":"Imported #157 / 0 tx / 0 om / 0 (0.0%) gas / (0xe5294e7c7c35998e0d6f3c587741239a3786910ea61c1fb0ee4b62075d3b04cd) in 0.002s. Peers: 7","throwable":""}
{"timestamp":"2025-11-29T03:30:08,017","container":"46d366024752","level":"INFO","thread":"EthScheduler-Workers-0","class":"PersistBlockTask","message":"Imported #158 / 0 tx / 0 om / 0 (0.0%) gas / (0xd65c1886f9dc605fba57cb3298f7ac7a71ce2b1c94e088507974cd7dc07dbc30) in 0.002s. Peers: 7","throwable":""}
{"timestamp":"2025-11-29T03:30:13,023","container":"46d366024752","level":"INFO","thread":"EthScheduler-Workers-0","class":"PersistBlockTask","message":"Imported #159 / 0 tx / 0 om / 0 (0.0%) gas / (0xa92abe0a6a6c7d18c2159530c075eb8516d131fe24379b5404fbac92e0c16b2c) in 0.003s. Peers: 7","throwable":""}
{"timestamp":"2025-11-29T03:30:18,022","container":"46d366024752","level":"INFO","thread":"EthScheduler-Workers-0","class":"PersistBlockTask","message":"Imported #160 / 0 tx / 0 om / 0 (0.0%) gas / (0x82e973d9cafafcffd5b01bf11a9af1fb046cce0584b06747c9887e0747e38822) in 0.004s. Peers: 7","throwable":""}
{"timestamp":"2025-11-29T03:30:23,021","container":"46d366024752","level":"INFO","thread":"EthScheduler-Workers-0","class":"PersistBlockTask","message":"Imported #161 / 0 tx / 0 om / 0 (0.0%) gas / (0x7738b5f73f20bf94ca6e0bf771a2f780f808c4e4a793749578e04a0e70f3660d) in 0.003s. Peers: 7","throwable":""}
{"timestamp":"2025-11-29T03:30:28,023","container":"46d366024752","level":"INFO","thread":"EthScheduler-Workers-0","class":"PersistBlockTask","message":"Imported #162 / 0 tx / 0 om / 0 (0.0%) gas / (0x6d9bb61a429a81ca94b31ee8b49754606fe8992c6c9e2b8784ed519e51e72f5d) in 0.002s. Peers: 7","throwable":""}
{"timestamp":"2025-11-29T03:30:33,019","container":"46d366024752","level":"INFO","thread":"EthScheduler-Workers-0","class":"PersistBlockTask","message":"Imported #163 / 0 tx / 0 om / 0 (0.0%) gas / (0x2ccf93d301c30ec619deaa1c1e34e1a02ba3a7f0e271c939cea81f24ea16ba7e) in 0.003s. Peers: 7","throwable":""}
{"timestamp":"2025-11-29T03:30:38,019","container":"46d366024752","level":"INFO","thread":"EthScheduler-Workers-0","class":"PersistBlockTask","message":"Imported #164 / 0 tx / 0 om / 0 (0.0%) gas / (0x90f05f254b84e63ddcd1eac922cca834b05bdbb0c219f2396d0b2ae494bb06ff) in 0.002s. Peers: 7","throwable":""}
{"timestamp":"2025-11-29T03:30:43,021","container":"46d366024752","level":"INFO","thread":"EthScheduler-Workers-0","class":"PersistBlockTask","message":"Imported #165 / 0 tx / 0 om / 0 (0.0%) gas / (0x2619006827b30c0c1411edfd6ba04a66d82a76214e75808d2ec36ff108c40e04) in 0.004s. Peers: 7","throwable":""}
{"timestamp":"2025-11-29T03:30:48,017","container":"46d366024752","level":"INFO","thread":"EthScheduler-Workers-0","class":"PersistBlockTask","message":"Imported #166 / 0 tx / 0 om / 0 (0.0%) gas / (0xcb2f9f23d756eb5be5e4fcd1d1eb36bbe0be4cdbe1225c70ae3f01f751970032) in 0.002s. Peers: 7","throwable":""}
{"timestamp":"2025-11-29T03:30:53,021","container":"46d366024752","level":"INFO","thread":"EthScheduler-Workers-0","class":"PersistBlockTask","message":"Imported #167 / 0 tx / 0 om / 0 (0.0%) gas / (0x281e14d1607d3b1fd6e27dcb9a41ad2d519727f8335112a0fc5811b7f54b9baa) in 0.002s. Peers: 7","throwable":""}
{"timestamp":"2025-11-29T03:30:58,023","container":"46d366024752","level":"INFO","thread":"EthScheduler-Workers-0","class":"PersistBlockTask","message":"Imported #168 / 0 tx / 0 om / 0 (0.0%) gas / (0x7f490c235d17b8f5663af5350c7daa5f12cfdff7aa3e5c4e8cda55af3e822c1f) in 0.004s. Peers: 7","throwable":""}
{"timestamp":"2025-11-29T03:31:03,017","container":"46d366024752","level":"INFO","thread":"EthScheduler-Workers-0","class":"PersistBlockTask","message":"Imported #169 / 0 tx / 0 om / 0 (0.0%) gas / (0x9164a59a4d37c617de78ca5038b82bb4d0909e29220f02dbbdc213482be15491) in 0.002s. Peers: 7","throwable":""}
{"timestamp":"2025-11-29T03:31:08,019","container":"46d366024752","level":"INFO","thread":"EthScheduler-Workers-0","class":"PersistBlockTask","message":"Imported #170 / 0 tx / 0 om / 0 (0.0%) gas / (0xeafa532218c5949aa1eeb824bcd77e7f4777baed71cc8e5104872cf72d329226) in 0.003s. Peers: 7","throwable":""}
{"timestamp":"2025-11-29T03:31:13,021","container":"46d366024752","level":"INFO","thread":"EthScheduler-Workers-0","class":"PersistBlockTask","message":"Imported #171 / 0 tx / 0 om / 0 (0.0%) gas / (0x381e03cef6e1c0d4a8eee54c2552c4e516b167c4bd4ba3b03ac4dada2621c3f4) in 0.004s. Peers: 7","throwable":""}
{"timestamp":"2025-11-29T03:31:18,021","container":"46d366024752","level":"INFO","thread":"EthScheduler-Workers-0","class":"PersistBlockTask","message":"Imported #172 / 0 tx / 0 om / 0 (0.0%) gas / (0xdacefc921588660fffc47e169bc84c641666609cb244491ca23a4673183a8d99) in 0.003s. Peers: 7","throwable":""}
{"timestamp":"2025-11-29T03:31:23,018","container":"46d366024752","level":"INFO","thread":"EthScheduler-Workers-0","class":"PersistBlockTask","message":"Imported #173 / 0 tx / 0 om / 0 (0.0%) gas / (0x805c16fab693e5528bf7214523ec3eb0e11798ba33768fcc540dd5fa6eda107b) in 0.003s. Peers: 7","throwable":""}
{"timestamp":"2025-11-29T03:31:28,016","container":"46d366024752","level":"INFO","thread":"EthScheduler-Workers-0","class":"PersistBlockTask","message":"Imported #174 / 0 tx / 0 om / 0 (0.0%) gas / (0x349e926816347449a421ae7da2d6be15de0b72fa84452376a44b1be560fdd9d6) in 0.002s. Peers: 7","throwable":""}
{"timestamp":"2025-11-29T03:31:33,019","container":"46d366024752","level":"INFO","thread":"EthScheduler-Workers-0","class":"PersistBlockTask","message":"Imported #175 / 0 tx / 0 om / 0 (0.0%) gas / (0x732ce2c89da049fba0b4b5019b562fc221a44a43118381331d0eb81cd66e28cc) in 0.002s. Peers: 7","throwable":""}
{"timestamp":"2025-11-29T03:31:38,019","container":"46d366024752","level":"INFO","thread":"EthScheduler-Workers-0","class":"PersistBlockTask","message":"Imported #176 / 0 tx / 0 om / 0 (0.0%) gas / (0x773629c3beded34f3b26f37fd57ed73065311127354ae566e7c28eb2326db1b6) in 0.004s. Peers: 7","throwable":""}
{"timestamp":"2025-11-29T03:31:43,024","container":"46d366024752","level":"INFO","thread":"EthScheduler-Workers-0","class":"PersistBlockTask","message":"Imported #177 / 0 tx / 0 om / 0 (0.0%) gas / (0x4b7bcb997c5d16dc3898aee6381b5c554492809848b801cc53ecd03b0583d95e) in 0.004s. Peers: 7","throwable":""}
{"timestamp":"2025-11-29T03:31:48,017","container":"46d366024752","level":"INFO","thread":"EthScheduler-Workers-0","class":"PersistBlockTask","message":"Imported #178 / 0 tx / 0 om / 0 (0.0%) gas / (0x6c082823aa8a5949abf87514724d35ceaa009ef715f188ab3c3f1c6084b8aecc) in 0.002s. Peers: 7","throwable":""}
{"timestamp":"2025-11-29T03:31:53,019","container":"46d366024752","level":"INFO","thread":"EthScheduler-Workers-0","class":"PersistBlockTask","message":"Imported #179 / 0 tx / 0 om / 0 (0.0%) gas / (0x53df72e3f421b95311bdbf55201e6fd00ad39a0ae9030f4b53619a84695de6fd) in 0.002s. Peers: 7","throwable":""}
{"timestamp":"2025-11-29T03:31:58,022","container":"46d366024752","level":"INFO","thread":"EthScheduler-Workers-0","class":"PersistBlockTask","message":"Imported #180 / 0 tx / 0 om / 0 (0.0%) gas / (0xd6c25894b93cd64c8b08cadc92fdadace06598f68fb86241cb888f02b4c93e97) in 0.002s. Peers: 7","throwable":""}
{"timestamp":"2025-11-29T03:32:03,020","container":"46d366024752","level":"INFO","thread":"EthScheduler-Workers-0","class":"PersistBlockTask","message":"Imported #181 / 0 tx / 0 om / 0 (0.0%) gas / (0x04278e61165487a3ad49c67bf98fc13d16ba2fc511799f298ff7c369a12431af) in 0.002s. Peers: 7","throwable":""}
{"timestamp":"2025-11-29T03:32:08,019","container":"46d366024752","level":"INFO","thread":"EthScheduler-Workers-0","class":"PersistBlockTask","message":"Imported #182 / 0 tx / 0 om / 0 (0.0%) gas / (0xf1fc4c679b6722060915917684e970d07bd72809e8fdbc5bef7900f91d08e969) in 0.002s. Peers: 7","throwable":""}
{"timestamp":"2025-11-29T03:32:13,022","container":"46d366024752","level":"INFO","thread":"EthScheduler-Workers-0","class":"PersistBlockTask","message":"Imported #183 / 0 tx / 0 om / 0 (0.0%) gas / (0x6660c7b4511cd03bb58d0ff297ca683a124cfd4794a42e2fba7945e11d54b89a) in 0.002s. Peers: 7","throwable":""}
{"timestamp":"2025-11-29T03:32:18,020","container":"46d366024752","level":"INFO","thread":"EthScheduler-Workers-0","class":"PersistBlockTask","message":"Imported #184 / 0 tx / 0 om / 0 (0.0%) gas / (0xb24011bf325f2e5b1b8b76fcce53625811526de90166d40209bfec763351bedd) in 0.002s. Peers: 7","throwable":""}
{"timestamp":"2025-11-29T03:32:23,016","container":"46d366024752","level":"INFO","thread":"EthScheduler-Workers-0","class":"PersistBlockTask","message":"Imported #185 / 0 tx / 0 om / 0 (0.0%) gas / (0xfd0ca890ee868721314f5ce1b6390d8489fb7c7fdce0f6682fee2c9f8632906b) in 0.002s. Peers: 7","throwable":""}
{"timestamp":"2025-11-29T03:32:28,019","container":"46d366024752","level":"INFO","thread":"EthScheduler-Workers-0","class":"PersistBlockTask","message":"Imported #186 / 0 tx / 0 om / 0 (0.0%) gas / (0x544d16a0aff4efbaee5964305ec5cfb78cada101604916d443972a67f402db35) in 0.002s. Peers: 7","throwable":""}
{"timestamp":"2025-11-29T03:32:33,019","container":"46d366024752","level":"INFO","thread":"EthScheduler-Workers-0","class":"PersistBlockTask","message":"Imported #187 / 0 tx / 0 om / 0 (0.0%) gas / (0x4d9298032d4f85b20c0c43523a4e98d86c5c52678768266e16e00a35f89e713e) in 0.003s. Peers: 7","throwable":""}
{"timestamp":"2025-11-29T03:32:38,023","container":"46d366024752","level":"INFO","thread":"EthScheduler-Workers-0","class":"PersistBlockTask","message":"Imported #188 / 0 tx / 0 om / 0 (0.0%) gas / (0x9bb0efde173a8ea35f835617925888860c97d041f0e5521bef04c6e186bb38b0) in 0.004s. Peers: 7","throwable":""}
{"timestamp":"2025-11-29T03:32:43,023","container":"46d366024752","level":"INFO","thread":"EthScheduler-Workers-0","class":"PersistBlockTask","message":"Imported #189 / 0 tx / 0 om / 0 (0.0%) gas / (0x7c3dfd21892c343f7afa61e12cabe4a338ad42404d50130d6cf6a8bfdd197080) in 0.003s. Peers: 7","throwable":""}
{"timestamp":"2025-11-29T03:32:48,016","container":"46d366024752","level":"INFO","thread":"EthScheduler-Workers-0","class":"PersistBlockTask","message":"Imported #190 / 0 tx / 0 om / 0 (0.0%) gas / (0x74b9396d229dc2b3e1d1061ff5a9a07f838de5e4e05cf72948d6226eeca9f0eb) in 0.002s. Peers: 7","throwable":""}
{"timestamp":"2025-11-29T03:32:53,023","container":"46d366024752","level":"INFO","thread":"EthScheduler-Workers-0","class":"PersistBlockTask","message":"Imported #191 / 0 tx / 0 om / 0 (0.0%) gas / (0x53a6b6a624341c072e3492089ca7243b7b832822a87092ec38f176216bc660d2) in 0.003s. Peers: 7","throwable":""}
{"timestamp":"2025-11-29T03:32:58,023","container":"46d366024752","level":"INFO","thread":"EthScheduler-Workers-0","class":"PersistBlockTask","message":"Imported #192 / 0 tx / 0 om / 0 (0.0%) gas / (0x758e2a46db53c30c2d80b3fc03bb9b72007f115dec77aae031feeb05a809d10a) in 0.005s. Peers: 7","throwable":""}
{"timestamp":"2025-11-29T03:33:03,020","container":"46d366024752","level":"INFO","thread":"EthScheduler-Workers-0","class":"PersistBlockTask","message":"Imported #193 / 0 tx / 0 om / 0 (0.0%) gas / (0xd208477663cd6bfe90241d896e8117613aa98eafaba016c12e878f355e71b0e2) in 0.004s. Peers: 7","throwable":""}
{"timestamp":"2025-11-29T03:33:08,019","container":"46d366024752","level":"INFO","thread":"EthScheduler-Workers-0","class":"PersistBlockTask","message":"Imported #194 / 0 tx / 0 om / 0 (0.0%) gas / (0xaf692a67960f381a7c3724af2ba1a66dfebe48aed6f27f2059194434c87dc901) in 0.003s. Peers: 7","throwable":""}
{"timestamp":"2025-11-29T03:33:13,016","container":"46d366024752","level":"INFO","thread":"EthScheduler-Workers-0","class":"PersistBlockTask","message":"Imported #195 / 0 tx / 0 om / 0 (0.0%) gas / (0xa8a13a162b4d9e1751604a0dcdf3b4b8a0769608544462f9a683e99e8cdd1a2b) in 0.001s. Peers: 7","throwable":""}
{"timestamp":"2025-11-29T03:33:18,021","container":"46d366024752","level":"INFO","thread":"EthScheduler-Workers-0","class":"PersistBlockTask","message":"Imported #196 / 0 tx / 0 om / 0 (0.0%) gas / (0x25f5e9fa51eb43220ddf144d91127e9211550e2c516a317820d0e0fd61d6b1c6) in 0.003s. Peers: 7","throwable":""}
{"timestamp":"2025-11-29T03:33:23,020","container":"46d366024752","level":"INFO","thread":"EthScheduler-Workers-0","class":"PersistBlockTask","message":"Imported #197 / 0 tx / 0 om / 0 (0.0%) gas / (0x4f8034a932085d2699243fd24b6335bdf45ee55d3325d68b5b734920fb9cc13f) in 0.004s. Peers: 7","throwable":""}
{"timestamp":"2025-11-29T03:33:28,020","container":"46d366024752","level":"INFO","thread":"EthScheduler-Workers-0","class":"PersistBlockTask","message":"Imported #198 / 0 tx / 0 om / 0 (0.0%) gas / (0xafe1259b6354e1922eff50781cebbf552884cba753bc29ef00b60a202bbf8519) in 0.003s. Peers: 7","throwable":""}
{"timestamp":"2025-11-29T03:33:33,022","container":"46d366024752","level":"INFO","thread":"EthScheduler-Workers-0","class":"PersistBlockTask","message":"Imported #199 / 0 tx / 0 om / 0 (0.0%) gas / (0x2d76ed98d7537388cf5713bb9f9d42fb44bb8602397275ca979434d0e0684932) in 0.004s. Peers: 7","throwable":""}
{"timestamp":"2025-11-29T03:33:38,041","container":"46d366024752","level":"INFO","thread":"EthScheduler-Workers-0","class":"PersistBlockTask","message":"Imported #200 / 1 tx / 0 om / 27,042 (0.2%) gas / (0xbafa2bea8f6dad598791eab55d67eb1086378824e065727d10baf28db86b5aff) in 0.015s. Peers: 7","throwable":""}
{"timestamp":"2025-11-29T03:33:43,022","container":"46d366024752","level":"INFO","thread":"EthScheduler-Workers-0","class":"PersistBlockTask","message":"Imported #201 / 0 tx / 0 om / 0 (0.0%) gas / (0xe804876caf5f6fe21057f1ff39f0d0c6b5b861e1f5a5558ac9ead98d806a9f9f) in 0.003s. Peers: 7","throwable":""}
{"timestamp":"2025-11-29T03:33:48,020","container":"46d366024752","level":"INFO","thread":"EthScheduler-Workers-0","class":"PersistBlockTask","message":"Imported #202 / 0 tx / 0 om / 0 (0.0%) gas / (0xfbe48f601b1dfb7c6e4a68f7d088dc60a891c57b66b63f8b85de7bfbe1097c1d) in 0.002s. Peers: 7","throwable":""}
{"timestamp":"2025-11-29T03:33:53,018","container":"46d366024752","level":"INFO","thread":"EthScheduler-Workers-0","class":"PersistBlockTask","message":"Imported #203 / 0 tx / 0 om / 0 (0.0%) gas / (0x8957eb6f6df84163e751c22d95ecac068e3fd42d66b660200dd4ee0f83fcce5c) in 0.002s. Peers: 7","throwable":""}
{"timestamp":"2025-11-29T03:33:58,018","container":"46d366024752","level":"INFO","thread":"EthScheduler-Workers-0","class":"PersistBlockTask","message":"Imported #204 / 0 tx / 0 om / 0 (0.0%) gas / (0x733b71dcf6e03c6425316cda789032bd76fddf6c7b87dcd4101cfb6edb41e455) in 0.002s. Peers: 7","throwable":""}
{"timestamp":"2025-11-29T03:34:03,018","container":"46d366024752","level":"INFO","thread":"EthScheduler-Workers-0","class":"PersistBlockTask","message":"Imported #205 / 0 tx / 0 om / 0 (0.0%) gas / (0xf6a473ebd44e3e0fac89b35c30c5e9c804077dcfc21da1cf59e2601f40877c62) in 0.002s. Peers: 7","throwable":""}
{"timestamp":"2025-11-29T03:34:08,030","container":"46d366024752","level":"INFO","thread":"EthScheduler-Workers-0","class":"PersistBlockTask","message":"Imported #206 / 0 tx / 0 om / 0 (0.0%) gas / (0x4b23ecfc53fb69b0860c15b4d48aa7c2f5da40e2f94e967c1c62609d40f4ec2f) in 0.006s. Peers: 7","throwable":""}
{"timestamp":"2025-11-29T03:34:13,017","container":"46d366024752","level":"INFO","thread":"EthScheduler-Workers-0","class":"PersistBlockTask","message":"Imported #207 / 0 tx / 0 om / 0 (0.0%) gas / (0x93a28242e2b5f5caa3e9c2b704a85ba214c190650b0c9266cc57e0d7c00773de) in 0.002s. Peers: 7","throwable":""}
{"timestamp":"2025-11-29T03:34:13,518","container":"46d366024752","level":"INFO","thread":"BftProcessorExecutor-QBFT-0","class":"BftProcessor","message":"Shutting down BFT event processor","throwable":""}
{"timestamp":"2025-11-29T03:34:13,521","container":"46d366024752","level":"INFO","thread":"BesuCommand-Shutdown-Hook","class":"DefaultSynchronizer","message":"Stopping synchronizer","throwable":""}
{"timestamp":"2025-11-29T03:34:13,523","container":"46d366024752","level":"INFO","thread":"BesuCommand-Shutdown-Hook","class":"NetworkRunner","message":"Stopping Network.","throwable":""}
{"timestamp":"2025-11-29T03:34:13,554","container":"46d366024752","level":"INFO","thread":"BesuCommand-Shutdown-Hook","class":"EthProtocolManager","message":"Stopping eth Subprotocol.","throwable":""}
{"timestamp":"2025-11-29T03:34:13,653","container":"46d366024752","level":"INFO","thread":"BesuCommand-Shutdown-Hook","class":"EthProtocolManager","message":"eth Subprotocol stopped.","throwable":""}
{"timestamp":"2025-11-29T03:34:13,653","container":"46d366024752","level":"INFO","thread":"BesuCommand-Shutdown-Hook","class":"NetworkRunner","message":"Network stopped.","throwable":""}
{"timestamp":"2025-11-29T03:34:13,654","container":"46d366024752","level":"INFO","thread":"BesuCommand-Shutdown-Hook","class":"AutoTransactionLogBloomCachingService","message":"Shutting down Auto transaction logs caching service.","throwable":""}
{"timestamp":"2025-11-29T03:34:13,655","container":"46d366024752","level":"INFO","thread":"BesuCommand-Shutdown-Hook","class":"NatService","message":"No NAT environment detected so no service could be stopped","throwable":""}
