{"timestamp":"2025-11-29T03:54:40,683","container":"705fcfbea53a","level":"INFO","thread":"main","class":"Besu","message":"Starting Besu","throwable":""}
{"timestamp":"2025-11-29T03:54:41,701","container":"705fcfbea53a","level":"WARN","thread":"main","class":"Besu","message":"--min-gas-price has been ignored because --miner-enabled was not defined on the command line.","throwable":""}
{"timestamp":"2025-11-29T03:54:43,827","container":"705fcfbea53a","level":"INFO","thread":"main","class":"Besu","message":"
####################################################################################################
#                                                                                                  #
# Besu version 23.4.1                                                                              #
#                                                                                                  #
# Configuration:                                                                                   #
# Network: Custom genesis file specified                                                           #
# Network Id: 1337                                                                                 #
# Data storage: Forest                                                                             #
# Sync mode: Full                                                                                  #
# RPC HTTP APIs: EEA,WEB3,ETH,NET,TRACE,DEBUG,ADMIN,TXPOOL,PRIV,PERM,QBFT                          #
# RPC HTTP port: 8545                                                                              #
#                                                                                                  #
# Host:                                                                                            #
# Java: openjdk-java-17                                                                            #
# Maximum heap size: 3.81 GB                                                                       #
# OS: linux-x86_64                                                                                 #
# glibc: 2.35                                                                                      #
# jemalloc: 5.2.1-0-gea6b3e973b477b8061e0076bb257dbd7f3faa756                                      #
# Total memory: 15.25 GB                                                                           #
# CPU cores: 16                                                                                    #
#                                                                                                  #
####################################################################################################","throwable":""}
{"timestamp":"2025-11-29T03:54:43,828","container":"705fcfbea53a","level":"INFO","thread":"main","class":"Besu","message":"Connecting to 8 static nodes.","throwable":""}
{"timestamp":"2025-11-29T03:54:43,828","container":"705fcfbea53a","level":"INFO","thread":"main","class":"Besu","message":"Security Module: localfile","throwable":""}
{"timestamp":"2025-11-29T03:54:43,868","container":"705fcfbea53a","level":"INFO","thread":"main","class":"Besu","message":"Using the native implementation of alt bn128","throwable":""}
{"timestamp":"2025-11-29T03:54:43,900","container":"705fcfbea53a","level":"INFO","thread":"main","class":"Besu","message":"Using the native implementation of modexp","throwable":""}
{"timestamp":"2025-11-29T03:54:43,900","container":"705fcfbea53a","level":"INFO","thread":"main","class":"Besu","message":"Using the native implementation of the signature algorithm","throwable":""}
{"timestamp":"2025-11-29T03:54:43,905","container":"705fcfbea53a","level":"INFO","thread":"main","class":"Besu","message":"Using the native implementation of the blake2bf algorithm","throwable":""}
{"timestamp":"2025-11-29T03:54:43,921","container":"705fcfbea53a","level":"INFO","thread":"main","class":"RocksDBKeyValueStorageFactory","message":"No existing database detected at /opt/besu/data. Using version 1","throwable":""}
{"timestamp":"2025-11-29T03:54:45,454","container":"705fcfbea53a","level":"INFO","thread":"main","class":"KeyPairUtil","message":"Loaded public key 0x8208a3f344695d44e9cf2c023683cbea7b9343e2f70a5e804bd2c93858e945f8f91439eef96a4ab6c47ff06637d6fbe6472f96de1655a1bee57ea896654f3a22 from /opt/besu/keys/nodekey","throwable":""}
{"timestamp":"2025-11-29T03:54:45,465","container":"705fcfbea53a","level":"WARN","thread":"main","class":"Besu","message":"Privacy is disabled. Cannot use EEA/PRIV API methods when not using Privacy.","throwable":""}
{"timestamp":"2025-11-29T03:54:45,826","container":"705fcfbea53a","level":"INFO","thread":"main","class":"ProtocolScheduleBuilder","message":"Protocol schedule created with milestones: [GrayGlacier: 0]","throwable":""}
{"timestamp":"2025-11-29T03:54:46,466","container":"705fcfbea53a","level":"INFO","thread":"main","class":"TransactionPoolFactory","message":"Enabling transaction pool","throwable":""}
{"timestamp":"2025-11-29T03:54:46,494","container":"705fcfbea53a","level":"INFO","thread":"main","class":"BesuControllerBuilder","message":"TTD difficulty is not present, creating initial sync phase for PoW","throwable":""}
{"timestamp":"2025-11-29T03:54:46,686","container":"705fcfbea53a","level":"INFO","thread":"main","class":"RunnerBuilder","message":"Detecting NAT service.","throwable":""}
{"timestamp":"2025-11-29T03:54:48,768","container":"705fcfbea53a","level":"INFO","thread":"main","class":"Runner","message":"Starting external services ... ","throwable":""}
{"timestamp":"2025-11-29T03:54:48,769","container":"705fcfbea53a","level":"INFO","thread":"main","class":"MetricsHttpService","message":"Starting metrics http service on 0.0.0.0:9545","throwable":""}
{"timestamp":"2025-11-29T03:54:49,102","container":"705fcfbea53a","level":"INFO","thread":"vert.x-eventloop-thread-1","class":"MetricsHttpService","message":"Metrics service started and listening on 0.0.0.0:9545","throwable":""}
{"timestamp":"2025-11-29T03:54:49,104","container":"705fcfbea53a","level":"INFO","thread":"main","class":"JsonRpcHttpService","message":"Starting JSON-RPC service on 0.0.0.0:8545","throwable":""}
{"timestamp":"2025-11-29T03:54:49,159","container":"705fcfbea53a","level":"INFO","thread":"vert.x-eventloop-thread-1","class":"JsonRpcHttpService","message":"JSON-RPC service started and listening on 0.0.0.0:8545","throwable":""}
{"timestamp":"2025-11-29T03:54:49,169","container":"705fcfbea53a","level":"INFO","thread":"main","class":"GraphQLHttpService","message":"Starting GraphQL HTTP service on 0.0.0.0:8547","throwable":""}
{"timestamp":"2025-11-29T03:54:49,180","container":"705fcfbea53a","level":"INFO","thread":"vert.x-eventloop-thread-1","class":"GraphQLHttpService","message":"GraphQL HTTP service started and listening on 0.0.0.0:8547","throwable":""}
{"timestamp":"2025-11-29T03:54:49,181","container":"705fcfbea53a","level":"INFO","thread":"main","class":"WebSocketService","message":"Starting Websocket service on 0.0.0.0:8546","throwable":""}
{"timestamp":"2025-11-29T03:54:49,194","container":"705fcfbea53a","level":"INFO","thread":"vert.x-eventloop-thread-1","class":"WebSocketService","message":"Websocket service started and listening on 0.0.0.0:8546","throwable":""}
{"timestamp":"2025-11-29T03:54:49,199","container":"705fcfbea53a","level":"INFO","thread":"main","class":"AutoTransactionLogBloomCachingService","message":"Starting auto transaction log bloom caching service.","throwable":""}
{"timestamp":"2025-11-29T03:54:49,206","container":"705fcfbea53a","level":"INFO","thread":"main","class":"LogBloomCacheMetadata","message":"Lookup cache metadata file in data directory: /opt/besu/data/caches","throwable":""}
{"timestamp":"2025-11-29T03:54:49,240","container":"705fcfbea53a","level":"INFO","thread":"main","class":"Runner","message":"Starting Ethereum main loop ... ","throwable":""}
{"timestamp":"2025-11-29T03:54:49,240","container":"705fcfbea53a","level":"INFO","thread":"main","class":"NatService","message":"No NAT environment detected so no service could be started","throwable":""}
{"timestamp":"2025-11-29T03:54:49,241","container":"705fcfbea53a","level":"INFO","thread":"main","class":"NetworkRunner","message":"Starting Network.","throwable":""}
{"timestamp":"2025-11-29T03:54:49,280","container":"705fcfbea53a","level":"INFO","thread":"nioEventLoopGroup-2-1","class":"RlpxAgent","message":"P2P RLPx agent started and listening on /[0:0:0:0:0:0:0:0]:30303.","throwable":""}
{"timestamp":"2025-11-29T03:54:49,285","container":"705fcfbea53a","level":"INFO","thread":"main","class":"PeerDiscoveryAgent","message":"Starting peer discovery agent on host=0.0.0.0, port=30303","throwable":""}
{"timestamp":"2025-11-29T03:54:49,334","container":"705fcfbea53a","level":"INFO","thread":"vert.x-eventloop-thread-1","class":"VertxPeerDiscoveryAgent","message":"Started peer discovery agent successfully, on effective host=0:0:0:0:0:0:0:0%0 and port=30303","throwable":""}
{"timestamp":"2025-11-29T03:54:49,335","container":"705fcfbea53a","level":"INFO","thread":"vert.x-eventloop-thread-1","class":"PeerDiscoveryAgent","message":"P2P peer discovery agent started and listening on /[0:0:0:0:0:0:0:0%0]:30303","throwable":""}
{"timestamp":"2025-11-29T03:54:49,774","container":"705fcfbea53a","level":"INFO","thread":"vert.x-eventloop-thread-1","class":"PeerDiscoveryAgent","message":"Writing node record to disk. NodeRecord{seq=1, publicKey=0x028208a3f344695d44e9cf2c023683cbea7b9343e2f70a5e804bd2c93858e945f8, udpAddress=Optional[/172.16.239.11:30303], tcpAddress=Optional[/172.16.239.11:30303], asBase64=-Je4QNvLNB9ah6SSOmEE4iDaoOzHnSwn4rWjEPLi8ZuWYBhoZ4hANbpYDSbILBpk7FmcbViIgPwfoBF__LUdZT33fB8Bg2V0aMfGhEqC0IOAgmlkgnY0gmlwhKwQ7wuJc2VjcDI1NmsxoQKCCKPzRGldROnPLAI2g8vqe5ND4vcKXoBL0sk4WOlF-IN0Y3CCdl-DdWRwgnZf, nodeId=0x58e94810eeee14c28613b47e93917cadbace5dfce132b991732c6cda9bcc5b8a, customFields={tcp=30303, udp=30303, ip=0xac10ef0b, eth=[[0x4a82d083, 0x]], id=V4, secp256k1=0x028208a3f344695d44e9cf2c023683cbea7b9343e2f70a5e804bd2c93858e945f8}}","throwable":""}
{"timestamp":"2025-11-29T03:54:50,063","container":"705fcfbea53a","level":"INFO","thread":"main","class":"DefaultP2PNetwork","message":"Enode URL enode://8208a3f344695d44e9cf2c023683cbea7b9343e2f70a5e804bd2c93858e945f8f91439eef96a4ab6c47ff06637d6fbe6472f96de1655a1bee57ea896654f3a22@172.16.239.11:30303","throwable":""}
{"timestamp":"2025-11-29T03:54:50,072","container":"705fcfbea53a","level":"INFO","thread":"main","class":"DefaultP2PNetwork","message":"Node address 0x93917cadbace5dfce132b991732c6cda9bcc5b8a","throwable":""}
{"timestamp":"2025-11-29T03:54:50,161","container":"705fcfbea53a","level":"INFO","thread":"main","class":"NetworkRunner","message":"Supported capabilities: [eth/62, eth/63, eth/64, eth/65, eth/66, eth/67, eth/68], [istanbul/100], [snap/1]","throwable":""}
{"timestamp":"2025-11-29T03:54:50,161","container":"705fcfbea53a","level":"INFO","thread":"main","class":"DefaultSynchronizer","message":"Starting synchronizer.","throwable":""}
{"timestamp":"2025-11-29T03:54:50,167","container":"705fcfbea53a","level":"INFO","thread":"main","class":"TransactionPoolFactory","message":"Enabling transaction handling following initial sync","throwable":""}
{"timestamp":"2025-11-29T03:54:50,175","container":"705fcfbea53a","level":"INFO","thread":"main","class":"FullSyncDownloader","message":"Starting full sync.","throwable":""}
{"timestamp":"2025-11-29T03:54:50,180","container":"705fcfbea53a","level":"INFO","thread":"main","class":"FullSyncTargetManager","message":"Unable to find sync target. Currently checking 0 peers for usefulness","throwable":""}
{"timestamp":"2025-11-29T03:54:50,388","container":"705fcfbea53a","level":"INFO","thread":"main","class":"Runner","message":"Ethereum main loop is up.","throwable":""}
{"timestamp":"2025-11-29T03:54:50,854","container":"705fcfbea53a","level":"INFO","thread":"nioEventLoopGroup-3-4","class":"FullSyncTargetManager","message":"Unable to find sync target. Currently checking 1 peers for usefulness","throwable":""}
{"timestamp":"2025-11-29T03:54:50,927","container":"705fcfbea53a","level":"INFO","thread":"nioEventLoopGroup-3-8","class":"FullSyncTargetManager","message":"Unable to find sync target. Currently checking 2 peers for usefulness","throwable":""}
{"timestamp":"2025-11-29T03:54:51,089","container":"705fcfbea53a","level":"INFO","thread":"nioEventLoopGroup-3-9","class":"FullSyncTargetManager","message":"Unable to find sync target. Currently checking 3 peers for usefulness","throwable":""}
{"timestamp":"2025-11-29T03:54:51,791","container":"705fcfbea53a","level":"INFO","thread":"nioEventLoopGroup-3-1","class":"FullSyncTargetManager","message":"Unable to find sync target. Currently checking 4 peers for usefulness","throwable":""}
{"timestamp":"2025-11-29T03:54:52,018","container":"705fcfbea53a","level":"INFO","thread":"nioEventLoopGroup-3-2","class":"FullSyncTargetManager","message":"Unable to find sync target. Currently checking 5 peers for usefulness","throwable":""}
{"timestamp":"2025-11-29T03:54:52,626","container":"705fcfbea53a","level":"INFO","thread":"nioEventLoopGroup-3-3","class":"FullSyncTargetManager","message":"Unable to find sync target. Currently checking 6 peers for usefulness","throwable":""}
{"timestamp":"2025-11-29T03:54:52,693","container":"705fcfbea53a","level":"INFO","thread":"nioEventLoopGroup-3-4","class":"FullSyncTargetManager","message":"Unable to find sync target. Currently checking 7 peers for usefulness","throwable":""}
{"timestamp":"2025-11-29T03:54:57,694","container":"705fcfbea53a","level":"INFO","thread":"EthScheduler-Timer-0","class":"FullSyncTargetManager","message":"Unable to find sync target. Currently checking 7 peers for usefulness","throwable":""}
{"timestamp":"2025-11-29T03:55:00,663","container":"705fcfbea53a","level":"INFO","thread":"BftProcessorExecutor-QBFT-0","class":"QbftRound","message":"Importing proposed block to chain. round=ConsensusRoundIdentifier{Sequence=1, Round=1}, hash=0x74b61be728b193b80eaa056fdd607b032c565413d897117d8ced5077e9c13cc8","throwable":""}
{"timestamp":"2025-11-29T03:55:00,689","container":"705fcfbea53a","level":"INFO","thread":"BftProcessorExecutor-QBFT-0","class":"QbftBesuControllerBuilder","message":"Produced #1 / 1 tx / 0 pending / 2,351,475 (14.5%) gas / (0x74b61be728b193b80eaa056fdd607b032c565413d897117d8ced5077e9c13cc8)","throwable":""}
{"timestamp":"2025-11-29T03:55:02,695","container":"705fcfbea53a","level":"INFO","thread":"EthScheduler-Timer-0","class":"FullSyncTargetManager","message":"Unable to find sync target. Currently checking 7 peers for usefulness","throwable":""}
{"timestamp":"2025-11-29T03:55:05,079","container":"705fcfbea53a","level":"INFO","thread":"BftProcessorExecutor-QBFT-0","class":"QbftBesuControllerBuilder","message":"Imported #2 / 1 tx / 0 pending / 70,157 (0.4%) gas / (0xd9d37f1fceb3e07250f01455b1d86f88375bfbeda8af8e3e19b49f351c99b3ff)","throwable":""}
{"timestamp":"2025-11-29T03:55:10,027","container":"705fcfbea53a","level":"INFO","thread":"BftProcessorExecutor-QBFT-0","class":"QbftBesuControllerBuilder","message":"Imported #3 / 1 tx / 0 pending / 70,157 (0.4%) gas / (0x267f0d84ecf8198263b8b0fa6893757ee2451edc2f6a4eeb60aaa2eced100366)","throwable":""}
{"timestamp":"2025-11-29T03:55:15,048","container":"705fcfbea53a","level":"INFO","thread":"BftProcessorExecutor-QBFT-0","class":"QbftBesuControllerBuilder","message":"Imported #4 / 1 tx / 0 pending / 70,157 (0.4%) gas / (0xd7b457665f128145ce580d4dc385f84774344ccb641f44ddc0322e9278a9ba7c)","throwable":""}
{"timestamp":"2025-11-29T03:55:20,032","container":"705fcfbea53a","level":"INFO","thread":"BftProcessorExecutor-QBFT-0","class":"QbftBesuControllerBuilder","message":"Produced #5 / 1 tx / 0 pending / 70,157 (0.4%) gas / (0x60b131e7cd95216fa380e86222c613f31791e52a3d44301d72999ef845124b61)","throwable":""}
{"timestamp":"2025-11-29T03:55:25,046","container":"705fcfbea53a","level":"INFO","thread":"BftProcessorExecutor-QBFT-0","class":"QbftBesuControllerBuilder","message":"Imported #6 / 1 tx / 0 pending / 70,169 (0.4%) gas / (0xfd49eb95809cf638df6077b65c00993755d2a15cda859569fe68cb75bd8b8788)","throwable":""}
{"timestamp":"2025-11-29T03:55:30,073","container":"705fcfbea53a","level":"INFO","thread":"BftProcessorExecutor-QBFT-0","class":"QbftBesuControllerBuilder","message":"Imported #7 / 1 tx / 0 pending / 70,169 (0.4%) gas / (0x20618c7936164e750e1c0bc4d4d7e03fed4343ceeb296e54d22df6ed4788ef66)","throwable":""}
{"timestamp":"2025-11-29T03:55:35,053","container":"705fcfbea53a","level":"INFO","thread":"BftProcessorExecutor-QBFT-0","class":"QbftBesuControllerBuilder","message":"Imported #8 / 1 tx / 0 pending / 59,477 (0.4%) gas / (0x1e85422d6d795649e2a854d9ba487239fd6d6d62c2d729bba55074cd5bf407fb)","throwable":""}
{"timestamp":"2025-11-29T03:55:40,026","container":"705fcfbea53a","level":"INFO","thread":"BftProcessorExecutor-QBFT-0","class":"QbftBesuControllerBuilder","message":"Produced #9 / 1 tx / 0 pending / 59,477 (0.4%) gas / (0x8eda4a537dfbb604ce968b3067f55f2ecc3e789461dbbb7c29da0149c00cbfce)","throwable":""}
{"timestamp":"2025-11-29T03:55:45,028","container":"705fcfbea53a","level":"INFO","thread":"EthScheduler-Workers-0","class":"PersistBlockTask","message":"Imported #10 / 1 tx / 0 om / 59,477 (0.4%) gas / (0x633bb8e221cee5a600fb6a9973db9f70103006a5acb9d820181115a2c1b2a7de) in 0.007s. Peers: 7","throwable":""}
{"timestamp":"2025-11-29T03:55:45,030","container":"705fcfbea53a","level":"INFO","thread":"BftProcessorExecutor-QBFT-0","class":"QbftBesuControllerBuilder","message":"Imported #10 / 1 tx / 0 pending / 59,477 (0.4%) gas / (0x633bb8e221cee5a600fb6a9973db9f70103006a5acb9d820181115a2c1b2a7de)","throwable":""}
{"timestamp":"2025-11-29T03:55:50,031","container":"705fcfbea53a","level":"INFO","thread":"EthScheduler-Workers-0","class":"PersistBlockTask","message":"Block 11 (0x0f98b428403f11baa9f3bded771eeb91006bce98cd0b83cd49ff86e3499b27e4) is already imported","throwable":""}
{"timestamp":"2025-11-29T03:55:50,032","container":"705fcfbea53a","level":"INFO","thread":"BftProcessorExecutor-QBFT-0","class":"QbftBesuControllerBuilder","message":"Imported #11 / 1 tx / 0 pending / 59,477 (0.4%) gas / (0x0f98b428403f11baa9f3bded771eeb91006bce98cd0b83cd49ff86e3499b27e4)","throwable":""}
{"timestamp":"2025-11-29T03:55:55,030","container":"705fcfbea53a","level":"INFO","thread":"EthScheduler-Workers-0","class":"PersistBlockTask","message":"Block 12 (0x92974794bccd7c7d48b98d59bde593240732a1759bb39cc827e727211226ee60) is already imported","throwable":""}
{"timestamp":"2025-11-29T03:55:55,031","container":"705fcfbea53a","level":"INFO","thread":"BftProcessorExecutor-QBFT-0","class":"QbftBesuControllerBuilder","message":"Imported #12 / 1 tx / 0 pending / 59,489 (0.4%) gas / (0x92974794bccd7c7d48b98d59bde593240732a1759bb39cc827e727211226ee60)","throwable":""}
{"timestamp":"2025-11-29T03:56:00,051","container":"705fcfbea53a","level":"INFO","thread":"BftProcessorExecutor-QBFT-0","class":"QbftBesuControllerBuilder","message":"Produced #13 / 1 tx / 0 pending / 59,489 (0.4%) gas / (0x817a58ab197b9f67a9cad85a06e1728b9b4a098615b590300c7dd1bf630cc118)","throwable":""}
{"timestamp":"2025-11-29T03:56:05,017","container":"705fcfbea53a","level":"INFO","thread":"EthScheduler-Workers-0","class":"PersistBlockTask","message":"Imported #14 / 0 tx / 0 om / 0 (0.0%) gas / (0x020dc08bca30445b0b22d98255519f44c2b0523ddfb264cebed60b73b3b87fed) in 0.001s. Peers: 7","throwable":""}
{"timestamp":"2025-11-29T03:56:10,021","container":"705fcfbea53a","level":"INFO","thread":"BftProcessorExecutor-QBFT-0","class":"QbftBesuControllerBuilder","message":"Imported #15 / 0 tx / 0 pending / 0 (0.0%) gas / (0x78caeb24a95f8458ad2a9a0f009763ebf8affb9cda46bf87b066afd5e52f4017)","throwable":""}
{"timestamp":"2025-11-29T03:56:15,026","container":"705fcfbea53a","level":"INFO","thread":"EthScheduler-Workers-0","class":"PersistBlockTask","message":"Imported #16 / 0 tx / 0 om / 0 (0.0%) gas / (0x3e43e40f5136936e27743305ae042ae372e42bd1e3dfe0f9889557ccfd0a76c3) in 0.004s. Peers: 7","throwable":""}
{"timestamp":"2025-11-29T03:56:20,028","container":"705fcfbea53a","level":"INFO","thread":"BftProcessorExecutor-QBFT-0","class":"QbftBesuControllerBuilder","message":"Produced #17 / 0 tx / 0 pending / 0 (0.0%) gas / (0xa8252e5ee727067b740b318635db091c7ed48c29917e902c2359687c75a07bbf)","throwable":""}
{"timestamp":"2025-11-29T03:56:25,027","container":"705fcfbea53a","level":"INFO","thread":"EthScheduler-Workers-0","class":"PersistBlockTask","message":"Block 18 (0x2af176c4d080c73b72cc560f515f63738e91e6bb15784286654573a7bda0377d) is already imported","throwable":""}
{"timestamp":"2025-11-29T03:56:25,027","container":"705fcfbea53a","level":"INFO","thread":"BftProcessorExecutor-QBFT-0","class":"QbftBesuControllerBuilder","message":"Imported #18 / 0 tx / 0 pending / 0 (0.0%) gas / (0x2af176c4d080c73b72cc560f515f63738e91e6bb15784286654573a7bda0377d)","throwable":""}
{"timestamp":"2025-11-29T03:56:30,026","container":"705fcfbea53a","level":"INFO","thread":"EthScheduler-Workers-0","class":"PersistBlockTask","message":"Imported #19 / 0 tx / 0 om / 0 (0.0%) gas / (0xe38134c99935568c14d0c921e45be218b52068382efa67626c1512bbd180d687) in 0.004s. Peers: 7","throwable":""}
{"timestamp":"2025-11-29T03:56:30,028","container":"705fcfbea53a","level":"INFO","thread":"BftProcessorExecutor-QBFT-0","class":"QbftBesuControllerBuilder","message":"Imported #19 / 0 tx / 0 pending / 0 (0.0%) gas / (0xe38134c99935568c14d0c921e45be218b52068382efa67626c1512bbd180d687)","throwable":""}
{"timestamp":"2025-11-29T03:56:35,023","container":"705fcfbea53a","level":"INFO","thread":"BftProcessorExecutor-QBFT-0","class":"QbftBesuControllerBuilder","message":"Imported #20 / 0 tx / 0 pending / 0 (0.0%) gas / (0x16e530dff5a41fafa4661b47fbda7b3648ddbf6efd3f2445050b537f363ec6b6)","throwable":""}
{"timestamp":"2025-11-29T03:56:40,020","container":"705fcfbea53a","level":"INFO","thread":"EthScheduler-Workers-0","class":"PersistBlockTask","message":"Block 21 (0x0c2aa35f061558a2fb665c8c7a83fcbfe6e75aea1d52fcd632ff066b73cc1eb9) is already imported","throwable":""}
{"timestamp":"2025-11-29T03:56:40,022","container":"705fcfbea53a","level":"INFO","thread":"BftProcessorExecutor-QBFT-0","class":"QbftBesuControllerBuilder","message":"Produced #21 / 0 tx / 0 pending / 0 (0.0%) gas / (0x0c2aa35f061558a2fb665c8c7a83fcbfe6e75aea1d52fcd632ff066b73cc1eb9)","throwable":""}
{"timestamp":"2025-11-29T03:56:45,023","container":"705fcfbea53a","level":"INFO","thread":"BftProcessorExecutor-QBFT-0","class":"QbftBesuControllerBuilder","message":"Imported #22 / 0 tx / 0 pending / 0 (0.0%) gas / (0xf02b33ca855d9c512243629f7ae1425c1608e40afcf92559cb6a0223fa2f6388)","throwable":""}
{"timestamp":"2025-11-29T03:56:50,018","container":"705fcfbea53a","level":"INFO","thread":"EthScheduler-Workers-0","class":"PersistBlockTask","message":"Imported #23 / 0 tx / 0 om / 0 (0.0%) gas / (0xff9566c0ab9286a442beee59cb0e3f7c429ce527096a3feed8b1bc20660ac787) in 0.001s. Peers: 7","throwable":""}
{"timestamp":"2025-11-29T03:56:55,019","container":"705fcfbea53a","level":"INFO","thread":"EthScheduler-Workers-0","class":"PersistBlockTask","message":"Imported #24 / 0 tx / 0 om / 0 (0.0%) gas / (0xe7ac586f3fa0394a7e9ce2db9611c5edbc20cfaabc8e94576725ecfdc6e6691b) in 0.002s. Peers: 7","throwable":""}
{"timestamp":"2025-11-29T03:57:00,022","container":"705fcfbea53a","level":"INFO","thread":"BftProcessorExecutor-QBFT-0","class":"QbftBesuControllerBuilder","message":"Produced #25 / 0 tx / 0 pending / 0 (0.0%) gas / (0xabf2f03fcb6f7739658fb83fccf116c1173ed77cfbcff5a054565b9b589d123c)","throwable":""}
{"timestamp":"2025-11-29T03:57:05,013","container":"705fcfbea53a","level":"INFO","thread":"BftProcessorExecutor-QBFT-0","class":"QbftBesuControllerBuilder","message":"Imported #26 / 0 tx / 0 pending / 0 (0.0%) gas / (0x43d250aed6d62d5b0c88501a2fc0944d459594c95ae7511912ff7a615f113a6a)","throwable":""}
{"timestamp":"2025-11-29T03:57:10,021","container":"705fcfbea53a","level":"INFO","thread":"EthScheduler-Workers-0","class":"PersistBlockTask","message":"Block 27 (0xe726eaf072a0cb45def2b96b57b7b15d5d1c7f263f1295f21f58f0edd2d6c224) is already imported","throwable":""}
{"timestamp":"2025-11-29T03:57:10,023","container":"705fcfbea53a","level":"INFO","thread":"BftProcessorExecutor-QBFT-0","class":"QbftBesuControllerBuilder","message":"Imported #27 / 0 tx / 0 pending / 0 (0.0%) gas / (0xe726eaf072a0cb45def2b96b57b7b15d5d1c7f263f1295f21f58f0edd2d6c224)","throwable":""}
{"timestamp":"2025-11-29T03:57:15,017","container":"705fcfbea53a","level":"INFO","thread":"BftProcessorExecutor-QBFT-0","class":"QbftBesuControllerBuilder","message":"Imported #28 / 0 tx / 0 pending / 0 (0.0%) gas / (0xd924b04aedc54429dd5e412b3d25b5a1c5a4967a8f1aff981d4258cac24167fb)","throwable":""}
{"timestamp":"2025-11-29T03:57:20,016","container":"705fcfbea53a","level":"INFO","thread":"BftProcessorExecutor-QBFT-0","class":"QbftBesuControllerBuilder","message":"Produced #29 / 0 tx / 0 pending / 0 (0.0%) gas / (0x9eb50f5bf2af73e66e85b56c46c60076c7f71e4ba4b14a5f0e1ec22131434e10)","throwable":""}
{"timestamp":"2025-11-29T03:57:25,015","container":"705fcfbea53a","level":"INFO","thread":"BftProcessorExecutor-QBFT-0","class":"QbftBesuControllerBuilder","message":"Imported #30 / 0 tx / 0 pending / 0 (0.0%) gas / (0xaa9538648ef455bb5e1f5dc3471c4531ebb9c19950369a5076edebf4eb970404)","throwable":""}
{"timestamp":"2025-11-29T03:57:30,014","container":"705fcfbea53a","level":"INFO","thread":"BftProcessorExecutor-QBFT-0","class":"QbftBesuControllerBuilder","message":"Imported #31 / 0 tx / 0 pending / 0 (0.0%) gas / (0x79e4efd85f00ba00a32209f32431238734614af467f82c2f6a83f050ef5ef697)","throwable":""}
{"timestamp":"2025-11-29T03:57:35,014","container":"705fcfbea53a","level":"INFO","thread":"BftProcessorExecutor-QBFT-0","class":"QbftBesuControllerBuilder","message":"Imported #32 / 0 tx / 0 pending / 0 (0.0%) gas / (0x52407d7e4b64637b0722f630bbe46c2f0fddff25caa7621682bfefdf85f87663)","throwable":""}
{"timestamp":"2025-11-29T03:57:40,016","container":"705fcfbea53a","level":"INFO","thread":"BftProcessorExecutor-QBFT-0","class":"QbftBesuControllerBuilder","message":"Produced #33 / 0 tx / 0 pending / 0 (0.0%) gas / (0x8aa04008063ed9d4cf9a021a7cd6a66190c971af2091d604e90fc44ab3588fcc)","throwable":""}
{"timestamp":"2025-11-29T03:57:45,022","container":"705fcfbea53a","level":"INFO","thread":"BftProcessorExecutor-QBFT-0","class":"QbftBesuControllerBuilder","message":"Imported #34 / 0 tx / 0 pending / 0 (0.0%) gas / (0xb06123feb53c21ed1902b11728b4d377132c42ee03fa382777205c328715f9b0)","throwable":""}
{"timestamp":"2025-11-29T03:57:50,015","container":"705fcfbea53a","level":"INFO","thread":"BftProcessorExecutor-QBFT-0","class":"QbftBesuControllerBuilder","message":"Imported #35 / 0 tx / 0 pending / 0 (0.0%) gas / (0x46a6b392c735667305e237579ed71f4d5fe98aa18ceb69adc0e77a657a1549bd)","throwable":""}
{"timestamp":"2025-11-29T03:57:55,023","container":"705fcfbea53a","level":"INFO","thread":"EthScheduler-Workers-0","class":"PersistBlockTask","message":"Block 36 (0x676125de694fe91ac9e6c05f20c378e2a319b23c3a63a6fdaee24c01408e6f56) is already imported","throwable":""}
{"timestamp":"2025-11-29T03:57:55,025","container":"705fcfbea53a","level":"INFO","thread":"BftProcessorExecutor-QBFT-0","class":"QbftBesuControllerBuilder","message":"Imported #36 / 0 tx / 0 pending / 0 (0.0%) gas / (0x676125de694fe91ac9e6c05f20c378e2a319b23c3a63a6fdaee24c01408e6f56)","throwable":""}
{"timestamp":"2025-11-29T03:57:57,718","container":"705fcfbea53a","level":"INFO","thread":"EthScheduler-Timer-0","class":"FullSyncTargetManager","message":"Unable to find sync target. Currently checking 0 peers for usefulness","throwable":""}
{"timestamp":"2025-11-29T03:57:59,028","container":"705fcfbea53a","level":"INFO","thread":"BftProcessorExecutor-QBFT-0","class":"BftProcessor","message":"Shutting down BFT event processor","throwable":""}
{"timestamp":"2025-11-29T03:57:59,030","container":"705fcfbea53a","level":"INFO","thread":"BesuCommand-Shutdown-Hook","class":"DefaultSynchronizer","message":"Stopping synchronizer","throwable":""}
{"timestamp":"2025-11-29T03:57:59,031","container":"705fcfbea53a","level":"INFO","thread":"BesuCommand-Shutdown-Hook","class":"NetworkRunner","message":"Stopping Network.","throwable":""}
{"timestamp":"2025-11-29T03:57:59,035","container":"705fcfbea53a","level":"INFO","thread":"BesuCommand-Shutdown-Hook","class":"EthProtocolManager","message":"Stopping eth Subprotocol.","throwable":""}
{"timestamp":"2025-11-29T03:57:59,037","container":"705fcfbea53a","level":"INFO","thread":"BesuCommand-Shutdown-Hook","class":"EthProtocolManager","message":"eth Subprotocol stopped.","throwable":""}
{"timestamp":"2025-11-29T03:57:59,038","container":"705fcfbea53a","level":"INFO","thread":"BesuCommand-Shutdown-Hook","class":"NetworkRunner","message":"Network stopped.","throwable":""}
{"timestamp":"2025-11-29T03:57:59,038","container":"705fcfbea53a","level":"INFO","thread":"BesuCommand-Shutdown-Hook","class":"AutoTransactionLogBloomCachingService","message":"Shutting down Auto transaction logs caching service.","throwable":""}
{"timestamp":"2025-11-29T03:57:59,039","container":"705fcfbea53a","level":"INFO","thread":"BesuCommand-Shutdown-Hook","class":"NatService","message":"No NAT environment detected so no service could be stopped","throwable":""}
