{"timestamp":"2025-11-29T03:44:07,257","container":"041495233fad","level":"INFO","thread":"main","class":"Besu","message":"Starting Besu","throwable":""}
{"timestamp":"2025-11-29T03:44:08,435","container":"041495233fad","level":"WARN","thread":"main","class":"Besu","message":"--min-gas-price has been ignored because --miner-enabled was not defined on the command line.","throwable":""}
{"timestamp":"2025-11-29T03:44:11,963","container":"041495233fad","level":"INFO","thread":"main","class":"Besu","message":"
####################################################################################################
#                                                                                                  #
# Besu version 23.4.1                                                                              #
#                                                                                                  #
# Configuration:                                                                                   #
# Network: Custom genesis file specified                                                           #
# Network Id: 1337                                                                                 #
# Data storage: Forest                                                                             #
# Sync mode: Full                                                                                  #
# RPC HTTP APIs: EEA,WEB3,ETH,NET,TRACE,DEBUG,ADMIN,TXPOOL,PRIV,PERM,QBFT                          #
# RPC HTTP port: 8545                                                                              #
#                                                                                                  #
# Host:                                                                                            #
# Java: openjdk-java-17                                                                            #
# Maximum heap size: 3.81 GB                                                                       #
# OS: linux-x86_64                                                                                 #
# glibc: 2.35                                                                                      #
# jemalloc: 5.2.1-0-gea6b3e973b477b8061e0076bb257dbd7f3faa756                                      #
# Total memory: 15.25 GB                                                                           #
# CPU cores: 16                                                                                    #
#                                                                                                  #
####################################################################################################","throwable":""}
{"timestamp":"2025-11-29T03:44:11,963","container":"041495233fad","level":"INFO","thread":"main","class":"Besu","message":"Connecting to 8 static nodes.","throwable":""}
{"timestamp":"2025-11-29T03:44:11,964","container":"041495233fad","level":"INFO","thread":"main","class":"Besu","message":"Security Module: localfile","throwable":""}
{"timestamp":"2025-11-29T03:44:12,093","container":"041495233fad","level":"INFO","thread":"main","class":"Besu","message":"Using the native implementation of alt bn128","throwable":""}
{"timestamp":"2025-11-29T03:44:12,195","container":"041495233fad","level":"INFO","thread":"main","class":"Besu","message":"Using the native implementation of modexp","throwable":""}
{"timestamp":"2025-11-29T03:44:12,196","container":"041495233fad","level":"INFO","thread":"main","class":"Besu","message":"Using the native implementation of the signature algorithm","throwable":""}
{"timestamp":"2025-11-29T03:44:12,211","container":"041495233fad","level":"INFO","thread":"main","class":"Besu","message":"Using the native implementation of the blake2bf algorithm","throwable":""}
{"timestamp":"2025-11-29T03:44:12,263","container":"041495233fad","level":"INFO","thread":"main","class":"RocksDBKeyValueStorageFactory","message":"No existing database detected at /opt/besu/data. Using version 1","throwable":""}
{"timestamp":"2025-11-29T03:44:16,207","container":"041495233fad","level":"INFO","thread":"main","class":"KeyPairUtil","message":"Loaded public key 0x2fd5b5b6ad529f55b71602026d1849d0036f06482368b5812fa793014195d3571b0840dbc4175617de2a12db8f1222c012420d471ae5c0d982118625cae58868 from /opt/besu/keys/nodekey","throwable":""}
{"timestamp":"2025-11-29T03:44:16,235","container":"041495233fad","level":"WARN","thread":"main","class":"Besu","message":"Privacy is disabled. Cannot use EEA/PRIV API methods when not using Privacy.","throwable":""}
{"timestamp":"2025-11-29T03:44:17,600","container":"041495233fad","level":"INFO","thread":"main","class":"ProtocolScheduleBuilder","message":"Protocol schedule created with milestones: [GrayGlacier: 0]","throwable":""}
{"timestamp":"2025-11-29T03:44:18,060","container":"041495233fad","level":"INFO","thread":"main","class":"TransactionPoolFactory","message":"Enabling transaction pool","throwable":""}
{"timestamp":"2025-11-29T03:44:18,101","container":"041495233fad","level":"INFO","thread":"main","class":"BesuControllerBuilder","message":"TTD difficulty is not present, creating initial sync phase for PoW","throwable":""}
{"timestamp":"2025-11-29T03:44:18,217","container":"041495233fad","level":"INFO","thread":"main","class":"RunnerBuilder","message":"Detecting NAT service.","throwable":""}
{"timestamp":"2025-11-29T03:44:21,441","container":"041495233fad","level":"INFO","thread":"main","class":"Runner","message":"Starting external services ... ","throwable":""}
{"timestamp":"2025-11-29T03:44:21,441","container":"041495233fad","level":"INFO","thread":"main","class":"MetricsHttpService","message":"Starting metrics http service on 0.0.0.0:9545","throwable":""}
{"timestamp":"2025-11-29T03:44:22,192","container":"041495233fad","level":"INFO","thread":"vert.x-eventloop-thread-1","class":"MetricsHttpService","message":"Metrics service started and listening on 0.0.0.0:9545","throwable":""}
{"timestamp":"2025-11-29T03:44:22,194","container":"041495233fad","level":"INFO","thread":"main","class":"JsonRpcHttpService","message":"Starting JSON-RPC service on 0.0.0.0:8545","throwable":""}
{"timestamp":"2025-11-29T03:44:22,398","container":"041495233fad","level":"INFO","thread":"vert.x-eventloop-thread-1","class":"JsonRpcHttpService","message":"JSON-RPC service started and listening on 0.0.0.0:8545","throwable":""}
{"timestamp":"2025-11-29T03:44:22,401","container":"041495233fad","level":"INFO","thread":"main","class":"GraphQLHttpService","message":"Starting GraphQL HTTP service on 0.0.0.0:8547","throwable":""}
{"timestamp":"2025-11-29T03:44:22,409","container":"041495233fad","level":"INFO","thread":"vert.x-eventloop-thread-1","class":"GraphQLHttpService","message":"GraphQL HTTP service started and listening on 0.0.0.0:8547","throwable":""}
{"timestamp":"2025-11-29T03:44:22,409","container":"041495233fad","level":"INFO","thread":"main","class":"WebSocketService","message":"Starting Websocket service on 0.0.0.0:8546","throwable":""}
{"timestamp":"2025-11-29T03:44:22,416","container":"041495233fad","level":"INFO","thread":"vert.x-eventloop-thread-1","class":"WebSocketService","message":"Websocket service started and listening on 0.0.0.0:8546","throwable":""}
{"timestamp":"2025-11-29T03:44:22,421","container":"041495233fad","level":"INFO","thread":"main","class":"AutoTransactionLogBloomCachingService","message":"Starting auto transaction log bloom caching service.","throwable":""}
{"timestamp":"2025-11-29T03:44:22,429","container":"041495233fad","level":"INFO","thread":"main","class":"LogBloomCacheMetadata","message":"Lookup cache metadata file in data directory: /opt/besu/data/caches","throwable":""}
{"timestamp":"2025-11-29T03:44:22,463","container":"041495233fad","level":"INFO","thread":"main","class":"Runner","message":"Starting Ethereum main loop ... ","throwable":""}
{"timestamp":"2025-11-29T03:44:22,464","container":"041495233fad","level":"INFO","thread":"main","class":"NatService","message":"No NAT environment detected so no service could be started","throwable":""}
{"timestamp":"2025-11-29T03:44:22,464","container":"041495233fad","level":"INFO","thread":"main","class":"NetworkRunner","message":"Starting Network.","throwable":""}
{"timestamp":"2025-11-29T03:44:22,521","container":"041495233fad","level":"INFO","thread":"nioEventLoopGroup-2-1","class":"RlpxAgent","message":"P2P RLPx agent started and listening on /[0:0:0:0:0:0:0:0]:30303.","throwable":""}
{"timestamp":"2025-11-29T03:44:22,524","container":"041495233fad","level":"INFO","thread":"main","class":"PeerDiscoveryAgent","message":"Starting peer discovery agent on host=0.0.0.0, port=30303","throwable":""}
{"timestamp":"2025-11-29T03:44:22,596","container":"041495233fad","level":"INFO","thread":"vert.x-eventloop-thread-1","class":"VertxPeerDiscoveryAgent","message":"Started peer discovery agent successfully, on effective host=0:0:0:0:0:0:0:0%0 and port=30303","throwable":""}
{"timestamp":"2025-11-29T03:44:22,598","container":"041495233fad","level":"INFO","thread":"vert.x-eventloop-thread-1","class":"PeerDiscoveryAgent","message":"P2P peer discovery agent started and listening on /[0:0:0:0:0:0:0:0%0]:30303","throwable":""}
{"timestamp":"2025-11-29T03:44:22,762","container":"041495233fad","level":"INFO","thread":"vert.x-eventloop-thread-1","class":"PeerDiscoveryAgent","message":"Writing node record to disk. NodeRecord{seq=1, publicKey=0x022fd5b5b6ad529f55b71602026d1849d0036f06482368b5812fa793014195d357, udpAddress=Optional[/172.16.239.14:30303], tcpAddress=Optional[/172.16.239.14:30303], asBase64=-Je4QMFI_weMOAWUxz8xnpcQu3dnHICt5qbylbotdpE9YW2eHf6pL1SC7xgC3blAsahDv4t7tU_21QlJvKbvo41QHGQBg2V0aMfGhEqC0IOAgmlkgnY0gmlwhKwQ7w6Jc2VjcDI1NmsxoQIv1bW2rVKfVbcWAgJtGEnQA28GSCNotYEvp5MBQZXTV4N0Y3CCdl-DdWRwgnZf, nodeId=0xc8f776c1d83d4fddd02782c698c1334496614aed49d2e81526d089f7264fed9c, customFields={tcp=30303, udp=30303, ip=0xac10ef0e, eth=[[0x4a82d083, 0x]], id=V4, secp256k1=0x022fd5b5b6ad529f55b71602026d1849d0036f06482368b5812fa793014195d357}}","throwable":""}
{"timestamp":"2025-11-29T03:44:23,074","container":"041495233fad","level":"INFO","thread":"main","class":"DefaultP2PNetwork","message":"Enode URL enode://2fd5b5b6ad529f55b71602026d1849d0036f06482368b5812fa793014195d3571b0840dbc4175617de2a12db8f1222c012420d471ae5c0d982118625cae58868@172.16.239.14:30303","throwable":""}
{"timestamp":"2025-11-29T03:44:23,075","container":"041495233fad","level":"INFO","thread":"main","class":"DefaultP2PNetwork","message":"Node address 0x98c1334496614aed49d2e81526d089f7264fed9c","throwable":""}
{"timestamp":"2025-11-29T03:44:23,388","container":"041495233fad","level":"INFO","thread":"main","class":"NetworkRunner","message":"Supported capabilities: [eth/62, eth/63, eth/64, eth/65, eth/66, eth/67, eth/68], [istanbul/100], [snap/1]","throwable":""}
{"timestamp":"2025-11-29T03:44:23,389","container":"041495233fad","level":"INFO","thread":"main","class":"DefaultSynchronizer","message":"Starting synchronizer.","throwable":""}
{"timestamp":"2025-11-29T03:44:23,394","container":"041495233fad","level":"INFO","thread":"main","class":"TransactionPoolFactory","message":"Enabling transaction handling following initial sync","throwable":""}
{"timestamp":"2025-11-29T03:44:23,397","container":"041495233fad","level":"INFO","thread":"main","class":"FullSyncDownloader","message":"Starting full sync.","throwable":""}
{"timestamp":"2025-11-29T03:44:23,399","container":"041495233fad","level":"INFO","thread":"main","class":"FullSyncTargetManager","message":"Unable to find sync target. Currently checking 0 peers for usefulness","throwable":""}
{"timestamp":"2025-11-29T03:44:24,247","container":"041495233fad","level":"INFO","thread":"main","class":"Runner","message":"Ethereum main loop is up.","throwable":""}
{"timestamp":"2025-11-29T03:44:24,686","container":"041495233fad","level":"INFO","thread":"nioEventLoopGroup-3-7","class":"FullSyncTargetManager","message":"Unable to find sync target. Currently checking 6 peers for usefulness","throwable":""}
{"timestamp":"2025-11-29T03:44:24,943","container":"041495233fad","level":"INFO","thread":"nioEventLoopGroup-3-8","class":"FullSyncTargetManager","message":"Unable to find sync target. Currently checking 7 peers for usefulness","throwable":""}
{"timestamp":"2025-11-29T03:44:29,951","container":"041495233fad","level":"INFO","thread":"EthScheduler-Timer-0","class":"FullSyncTargetManager","message":"Unable to find sync target. Currently checking 7 peers for usefulness","throwable":""}
{"timestamp":"2025-11-29T03:44:34,192","container":"041495233fad","level":"INFO","thread":"BftProcessorExecutor-QBFT-0","class":"QbftRound","message":"Importing proposed block to chain. round=ConsensusRoundIdentifier{Sequence=1, Round=1}, hash=0xae64ac95784b6d312d7d663b641da9f0abc88c2055931ba6c19b9f60fff40748","throwable":""}
{"timestamp":"2025-11-29T03:44:34,247","container":"041495233fad","level":"INFO","thread":"BftProcessorExecutor-QBFT-0","class":"QbftBesuControllerBuilder","message":"Imported #1 / 0 tx / 0 pending / 0 (0.0%) gas / (0xae64ac95784b6d312d7d663b641da9f0abc88c2055931ba6c19b9f60fff40748)","throwable":""}
{"timestamp":"2025-11-29T03:44:34,953","container":"041495233fad","level":"INFO","thread":"EthScheduler-Timer-0","class":"FullSyncTargetManager","message":"Unable to find sync target. Currently checking 7 peers for usefulness","throwable":""}
{"timestamp":"2025-11-29T03:44:39,074","container":"041495233fad","level":"INFO","thread":"BftProcessorExecutor-QBFT-0","class":"QbftBesuControllerBuilder","message":"Produced #2 / 0 tx / 0 pending / 0 (0.0%) gas / (0x562405033e1838912a0556036202cf576b67888d95c1306979a84f251f0b8fd1)","throwable":""}
{"timestamp":"2025-11-29T03:44:39,084","container":"041495233fad","level":"INFO","thread":"EthScheduler-Workers-0","class":"PersistBlockTask","message":"Block 2 (0x562405033e1838912a0556036202cf576b67888d95c1306979a84f251f0b8fd1) is already imported","throwable":""}
{"timestamp":"2025-11-29T03:44:44,058","container":"041495233fad","level":"INFO","thread":"BftProcessorExecutor-QBFT-0","class":"QbftBesuControllerBuilder","message":"Imported #3 / 0 tx / 0 pending / 0 (0.0%) gas / (0x2353e7dd7866fc6fbb160c86d4a633d3e50a71faad0d91217448c202dcd808b6)","throwable":""}
{"timestamp":"2025-11-29T03:44:49,038","container":"041495233fad","level":"INFO","thread":"BftProcessorExecutor-QBFT-0","class":"QbftBesuControllerBuilder","message":"Imported #4 / 0 tx / 0 pending / 0 (0.0%) gas / (0x698e7cb287e3b3fd181e2cd62eaaf58742338cfa8aa73a573f904fb0ded49dee)","throwable":""}
{"timestamp":"2025-11-29T03:44:54,045","container":"041495233fad","level":"INFO","thread":"EthScheduler-Workers-0","class":"PersistBlockTask","message":"Block 5 (0xe4b2fdffd14cf8cfd786cb6301fdfbedfa7e56da9b9a59e07e15243a5f813e41) is already imported","throwable":""}
{"timestamp":"2025-11-29T03:44:54,047","container":"041495233fad","level":"INFO","thread":"BftProcessorExecutor-QBFT-0","class":"QbftBesuControllerBuilder","message":"Imported #5 / 0 tx / 0 pending / 0 (0.0%) gas / (0xe4b2fdffd14cf8cfd786cb6301fdfbedfa7e56da9b9a59e07e15243a5f813e41)","throwable":""}
{"timestamp":"2025-11-29T03:44:59,030","container":"041495233fad","level":"INFO","thread":"BftProcessorExecutor-QBFT-0","class":"QbftBesuControllerBuilder","message":"Produced #6 / 0 tx / 0 pending / 0 (0.0%) gas / (0xc8f12d497ad5f944f848e139af89642e52147778437ac2bd8f3a96bff83d37e5)","throwable":""}
{"timestamp":"2025-11-29T03:45:04,031","container":"041495233fad","level":"INFO","thread":"BftProcessorExecutor-QBFT-0","class":"QbftBesuControllerBuilder","message":"Imported #7 / 0 tx / 0 pending / 0 (0.0%) gas / (0x2c59e60341a397b1513157735d338ed63278c0086460bab91c046d66c220d54f)","throwable":""}
{"timestamp":"2025-11-29T03:45:09,028","container":"041495233fad","level":"INFO","thread":"BftProcessorExecutor-QBFT-0","class":"QbftBesuControllerBuilder","message":"Imported #8 / 0 tx / 0 pending / 0 (0.0%) gas / (0xda89116cb231d25f73ba1ace72bc514f0ff1a9f88a172d61ed4e03e0c3c55bdf)","throwable":""}
{"timestamp":"2025-11-29T03:45:14,050","container":"041495233fad","level":"INFO","thread":"EthScheduler-Workers-0","class":"PersistBlockTask","message":"Imported #9 / 0 tx / 0 om / 0 (0.0%) gas / (0x04b595224c2797cd994d61f492a63a0f4d74b045badb0ea3c93b697fae5da6ff) in 0.003s. Peers: 7","throwable":""}
{"timestamp":"2025-11-29T03:45:19,035","container":"041495233fad","level":"INFO","thread":"BftProcessorExecutor-QBFT-0","class":"QbftBesuControllerBuilder","message":"Produced #10 / 0 tx / 0 pending / 0 (0.0%) gas / (0x0097b8660b060f32516a075813fbb178db81dd8033633b5386f4262ce8ea9734)","throwable":""}
{"timestamp":"2025-11-29T03:45:24,033","container":"041495233fad","level":"INFO","thread":"BftProcessorExecutor-QBFT-0","class":"QbftBesuControllerBuilder","message":"Imported #11 / 0 tx / 0 pending / 0 (0.0%) gas / (0x8ff92a9c6f73b6f94134bdfda09e15d60d60565d187c0a7fda654e9d759683a9)","throwable":""}
{"timestamp":"2025-11-29T03:45:29,037","container":"041495233fad","level":"INFO","thread":"EthScheduler-Workers-0","class":"PersistBlockTask","message":"Block 12 (0x523e5ac11b4178031cec3e999bce2dacbbb654c25967d2a1b931dc49cae0f8f3) is already imported","throwable":""}
{"timestamp":"2025-11-29T03:45:29,040","container":"041495233fad","level":"INFO","thread":"BftProcessorExecutor-QBFT-0","class":"QbftBesuControllerBuilder","message":"Imported #12 / 0 tx / 0 pending / 0 (0.0%) gas / (0x523e5ac11b4178031cec3e999bce2dacbbb654c25967d2a1b931dc49cae0f8f3)","throwable":""}
{"timestamp":"2025-11-29T03:45:34,029","container":"041495233fad","level":"INFO","thread":"BftProcessorExecutor-QBFT-0","class":"QbftBesuControllerBuilder","message":"Imported #13 / 0 tx / 0 pending / 0 (0.0%) gas / (0xd5930f48dd87c61c8ef630051e4d86ec1f8140b71fcd85df72a25f9286a3f85c)","throwable":""}
{"timestamp":"2025-11-29T03:45:39,032","container":"041495233fad","level":"INFO","thread":"BftProcessorExecutor-QBFT-0","class":"QbftBesuControllerBuilder","message":"Produced #14 / 0 tx / 0 pending / 0 (0.0%) gas / (0xfab21a0375787335335a4299cf04b111c7ff4c51b166ffc233bc0fc0d72982ee)","throwable":""}
{"timestamp":"2025-11-29T03:45:44,126","container":"041495233fad","level":"INFO","thread":"EthScheduler-Workers-0","class":"PersistBlockTask","message":"Block 15 (0xadab1d31627127e421648e385cd6f79b833c56fda910c364a91149e391ad2738) is already imported","throwable":""}
{"timestamp":"2025-11-29T03:45:44,127","container":"041495233fad","level":"INFO","thread":"BftProcessorExecutor-QBFT-0","class":"QbftBesuControllerBuilder","message":"Imported #15 / 1 tx / 0 pending / 2,351,475 (14.5%) gas / (0xadab1d31627127e421648e385cd6f79b833c56fda910c364a91149e391ad2738)","throwable":""}
{"timestamp":"2025-11-29T03:45:49,066","container":"041495233fad","level":"INFO","thread":"BftProcessorExecutor-QBFT-0","class":"QbftBesuControllerBuilder","message":"Imported #16 / 1 tx / 0 pending / 70,157 (0.4%) gas / (0xb5c0fb55e588bfe0444d0869bc4b2b3ece0be865539d27d0058a0c323eaf46b7)","throwable":""}
{"timestamp":"2025-11-29T03:45:54,039","container":"041495233fad","level":"INFO","thread":"BftProcessorExecutor-QBFT-0","class":"QbftBesuControllerBuilder","message":"Imported #17 / 1 tx / 0 pending / 70,157 (0.4%) gas / (0x9e52d8390ab38da51fee9419cdb5b470ce4c545cbc35de4200a703edbf4d7bf5)","throwable":""}
{"timestamp":"2025-11-29T03:45:59,035","container":"041495233fad","level":"INFO","thread":"BftProcessorExecutor-QBFT-0","class":"QbftBesuControllerBuilder","message":"Produced #18 / 1 tx / 0 pending / 70,157 (0.4%) gas / (0x50e043e93d0357ae4cdfc09698769247b631d72aaf6f400b2e3e2a93d449d9f8)","throwable":""}
{"timestamp":"2025-11-29T03:46:04,040","container":"041495233fad","level":"INFO","thread":"BftProcessorExecutor-QBFT-0","class":"QbftBesuControllerBuilder","message":"Imported #19 / 1 tx / 0 pending / 70,157 (0.4%) gas / (0x9f1081ebce1bb5115f4e4cc591a909919e7e0572f0e5e41acd343839e7d459c8)","throwable":""}
{"timestamp":"2025-11-29T03:46:09,035","container":"041495233fad","level":"INFO","thread":"BftProcessorExecutor-QBFT-0","class":"QbftBesuControllerBuilder","message":"Imported #20 / 1 tx / 0 pending / 70,169 (0.4%) gas / (0x6850c0784a4ba93c644bfb2ce3dc36a54817a38b7e82a189a56a18c3bf5e4a58)","throwable":""}
{"timestamp":"2025-11-29T03:46:14,030","container":"041495233fad","level":"INFO","thread":"BftProcessorExecutor-QBFT-0","class":"QbftBesuControllerBuilder","message":"Imported #21 / 1 tx / 0 pending / 70,169 (0.4%) gas / (0xfb66f053bd7fe4dda321d3552eed35e6757ad9c0048fd21b4aaca6b382f308c6)","throwable":""}
{"timestamp":"2025-11-29T03:46:19,048","container":"041495233fad","level":"INFO","thread":"BftProcessorExecutor-QBFT-0","class":"QbftBesuControllerBuilder","message":"Produced #22 / 1 tx / 0 pending / 59,477 (0.4%) gas / (0x1a5bd97f5ed85298ede2e947489690fddef756982829a6e6308c044ea9304ace)","throwable":""}
{"timestamp":"2025-11-29T03:46:24,043","container":"041495233fad","level":"INFO","thread":"EthScheduler-Workers-0","class":"PersistBlockTask","message":"Block 23 (0x7a4ff682d3d3836fc09599c4380c91a33623ecab958589c8c0aa62773a2518a6) is already imported","throwable":""}
{"timestamp":"2025-11-29T03:46:24,046","container":"041495233fad","level":"INFO","thread":"BftProcessorExecutor-QBFT-0","class":"QbftBesuControllerBuilder","message":"Imported #23 / 1 tx / 0 pending / 59,477 (0.4%) gas / (0x7a4ff682d3d3836fc09599c4380c91a33623ecab958589c8c0aa62773a2518a6)","throwable":""}
{"timestamp":"2025-11-29T03:46:29,037","container":"041495233fad","level":"INFO","thread":"BftProcessorExecutor-QBFT-0","class":"QbftBesuControllerBuilder","message":"Imported #24 / 1 tx / 0 pending / 59,477 (0.4%) gas / (0x7e1f492366038b5a894a4606970724ae883a81661309fcc483a18aa4a7711f10)","throwable":""}
{"timestamp":"2025-11-29T03:46:34,040","container":"041495233fad","level":"INFO","thread":"BftProcessorExecutor-QBFT-0","class":"QbftBesuControllerBuilder","message":"Imported #25 / 1 tx / 0 pending / 59,477 (0.4%) gas / (0x6a668d83228ec0cba256ba58dd36708275b5a486bf04d3e5f271052242b65021)","throwable":""}
{"timestamp":"2025-11-29T03:46:39,032","container":"041495233fad","level":"INFO","thread":"BftProcessorExecutor-QBFT-0","class":"QbftBesuControllerBuilder","message":"Produced #26 / 1 tx / 0 pending / 59,489 (0.4%) gas / (0xc6be6bb8c239f5780481ab255b098f0cdf768b8a8952742907bdd68a8b59dddc)","throwable":""}
{"timestamp":"2025-11-29T03:46:44,036","container":"041495233fad","level":"INFO","thread":"BftProcessorExecutor-QBFT-0","class":"QbftBesuControllerBuilder","message":"Imported #27 / 1 tx / 0 pending / 59,489 (0.4%) gas / (0xd6d085b24b9d8502acb2b9106964944ce819fd673495c0250b27e59293479d39)","throwable":""}
{"timestamp":"2025-11-29T03:46:49,037","container":"041495233fad","level":"INFO","thread":"EthScheduler-Workers-0","class":"PersistBlockTask","message":"Block 28 (0xdcbf992c7633c065aba8b04f3ecfb0ad80943455d1ed35d3708afce7b9e27379) is already imported","throwable":""}
{"timestamp":"2025-11-29T03:46:49,038","container":"041495233fad","level":"INFO","thread":"BftProcessorExecutor-QBFT-0","class":"QbftBesuControllerBuilder","message":"Imported #28 / 0 tx / 0 pending / 0 (0.0%) gas / (0xdcbf992c7633c065aba8b04f3ecfb0ad80943455d1ed35d3708afce7b9e27379)","throwable":""}
{"timestamp":"2025-11-29T03:46:54,027","container":"041495233fad","level":"INFO","thread":"BftProcessorExecutor-QBFT-0","class":"QbftBesuControllerBuilder","message":"Imported #29 / 0 tx / 0 pending / 0 (0.0%) gas / (0xa135f3d554697a145d34fb4c729bb593e15a840e252487e44faaefdb4c249041)","throwable":""}
{"timestamp":"2025-11-29T03:46:54,032","container":"041495233fad","level":"INFO","thread":"EthScheduler-Workers-0","class":"PersistBlockTask","message":"Block 29 (0xa135f3d554697a145d34fb4c729bb593e15a840e252487e44faaefdb4c249041) is already imported","throwable":""}
{"timestamp":"2025-11-29T03:46:59,031","container":"041495233fad","level":"INFO","thread":"BftProcessorExecutor-QBFT-0","class":"QbftBesuControllerBuilder","message":"Produced #30 / 0 tx / 0 pending / 0 (0.0%) gas / (0x1fceeb35c00016897e869ffd92811e4ad10e78af05fad79d766d3dd0f9a64dd8)","throwable":""}
{"timestamp":"2025-11-29T03:47:04,023","container":"041495233fad","level":"INFO","thread":"BftProcessorExecutor-QBFT-0","class":"QbftBesuControllerBuilder","message":"Imported #31 / 0 tx / 0 pending / 0 (0.0%) gas / (0x81976dd7232165b95f829543aa297c121f4d565c5c34bfba181dab120c7f26f0)","throwable":""}
{"timestamp":"2025-11-29T03:47:09,019","container":"041495233fad","level":"INFO","thread":"BftProcessorExecutor-QBFT-0","class":"QbftBesuControllerBuilder","message":"Imported #32 / 0 tx / 0 pending / 0 (0.0%) gas / (0x0bcc16ab65a49a6fdab5456d8c0ee8c7031464e60958c040c86d84a056f1cd33)","throwable":""}
{"timestamp":"2025-11-29T03:47:14,024","container":"041495233fad","level":"INFO","thread":"BftProcessorExecutor-QBFT-0","class":"QbftBesuControllerBuilder","message":"Imported #33 / 0 tx / 0 pending / 0 (0.0%) gas / (0x81a191a3d9f5f829d0ed7fd0a4f10d2ba5e7b951a266d1bb098f6bcfe38e3736)","throwable":""}
{"timestamp":"2025-11-29T03:47:19,018","container":"041495233fad","level":"INFO","thread":"BftProcessorExecutor-QBFT-0","class":"QbftBesuControllerBuilder","message":"Produced #34 / 0 tx / 0 pending / 0 (0.0%) gas / (0xf366dd48ad7a7e4c6d4f8e97e7e57f9b74f39b1e3d109f84ff50e48a8475ca3b)","throwable":""}
{"timestamp":"2025-11-29T03:47:24,022","container":"041495233fad","level":"INFO","thread":"BftProcessorExecutor-QBFT-0","class":"QbftBesuControllerBuilder","message":"Imported #35 / 0 tx / 0 pending / 0 (0.0%) gas / (0xe3c6c29b1e3df6aede2dfc4d58599c834ce33221b4db5ad7f8baa3db3ff7d753)","throwable":""}
{"timestamp":"2025-11-29T03:47:29,024","container":"041495233fad","level":"INFO","thread":"BftProcessorExecutor-QBFT-0","class":"QbftBesuControllerBuilder","message":"Imported #36 / 0 tx / 0 pending / 0 (0.0%) gas / (0x7c2bbbf1b2e0f62b736addedb9399f425c281861de0fac1fad4081f1912413fc)","throwable":""}
{"timestamp":"2025-11-29T03:47:34,023","container":"041495233fad","level":"INFO","thread":"BftProcessorExecutor-QBFT-0","class":"QbftBesuControllerBuilder","message":"Imported #37 / 0 tx / 0 pending / 0 (0.0%) gas / (0x664d89519fc2907030e0be3c0b1eef305e58c6ac3f0ed7ac117c1504afd8e2a6)","throwable":""}
{"timestamp":"2025-11-29T03:47:39,026","container":"041495233fad","level":"INFO","thread":"EthScheduler-Workers-0","class":"PersistBlockTask","message":"Block 38 (0x3228959aa70c3e6b4b0821e41af68c2710a9ae9806748cfc6be782dda9b9eb8a) is already imported","throwable":""}
{"timestamp":"2025-11-29T03:47:39,026","container":"041495233fad","level":"INFO","thread":"BftProcessorExecutor-QBFT-0","class":"QbftBesuControllerBuilder","message":"Produced #38 / 0 tx / 0 pending / 0 (0.0%) gas / (0x3228959aa70c3e6b4b0821e41af68c2710a9ae9806748cfc6be782dda9b9eb8a)","throwable":""}
{"timestamp":"2025-11-29T03:47:44,025","container":"041495233fad","level":"INFO","thread":"BftProcessorExecutor-QBFT-0","class":"QbftBesuControllerBuilder","message":"Imported #39 / 0 tx / 0 pending / 0 (0.0%) gas / (0x92530f14389f68f45007308a634e00d4c174e57a1b3e6c2fa3f3b02880c05a06)","throwable":""}
{"timestamp":"2025-11-29T03:47:49,017","container":"041495233fad","level":"INFO","thread":"BftProcessorExecutor-QBFT-0","class":"QbftBesuControllerBuilder","message":"Imported #40 / 0 tx / 0 pending / 0 (0.0%) gas / (0x69459ec53ded31123c346090e5f5da2183ddebe6e9f2ae82c7c7ba404a14282b)","throwable":""}
{"timestamp":"2025-11-29T03:47:54,022","container":"041495233fad","level":"INFO","thread":"EthScheduler-Workers-0","class":"PersistBlockTask","message":"Block 41 (0x33c975f557b14b5fb1550ea972ea29fed190460a78c852a1bede203a09810e8d) is already imported","throwable":""}
{"timestamp":"2025-11-29T03:47:54,025","container":"041495233fad","level":"INFO","thread":"BftProcessorExecutor-QBFT-0","class":"QbftBesuControllerBuilder","message":"Imported #41 / 0 tx / 0 pending / 0 (0.0%) gas / (0x33c975f557b14b5fb1550ea972ea29fed190460a78c852a1bede203a09810e8d)","throwable":""}
{"timestamp":"2025-11-29T03:47:59,019","container":"041495233fad","level":"INFO","thread":"BftProcessorExecutor-QBFT-0","class":"QbftBesuControllerBuilder","message":"Produced #42 / 0 tx / 0 pending / 0 (0.0%) gas / (0x81e0316f3535a5c56dd18317a34e06c930b3850aebf318aa9e517a0e1e061ce5)","throwable":""}
{"timestamp":"2025-11-29T03:48:04,024","container":"041495233fad","level":"INFO","thread":"BftProcessorExecutor-QBFT-0","class":"QbftBesuControllerBuilder","message":"Imported #43 / 0 tx / 0 pending / 0 (0.0%) gas / (0x24ecbc51ddbb401ee9f5bb3e7fe3f03b44aeae3a12fc8aa58f7b92d9c3f07b0e)","throwable":""}
{"timestamp":"2025-11-29T03:48:09,029","container":"041495233fad","level":"INFO","thread":"BftProcessorExecutor-QBFT-0","class":"QbftBesuControllerBuilder","message":"Imported #44 / 0 tx / 0 pending / 0 (0.0%) gas / (0x176f2e56a61b3b6c2c8a4b3c7a4dae98a1141a0fc86deac8af77135d865be89d)","throwable":""}
{"timestamp":"2025-11-29T03:48:09,035","container":"041495233fad","level":"INFO","thread":"EthScheduler-Workers-0","class":"PersistBlockTask","message":"Block 44 (0x176f2e56a61b3b6c2c8a4b3c7a4dae98a1141a0fc86deac8af77135d865be89d) is already imported","throwable":""}
{"timestamp":"2025-11-29T03:48:14,027","container":"041495233fad","level":"INFO","thread":"EthScheduler-Workers-0","class":"PersistBlockTask","message":"Block 45 (0xe8341477cd657b773df1154244bd7bd4c9c7c471ca94477feff1a48678b87b82) is already imported","throwable":""}
{"timestamp":"2025-11-29T03:48:14,027","container":"041495233fad","level":"INFO","thread":"BftProcessorExecutor-QBFT-0","class":"QbftBesuControllerBuilder","message":"Imported #45 / 0 tx / 0 pending / 0 (0.0%) gas / (0xe8341477cd657b773df1154244bd7bd4c9c7c471ca94477feff1a48678b87b82)","throwable":""}
{"timestamp":"2025-11-29T03:48:19,015","container":"041495233fad","level":"INFO","thread":"BftProcessorExecutor-QBFT-0","class":"QbftBesuControllerBuilder","message":"Produced #46 / 0 tx / 0 pending / 0 (0.0%) gas / (0x6faf42e684ac880ff9f9e9be211f3aa5e9a5a7b992b90fb3659f57c02cf86f50)","throwable":""}
{"timestamp":"2025-11-29T03:48:24,030","container":"041495233fad","level":"INFO","thread":"BftProcessorExecutor-QBFT-0","class":"QbftBesuControllerBuilder","message":"Imported #47 / 1 tx / 0 pending / 27,042 (0.2%) gas / (0x13d2dbc4cab865d2cef546ac272b0a4d2ecb0241562c22678f536abe077f2008)","throwable":""}
{"timestamp":"2025-11-29T03:48:29,020","container":"041495233fad","level":"INFO","thread":"BftProcessorExecutor-QBFT-0","class":"QbftBesuControllerBuilder","message":"Imported #48 / 0 tx / 0 pending / 0 (0.0%) gas / (0xf0d2b336d7ebef2f4a0468144ddbef977922292681e1ed29974fad12ccd494be)","throwable":""}
{"timestamp":"2025-11-29T03:48:34,016","container":"041495233fad","level":"INFO","thread":"BftProcessorExecutor-QBFT-0","class":"QbftBesuControllerBuilder","message":"Imported #49 / 0 tx / 0 pending / 0 (0.0%) gas / (0x7db59562137faebd43c8c5e6a2fc94c6066b1f08cc90e28efd058cbe050cacf8)","throwable":""}
{"timestamp":"2025-11-29T03:48:39,015","container":"041495233fad","level":"INFO","thread":"BftProcessorExecutor-QBFT-0","class":"QbftBesuControllerBuilder","message":"Produced #50 / 0 tx / 0 pending / 0 (0.0%) gas / (0x1db4abadac75ed15e09453b7ded2a0a4844cb5c8f767317085b04175dab91c77)","throwable":""}
{"timestamp":"2025-11-29T03:48:44,027","container":"041495233fad","level":"INFO","thread":"EthScheduler-Workers-0","class":"PersistBlockTask","message":"Block 51 (0x760a08a7c3198cac6c84b73bc96d5a401d12e34ab70afeddaba3e4506368f78b) is already imported","throwable":""}
{"timestamp":"2025-11-29T03:48:44,028","container":"041495233fad","level":"INFO","thread":"BftProcessorExecutor-QBFT-0","class":"QbftBesuControllerBuilder","message":"Imported #51 / 0 tx / 0 pending / 0 (0.0%) gas / (0x760a08a7c3198cac6c84b73bc96d5a401d12e34ab70afeddaba3e4506368f78b)","throwable":""}
{"timestamp":"2025-11-29T03:48:49,016","container":"041495233fad","level":"INFO","thread":"BftProcessorExecutor-QBFT-0","class":"QbftBesuControllerBuilder","message":"Imported #52 / 0 tx / 0 pending / 0 (0.0%) gas / (0x917a2d8cadd9ef3f470407dbea72fb9cff45778996756a69bc322dd0f84fcce2)","throwable":""}
{"timestamp":"2025-11-29T03:48:54,022","container":"041495233fad","level":"INFO","thread":"BftProcessorExecutor-QBFT-0","class":"QbftBesuControllerBuilder","message":"Imported #53 / 0 tx / 0 pending / 0 (0.0%) gas / (0x6ec51b2e1a81cb936dc64ef2f9471dfc1031e31bb62019605b77c5713658d4ca)","throwable":""}
{"timestamp":"2025-11-29T03:48:59,018","container":"041495233fad","level":"INFO","thread":"BftProcessorExecutor-QBFT-0","class":"QbftBesuControllerBuilder","message":"Produced #54 / 0 tx / 0 pending / 0 (0.0%) gas / (0xa691c62526b02609aff2f08f8a939ba0addd6b4c1211fcacaa019916b7f71c5a)","throwable":""}
{"timestamp":"2025-11-29T03:49:04,026","container":"041495233fad","level":"INFO","thread":"BftProcessorExecutor-QBFT-0","class":"QbftBesuControllerBuilder","message":"Imported #55 / 0 tx / 0 pending / 0 (0.0%) gas / (0x22aa7cab12532f73ecda4f6bc0c09ee696d2bb32524b11f810bace8d7a78885e)","throwable":""}
{"timestamp":"2025-11-29T03:49:09,019","container":"041495233fad","level":"INFO","thread":"EthScheduler-Workers-0","class":"PersistBlockTask","message":"Block 56 (0x6bc3709bdf5441044532e89d5cb0592f6e9c762b7ae35c6567a3f69b7e28c076) is already imported","throwable":""}
{"timestamp":"2025-11-29T03:49:09,020","container":"041495233fad","level":"INFO","thread":"BftProcessorExecutor-QBFT-0","class":"QbftBesuControllerBuilder","message":"Imported #56 / 0 tx / 0 pending / 0 (0.0%) gas / (0x6bc3709bdf5441044532e89d5cb0592f6e9c762b7ae35c6567a3f69b7e28c076)","throwable":""}
{"timestamp":"2025-11-29T03:49:14,019","container":"041495233fad","level":"INFO","thread":"BftProcessorExecutor-QBFT-0","class":"QbftBesuControllerBuilder","message":"Imported #57 / 0 tx / 0 pending / 0 (0.0%) gas / (0x2ae825f22d5add47ea757c08c7fad3679095a12eca04e8d86b783a2832f60192)","throwable":""}
{"timestamp":"2025-11-29T03:49:19,015","container":"041495233fad","level":"INFO","thread":"BftProcessorExecutor-QBFT-0","class":"QbftBesuControllerBuilder","message":"Produced #58 / 0 tx / 0 pending / 0 (0.0%) gas / (0x6b39e856eed45201764058ee280a101b1177e01bfd1146deafdaec167b0a2faf)","throwable":""}
{"timestamp":"2025-11-29T03:49:24,028","container":"041495233fad","level":"INFO","thread":"BftProcessorExecutor-QBFT-0","class":"QbftBesuControllerBuilder","message":"Imported #59 / 0 tx / 0 pending / 0 (0.0%) gas / (0x88dd349f21275cd674a3942e58105eee38f7fb4ea95133dddc7b9cad35d3b9ab)","throwable":""}
{"timestamp":"2025-11-29T03:49:24,030","container":"041495233fad","level":"INFO","thread":"EthScheduler-Workers-0","class":"PersistBlockTask","message":"Block 59 (0x88dd349f21275cd674a3942e58105eee38f7fb4ea95133dddc7b9cad35d3b9ab) is already imported","throwable":""}
{"timestamp":"2025-11-29T03:49:29,022","container":"041495233fad","level":"INFO","thread":"BftProcessorExecutor-QBFT-0","class":"QbftBesuControllerBuilder","message":"Imported #60 / 0 tx / 0 pending / 0 (0.0%) gas / (0x343e94ce44402fc0e3545ba68809d57dbc3d05fa1f2425a974932742bee7dbae)","throwable":""}
{"timestamp":"2025-11-29T03:49:34,029","container":"041495233fad","level":"INFO","thread":"BftProcessorExecutor-QBFT-0","class":"QbftBesuControllerBuilder","message":"Imported #61 / 1 tx / 0 pending / 70,217 (0.4%) gas / (0xcf342573bce6aa33e0deca89cab556c1fe9d27ec579bf4f284cf35849511b3f7)","throwable":""}
{"timestamp":"2025-11-29T03:49:39,038","container":"041495233fad","level":"INFO","thread":"EthScheduler-Workers-0","class":"PersistBlockTask","message":"Block 62 (0x9d7e4feb3de0311f89ca2ee5e58f1c28c91575f3ad5615b2bb2f7800d249b345) is already imported","throwable":""}
{"timestamp":"2025-11-29T03:49:39,038","container":"041495233fad","level":"INFO","thread":"BftProcessorExecutor-QBFT-0","class":"QbftBesuControllerBuilder","message":"Produced #62 / 1 tx / 0 pending / 59,537 (0.4%) gas / (0x9d7e4feb3de0311f89ca2ee5e58f1c28c91575f3ad5615b2bb2f7800d249b345)","throwable":""}
{"timestamp":"2025-11-29T03:49:44,016","container":"041495233fad","level":"INFO","thread":"BftProcessorExecutor-QBFT-0","class":"QbftBesuControllerBuilder","message":"Imported #63 / 0 tx / 0 pending / 0 (0.0%) gas / (0x63ca43bc60c17eb11d62bd9b9761fa3010134044d46bde7b32d232005a1268f8)","throwable":""}
{"timestamp":"2025-11-29T03:49:49,023","container":"041495233fad","level":"INFO","thread":"BftProcessorExecutor-QBFT-0","class":"QbftBesuControllerBuilder","message":"Imported #64 / 0 tx / 0 pending / 0 (0.0%) gas / (0xcaf725c3ba96d2ddf3fcf78cb192084b8cbcd2d62afd272edffc5c55603e4bf7)","throwable":""}
{"timestamp":"2025-11-29T03:49:49,023","container":"041495233fad","level":"INFO","thread":"EthScheduler-Workers-0","class":"PersistBlockTask","message":"Block 64 (0xcaf725c3ba96d2ddf3fcf78cb192084b8cbcd2d62afd272edffc5c55603e4bf7) is already imported","throwable":""}
{"timestamp":"2025-11-29T03:49:54,019","container":"041495233fad","level":"INFO","thread":"BftProcessorExecutor-QBFT-0","class":"QbftBesuControllerBuilder","message":"Imported #65 / 0 tx / 0 pending / 0 (0.0%) gas / (0xaf1f0789f52d8d6324ec6b279088ed9602d8041030c6c12eb9ab635a18985e62)","throwable":""}
{"timestamp":"2025-11-29T03:49:59,010","container":"041495233fad","level":"INFO","thread":"BftProcessorExecutor-QBFT-0","class":"QbftBesuControllerBuilder","message":"Produced #66 / 0 tx / 0 pending / 0 (0.0%) gas / (0xc702f1cf1f19cc613d00b249085e34ffed8a1fc9f57cd694c43a14b5516984fa)","throwable":""}
{"timestamp":"2025-11-29T03:50:04,022","container":"041495233fad","level":"INFO","thread":"EthScheduler-Workers-0","class":"PersistBlockTask","message":"Block 67 (0xd47b0a42fdd3edb4ba4a421e4888af115c216358a5ec4fab340d79d99bfc3c85) is already imported","throwable":""}
{"timestamp":"2025-11-29T03:50:04,022","container":"041495233fad","level":"INFO","thread":"BftProcessorExecutor-QBFT-0","class":"QbftBesuControllerBuilder","message":"Imported #67 / 0 tx / 0 pending / 0 (0.0%) gas / (0xd47b0a42fdd3edb4ba4a421e4888af115c216358a5ec4fab340d79d99bfc3c85)","throwable":""}
{"timestamp":"2025-11-29T03:50:09,022","container":"041495233fad","level":"INFO","thread":"BftProcessorExecutor-QBFT-0","class":"QbftBesuControllerBuilder","message":"Imported #68 / 0 tx / 0 pending / 0 (0.0%) gas / (0x42f9f3f33f8e1734f66115fb2221e4b9c5d6fe6010ac88347e6b7ba9c0423c0b)","throwable":""}
{"timestamp":"2025-11-29T03:50:09,024","container":"041495233fad","level":"INFO","thread":"EthScheduler-Workers-0","class":"PersistBlockTask","message":"Block 68 (0x42f9f3f33f8e1734f66115fb2221e4b9c5d6fe6010ac88347e6b7ba9c0423c0b) is already imported","throwable":""}
{"timestamp":"2025-11-29T03:50:14,024","container":"041495233fad","level":"INFO","thread":"EthScheduler-Workers-0","class":"PersistBlockTask","message":"Block 69 (0x098cf254658e0f8f5e087cbd8d8383570c01322d87a0d04b0b991f6d1370b977) is already imported","throwable":""}
{"timestamp":"2025-11-29T03:50:14,026","container":"041495233fad","level":"INFO","thread":"BftProcessorExecutor-QBFT-0","class":"QbftBesuControllerBuilder","message":"Imported #69 / 0 tx / 0 pending / 0 (0.0%) gas / (0x098cf254658e0f8f5e087cbd8d8383570c01322d87a0d04b0b991f6d1370b977)","throwable":""}
{"timestamp":"2025-11-29T03:50:19,017","container":"041495233fad","level":"INFO","thread":"BftProcessorExecutor-QBFT-0","class":"QbftBesuControllerBuilder","message":"Produced #70 / 0 tx / 0 pending / 0 (0.0%) gas / (0xb4e2f792c40a4184a253d8185abf2d9c8c1ebb3796107aefcc0380577b1a9cbe)","throwable":""}
{"timestamp":"2025-11-29T03:50:24,015","container":"041495233fad","level":"INFO","thread":"BftProcessorExecutor-QBFT-0","class":"QbftBesuControllerBuilder","message":"Imported #71 / 0 tx / 0 pending / 0 (0.0%) gas / (0xaced2b2bc8864fd5f5f897d1f2ada8f7d427eedf88242b841cba4897c4981ccd)","throwable":""}
{"timestamp":"2025-11-29T03:50:29,025","container":"041495233fad","level":"INFO","thread":"EthScheduler-Workers-0","class":"PersistBlockTask","message":"Imported #72 / 0 tx / 0 om / 0 (0.0%) gas / (0x31908f64e6ddf5a834db8e47643ca834967550a34bb3978af8eaf9c74bb02a16) in 0.004s. Peers: 7","throwable":""}
{"timestamp":"2025-11-29T03:50:29,026","container":"041495233fad","level":"INFO","thread":"BftProcessorExecutor-QBFT-0","class":"QbftBesuControllerBuilder","message":"Imported #72 / 0 tx / 0 pending / 0 (0.0%) gas / (0x31908f64e6ddf5a834db8e47643ca834967550a34bb3978af8eaf9c74bb02a16)","throwable":""}
{"timestamp":"2025-11-29T03:50:34,020","container":"041495233fad","level":"INFO","thread":"BftProcessorExecutor-QBFT-0","class":"QbftBesuControllerBuilder","message":"Imported #73 / 0 tx / 0 pending / 0 (0.0%) gas / (0x215f3589fa70e9ca38671164e36f2f343e3258e7c7e2d5464932f8c091ad2b8d)","throwable":""}
{"timestamp":"2025-11-29T03:50:34,022","container":"041495233fad","level":"INFO","thread":"EthScheduler-Workers-0","class":"PersistBlockTask","message":"Imported #73 / 0 tx / 0 om / 0 (0.0%) gas / (0x215f3589fa70e9ca38671164e36f2f343e3258e7c7e2d5464932f8c091ad2b8d) in 0.006s. Peers: 7","throwable":""}
{"timestamp":"2025-11-29T03:50:39,021","container":"041495233fad","level":"INFO","thread":"BftProcessorExecutor-QBFT-0","class":"QbftBesuControllerBuilder","message":"Produced #74 / 0 tx / 0 pending / 0 (0.0%) gas / (0xe28b3ff7019a70945d739d6332839d5262181d6b6842cb8a6dda1e5a1bf72edd)","throwable":""}
{"timestamp":"2025-11-29T03:50:44,019","container":"041495233fad","level":"INFO","thread":"BftProcessorExecutor-QBFT-0","class":"QbftBesuControllerBuilder","message":"Imported #75 / 0 tx / 0 pending / 0 (0.0%) gas / (0x353611de96ef2079e03f30c06929ff73ba5006a3881b2f8134f09bf7f03befaa)","throwable":""}
{"timestamp":"2025-11-29T03:50:49,017","container":"041495233fad","level":"INFO","thread":"BftProcessorExecutor-QBFT-0","class":"QbftBesuControllerBuilder","message":"Imported #76 / 0 tx / 0 pending / 0 (0.0%) gas / (0x06090d159ef002216774e4f98d09658bdf320a8ebce5ca589ff6b7e82fe60b17)","throwable":""}
{"timestamp":"2025-11-29T03:50:54,021","container":"041495233fad","level":"INFO","thread":"EthScheduler-Workers-0","class":"PersistBlockTask","message":"Block 77 (0xb9bdddcc3060d9ffb3c47932ddfa6c399058cbac1def7fed5cc9c48851bfa973) is already imported","throwable":""}
{"timestamp":"2025-11-29T03:50:54,021","container":"041495233fad","level":"INFO","thread":"BftProcessorExecutor-QBFT-0","class":"QbftBesuControllerBuilder","message":"Imported #77 / 0 tx / 0 pending / 0 (0.0%) gas / (0xb9bdddcc3060d9ffb3c47932ddfa6c399058cbac1def7fed5cc9c48851bfa973)","throwable":""}
{"timestamp":"2025-11-29T03:50:59,021","container":"041495233fad","level":"INFO","thread":"EthScheduler-Workers-0","class":"PersistBlockTask","message":"Block 78 (0xaecade719c931c3509199ae2a6959879e8339a1951c1cd3a92a6b8ed668233f1) is already imported","throwable":""}
{"timestamp":"2025-11-29T03:50:59,021","container":"041495233fad","level":"INFO","thread":"BftProcessorExecutor-QBFT-0","class":"QbftBesuControllerBuilder","message":"Produced #78 / 0 tx / 0 pending / 0 (0.0%) gas / (0xaecade719c931c3509199ae2a6959879e8339a1951c1cd3a92a6b8ed668233f1)","throwable":""}
{"timestamp":"2025-11-29T03:51:04,026","container":"041495233fad","level":"INFO","thread":"BftProcessorExecutor-QBFT-0","class":"QbftBesuControllerBuilder","message":"Imported #79 / 0 tx / 0 pending / 0 (0.0%) gas / (0xf9e277e62a84675357662889dfe2ce91e9da00c70c477e97f21bac5e070d3e0a)","throwable":""}
{"timestamp":"2025-11-29T03:51:04,025","container":"041495233fad","level":"INFO","thread":"EthScheduler-Workers-0","class":"PersistBlockTask","message":"Imported #79 / 0 tx / 0 om / 0 (0.0%) gas / (0xf9e277e62a84675357662889dfe2ce91e9da00c70c477e97f21bac5e070d3e0a) in 0.004s. Peers: 7","throwable":""}
{"timestamp":"2025-11-29T03:51:09,014","container":"041495233fad","level":"INFO","thread":"BftProcessorExecutor-QBFT-0","class":"QbftBesuControllerBuilder","message":"Imported #80 / 0 tx / 0 pending / 0 (0.0%) gas / (0xcef55d24a040be3c1d0fee38b1935329a52215461507f8882f1487a2e6d5eab6)","throwable":""}
{"timestamp":"2025-11-29T03:51:14,018","container":"041495233fad","level":"INFO","thread":"BftProcessorExecutor-QBFT-0","class":"QbftBesuControllerBuilder","message":"Imported #81 / 0 tx / 0 pending / 0 (0.0%) gas / (0x9c7d6f64c2f144a1a223694fc3dad6cbf975a8622ab94cf7d054c1db52c956d9)","throwable":""}
{"timestamp":"2025-11-29T03:51:19,017","container":"041495233fad","level":"INFO","thread":"BftProcessorExecutor-QBFT-0","class":"QbftBesuControllerBuilder","message":"Produced #82 / 0 tx / 0 pending / 0 (0.0%) gas / (0x23fb4cabab25a2231052caeef9d56683f9e4be6628b66f84bee561d3a1bcd32d)","throwable":""}
{"timestamp":"2025-11-29T03:51:24,010","container":"041495233fad","level":"INFO","thread":"BftProcessorExecutor-QBFT-0","class":"QbftBesuControllerBuilder","message":"Imported #83 / 0 tx / 0 pending / 0 (0.0%) gas / (0xa51da3b6c8b7076b7119e0dbc090272569b3e52c269ed0a879daff19546c8d8c)","throwable":""}
{"timestamp":"2025-11-29T03:51:29,015","container":"041495233fad","level":"INFO","thread":"BftProcessorExecutor-QBFT-0","class":"QbftBesuControllerBuilder","message":"Imported #84 / 0 tx / 0 pending / 0 (0.0%) gas / (0x8cf304c5159887414f85e2a8ab274bee37ecd5059fee34b9f87c0e6aa4e2f23d)","throwable":""}
{"timestamp":"2025-11-29T03:51:34,023","container":"041495233fad","level":"INFO","thread":"EthScheduler-Workers-0","class":"PersistBlockTask","message":"Imported #85 / 0 tx / 0 om / 0 (0.0%) gas / (0x1eb01015297321ef58a1d5e2fa49653a175acf551b328e6f8b9fbb63ab3fe4f0) in 0.002s. Peers: 7","throwable":""}
{"timestamp":"2025-11-29T03:51:39,026","container":"041495233fad","level":"INFO","thread":"EthScheduler-Workers-0","class":"PersistBlockTask","message":"Block 86 (0x0a299aba31f66d52563b02f23d0b263faa2481effa1c5a78316fec3bae5fcb46) is already imported","throwable":""}
{"timestamp":"2025-11-29T03:51:39,027","container":"041495233fad","level":"INFO","thread":"BftProcessorExecutor-QBFT-0","class":"QbftBesuControllerBuilder","message":"Produced #86 / 0 tx / 0 pending / 0 (0.0%) gas / (0x0a299aba31f66d52563b02f23d0b263faa2481effa1c5a78316fec3bae5fcb46)","throwable":""}
{"timestamp":"2025-11-29T03:51:44,019","container":"041495233fad","level":"INFO","thread":"BftProcessorExecutor-QBFT-0","class":"QbftBesuControllerBuilder","message":"Imported #87 / 0 tx / 0 pending / 0 (0.0%) gas / (0x8ca8abed7ce4a0b25f7d92134bf7a7e2ef32463478ba16a6267d1ee69ebc63b7)","throwable":""}
{"timestamp":"2025-11-29T03:51:44,019","container":"041495233fad","level":"INFO","thread":"EthScheduler-Workers-0","class":"PersistBlockTask","message":"Block 87 (0x8ca8abed7ce4a0b25f7d92134bf7a7e2ef32463478ba16a6267d1ee69ebc63b7) is already imported","throwable":""}
{"timestamp":"2025-11-29T03:51:49,015","container":"041495233fad","level":"INFO","thread":"BftProcessorExecutor-QBFT-0","class":"QbftBesuControllerBuilder","message":"Imported #88 / 0 tx / 0 pending / 0 (0.0%) gas / (0x14777fcc7da4352954ddbf186ceaaa03ccd683d99d47d3ffa6a83c06e39c0dfd)","throwable":""}
{"timestamp":"2025-11-29T03:51:54,007","container":"041495233fad","level":"INFO","thread":"BftProcessorExecutor-QBFT-0","class":"QbftBesuControllerBuilder","message":"Imported #89 / 0 tx / 0 pending / 0 (0.0%) gas / (0xb289811ca1dac07a54609541c3a45751b8ff07132e406be9b6210cfdbe18d21d)","throwable":""}
{"timestamp":"2025-11-29T03:51:59,009","container":"041495233fad","level":"INFO","thread":"BftProcessorExecutor-QBFT-0","class":"QbftBesuControllerBuilder","message":"Produced #90 / 0 tx / 0 pending / 0 (0.0%) gas / (0x5f423460d18a504c5cfca99503eadf37c36e21b42d5bb08f426f04a6934d595d)","throwable":""}
{"timestamp":"2025-11-29T03:52:04,008","container":"041495233fad","level":"INFO","thread":"BftProcessorExecutor-QBFT-0","class":"QbftBesuControllerBuilder","message":"Imported #91 / 0 tx / 0 pending / 0 (0.0%) gas / (0x0da0946ea2f82da4b09f941c9104a01b924238b0e0b73f0d0a3a91cf10524576)","throwable":""}
{"timestamp":"2025-11-29T03:52:09,016","container":"041495233fad","level":"INFO","thread":"EthScheduler-Workers-0","class":"PersistBlockTask","message":"Block 92 (0x1cacd8fa39debc0d6d26a7df0030790d3106e49192c1bedbba02caf8ffed9890) is already imported","throwable":""}
{"timestamp":"2025-11-29T03:52:09,017","container":"041495233fad","level":"INFO","thread":"BftProcessorExecutor-QBFT-0","class":"QbftBesuControllerBuilder","message":"Imported #92 / 0 tx / 0 pending / 0 (0.0%) gas / (0x1cacd8fa39debc0d6d26a7df0030790d3106e49192c1bedbba02caf8ffed9890)","throwable":""}
{"timestamp":"2025-11-29T03:52:14,011","container":"041495233fad","level":"INFO","thread":"EthScheduler-Workers-0","class":"PersistBlockTask","message":"Block 93 (0xad230b5a44adf803469e885e3d635b416159eca352750005410037387c520a9b) is already imported","throwable":""}
{"timestamp":"2025-11-29T03:52:14,012","container":"041495233fad","level":"INFO","thread":"BftProcessorExecutor-QBFT-0","class":"QbftBesuControllerBuilder","message":"Imported #93 / 0 tx / 0 pending / 0 (0.0%) gas / (0xad230b5a44adf803469e885e3d635b416159eca352750005410037387c520a9b)","throwable":""}
{"timestamp":"2025-11-29T03:52:19,014","container":"041495233fad","level":"INFO","thread":"BftProcessorExecutor-QBFT-0","class":"QbftBesuControllerBuilder","message":"Produced #94 / 0 tx / 0 pending / 0 (0.0%) gas / (0xeb18e72c341a023b48952a46d6be81f6fe317cb911cdb701d012290ad52102a6)","throwable":""}
{"timestamp":"2025-11-29T03:52:24,011","container":"041495233fad","level":"INFO","thread":"BftProcessorExecutor-QBFT-0","class":"QbftBesuControllerBuilder","message":"Imported #95 / 0 tx / 0 pending / 0 (0.0%) gas / (0x1dc38be366e8e04bea27b362c18faa5eaa85e94e5750c9f1e3ece95670178770)","throwable":""}
{"timestamp":"2025-11-29T03:52:24,012","container":"041495233fad","level":"INFO","thread":"EthScheduler-Workers-0","class":"PersistBlockTask","message":"Block 95 (0x1dc38be366e8e04bea27b362c18faa5eaa85e94e5750c9f1e3ece95670178770) is already imported","throwable":""}
{"timestamp":"2025-11-29T03:52:29,019","container":"041495233fad","level":"INFO","thread":"BftProcessorExecutor-QBFT-0","class":"QbftBesuControllerBuilder","message":"Imported #96 / 0 tx / 0 pending / 0 (0.0%) gas / (0xe9a76883fae819c4bb5563f825dad8f5aa9d6aaafc3b66a099963101e37118d5)","throwable":""}
{"timestamp":"2025-11-29T03:52:29,020","container":"041495233fad","level":"INFO","thread":"EthScheduler-Workers-0","class":"PersistBlockTask","message":"Block 96 (0xe9a76883fae819c4bb5563f825dad8f5aa9d6aaafc3b66a099963101e37118d5) is already imported","throwable":""}
{"timestamp":"2025-11-29T03:52:34,015","container":"041495233fad","level":"INFO","thread":"BftProcessorExecutor-QBFT-0","class":"QbftBesuControllerBuilder","message":"Imported #97 / 0 tx / 0 pending / 0 (0.0%) gas / (0x0d542d5fdaf21aa4c1f818f9e77078278c75e6c5fc5f2139089c6c19cf6f095e)","throwable":""}
{"timestamp":"2025-11-29T03:52:39,017","container":"041495233fad","level":"INFO","thread":"EthScheduler-Workers-0","class":"PersistBlockTask","message":"Block 98 (0xa7cdaa9bead591ddc0aa858d73bc5ef66314acc00c2164bec4dea5b53a831d8f) is already imported","throwable":""}
{"timestamp":"2025-11-29T03:52:39,017","container":"041495233fad","level":"INFO","thread":"BftProcessorExecutor-QBFT-0","class":"QbftBesuControllerBuilder","message":"Produced #98 / 0 tx / 0 pending / 0 (0.0%) gas / (0xa7cdaa9bead591ddc0aa858d73bc5ef66314acc00c2164bec4dea5b53a831d8f)","throwable":""}
{"timestamp":"2025-11-29T03:52:44,007","container":"041495233fad","level":"INFO","thread":"EthScheduler-Workers-0","class":"PersistBlockTask","message":"Block 99 (0x1ee9f8c1b5f303ad3f6456be183ed0eb3c3696b35eda7d55b5f3d02bcc1c4bd5) is already imported","throwable":""}
{"timestamp":"2025-11-29T03:52:44,007","container":"041495233fad","level":"INFO","thread":"BftProcessorExecutor-QBFT-0","class":"QbftBesuControllerBuilder","message":"Imported #99 / 0 tx / 0 pending / 0 (0.0%) gas / (0x1ee9f8c1b5f303ad3f6456be183ed0eb3c3696b35eda7d55b5f3d02bcc1c4bd5)","throwable":""}
{"timestamp":"2025-11-29T03:52:49,014","container":"041495233fad","level":"INFO","thread":"BftProcessorExecutor-QBFT-0","class":"QbftBesuControllerBuilder","message":"Imported #100 / 0 tx / 0 pending / 0 (0.0%) gas / (0xfa9785b6750489d4ed3c32d09405881ef65fd56ad60cbd692a5cdd23e81773a1)","throwable":""}
{"timestamp":"2025-11-29T03:52:54,011","container":"041495233fad","level":"INFO","thread":"EthScheduler-Workers-0","class":"PersistBlockTask","message":"Block 101 (0xfa5032a473e194f8129c9212170b33e81db9c3b652bbabc66f8465e5ed7f234b) is already imported","throwable":""}
{"timestamp":"2025-11-29T03:52:54,011","container":"041495233fad","level":"INFO","thread":"BftProcessorExecutor-QBFT-0","class":"QbftBesuControllerBuilder","message":"Imported #101 / 0 tx / 0 pending / 0 (0.0%) gas / (0xfa5032a473e194f8129c9212170b33e81db9c3b652bbabc66f8465e5ed7f234b)","throwable":""}
{"timestamp":"2025-11-29T03:52:59,012","container":"041495233fad","level":"INFO","thread":"EthScheduler-Workers-0","class":"PersistBlockTask","message":"Imported #102 / 0 tx / 0 om / 0 (0.0%) gas / (0x8502184a454bcac7e2b3d036ff2baccf59e11aa915147d13a4aa2343164a3345) in 0.003s. Peers: 7","throwable":""}
{"timestamp":"2025-11-29T03:52:59,012","container":"041495233fad","level":"INFO","thread":"BftProcessorExecutor-QBFT-0","class":"QbftBesuControllerBuilder","message":"Produced #102 / 0 tx / 0 pending / 0 (0.0%) gas / (0x8502184a454bcac7e2b3d036ff2baccf59e11aa915147d13a4aa2343164a3345)","throwable":""}
{"timestamp":"2025-11-29T03:53:04,014","container":"041495233fad","level":"INFO","thread":"EthScheduler-Workers-0","class":"PersistBlockTask","message":"Block 103 (0x9bd18da03fb28ccae33f00f6b499c0760686149b77ab244406302e5fa64fb1dc) is already imported","throwable":""}
{"timestamp":"2025-11-29T03:53:04,015","container":"041495233fad","level":"INFO","thread":"BftProcessorExecutor-QBFT-0","class":"QbftBesuControllerBuilder","message":"Imported #103 / 0 tx / 0 pending / 0 (0.0%) gas / (0x9bd18da03fb28ccae33f00f6b499c0760686149b77ab244406302e5fa64fb1dc)","throwable":""}
{"timestamp":"2025-11-29T03:53:09,012","container":"041495233fad","level":"INFO","thread":"BftProcessorExecutor-QBFT-0","class":"QbftBesuControllerBuilder","message":"Imported #104 / 0 tx / 0 pending / 0 (0.0%) gas / (0x8c1fd508e6e6551cf2ab477e0c2080b8a8778012b21dc1cd0d11a3d0489a0976)","throwable":""}
{"timestamp":"2025-11-29T03:53:14,011","container":"041495233fad","level":"INFO","thread":"BftProcessorExecutor-QBFT-0","class":"QbftBesuControllerBuilder","message":"Imported #105 / 0 tx / 0 pending / 0 (0.0%) gas / (0xdd6b693d796fcb38c008b2415ee73b4c31028aa8196aa3a6aa4bb8c2ad5a13bc)","throwable":""}
{"timestamp":"2025-11-29T03:53:19,015","container":"041495233fad","level":"INFO","thread":"BftProcessorExecutor-QBFT-0","class":"QbftBesuControllerBuilder","message":"Produced #106 / 0 tx / 0 pending / 0 (0.0%) gas / (0xc80a747e3a52e3f027de19fd020a1416c81f1054b17565d8c8192481d2d2df1b)","throwable":""}
{"timestamp":"2025-11-29T03:53:24,012","container":"041495233fad","level":"INFO","thread":"BftProcessorExecutor-QBFT-0","class":"QbftBesuControllerBuilder","message":"Imported #107 / 0 tx / 0 pending / 0 (0.0%) gas / (0xe00801dac97b0c30cf09d1536a0264f314c61e0530958bf33f343c3960563430)","throwable":""}
{"timestamp":"2025-11-29T03:53:26,514","container":"041495233fad","level":"INFO","thread":"BftProcessorExecutor-QBFT-0","class":"BftProcessor","message":"Shutting down BFT event processor","throwable":""}
{"timestamp":"2025-11-29T03:53:26,516","container":"041495233fad","level":"INFO","thread":"BesuCommand-Shutdown-Hook","class":"DefaultSynchronizer","message":"Stopping synchronizer","throwable":""}
{"timestamp":"2025-11-29T03:53:26,526","container":"041495233fad","level":"INFO","thread":"BesuCommand-Shutdown-Hook","class":"NetworkRunner","message":"Stopping Network.","throwable":""}
{"timestamp":"2025-11-29T03:53:26,552","container":"041495233fad","level":"INFO","thread":"BesuCommand-Shutdown-Hook","class":"EthProtocolManager","message":"Stopping eth Subprotocol.","throwable":""}
{"timestamp":"2025-11-29T03:53:26,555","container":"041495233fad","level":"INFO","thread":"BesuCommand-Shutdown-Hook","class":"EthProtocolManager","message":"eth Subprotocol stopped.","throwable":""}
{"timestamp":"2025-11-29T03:53:26,556","container":"041495233fad","level":"INFO","thread":"BesuCommand-Shutdown-Hook","class":"NetworkRunner","message":"Network stopped.","throwable":""}
{"timestamp":"2025-11-29T03:53:26,561","container":"041495233fad","level":"INFO","thread":"BesuCommand-Shutdown-Hook","class":"AutoTransactionLogBloomCachingService","message":"Shutting down Auto transaction logs caching service.","throwable":""}
{"timestamp":"2025-11-29T03:53:26,567","container":"041495233fad","level":"INFO","thread":"BesuCommand-Shutdown-Hook","class":"NatService","message":"No NAT environment detected so no service could be stopped","throwable":""}
