{"timestamp":"2025-11-29T04:13:59,305","container":"81733fd91f3a","level":"INFO","thread":"main","class":"Besu","message":"Starting Besu","throwable":""}
{"timestamp":"2025-11-29T04:14:00,417","container":"81733fd91f3a","level":"WARN","thread":"main","class":"Besu","message":"--min-gas-price has been ignored because --miner-enabled was not defined on the command line.","throwable":""}
{"timestamp":"2025-11-29T04:14:02,125","container":"81733fd91f3a","level":"INFO","thread":"main","class":"Besu","message":"
####################################################################################################
#                                                                                                  #
# Besu version 23.4.1                                                                              #
#                                                                                                  #
# Configuration:                                                                                   #
# Network: Custom genesis file specified                                                           #
# Network Id: 1337                                                                                 #
# Data storage: Forest                                                                             #
# Sync mode: Full                                                                                  #
# RPC HTTP APIs: EEA,WEB3,ETH,NET,TRACE,DEBUG,ADMIN,TXPOOL,PRIV,PERM,QBFT                          #
# RPC HTTP port: 8545                                                                              #
#                                                                                                  #
# Host:                                                                                            #
# Java: openjdk-java-17                                                                            #
# Maximum heap size: 3.81 GB                                                                       #
# OS: linux-x86_64                                                                                 #
# glibc: 2.35                                                                                      #
# jemalloc: 5.2.1-0-gea6b3e973b477b8061e0076bb257dbd7f3faa756                                      #
# Total memory: 15.25 GB                                                                           #
# CPU cores: 16                                                                                    #
#                                                                                                  #
####################################################################################################","throwable":""}
{"timestamp":"2025-11-29T04:14:02,132","container":"81733fd91f3a","level":"INFO","thread":"main","class":"Besu","message":"Connecting to 8 static nodes.","throwable":""}
{"timestamp":"2025-11-29T04:14:02,133","container":"81733fd91f3a","level":"INFO","thread":"main","class":"Besu","message":"Security Module: localfile","throwable":""}
{"timestamp":"2025-11-29T04:14:02,286","container":"81733fd91f3a","level":"INFO","thread":"main","class":"Besu","message":"Using the native implementation of alt bn128","throwable":""}
{"timestamp":"2025-11-29T04:14:02,389","container":"81733fd91f3a","level":"INFO","thread":"main","class":"Besu","message":"Using the native implementation of modexp","throwable":""}
{"timestamp":"2025-11-29T04:14:02,408","container":"81733fd91f3a","level":"INFO","thread":"main","class":"Besu","message":"Using the native implementation of the signature algorithm","throwable":""}
{"timestamp":"2025-11-29T04:14:02,444","container":"81733fd91f3a","level":"INFO","thread":"main","class":"Besu","message":"Using the native implementation of the blake2bf algorithm","throwable":""}
{"timestamp":"2025-11-29T04:14:02,546","container":"81733fd91f3a","level":"INFO","thread":"main","class":"RocksDBKeyValueStorageFactory","message":"No existing database detected at /opt/besu/data. Using version 1","throwable":""}
{"timestamp":"2025-11-29T04:14:05,174","container":"81733fd91f3a","level":"INFO","thread":"main","class":"KeyPairUtil","message":"Loaded public key 0xb9050e002aa42464e6b07c811a1f9dfec01249af03f67b753e8415420649b184447bb2a784863ccbf327ad9e31aaba803464979dfe6a7facc669151a5fa6ad1b from /opt/besu/keys/nodekey","throwable":""}
{"timestamp":"2025-11-29T04:14:05,179","container":"81733fd91f3a","level":"WARN","thread":"main","class":"Besu","message":"Privacy is disabled. Cannot use EEA/PRIV API methods when not using Privacy.","throwable":""}
{"timestamp":"2025-11-29T04:14:05,610","container":"81733fd91f3a","level":"INFO","thread":"main","class":"ProtocolScheduleBuilder","message":"Protocol schedule created with milestones: [GrayGlacier: 0]","throwable":""}
{"timestamp":"2025-11-29T04:14:06,088","container":"81733fd91f3a","level":"INFO","thread":"main","class":"TransactionPoolFactory","message":"Enabling transaction pool","throwable":""}
{"timestamp":"2025-11-29T04:14:06,132","container":"81733fd91f3a","level":"INFO","thread":"main","class":"BesuControllerBuilder","message":"TTD difficulty is not present, creating initial sync phase for PoW","throwable":""}
{"timestamp":"2025-11-29T04:14:06,227","container":"81733fd91f3a","level":"INFO","thread":"main","class":"RunnerBuilder","message":"Detecting NAT service.","throwable":""}
{"timestamp":"2025-11-29T04:14:07,567","container":"81733fd91f3a","level":"INFO","thread":"main","class":"Runner","message":"Starting external services ... ","throwable":""}
{"timestamp":"2025-11-29T04:14:07,568","container":"81733fd91f3a","level":"INFO","thread":"main","class":"MetricsHttpService","message":"Starting metrics http service on 0.0.0.0:9545","throwable":""}
{"timestamp":"2025-11-29T04:14:08,155","container":"81733fd91f3a","level":"INFO","thread":"vert.x-eventloop-thread-1","class":"MetricsHttpService","message":"Metrics service started and listening on 0.0.0.0:9545","throwable":""}
{"timestamp":"2025-11-29T04:14:08,157","container":"81733fd91f3a","level":"INFO","thread":"main","class":"JsonRpcHttpService","message":"Starting JSON-RPC service on 0.0.0.0:8545","throwable":""}
{"timestamp":"2025-11-29T04:14:08,181","container":"81733fd91f3a","level":"INFO","thread":"vert.x-eventloop-thread-1","class":"JsonRpcHttpService","message":"JSON-RPC service started and listening on 0.0.0.0:8545","throwable":""}
{"timestamp":"2025-11-29T04:14:08,187","container":"81733fd91f3a","level":"INFO","thread":"main","class":"GraphQLHttpService","message":"Starting GraphQL HTTP service on 0.0.0.0:8547","throwable":""}
{"timestamp":"2025-11-29T04:14:08,200","container":"81733fd91f3a","level":"INFO","thread":"vert.x-eventloop-thread-1","class":"GraphQLHttpService","message":"GraphQL HTTP service started and listening on 0.0.0.0:8547","throwable":""}
{"timestamp":"2025-11-29T04:14:08,199","container":"81733fd91f3a","level":"INFO","thread":"main","class":"WebSocketService","message":"Starting Websocket service on 0.0.0.0:8546","throwable":""}
{"timestamp":"2025-11-29T04:14:08,212","container":"81733fd91f3a","level":"INFO","thread":"vert.x-eventloop-thread-1","class":"WebSocketService","message":"Websocket service started and listening on 0.0.0.0:8546","throwable":""}
{"timestamp":"2025-11-29T04:14:08,215","container":"81733fd91f3a","level":"INFO","thread":"main","class":"AutoTransactionLogBloomCachingService","message":"Starting auto transaction log bloom caching service.","throwable":""}
{"timestamp":"2025-11-29T04:14:08,218","container":"81733fd91f3a","level":"INFO","thread":"main","class":"LogBloomCacheMetadata","message":"Lookup cache metadata file in data directory: /opt/besu/data/caches","throwable":""}
{"timestamp":"2025-11-29T04:14:08,249","container":"81733fd91f3a","level":"INFO","thread":"main","class":"Runner","message":"Starting Ethereum main loop ... ","throwable":""}
{"timestamp":"2025-11-29T04:14:08,250","container":"81733fd91f3a","level":"INFO","thread":"main","class":"NatService","message":"No NAT environment detected so no service could be started","throwable":""}
{"timestamp":"2025-11-29T04:14:08,250","container":"81733fd91f3a","level":"INFO","thread":"main","class":"NetworkRunner","message":"Starting Network.","throwable":""}
{"timestamp":"2025-11-29T04:14:08,271","container":"81733fd91f3a","level":"INFO","thread":"nioEventLoopGroup-2-1","class":"RlpxAgent","message":"P2P RLPx agent started and listening on /[0:0:0:0:0:0:0:0]:30303.","throwable":""}
{"timestamp":"2025-11-29T04:14:08,274","container":"81733fd91f3a","level":"INFO","thread":"main","class":"PeerDiscoveryAgent","message":"Starting peer discovery agent on host=0.0.0.0, port=30303","throwable":""}
{"timestamp":"2025-11-29T04:14:08,298","container":"81733fd91f3a","level":"INFO","thread":"vert.x-eventloop-thread-1","class":"VertxPeerDiscoveryAgent","message":"Started peer discovery agent successfully, on effective host=0:0:0:0:0:0:0:0%0 and port=30303","throwable":""}
{"timestamp":"2025-11-29T04:14:08,300","container":"81733fd91f3a","level":"INFO","thread":"vert.x-eventloop-thread-1","class":"PeerDiscoveryAgent","message":"P2P peer discovery agent started and listening on /[0:0:0:0:0:0:0:0%0]:30303","throwable":""}
{"timestamp":"2025-11-29T04:14:08,367","container":"81733fd91f3a","level":"INFO","thread":"vert.x-eventloop-thread-1","class":"PeerDiscoveryAgent","message":"Writing node record to disk. NodeRecord{seq=1, publicKey=0x03b9050e002aa42464e6b07c811a1f9dfec01249af03f67b753e8415420649b184, udpAddress=Optional[/172.16.239.12:30303], tcpAddress=Optional[/172.16.239.12:30303], asBase64=-Je4QGD931NyOOeLDbzS2ZkuSoVo93cwt9c5cFoqGruVs-I1F9dJx13NRrgrt0N_YUeY45lLhgaQEuFvvWIOJVr_BGEBg2V0aMfGhEqC0IOAgmlkgnY0gmlwhKwQ7wyJc2VjcDI1NmsxoQO5BQ4AKqQkZOawfIEaH53-wBJJrwP2e3U-hBVCBkmxhIN0Y3CCdl-DdWRwgnZf, nodeId=0x27059b2392ab7830b38b2f4d27a97c9aaf04f18f3014c32e036dd0ac76da5f18, customFields={tcp=30303, udp=30303, ip=0xac10ef0c, eth=[[0x4a82d083, 0x]], id=V4, secp256k1=0x03b9050e002aa42464e6b07c811a1f9dfec01249af03f67b753e8415420649b184}}","throwable":""}
{"timestamp":"2025-11-29T04:14:08,448","container":"81733fd91f3a","level":"INFO","thread":"main","class":"DefaultP2PNetwork","message":"Enode URL enode://b9050e002aa42464e6b07c811a1f9dfec01249af03f67b753e8415420649b184447bb2a784863ccbf327ad9e31aaba803464979dfe6a7facc669151a5fa6ad1b@172.16.239.12:30303","throwable":""}
{"timestamp":"2025-11-29T04:14:08,451","container":"81733fd91f3a","level":"INFO","thread":"main","class":"DefaultP2PNetwork","message":"Node address 0x27a97c9aaf04f18f3014c32e036dd0ac76da5f18","throwable":""}
{"timestamp":"2025-11-29T04:14:08,539","container":"81733fd91f3a","level":"INFO","thread":"main","class":"NetworkRunner","message":"Supported capabilities: [eth/62, eth/63, eth/64, eth/65, eth/66, eth/67, eth/68], [istanbul/100], [snap/1]","throwable":""}
{"timestamp":"2025-11-29T04:14:08,548","container":"81733fd91f3a","level":"INFO","thread":"main","class":"DefaultSynchronizer","message":"Starting synchronizer.","throwable":""}
{"timestamp":"2025-11-29T04:14:08,549","container":"81733fd91f3a","level":"INFO","thread":"main","class":"TransactionPoolFactory","message":"Enabling transaction handling following initial sync","throwable":""}
{"timestamp":"2025-11-29T04:14:08,552","container":"81733fd91f3a","level":"INFO","thread":"main","class":"FullSyncDownloader","message":"Starting full sync.","throwable":""}
{"timestamp":"2025-11-29T04:14:08,553","container":"81733fd91f3a","level":"INFO","thread":"main","class":"FullSyncTargetManager","message":"Unable to find sync target. Currently checking 0 peers for usefulness","throwable":""}
{"timestamp":"2025-11-29T04:14:08,735","container":"81733fd91f3a","level":"INFO","thread":"main","class":"Runner","message":"Ethereum main loop is up.","throwable":""}
{"timestamp":"2025-11-29T04:14:09,321","container":"81733fd91f3a","level":"INFO","thread":"nioEventLoopGroup-3-4","class":"FullSyncTargetManager","message":"Unable to find sync target. Currently checking 4 peers for usefulness","throwable":""}
{"timestamp":"2025-11-29T04:14:09,408","container":"81733fd91f3a","level":"INFO","thread":"nioEventLoopGroup-3-10","class":"FullSyncTargetManager","message":"Unable to find sync target. Currently checking 5 peers for usefulness","throwable":""}
{"timestamp":"2025-11-29T04:14:09,439","container":"81733fd91f3a","level":"INFO","thread":"nioEventLoopGroup-3-7","class":"FullSyncTargetManager","message":"Unable to find sync target. Currently checking 6 peers for usefulness","throwable":""}
{"timestamp":"2025-11-29T04:14:09,956","container":"81733fd91f3a","level":"INFO","thread":"nioEventLoopGroup-3-1","class":"FullSyncTargetManager","message":"Unable to find sync target. Currently checking 7 peers for usefulness","throwable":""}
{"timestamp":"2025-11-29T04:14:14,960","container":"81733fd91f3a","level":"INFO","thread":"EthScheduler-Timer-0","class":"FullSyncTargetManager","message":"Unable to find sync target. Currently checking 7 peers for usefulness","throwable":""}
{"timestamp":"2025-11-29T04:14:18,852","container":"81733fd91f3a","level":"INFO","thread":"BftProcessorExecutor-QBFT-0","class":"QbftRound","message":"Importing proposed block to chain. round=ConsensusRoundIdentifier{Sequence=1, Round=1}, hash=0xf2f5e08fc442694f03c89b66002fa354a507ff7eec3190485c10a39023643e82","throwable":""}
{"timestamp":"2025-11-29T04:14:18,891","container":"81733fd91f3a","level":"INFO","thread":"BftProcessorExecutor-QBFT-0","class":"QbftBesuControllerBuilder","message":"Imported #1 / 0 tx / 0 pending / 0 (0.0%) gas / (0xf2f5e08fc442694f03c89b66002fa354a507ff7eec3190485c10a39023643e82)","throwable":""}
{"timestamp":"2025-11-29T04:14:19,962","container":"81733fd91f3a","level":"INFO","thread":"EthScheduler-Timer-0","class":"FullSyncTargetManager","message":"Unable to find sync target. Currently checking 7 peers for usefulness","throwable":""}
{"timestamp":"2025-11-29T04:14:23,056","container":"81733fd91f3a","level":"INFO","thread":"BftProcessorExecutor-QBFT-0","class":"QbftBesuControllerBuilder","message":"Imported #2 / 0 tx / 0 pending / 0 (0.0%) gas / (0x2857fd4515a9b5426b0f8bcd432b7eb1eea93709a01b53ef4e0e07a32117757a)","throwable":""}
{"timestamp":"2025-11-29T04:14:28,054","container":"81733fd91f3a","level":"INFO","thread":"BftProcessorExecutor-QBFT-0","class":"QbftBesuControllerBuilder","message":"Imported #3 / 0 tx / 0 pending / 0 (0.0%) gas / (0xe3c70c62edf11637e826c84574f9eae5fa52112624697029d2789ca5fbef09b9)","throwable":""}
{"timestamp":"2025-11-29T04:14:33,048","container":"81733fd91f3a","level":"INFO","thread":"BftProcessorExecutor-QBFT-0","class":"QbftBesuControllerBuilder","message":"Produced #4 / 0 tx / 0 pending / 0 (0.0%) gas / (0x8cc7921549162896d1ef0cb529b8659b96187b8a9a9751de11a0639f71a612c3)","throwable":""}
{"timestamp":"2025-11-29T04:14:38,037","container":"81733fd91f3a","level":"INFO","thread":"BftProcessorExecutor-QBFT-0","class":"QbftBesuControllerBuilder","message":"Imported #5 / 0 tx / 0 pending / 0 (0.0%) gas / (0x39d989da660f7c4215d449f9837e3ec83bf0d590aa91ba2e7a99915d3eafb5bf)","throwable":""}
{"timestamp":"2025-11-29T04:14:43,015","container":"81733fd91f3a","level":"INFO","thread":"BftProcessorExecutor-QBFT-0","class":"QbftBesuControllerBuilder","message":"Imported #6 / 0 tx / 0 pending / 0 (0.0%) gas / (0x97747f57698b51077a775aeaa6ffb1b1bf291a9d6227ddbdf39f6b58fb702265)","throwable":""}
{"timestamp":"2025-11-29T04:14:48,048","container":"81733fd91f3a","level":"INFO","thread":"EthScheduler-Workers-0","class":"PersistBlockTask","message":"Block 7 (0x488f71de4f1d50df2e51ed57bd7fa64dd06a66eebb16823ce5da31adff09fc48) is already imported","throwable":""}
{"timestamp":"2025-11-29T04:14:48,050","container":"81733fd91f3a","level":"INFO","thread":"BftProcessorExecutor-QBFT-0","class":"QbftBesuControllerBuilder","message":"Imported #7 / 0 tx / 0 pending / 0 (0.0%) gas / (0x488f71de4f1d50df2e51ed57bd7fa64dd06a66eebb16823ce5da31adff09fc48)","throwable":""}
{"timestamp":"2025-11-29T04:14:53,019","container":"81733fd91f3a","level":"INFO","thread":"BftProcessorExecutor-QBFT-0","class":"QbftBesuControllerBuilder","message":"Produced #8 / 0 tx / 0 pending / 0 (0.0%) gas / (0x039a877492c2dd8a11bb60617e4c936e61481e7a4ba0594b83d0ffd201fc0aa0)","throwable":""}
{"timestamp":"2025-11-29T04:14:58,017","container":"81733fd91f3a","level":"INFO","thread":"BftProcessorExecutor-QBFT-0","class":"QbftBesuControllerBuilder","message":"Imported #9 / 0 tx / 0 pending / 0 (0.0%) gas / (0x70c76a6e1b12d861a9c6afcbed313e7d700150f906886232909f8e6dc3ea44f1)","throwable":""}
{"timestamp":"2025-11-29T04:15:03,043","container":"81733fd91f3a","level":"INFO","thread":"EthScheduler-Workers-0","class":"PersistBlockTask","message":"Block 10 (0x2e980666389440a87e4c96f7d53f100860084b3c476817ddc937000fa5450c12) is already imported","throwable":""}
{"timestamp":"2025-11-29T04:15:03,043","container":"81733fd91f3a","level":"INFO","thread":"BftProcessorExecutor-QBFT-0","class":"QbftBesuControllerBuilder","message":"Imported #10 / 0 tx / 0 pending / 0 (0.0%) gas / (0x2e980666389440a87e4c96f7d53f100860084b3c476817ddc937000fa5450c12)","throwable":""}
{"timestamp":"2025-11-29T04:15:08,036","container":"81733fd91f3a","level":"INFO","thread":"BftProcessorExecutor-QBFT-0","class":"QbftBesuControllerBuilder","message":"Imported #11 / 0 tx / 0 pending / 0 (0.0%) gas / (0x78b79187bd859ec56d49473526bd33449d80be6b2d9764e8941eff8d27b78d16)","throwable":""}
{"timestamp":"2025-11-29T04:15:13,018","container":"81733fd91f3a","level":"INFO","thread":"EthScheduler-Workers-0","class":"PersistBlockTask","message":"Block 12 (0xd9356c0e8673a201f947918406143fec43230ef528d5635336957f1dd24602ae) is already imported","throwable":""}
{"timestamp":"2025-11-29T04:15:13,020","container":"81733fd91f3a","level":"INFO","thread":"BftProcessorExecutor-QBFT-0","class":"QbftBesuControllerBuilder","message":"Produced #12 / 0 tx / 0 pending / 0 (0.0%) gas / (0xd9356c0e8673a201f947918406143fec43230ef528d5635336957f1dd24602ae)","throwable":""}
{"timestamp":"2025-11-29T04:15:18,021","container":"81733fd91f3a","level":"INFO","thread":"BftProcessorExecutor-QBFT-0","class":"QbftBesuControllerBuilder","message":"Imported #13 / 0 tx / 0 pending / 0 (0.0%) gas / (0x2c33b4585b02893869ef10db4c14f93f2ef379984cf605e463cdd4173cc7e7d2)","throwable":""}
{"timestamp":"2025-11-29T04:15:23,022","container":"81733fd91f3a","level":"INFO","thread":"BftProcessorExecutor-QBFT-0","class":"QbftBesuControllerBuilder","message":"Imported #14 / 0 tx / 0 pending / 0 (0.0%) gas / (0xcd957f8c7532a019f210b72e3e2db1094d243bad22d9977be7a4b833182f1fda)","throwable":""}
{"timestamp":"2025-11-29T04:15:28,018","container":"81733fd91f3a","level":"INFO","thread":"BftProcessorExecutor-QBFT-0","class":"QbftBesuControllerBuilder","message":"Imported #15 / 0 tx / 0 pending / 0 (0.0%) gas / (0x5298043cbc8bdacc1f57b64f016c9e8a09d8a982371c6aa5f1066b0b62a83779)","throwable":""}
{"timestamp":"2025-11-29T04:15:33,012","container":"81733fd91f3a","level":"INFO","thread":"BftProcessorExecutor-QBFT-0","class":"QbftBesuControllerBuilder","message":"Produced #16 / 0 tx / 0 pending / 0 (0.0%) gas / (0xaca3ccf238eec10e73bd31c3fbcff11043d15b1db7eeea6d470431713112504e)","throwable":""}
{"timestamp":"2025-11-29T04:15:38,027","container":"81733fd91f3a","level":"INFO","thread":"BftProcessorExecutor-QBFT-0","class":"QbftBesuControllerBuilder","message":"Imported #17 / 0 tx / 0 pending / 0 (0.0%) gas / (0xe6cf0b5024be91c4d9c76d0079421686d1b68578cb334557788aa177fb9775aa)","throwable":""}
{"timestamp":"2025-11-29T04:15:43,023","container":"81733fd91f3a","level":"INFO","thread":"BftProcessorExecutor-QBFT-0","class":"QbftBesuControllerBuilder","message":"Imported #18 / 0 tx / 0 pending / 0 (0.0%) gas / (0xd1c736f68b8b2e61655c5948eb5b57142efcd987e3619d7f4b9d2d5b42ef5810)","throwable":""}
{"timestamp":"2025-11-29T04:15:48,019","container":"81733fd91f3a","level":"INFO","thread":"BftProcessorExecutor-QBFT-0","class":"QbftBesuControllerBuilder","message":"Imported #19 / 0 tx / 0 pending / 0 (0.0%) gas / (0xd497172689772cc5a9c3356cedd8282f0f3f96646e10896522e41d06d047a07e)","throwable":""}
{"timestamp":"2025-11-29T04:15:53,013","container":"81733fd91f3a","level":"INFO","thread":"BftProcessorExecutor-QBFT-0","class":"QbftBesuControllerBuilder","message":"Produced #20 / 0 tx / 0 pending / 0 (0.0%) gas / (0x893eb1cc90d27bce8394aea289eb26ebcfbd2c9956c840a06ce19a5b0bfcc1c6)","throwable":""}
{"timestamp":"2025-11-29T04:15:58,015","container":"81733fd91f3a","level":"INFO","thread":"BftProcessorExecutor-QBFT-0","class":"QbftBesuControllerBuilder","message":"Imported #21 / 0 tx / 0 pending / 0 (0.0%) gas / (0x04224b6decd4b8309be8db2cca7d9796a09cdee2389d56ab21bf44da206d65e8)","throwable":""}
{"timestamp":"2025-11-29T04:16:03,020","container":"81733fd91f3a","level":"INFO","thread":"BftProcessorExecutor-QBFT-0","class":"QbftBesuControllerBuilder","message":"Imported #22 / 0 tx / 0 pending / 0 (0.0%) gas / (0x62f6cb570e35368322923cbe00a519d18ae8691a0a150be45c587d69c7529498)","throwable":""}
{"timestamp":"2025-11-29T04:16:08,020","container":"81733fd91f3a","level":"INFO","thread":"EthScheduler-Workers-0","class":"PersistBlockTask","message":"Block 23 (0xc510c5d4f33c050c98d3d67feff83b42317ffd12284bfce34431a410ebe85162) is already imported","throwable":""}
{"timestamp":"2025-11-29T04:16:08,023","container":"81733fd91f3a","level":"INFO","thread":"BftProcessorExecutor-QBFT-0","class":"QbftBesuControllerBuilder","message":"Imported #23 / 0 tx / 0 pending / 0 (0.0%) gas / (0xc510c5d4f33c050c98d3d67feff83b42317ffd12284bfce34431a410ebe85162)","throwable":""}
{"timestamp":"2025-11-29T04:16:13,021","container":"81733fd91f3a","level":"INFO","thread":"BftProcessorExecutor-QBFT-0","class":"QbftBesuControllerBuilder","message":"Produced #24 / 0 tx / 0 pending / 0 (0.0%) gas / (0xf21043fa783f669fbbb52935a7f90b2d31eabdba72c9002085b35a10f3edbebd)","throwable":""}
{"timestamp":"2025-11-29T04:16:18,018","container":"81733fd91f3a","level":"INFO","thread":"BftProcessorExecutor-QBFT-0","class":"QbftBesuControllerBuilder","message":"Imported #25 / 0 tx / 0 pending / 0 (0.0%) gas / (0x54c9f4b356122c0cbb32b772ebb83e057bb0fd9f2e86a9a06a04cbe03da3ab2c)","throwable":""}
{"timestamp":"2025-11-29T04:16:23,014","container":"81733fd91f3a","level":"INFO","thread":"BftProcessorExecutor-QBFT-0","class":"QbftBesuControllerBuilder","message":"Imported #26 / 0 tx / 0 pending / 0 (0.0%) gas / (0x1999c7bc5e0bf8c30b16c12441a3b0572f9e56d627f1203d1372bd43b52ca3a4)","throwable":""}
{"timestamp":"2025-11-29T04:16:28,016","container":"81733fd91f3a","level":"INFO","thread":"BftProcessorExecutor-QBFT-0","class":"QbftBesuControllerBuilder","message":"Imported #27 / 0 tx / 0 pending / 0 (0.0%) gas / (0xc02172251d7e6b6e9d68c80cae2ccb8a78c5a4f283fd3e3eb932455ab7c98fa4)","throwable":""}
{"timestamp":"2025-11-29T04:16:33,014","container":"81733fd91f3a","level":"INFO","thread":"BftProcessorExecutor-QBFT-0","class":"QbftBesuControllerBuilder","message":"Produced #28 / 0 tx / 0 pending / 0 (0.0%) gas / (0x017fb1c66e2b4d055a7151ce4494cadfb36d09277fd3bbf8d45329680d353b78)","throwable":""}
{"timestamp":"2025-11-29T04:16:38,013","container":"81733fd91f3a","level":"INFO","thread":"BftProcessorExecutor-QBFT-0","class":"QbftBesuControllerBuilder","message":"Imported #29 / 0 tx / 0 pending / 0 (0.0%) gas / (0xa95372afa421d0e67491db4223f2e694da163e3f4bdda9ef75d9f255fca5fa86)","throwable":""}
{"timestamp":"2025-11-29T04:16:43,013","container":"81733fd91f3a","level":"INFO","thread":"BftProcessorExecutor-QBFT-0","class":"QbftBesuControllerBuilder","message":"Imported #30 / 0 tx / 0 pending / 0 (0.0%) gas / (0x9a6497b237aef0d88033d9bfdf800cd2852c141fe40d7d1b86710de67cf32aad)","throwable":""}
{"timestamp":"2025-11-29T04:16:48,013","container":"81733fd91f3a","level":"INFO","thread":"BftProcessorExecutor-QBFT-0","class":"QbftBesuControllerBuilder","message":"Imported #31 / 0 tx / 0 pending / 0 (0.0%) gas / (0x66530c61639e0f7160832a10cdce0ebca287ab8ebe8ed2f5e8d1433b708dd921)","throwable":""}
{"timestamp":"2025-11-29T04:16:53,013","container":"81733fd91f3a","level":"INFO","thread":"BftProcessorExecutor-QBFT-0","class":"QbftBesuControllerBuilder","message":"Produced #32 / 0 tx / 0 pending / 0 (0.0%) gas / (0x8cec9a5c8783b526dd04778932c12e774f08d064bce18198a724b6ef48adb71f)","throwable":""}
{"timestamp":"2025-11-29T04:16:58,012","container":"81733fd91f3a","level":"INFO","thread":"BftProcessorExecutor-QBFT-0","class":"QbftBesuControllerBuilder","message":"Imported #33 / 0 tx / 0 pending / 0 (0.0%) gas / (0x8c0071ae2cc22727084b3008c3dc55ca95ab19890638f5be3704fa831908b8c1)","throwable":""}
{"timestamp":"2025-11-29T04:17:03,011","container":"81733fd91f3a","level":"INFO","thread":"BftProcessorExecutor-QBFT-0","class":"QbftBesuControllerBuilder","message":"Imported #34 / 0 tx / 0 pending / 0 (0.0%) gas / (0x403dca97d983fc08f9a00fce9a6889cbad7075ad30bc8acbda417f30a7a95110)","throwable":""}
{"timestamp":"2025-11-29T04:17:08,021","container":"81733fd91f3a","level":"INFO","thread":"EthScheduler-Workers-0","class":"PersistBlockTask","message":"Block 35 (0xe7dc283aa3d420cebc74175eafdc168efccb2dc8cb657cafc43fe403968cba40) is already imported","throwable":""}
{"timestamp":"2025-11-29T04:17:08,022","container":"81733fd91f3a","level":"INFO","thread":"BftProcessorExecutor-QBFT-0","class":"QbftBesuControllerBuilder","message":"Imported #35 / 0 tx / 0 pending / 0 (0.0%) gas / (0xe7dc283aa3d420cebc74175eafdc168efccb2dc8cb657cafc43fe403968cba40)","throwable":""}
{"timestamp":"2025-11-29T04:17:13,017","container":"81733fd91f3a","level":"INFO","thread":"EthScheduler-Workers-0","class":"PersistBlockTask","message":"Block 36 (0x8cf74320176d6b43b1d0415e4255f958f9a4e7dd682b5221dc906c8f0b17f5b8) is already imported","throwable":""}
{"timestamp":"2025-11-29T04:17:13,017","container":"81733fd91f3a","level":"INFO","thread":"BftProcessorExecutor-QBFT-0","class":"QbftBesuControllerBuilder","message":"Produced #36 / 0 tx / 0 pending / 0 (0.0%) gas / (0x8cf74320176d6b43b1d0415e4255f958f9a4e7dd682b5221dc906c8f0b17f5b8)","throwable":""}
{"timestamp":"2025-11-29T04:17:18,013","container":"81733fd91f3a","level":"INFO","thread":"BftProcessorExecutor-QBFT-0","class":"QbftBesuControllerBuilder","message":"Imported #37 / 0 tx / 0 pending / 0 (0.0%) gas / (0x2c86504d91d59a016f9f059fc016d3657bf144fba441056f633c4098b4cf8906)","throwable":""}
{"timestamp":"2025-11-29T04:17:22,516","container":"81733fd91f3a","level":"INFO","thread":"BftProcessorExecutor-QBFT-0","class":"BftProcessor","message":"Shutting down BFT event processor","throwable":""}
{"timestamp":"2025-11-29T04:17:22,519","container":"81733fd91f3a","level":"INFO","thread":"BesuCommand-Shutdown-Hook","class":"DefaultSynchronizer","message":"Stopping synchronizer","throwable":""}
{"timestamp":"2025-11-29T04:17:22,523","container":"81733fd91f3a","level":"INFO","thread":"BesuCommand-Shutdown-Hook","class":"NetworkRunner","message":"Stopping Network.","throwable":""}
{"timestamp":"2025-11-29T04:17:22,543","container":"81733fd91f3a","level":"INFO","thread":"BesuCommand-Shutdown-Hook","class":"EthProtocolManager","message":"Stopping eth Subprotocol.","throwable":""}
{"timestamp":"2025-11-29T04:17:22,549","container":"81733fd91f3a","level":"INFO","thread":"BesuCommand-Shutdown-Hook","class":"EthProtocolManager","message":"eth Subprotocol stopped.","throwable":""}
{"timestamp":"2025-11-29T04:17:22,551","container":"81733fd91f3a","level":"INFO","thread":"BesuCommand-Shutdown-Hook","class":"NetworkRunner","message":"Network stopped.","throwable":""}
{"timestamp":"2025-11-29T04:17:22,555","container":"81733fd91f3a","level":"INFO","thread":"BesuCommand-Shutdown-Hook","class":"AutoTransactionLogBloomCachingService","message":"Shutting down Auto transaction logs caching service.","throwable":""}
{"timestamp":"2025-11-29T04:17:22,557","container":"81733fd91f3a","level":"INFO","thread":"BesuCommand-Shutdown-Hook","class":"NatService","message":"No NAT environment detected so no service could be stopped","throwable":""}
